[2024-11-18T17:36:49.713+0530] {processor.py:157} INFO - Started process (PID=63057) to work on /home/sigmoid/Desktop/Personal_Ml/airflow_project/airflow_env/lib/python3.8/site-packages/airflow/example_dags/example_complex.py
[2024-11-18T17:36:49.714+0530] {processor.py:829} INFO - Processing file /home/sigmoid/Desktop/Personal_Ml/airflow_project/airflow_env/lib/python3.8/site-packages/airflow/example_dags/example_complex.py for tasks to queue
[2024-11-18T17:36:49.715+0530] {logging_mixin.py:154} INFO - [2024-11-18T17:36:49.714+0530] {dagbag.py:536} INFO - Filling up the DagBag from /home/sigmoid/Desktop/Personal_Ml/airflow_project/airflow_env/lib/python3.8/site-packages/airflow/example_dags/example_complex.py
[2024-11-18T17:36:49.730+0530] {processor.py:839} INFO - DAG(s) dict_keys(['example_complex']) retrieved from /home/sigmoid/Desktop/Personal_Ml/airflow_project/airflow_env/lib/python3.8/site-packages/airflow/example_dags/example_complex.py
[2024-11-18T17:36:49.894+0530] {logging_mixin.py:154} INFO - [2024-11-18T17:36:49.894+0530] {manager.py:499} INFO - Created Permission View: %s
[2024-11-18T17:36:49.919+0530] {logging_mixin.py:154} INFO - [2024-11-18T17:36:49.918+0530] {manager.py:499} INFO - Created Permission View: %s
[2024-11-18T17:36:49.934+0530] {logging_mixin.py:154} INFO - [2024-11-18T17:36:49.934+0530] {manager.py:499} INFO - Created Permission View: %s
[2024-11-18T17:36:49.935+0530] {logging_mixin.py:154} INFO - [2024-11-18T17:36:49.935+0530] {dag.py:2941} INFO - Sync 1 DAGs
[2024-11-18T17:36:49.965+0530] {logging_mixin.py:154} INFO - [2024-11-18T17:36:49.965+0530] {dag.py:2963} INFO - Creating ORM DAG for example_complex
[2024-11-18T17:36:49.966+0530] {logging_mixin.py:154} INFO - [2024-11-18T17:36:49.966+0530] {dag.py:3722} INFO - Setting next_dagrun for example_complex to None, run_after=None
[2024-11-18T17:36:50.014+0530] {processor.py:179} INFO - Processing /home/sigmoid/Desktop/Personal_Ml/airflow_project/airflow_env/lib/python3.8/site-packages/airflow/example_dags/example_complex.py took 0.305 seconds
[2024-11-18T17:37:47.124+0530] {processor.py:157} INFO - Started process (PID=63670) to work on /home/sigmoid/Desktop/Personal_Ml/airflow_project/airflow_env/lib/python3.8/site-packages/airflow/example_dags/example_complex.py
[2024-11-18T17:37:47.127+0530] {processor.py:829} INFO - Processing file /home/sigmoid/Desktop/Personal_Ml/airflow_project/airflow_env/lib/python3.8/site-packages/airflow/example_dags/example_complex.py for tasks to queue
[2024-11-18T17:37:47.128+0530] {logging_mixin.py:154} INFO - [2024-11-18T17:37:47.127+0530] {dagbag.py:536} INFO - Filling up the DagBag from /home/sigmoid/Desktop/Personal_Ml/airflow_project/airflow_env/lib/python3.8/site-packages/airflow/example_dags/example_complex.py
[2024-11-18T17:37:47.145+0530] {processor.py:839} INFO - DAG(s) dict_keys(['example_complex']) retrieved from /home/sigmoid/Desktop/Personal_Ml/airflow_project/airflow_env/lib/python3.8/site-packages/airflow/example_dags/example_complex.py
[2024-11-18T17:37:47.173+0530] {logging_mixin.py:154} INFO - [2024-11-18T17:37:47.173+0530] {dag.py:2941} INFO - Sync 1 DAGs
[2024-11-18T17:37:47.190+0530] {logging_mixin.py:154} INFO - [2024-11-18T17:37:47.190+0530] {dag.py:3722} INFO - Setting next_dagrun for example_complex to None, run_after=None
[2024-11-18T17:37:47.218+0530] {processor.py:179} INFO - Processing /home/sigmoid/Desktop/Personal_Ml/airflow_project/airflow_env/lib/python3.8/site-packages/airflow/example_dags/example_complex.py took 0.099 seconds
[2024-11-18T17:38:39.925+0530] {processor.py:157} INFO - Started process (PID=64015) to work on /home/sigmoid/Desktop/Personal_Ml/airflow_project/airflow_env/lib/python3.8/site-packages/airflow/example_dags/example_complex.py
[2024-11-18T17:38:39.926+0530] {processor.py:829} INFO - Processing file /home/sigmoid/Desktop/Personal_Ml/airflow_project/airflow_env/lib/python3.8/site-packages/airflow/example_dags/example_complex.py for tasks to queue
[2024-11-18T17:38:39.927+0530] {logging_mixin.py:154} INFO - [2024-11-18T17:38:39.926+0530] {dagbag.py:536} INFO - Filling up the DagBag from /home/sigmoid/Desktop/Personal_Ml/airflow_project/airflow_env/lib/python3.8/site-packages/airflow/example_dags/example_complex.py
[2024-11-18T17:38:39.941+0530] {processor.py:839} INFO - DAG(s) dict_keys(['example_complex']) retrieved from /home/sigmoid/Desktop/Personal_Ml/airflow_project/airflow_env/lib/python3.8/site-packages/airflow/example_dags/example_complex.py
[2024-11-18T17:38:39.984+0530] {logging_mixin.py:154} INFO - [2024-11-18T17:38:39.984+0530] {dag.py:2941} INFO - Sync 1 DAGs
[2024-11-18T17:38:40.004+0530] {logging_mixin.py:154} INFO - [2024-11-18T17:38:40.004+0530] {dag.py:3722} INFO - Setting next_dagrun for example_complex to None, run_after=None
[2024-11-18T17:38:40.046+0530] {processor.py:179} INFO - Processing /home/sigmoid/Desktop/Personal_Ml/airflow_project/airflow_env/lib/python3.8/site-packages/airflow/example_dags/example_complex.py took 0.125 seconds
[2024-11-18T17:39:33.278+0530] {processor.py:157} INFO - Started process (PID=64432) to work on /home/sigmoid/Desktop/Personal_Ml/airflow_project/airflow_env/lib/python3.8/site-packages/airflow/example_dags/example_complex.py
[2024-11-18T17:39:33.279+0530] {processor.py:829} INFO - Processing file /home/sigmoid/Desktop/Personal_Ml/airflow_project/airflow_env/lib/python3.8/site-packages/airflow/example_dags/example_complex.py for tasks to queue
[2024-11-18T17:39:33.281+0530] {logging_mixin.py:154} INFO - [2024-11-18T17:39:33.280+0530] {dagbag.py:536} INFO - Filling up the DagBag from /home/sigmoid/Desktop/Personal_Ml/airflow_project/airflow_env/lib/python3.8/site-packages/airflow/example_dags/example_complex.py
[2024-11-18T17:39:33.311+0530] {processor.py:839} INFO - DAG(s) dict_keys(['example_complex']) retrieved from /home/sigmoid/Desktop/Personal_Ml/airflow_project/airflow_env/lib/python3.8/site-packages/airflow/example_dags/example_complex.py
[2024-11-18T17:39:33.375+0530] {logging_mixin.py:154} INFO - [2024-11-18T17:39:33.375+0530] {dag.py:2941} INFO - Sync 1 DAGs
[2024-11-18T17:39:33.400+0530] {logging_mixin.py:154} INFO - [2024-11-18T17:39:33.399+0530] {dag.py:3722} INFO - Setting next_dagrun for example_complex to None, run_after=None
[2024-11-18T17:39:33.441+0530] {processor.py:179} INFO - Processing /home/sigmoid/Desktop/Personal_Ml/airflow_project/airflow_env/lib/python3.8/site-packages/airflow/example_dags/example_complex.py took 0.169 seconds
[2024-11-18T17:40:38.620+0530] {processor.py:157} INFO - Started process (PID=64844) to work on /home/sigmoid/Desktop/Personal_Ml/airflow_project/airflow_env/lib/python3.8/site-packages/airflow/example_dags/example_complex.py
[2024-11-18T17:40:38.621+0530] {processor.py:829} INFO - Processing file /home/sigmoid/Desktop/Personal_Ml/airflow_project/airflow_env/lib/python3.8/site-packages/airflow/example_dags/example_complex.py for tasks to queue
[2024-11-18T17:40:38.622+0530] {logging_mixin.py:154} INFO - [2024-11-18T17:40:38.621+0530] {dagbag.py:536} INFO - Filling up the DagBag from /home/sigmoid/Desktop/Personal_Ml/airflow_project/airflow_env/lib/python3.8/site-packages/airflow/example_dags/example_complex.py
[2024-11-18T17:40:38.635+0530] {processor.py:839} INFO - DAG(s) dict_keys(['example_complex']) retrieved from /home/sigmoid/Desktop/Personal_Ml/airflow_project/airflow_env/lib/python3.8/site-packages/airflow/example_dags/example_complex.py
[2024-11-18T17:40:38.671+0530] {logging_mixin.py:154} INFO - [2024-11-18T17:40:38.671+0530] {dag.py:2941} INFO - Sync 1 DAGs
[2024-11-18T17:40:38.686+0530] {logging_mixin.py:154} INFO - [2024-11-18T17:40:38.686+0530] {dag.py:3722} INFO - Setting next_dagrun for example_complex to None, run_after=None
[2024-11-18T17:40:38.713+0530] {processor.py:179} INFO - Processing /home/sigmoid/Desktop/Personal_Ml/airflow_project/airflow_env/lib/python3.8/site-packages/airflow/example_dags/example_complex.py took 0.097 seconds
[2024-11-18T17:41:37.727+0530] {processor.py:157} INFO - Started process (PID=65290) to work on /home/sigmoid/Desktop/Personal_Ml/airflow_project/airflow_env/lib/python3.8/site-packages/airflow/example_dags/example_complex.py
[2024-11-18T17:41:37.729+0530] {processor.py:829} INFO - Processing file /home/sigmoid/Desktop/Personal_Ml/airflow_project/airflow_env/lib/python3.8/site-packages/airflow/example_dags/example_complex.py for tasks to queue
[2024-11-18T17:41:37.730+0530] {logging_mixin.py:154} INFO - [2024-11-18T17:41:37.730+0530] {dagbag.py:536} INFO - Filling up the DagBag from /home/sigmoid/Desktop/Personal_Ml/airflow_project/airflow_env/lib/python3.8/site-packages/airflow/example_dags/example_complex.py
[2024-11-18T17:41:37.751+0530] {processor.py:839} INFO - DAG(s) dict_keys(['example_complex']) retrieved from /home/sigmoid/Desktop/Personal_Ml/airflow_project/airflow_env/lib/python3.8/site-packages/airflow/example_dags/example_complex.py
[2024-11-18T17:41:37.791+0530] {logging_mixin.py:154} INFO - [2024-11-18T17:41:37.791+0530] {dag.py:2941} INFO - Sync 1 DAGs
[2024-11-18T17:41:37.809+0530] {logging_mixin.py:154} INFO - [2024-11-18T17:41:37.809+0530] {dag.py:3722} INFO - Setting next_dagrun for example_complex to None, run_after=None
[2024-11-18T17:41:37.836+0530] {processor.py:179} INFO - Processing /home/sigmoid/Desktop/Personal_Ml/airflow_project/airflow_env/lib/python3.8/site-packages/airflow/example_dags/example_complex.py took 0.114 seconds
[2024-11-18T17:42:24.609+0530] {processor.py:157} INFO - Started process (PID=65613) to work on /home/sigmoid/Desktop/Personal_Ml/airflow_project/airflow_env/lib/python3.8/site-packages/airflow/example_dags/example_complex.py
[2024-11-18T17:42:24.610+0530] {processor.py:829} INFO - Processing file /home/sigmoid/Desktop/Personal_Ml/airflow_project/airflow_env/lib/python3.8/site-packages/airflow/example_dags/example_complex.py for tasks to queue
[2024-11-18T17:42:24.611+0530] {logging_mixin.py:154} INFO - [2024-11-18T17:42:24.610+0530] {dagbag.py:536} INFO - Filling up the DagBag from /home/sigmoid/Desktop/Personal_Ml/airflow_project/airflow_env/lib/python3.8/site-packages/airflow/example_dags/example_complex.py
[2024-11-18T17:42:24.622+0530] {processor.py:839} INFO - DAG(s) dict_keys(['example_complex']) retrieved from /home/sigmoid/Desktop/Personal_Ml/airflow_project/airflow_env/lib/python3.8/site-packages/airflow/example_dags/example_complex.py
[2024-11-18T17:42:24.648+0530] {logging_mixin.py:154} INFO - [2024-11-18T17:42:24.648+0530] {dag.py:2941} INFO - Sync 1 DAGs
[2024-11-18T17:42:24.661+0530] {logging_mixin.py:154} INFO - [2024-11-18T17:42:24.661+0530] {dag.py:3722} INFO - Setting next_dagrun for example_complex to None, run_after=None
[2024-11-18T17:42:24.682+0530] {processor.py:179} INFO - Processing /home/sigmoid/Desktop/Personal_Ml/airflow_project/airflow_env/lib/python3.8/site-packages/airflow/example_dags/example_complex.py took 0.076 seconds
[2024-11-18T17:43:14.195+0530] {processor.py:157} INFO - Started process (PID=65967) to work on /home/sigmoid/Desktop/Personal_Ml/airflow_project/airflow_env/lib/python3.8/site-packages/airflow/example_dags/example_complex.py
[2024-11-18T17:43:14.195+0530] {processor.py:829} INFO - Processing file /home/sigmoid/Desktop/Personal_Ml/airflow_project/airflow_env/lib/python3.8/site-packages/airflow/example_dags/example_complex.py for tasks to queue
[2024-11-18T17:43:14.196+0530] {logging_mixin.py:154} INFO - [2024-11-18T17:43:14.196+0530] {dagbag.py:536} INFO - Filling up the DagBag from /home/sigmoid/Desktop/Personal_Ml/airflow_project/airflow_env/lib/python3.8/site-packages/airflow/example_dags/example_complex.py
[2024-11-18T17:43:14.209+0530] {processor.py:839} INFO - DAG(s) dict_keys(['example_complex']) retrieved from /home/sigmoid/Desktop/Personal_Ml/airflow_project/airflow_env/lib/python3.8/site-packages/airflow/example_dags/example_complex.py
[2024-11-18T17:43:14.237+0530] {logging_mixin.py:154} INFO - [2024-11-18T17:43:14.237+0530] {dag.py:2941} INFO - Sync 1 DAGs
[2024-11-18T17:43:14.252+0530] {logging_mixin.py:154} INFO - [2024-11-18T17:43:14.251+0530] {dag.py:3722} INFO - Setting next_dagrun for example_complex to None, run_after=None
[2024-11-18T17:43:14.275+0530] {processor.py:179} INFO - Processing /home/sigmoid/Desktop/Personal_Ml/airflow_project/airflow_env/lib/python3.8/site-packages/airflow/example_dags/example_complex.py took 0.087 seconds
[2024-11-18T17:44:07.325+0530] {processor.py:157} INFO - Started process (PID=66488) to work on /home/sigmoid/Desktop/Personal_Ml/airflow_project/airflow_env/lib/python3.8/site-packages/airflow/example_dags/example_complex.py
[2024-11-18T17:44:07.326+0530] {processor.py:829} INFO - Processing file /home/sigmoid/Desktop/Personal_Ml/airflow_project/airflow_env/lib/python3.8/site-packages/airflow/example_dags/example_complex.py for tasks to queue
[2024-11-18T17:44:07.327+0530] {logging_mixin.py:154} INFO - [2024-11-18T17:44:07.327+0530] {dagbag.py:536} INFO - Filling up the DagBag from /home/sigmoid/Desktop/Personal_Ml/airflow_project/airflow_env/lib/python3.8/site-packages/airflow/example_dags/example_complex.py
[2024-11-18T17:44:07.346+0530] {processor.py:839} INFO - DAG(s) dict_keys(['example_complex']) retrieved from /home/sigmoid/Desktop/Personal_Ml/airflow_project/airflow_env/lib/python3.8/site-packages/airflow/example_dags/example_complex.py
[2024-11-18T17:44:07.399+0530] {logging_mixin.py:154} INFO - [2024-11-18T17:44:07.399+0530] {dag.py:2941} INFO - Sync 1 DAGs
[2024-11-18T17:44:07.412+0530] {logging_mixin.py:154} INFO - [2024-11-18T17:44:07.412+0530] {dag.py:3722} INFO - Setting next_dagrun for example_complex to None, run_after=None
[2024-11-18T17:44:07.438+0530] {processor.py:179} INFO - Processing /home/sigmoid/Desktop/Personal_Ml/airflow_project/airflow_env/lib/python3.8/site-packages/airflow/example_dags/example_complex.py took 0.119 seconds
[2024-11-18T18:00:14.155+0530] {processor.py:157} INFO - Started process (PID=71994) to work on /home/sigmoid/Desktop/Personal_Ml/airflow_project/airflow_env/lib/python3.8/site-packages/airflow/example_dags/example_complex.py
[2024-11-18T18:00:14.156+0530] {processor.py:829} INFO - Processing file /home/sigmoid/Desktop/Personal_Ml/airflow_project/airflow_env/lib/python3.8/site-packages/airflow/example_dags/example_complex.py for tasks to queue
[2024-11-18T18:00:14.157+0530] {logging_mixin.py:154} INFO - [2024-11-18T18:00:14.156+0530] {dagbag.py:536} INFO - Filling up the DagBag from /home/sigmoid/Desktop/Personal_Ml/airflow_project/airflow_env/lib/python3.8/site-packages/airflow/example_dags/example_complex.py
[2024-11-18T18:00:14.168+0530] {processor.py:839} INFO - DAG(s) dict_keys(['example_complex']) retrieved from /home/sigmoid/Desktop/Personal_Ml/airflow_project/airflow_env/lib/python3.8/site-packages/airflow/example_dags/example_complex.py
[2024-11-18T18:00:14.198+0530] {logging_mixin.py:154} INFO - [2024-11-18T18:00:14.198+0530] {dag.py:2941} INFO - Sync 1 DAGs
[2024-11-18T18:00:14.211+0530] {logging_mixin.py:154} INFO - [2024-11-18T18:00:14.210+0530] {dag.py:3722} INFO - Setting next_dagrun for example_complex to None, run_after=None
[2024-11-18T18:00:14.231+0530] {processor.py:179} INFO - Processing /home/sigmoid/Desktop/Personal_Ml/airflow_project/airflow_env/lib/python3.8/site-packages/airflow/example_dags/example_complex.py took 0.080 seconds
[2024-11-18T18:01:01.395+0530] {processor.py:157} INFO - Started process (PID=72232) to work on /home/sigmoid/Desktop/Personal_Ml/airflow_project/airflow_env/lib/python3.8/site-packages/airflow/example_dags/example_complex.py
[2024-11-18T18:01:01.397+0530] {processor.py:829} INFO - Processing file /home/sigmoid/Desktop/Personal_Ml/airflow_project/airflow_env/lib/python3.8/site-packages/airflow/example_dags/example_complex.py for tasks to queue
[2024-11-18T18:01:01.398+0530] {logging_mixin.py:154} INFO - [2024-11-18T18:01:01.398+0530] {dagbag.py:536} INFO - Filling up the DagBag from /home/sigmoid/Desktop/Personal_Ml/airflow_project/airflow_env/lib/python3.8/site-packages/airflow/example_dags/example_complex.py
[2024-11-18T18:01:01.414+0530] {processor.py:839} INFO - DAG(s) dict_keys(['example_complex']) retrieved from /home/sigmoid/Desktop/Personal_Ml/airflow_project/airflow_env/lib/python3.8/site-packages/airflow/example_dags/example_complex.py
[2024-11-18T18:01:01.448+0530] {logging_mixin.py:154} INFO - [2024-11-18T18:01:01.447+0530] {dag.py:2941} INFO - Sync 1 DAGs
[2024-11-18T18:01:01.461+0530] {logging_mixin.py:154} INFO - [2024-11-18T18:01:01.461+0530] {dag.py:3722} INFO - Setting next_dagrun for example_complex to None, run_after=None
[2024-11-18T18:01:01.494+0530] {processor.py:179} INFO - Processing /home/sigmoid/Desktop/Personal_Ml/airflow_project/airflow_env/lib/python3.8/site-packages/airflow/example_dags/example_complex.py took 0.102 seconds
[2024-11-18T18:01:59.607+0530] {processor.py:157} INFO - Started process (PID=72804) to work on /home/sigmoid/Desktop/Personal_Ml/airflow_project/airflow_env/lib/python3.8/site-packages/airflow/example_dags/example_complex.py
[2024-11-18T18:01:59.608+0530] {processor.py:829} INFO - Processing file /home/sigmoid/Desktop/Personal_Ml/airflow_project/airflow_env/lib/python3.8/site-packages/airflow/example_dags/example_complex.py for tasks to queue
[2024-11-18T18:01:59.609+0530] {logging_mixin.py:154} INFO - [2024-11-18T18:01:59.609+0530] {dagbag.py:536} INFO - Filling up the DagBag from /home/sigmoid/Desktop/Personal_Ml/airflow_project/airflow_env/lib/python3.8/site-packages/airflow/example_dags/example_complex.py
[2024-11-18T18:01:59.632+0530] {processor.py:839} INFO - DAG(s) dict_keys(['example_complex']) retrieved from /home/sigmoid/Desktop/Personal_Ml/airflow_project/airflow_env/lib/python3.8/site-packages/airflow/example_dags/example_complex.py
[2024-11-18T18:01:59.669+0530] {logging_mixin.py:154} INFO - [2024-11-18T18:01:59.669+0530] {dag.py:2941} INFO - Sync 1 DAGs
[2024-11-18T18:01:59.690+0530] {logging_mixin.py:154} INFO - [2024-11-18T18:01:59.690+0530] {dag.py:3722} INFO - Setting next_dagrun for example_complex to None, run_after=None
[2024-11-18T18:01:59.719+0530] {processor.py:179} INFO - Processing /home/sigmoid/Desktop/Personal_Ml/airflow_project/airflow_env/lib/python3.8/site-packages/airflow/example_dags/example_complex.py took 0.119 seconds
[2024-11-18T18:02:49.751+0530] {processor.py:157} INFO - Started process (PID=73263) to work on /home/sigmoid/Desktop/Personal_Ml/airflow_project/airflow_env/lib/python3.8/site-packages/airflow/example_dags/example_complex.py
[2024-11-18T18:02:49.752+0530] {processor.py:829} INFO - Processing file /home/sigmoid/Desktop/Personal_Ml/airflow_project/airflow_env/lib/python3.8/site-packages/airflow/example_dags/example_complex.py for tasks to queue
[2024-11-18T18:02:49.753+0530] {logging_mixin.py:154} INFO - [2024-11-18T18:02:49.753+0530] {dagbag.py:536} INFO - Filling up the DagBag from /home/sigmoid/Desktop/Personal_Ml/airflow_project/airflow_env/lib/python3.8/site-packages/airflow/example_dags/example_complex.py
[2024-11-18T18:02:49.766+0530] {processor.py:839} INFO - DAG(s) dict_keys(['example_complex']) retrieved from /home/sigmoid/Desktop/Personal_Ml/airflow_project/airflow_env/lib/python3.8/site-packages/airflow/example_dags/example_complex.py
[2024-11-18T18:02:49.794+0530] {logging_mixin.py:154} INFO - [2024-11-18T18:02:49.794+0530] {dag.py:2941} INFO - Sync 1 DAGs
[2024-11-18T18:02:49.808+0530] {logging_mixin.py:154} INFO - [2024-11-18T18:02:49.808+0530] {dag.py:3722} INFO - Setting next_dagrun for example_complex to None, run_after=None
[2024-11-18T18:02:49.838+0530] {processor.py:179} INFO - Processing /home/sigmoid/Desktop/Personal_Ml/airflow_project/airflow_env/lib/python3.8/site-packages/airflow/example_dags/example_complex.py took 0.090 seconds
[2024-11-18T18:04:03.478+0530] {processor.py:157} INFO - Started process (PID=74294) to work on /home/sigmoid/Desktop/Personal_Ml/airflow_project/airflow_env/lib/python3.8/site-packages/airflow/example_dags/example_complex.py
[2024-11-18T18:04:03.479+0530] {processor.py:829} INFO - Processing file /home/sigmoid/Desktop/Personal_Ml/airflow_project/airflow_env/lib/python3.8/site-packages/airflow/example_dags/example_complex.py for tasks to queue
[2024-11-18T18:04:03.480+0530] {logging_mixin.py:154} INFO - [2024-11-18T18:04:03.480+0530] {dagbag.py:536} INFO - Filling up the DagBag from /home/sigmoid/Desktop/Personal_Ml/airflow_project/airflow_env/lib/python3.8/site-packages/airflow/example_dags/example_complex.py
[2024-11-18T18:04:03.494+0530] {processor.py:839} INFO - DAG(s) dict_keys(['example_complex']) retrieved from /home/sigmoid/Desktop/Personal_Ml/airflow_project/airflow_env/lib/python3.8/site-packages/airflow/example_dags/example_complex.py
[2024-11-18T18:04:03.534+0530] {logging_mixin.py:154} INFO - [2024-11-18T18:04:03.533+0530] {dag.py:2941} INFO - Sync 1 DAGs
[2024-11-18T18:04:03.550+0530] {logging_mixin.py:154} INFO - [2024-11-18T18:04:03.550+0530] {dag.py:3722} INFO - Setting next_dagrun for example_complex to None, run_after=None
[2024-11-18T18:04:03.574+0530] {processor.py:179} INFO - Processing /home/sigmoid/Desktop/Personal_Ml/airflow_project/airflow_env/lib/python3.8/site-packages/airflow/example_dags/example_complex.py took 0.100 seconds
[2024-11-18T18:05:09.181+0530] {processor.py:157} INFO - Started process (PID=75113) to work on /home/sigmoid/Desktop/Personal_Ml/airflow_project/airflow_env/lib/python3.8/site-packages/airflow/example_dags/example_complex.py
[2024-11-18T18:05:09.182+0530] {processor.py:829} INFO - Processing file /home/sigmoid/Desktop/Personal_Ml/airflow_project/airflow_env/lib/python3.8/site-packages/airflow/example_dags/example_complex.py for tasks to queue
[2024-11-18T18:05:09.183+0530] {logging_mixin.py:154} INFO - [2024-11-18T18:05:09.183+0530] {dagbag.py:536} INFO - Filling up the DagBag from /home/sigmoid/Desktop/Personal_Ml/airflow_project/airflow_env/lib/python3.8/site-packages/airflow/example_dags/example_complex.py
[2024-11-18T18:05:09.194+0530] {processor.py:839} INFO - DAG(s) dict_keys(['example_complex']) retrieved from /home/sigmoid/Desktop/Personal_Ml/airflow_project/airflow_env/lib/python3.8/site-packages/airflow/example_dags/example_complex.py
[2024-11-18T18:05:09.233+0530] {logging_mixin.py:154} INFO - [2024-11-18T18:05:09.233+0530] {dag.py:2941} INFO - Sync 1 DAGs
[2024-11-18T18:05:09.249+0530] {logging_mixin.py:154} INFO - [2024-11-18T18:05:09.248+0530] {dag.py:3722} INFO - Setting next_dagrun for example_complex to None, run_after=None
[2024-11-18T18:05:09.271+0530] {processor.py:179} INFO - Processing /home/sigmoid/Desktop/Personal_Ml/airflow_project/airflow_env/lib/python3.8/site-packages/airflow/example_dags/example_complex.py took 0.093 seconds
[2024-11-18T18:06:13.789+0530] {processor.py:157} INFO - Started process (PID=75865) to work on /home/sigmoid/Desktop/Personal_Ml/airflow_project/airflow_env/lib/python3.8/site-packages/airflow/example_dags/example_complex.py
[2024-11-18T18:06:13.790+0530] {processor.py:829} INFO - Processing file /home/sigmoid/Desktop/Personal_Ml/airflow_project/airflow_env/lib/python3.8/site-packages/airflow/example_dags/example_complex.py for tasks to queue
[2024-11-18T18:06:13.791+0530] {logging_mixin.py:154} INFO - [2024-11-18T18:06:13.791+0530] {dagbag.py:536} INFO - Filling up the DagBag from /home/sigmoid/Desktop/Personal_Ml/airflow_project/airflow_env/lib/python3.8/site-packages/airflow/example_dags/example_complex.py
[2024-11-18T18:06:13.803+0530] {processor.py:839} INFO - DAG(s) dict_keys(['example_complex']) retrieved from /home/sigmoid/Desktop/Personal_Ml/airflow_project/airflow_env/lib/python3.8/site-packages/airflow/example_dags/example_complex.py
[2024-11-18T18:06:13.838+0530] {logging_mixin.py:154} INFO - [2024-11-18T18:06:13.838+0530] {dag.py:2941} INFO - Sync 1 DAGs
[2024-11-18T18:06:13.852+0530] {logging_mixin.py:154} INFO - [2024-11-18T18:06:13.852+0530] {dag.py:3722} INFO - Setting next_dagrun for example_complex to None, run_after=None
[2024-11-18T18:06:13.875+0530] {processor.py:179} INFO - Processing /home/sigmoid/Desktop/Personal_Ml/airflow_project/airflow_env/lib/python3.8/site-packages/airflow/example_dags/example_complex.py took 0.089 seconds
[2024-11-18T18:07:23.271+0530] {processor.py:157} INFO - Started process (PID=76652) to work on /home/sigmoid/Desktop/Personal_Ml/airflow_project/airflow_env/lib/python3.8/site-packages/airflow/example_dags/example_complex.py
[2024-11-18T18:07:23.272+0530] {processor.py:829} INFO - Processing file /home/sigmoid/Desktop/Personal_Ml/airflow_project/airflow_env/lib/python3.8/site-packages/airflow/example_dags/example_complex.py for tasks to queue
[2024-11-18T18:07:23.273+0530] {logging_mixin.py:154} INFO - [2024-11-18T18:07:23.272+0530] {dagbag.py:536} INFO - Filling up the DagBag from /home/sigmoid/Desktop/Personal_Ml/airflow_project/airflow_env/lib/python3.8/site-packages/airflow/example_dags/example_complex.py
[2024-11-18T18:07:23.287+0530] {processor.py:839} INFO - DAG(s) dict_keys(['example_complex']) retrieved from /home/sigmoid/Desktop/Personal_Ml/airflow_project/airflow_env/lib/python3.8/site-packages/airflow/example_dags/example_complex.py
[2024-11-18T18:07:23.316+0530] {logging_mixin.py:154} INFO - [2024-11-18T18:07:23.316+0530] {dag.py:2941} INFO - Sync 1 DAGs
[2024-11-18T18:07:23.332+0530] {logging_mixin.py:154} INFO - [2024-11-18T18:07:23.332+0530] {dag.py:3722} INFO - Setting next_dagrun for example_complex to None, run_after=None
[2024-11-18T18:07:23.356+0530] {processor.py:179} INFO - Processing /home/sigmoid/Desktop/Personal_Ml/airflow_project/airflow_env/lib/python3.8/site-packages/airflow/example_dags/example_complex.py took 0.091 seconds
[2024-11-18T18:08:25.621+0530] {processor.py:157} INFO - Started process (PID=77422) to work on /home/sigmoid/Desktop/Personal_Ml/airflow_project/airflow_env/lib/python3.8/site-packages/airflow/example_dags/example_complex.py
[2024-11-18T18:08:25.623+0530] {processor.py:829} INFO - Processing file /home/sigmoid/Desktop/Personal_Ml/airflow_project/airflow_env/lib/python3.8/site-packages/airflow/example_dags/example_complex.py for tasks to queue
[2024-11-18T18:08:25.626+0530] {logging_mixin.py:154} INFO - [2024-11-18T18:08:25.625+0530] {dagbag.py:536} INFO - Filling up the DagBag from /home/sigmoid/Desktop/Personal_Ml/airflow_project/airflow_env/lib/python3.8/site-packages/airflow/example_dags/example_complex.py
[2024-11-18T18:08:27.065+0530] {processor.py:839} INFO - DAG(s) dict_keys(['example_complex']) retrieved from /home/sigmoid/Desktop/Personal_Ml/airflow_project/airflow_env/lib/python3.8/site-packages/airflow/example_dags/example_complex.py
[2024-11-18T18:08:27.107+0530] {logging_mixin.py:154} INFO - [2024-11-18T18:08:27.107+0530] {dag.py:2941} INFO - Sync 1 DAGs
[2024-11-18T18:08:28.944+0530] {logging_mixin.py:154} INFO - [2024-11-18T18:08:28.943+0530] {dag.py:3722} INFO - Setting next_dagrun for example_complex to None, run_after=None
[2024-11-18T18:08:29.008+0530] {processor.py:179} INFO - Processing /home/sigmoid/Desktop/Personal_Ml/airflow_project/airflow_env/lib/python3.8/site-packages/airflow/example_dags/example_complex.py took 3.397 seconds
[2024-11-18T18:09:25.388+0530] {processor.py:157} INFO - Started process (PID=78114) to work on /home/sigmoid/Desktop/Personal_Ml/airflow_project/airflow_env/lib/python3.8/site-packages/airflow/example_dags/example_complex.py
[2024-11-18T18:09:25.389+0530] {processor.py:829} INFO - Processing file /home/sigmoid/Desktop/Personal_Ml/airflow_project/airflow_env/lib/python3.8/site-packages/airflow/example_dags/example_complex.py for tasks to queue
[2024-11-18T18:09:25.390+0530] {logging_mixin.py:154} INFO - [2024-11-18T18:09:25.389+0530] {dagbag.py:536} INFO - Filling up the DagBag from /home/sigmoid/Desktop/Personal_Ml/airflow_project/airflow_env/lib/python3.8/site-packages/airflow/example_dags/example_complex.py
[2024-11-18T18:09:25.404+0530] {processor.py:839} INFO - DAG(s) dict_keys(['example_complex']) retrieved from /home/sigmoid/Desktop/Personal_Ml/airflow_project/airflow_env/lib/python3.8/site-packages/airflow/example_dags/example_complex.py
[2024-11-18T18:09:25.433+0530] {logging_mixin.py:154} INFO - [2024-11-18T18:09:25.432+0530] {dag.py:2941} INFO - Sync 1 DAGs
[2024-11-18T18:09:25.446+0530] {logging_mixin.py:154} INFO - [2024-11-18T18:09:25.445+0530] {dag.py:3722} INFO - Setting next_dagrun for example_complex to None, run_after=None
[2024-11-18T18:09:25.471+0530] {processor.py:179} INFO - Processing /home/sigmoid/Desktop/Personal_Ml/airflow_project/airflow_env/lib/python3.8/site-packages/airflow/example_dags/example_complex.py took 0.086 seconds
[2024-11-18T18:10:33.549+0530] {processor.py:157} INFO - Started process (PID=79062) to work on /home/sigmoid/Desktop/Personal_Ml/airflow_project/airflow_env/lib/python3.8/site-packages/airflow/example_dags/example_complex.py
[2024-11-18T18:10:33.550+0530] {processor.py:829} INFO - Processing file /home/sigmoid/Desktop/Personal_Ml/airflow_project/airflow_env/lib/python3.8/site-packages/airflow/example_dags/example_complex.py for tasks to queue
[2024-11-18T18:10:33.551+0530] {logging_mixin.py:154} INFO - [2024-11-18T18:10:33.551+0530] {dagbag.py:536} INFO - Filling up the DagBag from /home/sigmoid/Desktop/Personal_Ml/airflow_project/airflow_env/lib/python3.8/site-packages/airflow/example_dags/example_complex.py
[2024-11-18T18:10:33.562+0530] {processor.py:839} INFO - DAG(s) dict_keys(['example_complex']) retrieved from /home/sigmoid/Desktop/Personal_Ml/airflow_project/airflow_env/lib/python3.8/site-packages/airflow/example_dags/example_complex.py
[2024-11-18T18:10:33.593+0530] {logging_mixin.py:154} INFO - [2024-11-18T18:10:33.592+0530] {dag.py:2941} INFO - Sync 1 DAGs
[2024-11-18T18:10:33.608+0530] {logging_mixin.py:154} INFO - [2024-11-18T18:10:33.608+0530] {dag.py:3722} INFO - Setting next_dagrun for example_complex to None, run_after=None
[2024-11-18T18:10:33.630+0530] {processor.py:179} INFO - Processing /home/sigmoid/Desktop/Personal_Ml/airflow_project/airflow_env/lib/python3.8/site-packages/airflow/example_dags/example_complex.py took 0.084 seconds
[2024-11-18T18:11:41.879+0530] {processor.py:157} INFO - Started process (PID=79953) to work on /home/sigmoid/Desktop/Personal_Ml/airflow_project/airflow_env/lib/python3.8/site-packages/airflow/example_dags/example_complex.py
[2024-11-18T18:11:41.880+0530] {processor.py:829} INFO - Processing file /home/sigmoid/Desktop/Personal_Ml/airflow_project/airflow_env/lib/python3.8/site-packages/airflow/example_dags/example_complex.py for tasks to queue
[2024-11-18T18:11:41.881+0530] {logging_mixin.py:154} INFO - [2024-11-18T18:11:41.881+0530] {dagbag.py:536} INFO - Filling up the DagBag from /home/sigmoid/Desktop/Personal_Ml/airflow_project/airflow_env/lib/python3.8/site-packages/airflow/example_dags/example_complex.py
[2024-11-18T18:11:41.894+0530] {processor.py:839} INFO - DAG(s) dict_keys(['example_complex']) retrieved from /home/sigmoid/Desktop/Personal_Ml/airflow_project/airflow_env/lib/python3.8/site-packages/airflow/example_dags/example_complex.py
[2024-11-18T18:11:41.929+0530] {logging_mixin.py:154} INFO - [2024-11-18T18:11:41.929+0530] {dag.py:2941} INFO - Sync 1 DAGs
[2024-11-18T18:11:41.945+0530] {logging_mixin.py:154} INFO - [2024-11-18T18:11:41.945+0530] {dag.py:3722} INFO - Setting next_dagrun for example_complex to None, run_after=None
[2024-11-18T18:11:41.980+0530] {processor.py:179} INFO - Processing /home/sigmoid/Desktop/Personal_Ml/airflow_project/airflow_env/lib/python3.8/site-packages/airflow/example_dags/example_complex.py took 0.105 seconds
[2024-11-18T18:12:48.588+0530] {processor.py:157} INFO - Started process (PID=80709) to work on /home/sigmoid/Desktop/Personal_Ml/airflow_project/airflow_env/lib/python3.8/site-packages/airflow/example_dags/example_complex.py
[2024-11-18T18:12:48.590+0530] {processor.py:829} INFO - Processing file /home/sigmoid/Desktop/Personal_Ml/airflow_project/airflow_env/lib/python3.8/site-packages/airflow/example_dags/example_complex.py for tasks to queue
[2024-11-18T18:12:48.592+0530] {logging_mixin.py:154} INFO - [2024-11-18T18:12:48.591+0530] {dagbag.py:536} INFO - Filling up the DagBag from /home/sigmoid/Desktop/Personal_Ml/airflow_project/airflow_env/lib/python3.8/site-packages/airflow/example_dags/example_complex.py
[2024-11-18T18:12:48.623+0530] {processor.py:839} INFO - DAG(s) dict_keys(['example_complex']) retrieved from /home/sigmoid/Desktop/Personal_Ml/airflow_project/airflow_env/lib/python3.8/site-packages/airflow/example_dags/example_complex.py
[2024-11-18T18:12:48.687+0530] {logging_mixin.py:154} INFO - [2024-11-18T18:12:48.686+0530] {dag.py:2941} INFO - Sync 1 DAGs
[2024-11-18T18:12:48.712+0530] {logging_mixin.py:154} INFO - [2024-11-18T18:12:48.712+0530] {dag.py:3722} INFO - Setting next_dagrun for example_complex to None, run_after=None
[2024-11-18T18:12:48.750+0530] {processor.py:179} INFO - Processing /home/sigmoid/Desktop/Personal_Ml/airflow_project/airflow_env/lib/python3.8/site-packages/airflow/example_dags/example_complex.py took 0.169 seconds
[2024-11-18T18:14:03.334+0530] {processor.py:157} INFO - Started process (PID=81567) to work on /home/sigmoid/Desktop/Personal_Ml/airflow_project/airflow_env/lib/python3.8/site-packages/airflow/example_dags/example_complex.py
[2024-11-18T18:14:03.375+0530] {processor.py:829} INFO - Processing file /home/sigmoid/Desktop/Personal_Ml/airflow_project/airflow_env/lib/python3.8/site-packages/airflow/example_dags/example_complex.py for tasks to queue
[2024-11-18T18:14:03.381+0530] {logging_mixin.py:154} INFO - [2024-11-18T18:14:03.379+0530] {dagbag.py:536} INFO - Filling up the DagBag from /home/sigmoid/Desktop/Personal_Ml/airflow_project/airflow_env/lib/python3.8/site-packages/airflow/example_dags/example_complex.py
[2024-11-18T18:14:03.439+0530] {processor.py:839} INFO - DAG(s) dict_keys(['example_complex']) retrieved from /home/sigmoid/Desktop/Personal_Ml/airflow_project/airflow_env/lib/python3.8/site-packages/airflow/example_dags/example_complex.py
[2024-11-18T18:14:03.498+0530] {logging_mixin.py:154} INFO - [2024-11-18T18:14:03.497+0530] {dag.py:2941} INFO - Sync 1 DAGs
[2024-11-18T18:14:03.524+0530] {logging_mixin.py:154} INFO - [2024-11-18T18:14:03.523+0530] {dag.py:3722} INFO - Setting next_dagrun for example_complex to None, run_after=None
[2024-11-18T18:14:03.864+0530] {processor.py:179} INFO - Processing /home/sigmoid/Desktop/Personal_Ml/airflow_project/airflow_env/lib/python3.8/site-packages/airflow/example_dags/example_complex.py took 0.535 seconds
[2024-11-18T18:15:07.417+0530] {processor.py:157} INFO - Started process (PID=82415) to work on /home/sigmoid/Desktop/Personal_Ml/airflow_project/airflow_env/lib/python3.8/site-packages/airflow/example_dags/example_complex.py
[2024-11-18T18:15:07.418+0530] {processor.py:829} INFO - Processing file /home/sigmoid/Desktop/Personal_Ml/airflow_project/airflow_env/lib/python3.8/site-packages/airflow/example_dags/example_complex.py for tasks to queue
[2024-11-18T18:15:07.419+0530] {logging_mixin.py:154} INFO - [2024-11-18T18:15:07.419+0530] {dagbag.py:536} INFO - Filling up the DagBag from /home/sigmoid/Desktop/Personal_Ml/airflow_project/airflow_env/lib/python3.8/site-packages/airflow/example_dags/example_complex.py
[2024-11-18T18:15:07.430+0530] {processor.py:839} INFO - DAG(s) dict_keys(['example_complex']) retrieved from /home/sigmoid/Desktop/Personal_Ml/airflow_project/airflow_env/lib/python3.8/site-packages/airflow/example_dags/example_complex.py
[2024-11-18T18:15:07.458+0530] {logging_mixin.py:154} INFO - [2024-11-18T18:15:07.457+0530] {dag.py:2941} INFO - Sync 1 DAGs
[2024-11-18T18:15:07.470+0530] {logging_mixin.py:154} INFO - [2024-11-18T18:15:07.469+0530] {dag.py:3722} INFO - Setting next_dagrun for example_complex to None, run_after=None
[2024-11-18T18:15:07.491+0530] {processor.py:179} INFO - Processing /home/sigmoid/Desktop/Personal_Ml/airflow_project/airflow_env/lib/python3.8/site-packages/airflow/example_dags/example_complex.py took 0.077 seconds
[2024-11-18T18:16:13.043+0530] {processor.py:157} INFO - Started process (PID=83527) to work on /home/sigmoid/Desktop/Personal_Ml/airflow_project/airflow_env/lib/python3.8/site-packages/airflow/example_dags/example_complex.py
[2024-11-18T18:16:13.045+0530] {processor.py:829} INFO - Processing file /home/sigmoid/Desktop/Personal_Ml/airflow_project/airflow_env/lib/python3.8/site-packages/airflow/example_dags/example_complex.py for tasks to queue
[2024-11-18T18:16:13.046+0530] {logging_mixin.py:154} INFO - [2024-11-18T18:16:13.046+0530] {dagbag.py:536} INFO - Filling up the DagBag from /home/sigmoid/Desktop/Personal_Ml/airflow_project/airflow_env/lib/python3.8/site-packages/airflow/example_dags/example_complex.py
[2024-11-18T18:16:13.075+0530] {processor.py:839} INFO - DAG(s) dict_keys(['example_complex']) retrieved from /home/sigmoid/Desktop/Personal_Ml/airflow_project/airflow_env/lib/python3.8/site-packages/airflow/example_dags/example_complex.py
[2024-11-18T18:16:13.141+0530] {logging_mixin.py:154} INFO - [2024-11-18T18:16:13.140+0530] {dag.py:2941} INFO - Sync 1 DAGs
[2024-11-18T18:16:13.167+0530] {logging_mixin.py:154} INFO - [2024-11-18T18:16:13.166+0530] {dag.py:3722} INFO - Setting next_dagrun for example_complex to None, run_after=None
[2024-11-18T18:16:13.205+0530] {processor.py:179} INFO - Processing /home/sigmoid/Desktop/Personal_Ml/airflow_project/airflow_env/lib/python3.8/site-packages/airflow/example_dags/example_complex.py took 0.167 seconds
[2024-11-18T18:17:22.845+0530] {processor.py:157} INFO - Started process (PID=84297) to work on /home/sigmoid/Desktop/Personal_Ml/airflow_project/airflow_env/lib/python3.8/site-packages/airflow/example_dags/example_complex.py
[2024-11-18T18:17:22.846+0530] {processor.py:829} INFO - Processing file /home/sigmoid/Desktop/Personal_Ml/airflow_project/airflow_env/lib/python3.8/site-packages/airflow/example_dags/example_complex.py for tasks to queue
[2024-11-18T18:17:22.847+0530] {logging_mixin.py:154} INFO - [2024-11-18T18:17:22.847+0530] {dagbag.py:536} INFO - Filling up the DagBag from /home/sigmoid/Desktop/Personal_Ml/airflow_project/airflow_env/lib/python3.8/site-packages/airflow/example_dags/example_complex.py
[2024-11-18T18:17:22.860+0530] {processor.py:839} INFO - DAG(s) dict_keys(['example_complex']) retrieved from /home/sigmoid/Desktop/Personal_Ml/airflow_project/airflow_env/lib/python3.8/site-packages/airflow/example_dags/example_complex.py
[2024-11-18T18:17:22.892+0530] {logging_mixin.py:154} INFO - [2024-11-18T18:17:22.892+0530] {dag.py:2941} INFO - Sync 1 DAGs
[2024-11-18T18:17:22.909+0530] {logging_mixin.py:154} INFO - [2024-11-18T18:17:22.909+0530] {dag.py:3722} INFO - Setting next_dagrun for example_complex to None, run_after=None
[2024-11-18T18:17:22.945+0530] {processor.py:179} INFO - Processing /home/sigmoid/Desktop/Personal_Ml/airflow_project/airflow_env/lib/python3.8/site-packages/airflow/example_dags/example_complex.py took 0.104 seconds
[2024-11-18T18:18:26.777+0530] {processor.py:157} INFO - Started process (PID=85043) to work on /home/sigmoid/Desktop/Personal_Ml/airflow_project/airflow_env/lib/python3.8/site-packages/airflow/example_dags/example_complex.py
[2024-11-18T18:18:26.778+0530] {processor.py:829} INFO - Processing file /home/sigmoid/Desktop/Personal_Ml/airflow_project/airflow_env/lib/python3.8/site-packages/airflow/example_dags/example_complex.py for tasks to queue
[2024-11-18T18:18:26.779+0530] {logging_mixin.py:154} INFO - [2024-11-18T18:18:26.779+0530] {dagbag.py:536} INFO - Filling up the DagBag from /home/sigmoid/Desktop/Personal_Ml/airflow_project/airflow_env/lib/python3.8/site-packages/airflow/example_dags/example_complex.py
[2024-11-18T18:18:26.793+0530] {processor.py:839} INFO - DAG(s) dict_keys(['example_complex']) retrieved from /home/sigmoid/Desktop/Personal_Ml/airflow_project/airflow_env/lib/python3.8/site-packages/airflow/example_dags/example_complex.py
[2024-11-18T18:18:26.822+0530] {logging_mixin.py:154} INFO - [2024-11-18T18:18:26.822+0530] {dag.py:2941} INFO - Sync 1 DAGs
[2024-11-18T18:18:26.834+0530] {logging_mixin.py:154} INFO - [2024-11-18T18:18:26.834+0530] {dag.py:3722} INFO - Setting next_dagrun for example_complex to None, run_after=None
[2024-11-18T18:18:26.855+0530] {processor.py:179} INFO - Processing /home/sigmoid/Desktop/Personal_Ml/airflow_project/airflow_env/lib/python3.8/site-packages/airflow/example_dags/example_complex.py took 0.081 seconds
[2024-11-18T18:19:23.750+0530] {processor.py:157} INFO - Started process (PID=85345) to work on /home/sigmoid/Desktop/Personal_Ml/airflow_project/airflow_env/lib/python3.8/site-packages/airflow/example_dags/example_complex.py
[2024-11-18T18:19:23.751+0530] {processor.py:829} INFO - Processing file /home/sigmoid/Desktop/Personal_Ml/airflow_project/airflow_env/lib/python3.8/site-packages/airflow/example_dags/example_complex.py for tasks to queue
[2024-11-18T18:19:23.752+0530] {logging_mixin.py:154} INFO - [2024-11-18T18:19:23.752+0530] {dagbag.py:536} INFO - Filling up the DagBag from /home/sigmoid/Desktop/Personal_Ml/airflow_project/airflow_env/lib/python3.8/site-packages/airflow/example_dags/example_complex.py
[2024-11-18T18:19:23.765+0530] {processor.py:839} INFO - DAG(s) dict_keys(['example_complex']) retrieved from /home/sigmoid/Desktop/Personal_Ml/airflow_project/airflow_env/lib/python3.8/site-packages/airflow/example_dags/example_complex.py
[2024-11-18T18:19:23.795+0530] {logging_mixin.py:154} INFO - [2024-11-18T18:19:23.794+0530] {dag.py:2941} INFO - Sync 1 DAGs
[2024-11-18T18:19:23.809+0530] {logging_mixin.py:154} INFO - [2024-11-18T18:19:23.809+0530] {dag.py:3722} INFO - Setting next_dagrun for example_complex to None, run_after=None
[2024-11-18T18:19:23.835+0530] {processor.py:179} INFO - Processing /home/sigmoid/Desktop/Personal_Ml/airflow_project/airflow_env/lib/python3.8/site-packages/airflow/example_dags/example_complex.py took 0.088 seconds
[2024-11-18T18:20:22.633+0530] {processor.py:157} INFO - Started process (PID=85722) to work on /home/sigmoid/Desktop/Personal_Ml/airflow_project/airflow_env/lib/python3.8/site-packages/airflow/example_dags/example_complex.py
[2024-11-18T18:20:22.634+0530] {processor.py:829} INFO - Processing file /home/sigmoid/Desktop/Personal_Ml/airflow_project/airflow_env/lib/python3.8/site-packages/airflow/example_dags/example_complex.py for tasks to queue
[2024-11-18T18:20:22.635+0530] {logging_mixin.py:154} INFO - [2024-11-18T18:20:22.635+0530] {dagbag.py:536} INFO - Filling up the DagBag from /home/sigmoid/Desktop/Personal_Ml/airflow_project/airflow_env/lib/python3.8/site-packages/airflow/example_dags/example_complex.py
[2024-11-18T18:20:22.646+0530] {processor.py:839} INFO - DAG(s) dict_keys(['example_complex']) retrieved from /home/sigmoid/Desktop/Personal_Ml/airflow_project/airflow_env/lib/python3.8/site-packages/airflow/example_dags/example_complex.py
[2024-11-18T18:20:22.676+0530] {logging_mixin.py:154} INFO - [2024-11-18T18:20:22.676+0530] {dag.py:2941} INFO - Sync 1 DAGs
[2024-11-18T18:20:22.694+0530] {logging_mixin.py:154} INFO - [2024-11-18T18:20:22.694+0530] {dag.py:3722} INFO - Setting next_dagrun for example_complex to None, run_after=None
[2024-11-18T18:20:22.722+0530] {processor.py:179} INFO - Processing /home/sigmoid/Desktop/Personal_Ml/airflow_project/airflow_env/lib/python3.8/site-packages/airflow/example_dags/example_complex.py took 0.092 seconds
[2024-11-18T18:20:24.081+0530] {processor.py:157} INFO - Started process (PID=85725) to work on /home/sigmoid/Desktop/Personal_Ml/airflow_project/airflow_env/lib/python3.8/site-packages/airflow/example_dags/example_complex.py
[2024-11-18T18:20:24.082+0530] {processor.py:829} INFO - Processing file /home/sigmoid/Desktop/Personal_Ml/airflow_project/airflow_env/lib/python3.8/site-packages/airflow/example_dags/example_complex.py for tasks to queue
[2024-11-18T18:20:24.083+0530] {logging_mixin.py:154} INFO - [2024-11-18T18:20:24.083+0530] {dagbag.py:536} INFO - Filling up the DagBag from /home/sigmoid/Desktop/Personal_Ml/airflow_project/airflow_env/lib/python3.8/site-packages/airflow/example_dags/example_complex.py
[2024-11-18T18:20:24.103+0530] {processor.py:839} INFO - DAG(s) dict_keys(['example_complex']) retrieved from /home/sigmoid/Desktop/Personal_Ml/airflow_project/airflow_env/lib/python3.8/site-packages/airflow/example_dags/example_complex.py
[2024-11-18T18:20:24.139+0530] {logging_mixin.py:154} INFO - [2024-11-18T18:20:24.139+0530] {dag.py:2941} INFO - Sync 1 DAGs
[2024-11-18T18:20:24.156+0530] {logging_mixin.py:154} INFO - [2024-11-18T18:20:24.156+0530] {dag.py:3722} INFO - Setting next_dagrun for example_complex to None, run_after=None
[2024-11-18T18:20:24.187+0530] {processor.py:179} INFO - Processing /home/sigmoid/Desktop/Personal_Ml/airflow_project/airflow_env/lib/python3.8/site-packages/airflow/example_dags/example_complex.py took 0.109 seconds
[2024-11-18T18:21:23.869+0530] {processor.py:157} INFO - Started process (PID=86096) to work on /home/sigmoid/Desktop/Personal_Ml/airflow_project/airflow_env/lib/python3.8/site-packages/airflow/example_dags/example_complex.py
[2024-11-18T18:21:23.870+0530] {processor.py:829} INFO - Processing file /home/sigmoid/Desktop/Personal_Ml/airflow_project/airflow_env/lib/python3.8/site-packages/airflow/example_dags/example_complex.py for tasks to queue
[2024-11-18T18:21:23.871+0530] {logging_mixin.py:154} INFO - [2024-11-18T18:21:23.871+0530] {dagbag.py:536} INFO - Filling up the DagBag from /home/sigmoid/Desktop/Personal_Ml/airflow_project/airflow_env/lib/python3.8/site-packages/airflow/example_dags/example_complex.py
[2024-11-18T18:21:23.886+0530] {processor.py:839} INFO - DAG(s) dict_keys(['example_complex']) retrieved from /home/sigmoid/Desktop/Personal_Ml/airflow_project/airflow_env/lib/python3.8/site-packages/airflow/example_dags/example_complex.py
[2024-11-18T18:21:23.939+0530] {logging_mixin.py:154} INFO - [2024-11-18T18:21:23.939+0530] {dag.py:2941} INFO - Sync 1 DAGs
[2024-11-18T18:21:23.956+0530] {logging_mixin.py:154} INFO - [2024-11-18T18:21:23.956+0530] {dag.py:3722} INFO - Setting next_dagrun for example_complex to None, run_after=None
[2024-11-18T18:21:23.979+0530] {processor.py:179} INFO - Processing /home/sigmoid/Desktop/Personal_Ml/airflow_project/airflow_env/lib/python3.8/site-packages/airflow/example_dags/example_complex.py took 0.113 seconds
[2024-11-18T18:21:25.374+0530] {processor.py:157} INFO - Started process (PID=86109) to work on /home/sigmoid/Desktop/Personal_Ml/airflow_project/airflow_env/lib/python3.8/site-packages/airflow/example_dags/example_complex.py
[2024-11-18T18:21:25.375+0530] {processor.py:829} INFO - Processing file /home/sigmoid/Desktop/Personal_Ml/airflow_project/airflow_env/lib/python3.8/site-packages/airflow/example_dags/example_complex.py for tasks to queue
[2024-11-18T18:21:25.376+0530] {logging_mixin.py:154} INFO - [2024-11-18T18:21:25.375+0530] {dagbag.py:536} INFO - Filling up the DagBag from /home/sigmoid/Desktop/Personal_Ml/airflow_project/airflow_env/lib/python3.8/site-packages/airflow/example_dags/example_complex.py
[2024-11-18T18:21:25.389+0530] {processor.py:839} INFO - DAG(s) dict_keys(['example_complex']) retrieved from /home/sigmoid/Desktop/Personal_Ml/airflow_project/airflow_env/lib/python3.8/site-packages/airflow/example_dags/example_complex.py
[2024-11-18T18:21:25.426+0530] {logging_mixin.py:154} INFO - [2024-11-18T18:21:25.426+0530] {dag.py:2941} INFO - Sync 1 DAGs
[2024-11-18T18:21:25.446+0530] {logging_mixin.py:154} INFO - [2024-11-18T18:21:25.445+0530] {dag.py:3722} INFO - Setting next_dagrun for example_complex to None, run_after=None
[2024-11-18T18:21:25.479+0530] {processor.py:179} INFO - Processing /home/sigmoid/Desktop/Personal_Ml/airflow_project/airflow_env/lib/python3.8/site-packages/airflow/example_dags/example_complex.py took 0.108 seconds
[2024-11-18T18:22:22.711+0530] {processor.py:157} INFO - Started process (PID=86435) to work on /home/sigmoid/Desktop/Personal_Ml/airflow_project/airflow_env/lib/python3.8/site-packages/airflow/example_dags/example_complex.py
[2024-11-18T18:22:22.713+0530] {processor.py:829} INFO - Processing file /home/sigmoid/Desktop/Personal_Ml/airflow_project/airflow_env/lib/python3.8/site-packages/airflow/example_dags/example_complex.py for tasks to queue
[2024-11-18T18:22:22.714+0530] {logging_mixin.py:154} INFO - [2024-11-18T18:22:22.714+0530] {dagbag.py:536} INFO - Filling up the DagBag from /home/sigmoid/Desktop/Personal_Ml/airflow_project/airflow_env/lib/python3.8/site-packages/airflow/example_dags/example_complex.py
[2024-11-18T18:22:22.738+0530] {processor.py:839} INFO - DAG(s) dict_keys(['example_complex']) retrieved from /home/sigmoid/Desktop/Personal_Ml/airflow_project/airflow_env/lib/python3.8/site-packages/airflow/example_dags/example_complex.py
[2024-11-18T18:22:22.781+0530] {logging_mixin.py:154} INFO - [2024-11-18T18:22:22.780+0530] {dag.py:2941} INFO - Sync 1 DAGs
[2024-11-18T18:22:22.801+0530] {logging_mixin.py:154} INFO - [2024-11-18T18:22:22.800+0530] {dag.py:3722} INFO - Setting next_dagrun for example_complex to None, run_after=None
[2024-11-18T18:22:22.827+0530] {processor.py:179} INFO - Processing /home/sigmoid/Desktop/Personal_Ml/airflow_project/airflow_env/lib/python3.8/site-packages/airflow/example_dags/example_complex.py took 0.121 seconds
[2024-11-18T18:22:23.721+0530] {processor.py:157} INFO - Started process (PID=86437) to work on /home/sigmoid/Desktop/Personal_Ml/airflow_project/airflow_env/lib/python3.8/site-packages/airflow/example_dags/example_complex.py
[2024-11-18T18:22:23.722+0530] {processor.py:829} INFO - Processing file /home/sigmoid/Desktop/Personal_Ml/airflow_project/airflow_env/lib/python3.8/site-packages/airflow/example_dags/example_complex.py for tasks to queue
[2024-11-18T18:22:23.723+0530] {logging_mixin.py:154} INFO - [2024-11-18T18:22:23.722+0530] {dagbag.py:536} INFO - Filling up the DagBag from /home/sigmoid/Desktop/Personal_Ml/airflow_project/airflow_env/lib/python3.8/site-packages/airflow/example_dags/example_complex.py
[2024-11-18T18:22:23.738+0530] {processor.py:839} INFO - DAG(s) dict_keys(['example_complex']) retrieved from /home/sigmoid/Desktop/Personal_Ml/airflow_project/airflow_env/lib/python3.8/site-packages/airflow/example_dags/example_complex.py
[2024-11-18T18:22:23.771+0530] {logging_mixin.py:154} INFO - [2024-11-18T18:22:23.771+0530] {dag.py:2941} INFO - Sync 1 DAGs
[2024-11-18T18:22:23.787+0530] {logging_mixin.py:154} INFO - [2024-11-18T18:22:23.787+0530] {dag.py:3722} INFO - Setting next_dagrun for example_complex to None, run_after=None
[2024-11-18T18:22:23.817+0530] {processor.py:179} INFO - Processing /home/sigmoid/Desktop/Personal_Ml/airflow_project/airflow_env/lib/python3.8/site-packages/airflow/example_dags/example_complex.py took 0.099 seconds
[2024-11-18T18:23:14.099+0530] {processor.py:157} INFO - Started process (PID=86732) to work on /home/sigmoid/Desktop/Personal_Ml/airflow_project/airflow_env/lib/python3.8/site-packages/airflow/example_dags/example_complex.py
[2024-11-18T18:23:14.100+0530] {processor.py:829} INFO - Processing file /home/sigmoid/Desktop/Personal_Ml/airflow_project/airflow_env/lib/python3.8/site-packages/airflow/example_dags/example_complex.py for tasks to queue
[2024-11-18T18:23:14.101+0530] {logging_mixin.py:154} INFO - [2024-11-18T18:23:14.101+0530] {dagbag.py:536} INFO - Filling up the DagBag from /home/sigmoid/Desktop/Personal_Ml/airflow_project/airflow_env/lib/python3.8/site-packages/airflow/example_dags/example_complex.py
[2024-11-18T18:23:14.119+0530] {processor.py:839} INFO - DAG(s) dict_keys(['example_complex']) retrieved from /home/sigmoid/Desktop/Personal_Ml/airflow_project/airflow_env/lib/python3.8/site-packages/airflow/example_dags/example_complex.py
[2024-11-18T18:23:14.169+0530] {logging_mixin.py:154} INFO - [2024-11-18T18:23:14.169+0530] {dag.py:2941} INFO - Sync 1 DAGs
[2024-11-18T18:23:14.189+0530] {logging_mixin.py:154} INFO - [2024-11-18T18:23:14.189+0530] {dag.py:3722} INFO - Setting next_dagrun for example_complex to None, run_after=None
[2024-11-18T18:23:14.227+0530] {processor.py:179} INFO - Processing /home/sigmoid/Desktop/Personal_Ml/airflow_project/airflow_env/lib/python3.8/site-packages/airflow/example_dags/example_complex.py took 0.132 seconds
[2024-11-18T18:23:16.455+0530] {processor.py:157} INFO - Started process (PID=86737) to work on /home/sigmoid/Desktop/Personal_Ml/airflow_project/airflow_env/lib/python3.8/site-packages/airflow/example_dags/example_complex.py
[2024-11-18T18:23:16.456+0530] {processor.py:829} INFO - Processing file /home/sigmoid/Desktop/Personal_Ml/airflow_project/airflow_env/lib/python3.8/site-packages/airflow/example_dags/example_complex.py for tasks to queue
[2024-11-18T18:23:16.458+0530] {logging_mixin.py:154} INFO - [2024-11-18T18:23:16.457+0530] {dagbag.py:536} INFO - Filling up the DagBag from /home/sigmoid/Desktop/Personal_Ml/airflow_project/airflow_env/lib/python3.8/site-packages/airflow/example_dags/example_complex.py
[2024-11-18T18:23:16.489+0530] {processor.py:839} INFO - DAG(s) dict_keys(['example_complex']) retrieved from /home/sigmoid/Desktop/Personal_Ml/airflow_project/airflow_env/lib/python3.8/site-packages/airflow/example_dags/example_complex.py
[2024-11-18T18:23:16.563+0530] {logging_mixin.py:154} INFO - [2024-11-18T18:23:16.563+0530] {dag.py:2941} INFO - Sync 1 DAGs
[2024-11-18T18:23:16.591+0530] {logging_mixin.py:154} INFO - [2024-11-18T18:23:16.590+0530] {dag.py:3722} INFO - Setting next_dagrun for example_complex to None, run_after=None
[2024-11-18T18:23:16.623+0530] {processor.py:179} INFO - Processing /home/sigmoid/Desktop/Personal_Ml/airflow_project/airflow_env/lib/python3.8/site-packages/airflow/example_dags/example_complex.py took 0.175 seconds
[2024-11-18T18:24:12.144+0530] {processor.py:157} INFO - Started process (PID=87147) to work on /home/sigmoid/Desktop/Personal_Ml/airflow_project/airflow_env/lib/python3.8/site-packages/airflow/example_dags/example_complex.py
[2024-11-18T18:24:12.146+0530] {processor.py:829} INFO - Processing file /home/sigmoid/Desktop/Personal_Ml/airflow_project/airflow_env/lib/python3.8/site-packages/airflow/example_dags/example_complex.py for tasks to queue
[2024-11-18T18:24:12.147+0530] {logging_mixin.py:154} INFO - [2024-11-18T18:24:12.146+0530] {dagbag.py:536} INFO - Filling up the DagBag from /home/sigmoid/Desktop/Personal_Ml/airflow_project/airflow_env/lib/python3.8/site-packages/airflow/example_dags/example_complex.py
[2024-11-18T18:24:12.169+0530] {processor.py:839} INFO - DAG(s) dict_keys(['example_complex']) retrieved from /home/sigmoid/Desktop/Personal_Ml/airflow_project/airflow_env/lib/python3.8/site-packages/airflow/example_dags/example_complex.py
[2024-11-18T18:24:12.217+0530] {logging_mixin.py:154} INFO - [2024-11-18T18:24:12.217+0530] {dag.py:2941} INFO - Sync 1 DAGs
[2024-11-18T18:24:12.246+0530] {logging_mixin.py:154} INFO - [2024-11-18T18:24:12.246+0530] {dag.py:3722} INFO - Setting next_dagrun for example_complex to None, run_after=None
[2024-11-18T18:24:12.294+0530] {processor.py:179} INFO - Processing /home/sigmoid/Desktop/Personal_Ml/airflow_project/airflow_env/lib/python3.8/site-packages/airflow/example_dags/example_complex.py took 0.154 seconds
[2024-11-18T18:24:13.813+0530] {processor.py:157} INFO - Started process (PID=87151) to work on /home/sigmoid/Desktop/Personal_Ml/airflow_project/airflow_env/lib/python3.8/site-packages/airflow/example_dags/example_complex.py
[2024-11-18T18:24:13.814+0530] {processor.py:829} INFO - Processing file /home/sigmoid/Desktop/Personal_Ml/airflow_project/airflow_env/lib/python3.8/site-packages/airflow/example_dags/example_complex.py for tasks to queue
[2024-11-18T18:24:13.815+0530] {logging_mixin.py:154} INFO - [2024-11-18T18:24:13.814+0530] {dagbag.py:536} INFO - Filling up the DagBag from /home/sigmoid/Desktop/Personal_Ml/airflow_project/airflow_env/lib/python3.8/site-packages/airflow/example_dags/example_complex.py
[2024-11-18T18:24:13.833+0530] {processor.py:839} INFO - DAG(s) dict_keys(['example_complex']) retrieved from /home/sigmoid/Desktop/Personal_Ml/airflow_project/airflow_env/lib/python3.8/site-packages/airflow/example_dags/example_complex.py
[2024-11-18T18:24:13.868+0530] {logging_mixin.py:154} INFO - [2024-11-18T18:24:13.868+0530] {dag.py:2941} INFO - Sync 1 DAGs
[2024-11-18T18:24:13.884+0530] {logging_mixin.py:154} INFO - [2024-11-18T18:24:13.884+0530] {dag.py:3722} INFO - Setting next_dagrun for example_complex to None, run_after=None
[2024-11-18T18:24:13.911+0530] {processor.py:179} INFO - Processing /home/sigmoid/Desktop/Personal_Ml/airflow_project/airflow_env/lib/python3.8/site-packages/airflow/example_dags/example_complex.py took 0.101 seconds
[2024-11-18T18:25:19.502+0530] {processor.py:157} INFO - Started process (PID=87655) to work on /home/sigmoid/Desktop/Personal_Ml/airflow_project/airflow_env/lib/python3.8/site-packages/airflow/example_dags/example_complex.py
[2024-11-18T18:25:19.503+0530] {processor.py:829} INFO - Processing file /home/sigmoid/Desktop/Personal_Ml/airflow_project/airflow_env/lib/python3.8/site-packages/airflow/example_dags/example_complex.py for tasks to queue
[2024-11-18T18:25:19.504+0530] {logging_mixin.py:154} INFO - [2024-11-18T18:25:19.504+0530] {dagbag.py:536} INFO - Filling up the DagBag from /home/sigmoid/Desktop/Personal_Ml/airflow_project/airflow_env/lib/python3.8/site-packages/airflow/example_dags/example_complex.py
[2024-11-18T18:25:19.516+0530] {processor.py:839} INFO - DAG(s) dict_keys(['example_complex']) retrieved from /home/sigmoid/Desktop/Personal_Ml/airflow_project/airflow_env/lib/python3.8/site-packages/airflow/example_dags/example_complex.py
[2024-11-18T18:25:19.544+0530] {logging_mixin.py:154} INFO - [2024-11-18T18:25:19.544+0530] {dag.py:2941} INFO - Sync 1 DAGs
[2024-11-18T18:25:19.557+0530] {logging_mixin.py:154} INFO - [2024-11-18T18:25:19.556+0530] {dag.py:3722} INFO - Setting next_dagrun for example_complex to None, run_after=None
[2024-11-18T18:25:19.581+0530] {processor.py:179} INFO - Processing /home/sigmoid/Desktop/Personal_Ml/airflow_project/airflow_env/lib/python3.8/site-packages/airflow/example_dags/example_complex.py took 0.082 seconds
[2024-11-18T18:25:40.752+0530] {processor.py:157} INFO - Started process (PID=87773) to work on /home/sigmoid/Desktop/Personal_Ml/airflow_project/airflow_env/lib/python3.8/site-packages/airflow/example_dags/example_complex.py
[2024-11-18T18:25:40.753+0530] {processor.py:829} INFO - Processing file /home/sigmoid/Desktop/Personal_Ml/airflow_project/airflow_env/lib/python3.8/site-packages/airflow/example_dags/example_complex.py for tasks to queue
[2024-11-18T18:25:40.754+0530] {logging_mixin.py:154} INFO - [2024-11-18T18:25:40.754+0530] {dagbag.py:536} INFO - Filling up the DagBag from /home/sigmoid/Desktop/Personal_Ml/airflow_project/airflow_env/lib/python3.8/site-packages/airflow/example_dags/example_complex.py
[2024-11-18T18:25:40.770+0530] {processor.py:839} INFO - DAG(s) dict_keys(['example_complex']) retrieved from /home/sigmoid/Desktop/Personal_Ml/airflow_project/airflow_env/lib/python3.8/site-packages/airflow/example_dags/example_complex.py
[2024-11-18T18:25:40.797+0530] {logging_mixin.py:154} INFO - [2024-11-18T18:25:40.797+0530] {dag.py:2941} INFO - Sync 1 DAGs
[2024-11-18T18:25:40.813+0530] {logging_mixin.py:154} INFO - [2024-11-18T18:25:40.813+0530] {dag.py:3722} INFO - Setting next_dagrun for example_complex to None, run_after=None
[2024-11-18T18:25:40.838+0530] {processor.py:179} INFO - Processing /home/sigmoid/Desktop/Personal_Ml/airflow_project/airflow_env/lib/python3.8/site-packages/airflow/example_dags/example_complex.py took 0.090 seconds
[2024-11-18T18:26:18.065+0530] {processor.py:157} INFO - Started process (PID=87984) to work on /home/sigmoid/Desktop/Personal_Ml/airflow_project/airflow_env/lib/python3.8/site-packages/airflow/example_dags/example_complex.py
[2024-11-18T18:26:18.068+0530] {processor.py:829} INFO - Processing file /home/sigmoid/Desktop/Personal_Ml/airflow_project/airflow_env/lib/python3.8/site-packages/airflow/example_dags/example_complex.py for tasks to queue
[2024-11-18T18:26:18.071+0530] {logging_mixin.py:154} INFO - [2024-11-18T18:26:18.069+0530] {dagbag.py:536} INFO - Filling up the DagBag from /home/sigmoid/Desktop/Personal_Ml/airflow_project/airflow_env/lib/python3.8/site-packages/airflow/example_dags/example_complex.py
[2024-11-18T18:26:18.104+0530] {processor.py:839} INFO - DAG(s) dict_keys(['example_complex']) retrieved from /home/sigmoid/Desktop/Personal_Ml/airflow_project/airflow_env/lib/python3.8/site-packages/airflow/example_dags/example_complex.py
[2024-11-18T18:26:18.191+0530] {logging_mixin.py:154} INFO - [2024-11-18T18:26:18.191+0530] {dag.py:2941} INFO - Sync 1 DAGs
[2024-11-18T18:26:18.260+0530] {logging_mixin.py:154} INFO - [2024-11-18T18:26:18.259+0530] {dag.py:3722} INFO - Setting next_dagrun for example_complex to None, run_after=None
[2024-11-18T18:26:18.331+0530] {processor.py:179} INFO - Processing /home/sigmoid/Desktop/Personal_Ml/airflow_project/airflow_env/lib/python3.8/site-packages/airflow/example_dags/example_complex.py took 0.289 seconds
[2024-11-18T18:26:39.122+0530] {processor.py:157} INFO - Started process (PID=88101) to work on /home/sigmoid/Desktop/Personal_Ml/airflow_project/airflow_env/lib/python3.8/site-packages/airflow/example_dags/example_complex.py
[2024-11-18T18:26:39.123+0530] {processor.py:829} INFO - Processing file /home/sigmoid/Desktop/Personal_Ml/airflow_project/airflow_env/lib/python3.8/site-packages/airflow/example_dags/example_complex.py for tasks to queue
[2024-11-18T18:26:39.124+0530] {logging_mixin.py:154} INFO - [2024-11-18T18:26:39.124+0530] {dagbag.py:536} INFO - Filling up the DagBag from /home/sigmoid/Desktop/Personal_Ml/airflow_project/airflow_env/lib/python3.8/site-packages/airflow/example_dags/example_complex.py
[2024-11-18T18:26:39.136+0530] {processor.py:839} INFO - DAG(s) dict_keys(['example_complex']) retrieved from /home/sigmoid/Desktop/Personal_Ml/airflow_project/airflow_env/lib/python3.8/site-packages/airflow/example_dags/example_complex.py
[2024-11-18T18:26:39.178+0530] {logging_mixin.py:154} INFO - [2024-11-18T18:26:39.178+0530] {dag.py:2941} INFO - Sync 1 DAGs
[2024-11-18T18:26:39.198+0530] {logging_mixin.py:154} INFO - [2024-11-18T18:26:39.197+0530] {dag.py:3722} INFO - Setting next_dagrun for example_complex to None, run_after=None
[2024-11-18T18:26:39.238+0530] {processor.py:179} INFO - Processing /home/sigmoid/Desktop/Personal_Ml/airflow_project/airflow_env/lib/python3.8/site-packages/airflow/example_dags/example_complex.py took 0.119 seconds
[2024-11-18T18:27:16.726+0530] {processor.py:157} INFO - Started process (PID=88300) to work on /home/sigmoid/Desktop/Personal_Ml/airflow_project/airflow_env/lib/python3.8/site-packages/airflow/example_dags/example_complex.py
[2024-11-18T18:27:16.727+0530] {processor.py:829} INFO - Processing file /home/sigmoid/Desktop/Personal_Ml/airflow_project/airflow_env/lib/python3.8/site-packages/airflow/example_dags/example_complex.py for tasks to queue
[2024-11-18T18:27:16.728+0530] {logging_mixin.py:154} INFO - [2024-11-18T18:27:16.728+0530] {dagbag.py:536} INFO - Filling up the DagBag from /home/sigmoid/Desktop/Personal_Ml/airflow_project/airflow_env/lib/python3.8/site-packages/airflow/example_dags/example_complex.py
[2024-11-18T18:27:16.746+0530] {processor.py:839} INFO - DAG(s) dict_keys(['example_complex']) retrieved from /home/sigmoid/Desktop/Personal_Ml/airflow_project/airflow_env/lib/python3.8/site-packages/airflow/example_dags/example_complex.py
[2024-11-18T18:27:16.783+0530] {logging_mixin.py:154} INFO - [2024-11-18T18:27:16.783+0530] {dag.py:2941} INFO - Sync 1 DAGs
[2024-11-18T18:27:16.803+0530] {logging_mixin.py:154} INFO - [2024-11-18T18:27:16.802+0530] {dag.py:3722} INFO - Setting next_dagrun for example_complex to None, run_after=None
[2024-11-18T18:27:16.829+0530] {processor.py:179} INFO - Processing /home/sigmoid/Desktop/Personal_Ml/airflow_project/airflow_env/lib/python3.8/site-packages/airflow/example_dags/example_complex.py took 0.108 seconds
[2024-11-18T18:27:27.228+0530] {processor.py:157} INFO - Started process (PID=88363) to work on /home/sigmoid/Desktop/Personal_Ml/airflow_project/airflow_env/lib/python3.8/site-packages/airflow/example_dags/example_complex.py
[2024-11-18T18:27:27.230+0530] {processor.py:829} INFO - Processing file /home/sigmoid/Desktop/Personal_Ml/airflow_project/airflow_env/lib/python3.8/site-packages/airflow/example_dags/example_complex.py for tasks to queue
[2024-11-18T18:27:27.232+0530] {logging_mixin.py:154} INFO - [2024-11-18T18:27:27.231+0530] {dagbag.py:536} INFO - Filling up the DagBag from /home/sigmoid/Desktop/Personal_Ml/airflow_project/airflow_env/lib/python3.8/site-packages/airflow/example_dags/example_complex.py
[2024-11-18T18:27:27.263+0530] {processor.py:839} INFO - DAG(s) dict_keys(['example_complex']) retrieved from /home/sigmoid/Desktop/Personal_Ml/airflow_project/airflow_env/lib/python3.8/site-packages/airflow/example_dags/example_complex.py
[2024-11-18T18:27:27.316+0530] {logging_mixin.py:154} INFO - [2024-11-18T18:27:27.315+0530] {dag.py:2941} INFO - Sync 1 DAGs
[2024-11-18T18:27:27.334+0530] {logging_mixin.py:154} INFO - [2024-11-18T18:27:27.334+0530] {dag.py:3722} INFO - Setting next_dagrun for example_complex to None, run_after=None
[2024-11-18T18:27:27.358+0530] {processor.py:179} INFO - Processing /home/sigmoid/Desktop/Personal_Ml/airflow_project/airflow_env/lib/python3.8/site-packages/airflow/example_dags/example_complex.py took 0.134 seconds
[2024-11-18T18:28:12.028+0530] {processor.py:157} INFO - Started process (PID=88618) to work on /home/sigmoid/Desktop/Personal_Ml/airflow_project/airflow_env/lib/python3.8/site-packages/airflow/example_dags/example_complex.py
[2024-11-18T18:28:12.029+0530] {processor.py:829} INFO - Processing file /home/sigmoid/Desktop/Personal_Ml/airflow_project/airflow_env/lib/python3.8/site-packages/airflow/example_dags/example_complex.py for tasks to queue
[2024-11-18T18:28:12.030+0530] {logging_mixin.py:154} INFO - [2024-11-18T18:28:12.029+0530] {dagbag.py:536} INFO - Filling up the DagBag from /home/sigmoid/Desktop/Personal_Ml/airflow_project/airflow_env/lib/python3.8/site-packages/airflow/example_dags/example_complex.py
[2024-11-18T18:28:12.041+0530] {processor.py:839} INFO - DAG(s) dict_keys(['example_complex']) retrieved from /home/sigmoid/Desktop/Personal_Ml/airflow_project/airflow_env/lib/python3.8/site-packages/airflow/example_dags/example_complex.py
[2024-11-18T18:28:12.070+0530] {logging_mixin.py:154} INFO - [2024-11-18T18:28:12.070+0530] {dag.py:2941} INFO - Sync 1 DAGs
[2024-11-18T18:28:12.085+0530] {logging_mixin.py:154} INFO - [2024-11-18T18:28:12.085+0530] {dag.py:3722} INFO - Setting next_dagrun for example_complex to None, run_after=None
[2024-11-18T18:28:12.109+0530] {processor.py:179} INFO - Processing /home/sigmoid/Desktop/Personal_Ml/airflow_project/airflow_env/lib/python3.8/site-packages/airflow/example_dags/example_complex.py took 0.084 seconds
[2024-11-18T18:28:24.563+0530] {processor.py:157} INFO - Started process (PID=88693) to work on /home/sigmoid/Desktop/Personal_Ml/airflow_project/airflow_env/lib/python3.8/site-packages/airflow/example_dags/example_complex.py
[2024-11-18T18:28:24.564+0530] {processor.py:829} INFO - Processing file /home/sigmoid/Desktop/Personal_Ml/airflow_project/airflow_env/lib/python3.8/site-packages/airflow/example_dags/example_complex.py for tasks to queue
[2024-11-18T18:28:24.565+0530] {logging_mixin.py:154} INFO - [2024-11-18T18:28:24.565+0530] {dagbag.py:536} INFO - Filling up the DagBag from /home/sigmoid/Desktop/Personal_Ml/airflow_project/airflow_env/lib/python3.8/site-packages/airflow/example_dags/example_complex.py
[2024-11-18T18:28:24.577+0530] {processor.py:839} INFO - DAG(s) dict_keys(['example_complex']) retrieved from /home/sigmoid/Desktop/Personal_Ml/airflow_project/airflow_env/lib/python3.8/site-packages/airflow/example_dags/example_complex.py
[2024-11-18T18:28:24.614+0530] {logging_mixin.py:154} INFO - [2024-11-18T18:28:24.614+0530] {dag.py:2941} INFO - Sync 1 DAGs
[2024-11-18T18:28:24.633+0530] {logging_mixin.py:154} INFO - [2024-11-18T18:28:24.632+0530] {dag.py:3722} INFO - Setting next_dagrun for example_complex to None, run_after=None
[2024-11-18T18:28:24.662+0530] {processor.py:179} INFO - Processing /home/sigmoid/Desktop/Personal_Ml/airflow_project/airflow_env/lib/python3.8/site-packages/airflow/example_dags/example_complex.py took 0.102 seconds
[2024-11-18T18:29:05.357+0530] {processor.py:157} INFO - Started process (PID=88921) to work on /home/sigmoid/Desktop/Personal_Ml/airflow_project/airflow_env/lib/python3.8/site-packages/airflow/example_dags/example_complex.py
[2024-11-18T18:29:05.358+0530] {processor.py:829} INFO - Processing file /home/sigmoid/Desktop/Personal_Ml/airflow_project/airflow_env/lib/python3.8/site-packages/airflow/example_dags/example_complex.py for tasks to queue
[2024-11-18T18:29:05.359+0530] {logging_mixin.py:154} INFO - [2024-11-18T18:29:05.358+0530] {dagbag.py:536} INFO - Filling up the DagBag from /home/sigmoid/Desktop/Personal_Ml/airflow_project/airflow_env/lib/python3.8/site-packages/airflow/example_dags/example_complex.py
[2024-11-18T18:29:05.372+0530] {processor.py:839} INFO - DAG(s) dict_keys(['example_complex']) retrieved from /home/sigmoid/Desktop/Personal_Ml/airflow_project/airflow_env/lib/python3.8/site-packages/airflow/example_dags/example_complex.py
[2024-11-18T18:29:05.402+0530] {logging_mixin.py:154} INFO - [2024-11-18T18:29:05.402+0530] {dag.py:2941} INFO - Sync 1 DAGs
[2024-11-18T18:29:05.415+0530] {logging_mixin.py:154} INFO - [2024-11-18T18:29:05.415+0530] {dag.py:3722} INFO - Setting next_dagrun for example_complex to None, run_after=None
[2024-11-18T18:29:05.439+0530] {processor.py:179} INFO - Processing /home/sigmoid/Desktop/Personal_Ml/airflow_project/airflow_env/lib/python3.8/site-packages/airflow/example_dags/example_complex.py took 0.085 seconds
[2024-11-18T18:29:26.544+0530] {processor.py:157} INFO - Started process (PID=89039) to work on /home/sigmoid/Desktop/Personal_Ml/airflow_project/airflow_env/lib/python3.8/site-packages/airflow/example_dags/example_complex.py
[2024-11-18T18:29:26.545+0530] {processor.py:829} INFO - Processing file /home/sigmoid/Desktop/Personal_Ml/airflow_project/airflow_env/lib/python3.8/site-packages/airflow/example_dags/example_complex.py for tasks to queue
[2024-11-18T18:29:26.546+0530] {logging_mixin.py:154} INFO - [2024-11-18T18:29:26.546+0530] {dagbag.py:536} INFO - Filling up the DagBag from /home/sigmoid/Desktop/Personal_Ml/airflow_project/airflow_env/lib/python3.8/site-packages/airflow/example_dags/example_complex.py
[2024-11-18T18:29:26.557+0530] {processor.py:839} INFO - DAG(s) dict_keys(['example_complex']) retrieved from /home/sigmoid/Desktop/Personal_Ml/airflow_project/airflow_env/lib/python3.8/site-packages/airflow/example_dags/example_complex.py
[2024-11-18T18:29:26.585+0530] {logging_mixin.py:154} INFO - [2024-11-18T18:29:26.585+0530] {dag.py:2941} INFO - Sync 1 DAGs
[2024-11-18T18:29:26.597+0530] {logging_mixin.py:154} INFO - [2024-11-18T18:29:26.597+0530] {dag.py:3722} INFO - Setting next_dagrun for example_complex to None, run_after=None
[2024-11-18T18:29:26.618+0530] {processor.py:179} INFO - Processing /home/sigmoid/Desktop/Personal_Ml/airflow_project/airflow_env/lib/python3.8/site-packages/airflow/example_dags/example_complex.py took 0.076 seconds
[2024-11-18T18:29:53.847+0530] {processor.py:157} INFO - Started process (PID=89200) to work on /home/sigmoid/Desktop/Personal_Ml/airflow_project/airflow_env/lib/python3.8/site-packages/airflow/example_dags/example_complex.py
[2024-11-18T18:29:53.848+0530] {processor.py:829} INFO - Processing file /home/sigmoid/Desktop/Personal_Ml/airflow_project/airflow_env/lib/python3.8/site-packages/airflow/example_dags/example_complex.py for tasks to queue
[2024-11-18T18:29:53.849+0530] {logging_mixin.py:154} INFO - [2024-11-18T18:29:53.849+0530] {dagbag.py:536} INFO - Filling up the DagBag from /home/sigmoid/Desktop/Personal_Ml/airflow_project/airflow_env/lib/python3.8/site-packages/airflow/example_dags/example_complex.py
[2024-11-18T18:29:53.861+0530] {processor.py:839} INFO - DAG(s) dict_keys(['example_complex']) retrieved from /home/sigmoid/Desktop/Personal_Ml/airflow_project/airflow_env/lib/python3.8/site-packages/airflow/example_dags/example_complex.py
[2024-11-18T18:29:53.889+0530] {logging_mixin.py:154} INFO - [2024-11-18T18:29:53.888+0530] {dag.py:2941} INFO - Sync 1 DAGs
[2024-11-18T18:29:53.907+0530] {logging_mixin.py:154} INFO - [2024-11-18T18:29:53.907+0530] {dag.py:3722} INFO - Setting next_dagrun for example_complex to None, run_after=None
[2024-11-18T18:29:53.935+0530] {processor.py:179} INFO - Processing /home/sigmoid/Desktop/Personal_Ml/airflow_project/airflow_env/lib/python3.8/site-packages/airflow/example_dags/example_complex.py took 0.091 seconds
[2024-11-18T18:30:16.059+0530] {processor.py:157} INFO - Started process (PID=89325) to work on /home/sigmoid/Desktop/Personal_Ml/airflow_project/airflow_env/lib/python3.8/site-packages/airflow/example_dags/example_complex.py
[2024-11-18T18:30:16.060+0530] {processor.py:829} INFO - Processing file /home/sigmoid/Desktop/Personal_Ml/airflow_project/airflow_env/lib/python3.8/site-packages/airflow/example_dags/example_complex.py for tasks to queue
[2024-11-18T18:30:16.061+0530] {logging_mixin.py:154} INFO - [2024-11-18T18:30:16.061+0530] {dagbag.py:536} INFO - Filling up the DagBag from /home/sigmoid/Desktop/Personal_Ml/airflow_project/airflow_env/lib/python3.8/site-packages/airflow/example_dags/example_complex.py
[2024-11-18T18:30:16.074+0530] {processor.py:839} INFO - DAG(s) dict_keys(['example_complex']) retrieved from /home/sigmoid/Desktop/Personal_Ml/airflow_project/airflow_env/lib/python3.8/site-packages/airflow/example_dags/example_complex.py
[2024-11-18T18:30:16.104+0530] {logging_mixin.py:154} INFO - [2024-11-18T18:30:16.104+0530] {dag.py:2941} INFO - Sync 1 DAGs
[2024-11-18T18:30:16.116+0530] {logging_mixin.py:154} INFO - [2024-11-18T18:30:16.116+0530] {dag.py:3722} INFO - Setting next_dagrun for example_complex to None, run_after=None
[2024-11-18T18:30:16.139+0530] {processor.py:179} INFO - Processing /home/sigmoid/Desktop/Personal_Ml/airflow_project/airflow_env/lib/python3.8/site-packages/airflow/example_dags/example_complex.py took 0.083 seconds
[2024-11-18T18:30:44.245+0530] {processor.py:157} INFO - Started process (PID=89552) to work on /home/sigmoid/Desktop/Personal_Ml/airflow_project/airflow_env/lib/python3.8/site-packages/airflow/example_dags/example_complex.py
[2024-11-18T18:30:44.246+0530] {processor.py:829} INFO - Processing file /home/sigmoid/Desktop/Personal_Ml/airflow_project/airflow_env/lib/python3.8/site-packages/airflow/example_dags/example_complex.py for tasks to queue
[2024-11-18T18:30:44.247+0530] {logging_mixin.py:154} INFO - [2024-11-18T18:30:44.247+0530] {dagbag.py:536} INFO - Filling up the DagBag from /home/sigmoid/Desktop/Personal_Ml/airflow_project/airflow_env/lib/python3.8/site-packages/airflow/example_dags/example_complex.py
[2024-11-18T18:30:44.261+0530] {processor.py:839} INFO - DAG(s) dict_keys(['example_complex']) retrieved from /home/sigmoid/Desktop/Personal_Ml/airflow_project/airflow_env/lib/python3.8/site-packages/airflow/example_dags/example_complex.py
[2024-11-18T18:30:44.299+0530] {logging_mixin.py:154} INFO - [2024-11-18T18:30:44.298+0530] {dag.py:2941} INFO - Sync 1 DAGs
[2024-11-18T18:30:44.315+0530] {logging_mixin.py:154} INFO - [2024-11-18T18:30:44.315+0530] {dag.py:3722} INFO - Setting next_dagrun for example_complex to None, run_after=None
[2024-11-18T18:30:44.342+0530] {processor.py:179} INFO - Processing /home/sigmoid/Desktop/Personal_Ml/airflow_project/airflow_env/lib/python3.8/site-packages/airflow/example_dags/example_complex.py took 0.100 seconds
[2024-11-18T18:31:03.507+0530] {processor.py:157} INFO - Started process (PID=89661) to work on /home/sigmoid/Desktop/Personal_Ml/airflow_project/airflow_env/lib/python3.8/site-packages/airflow/example_dags/example_complex.py
[2024-11-18T18:31:03.508+0530] {processor.py:829} INFO - Processing file /home/sigmoid/Desktop/Personal_Ml/airflow_project/airflow_env/lib/python3.8/site-packages/airflow/example_dags/example_complex.py for tasks to queue
[2024-11-18T18:31:03.508+0530] {logging_mixin.py:154} INFO - [2024-11-18T18:31:03.508+0530] {dagbag.py:536} INFO - Filling up the DagBag from /home/sigmoid/Desktop/Personal_Ml/airflow_project/airflow_env/lib/python3.8/site-packages/airflow/example_dags/example_complex.py
[2024-11-18T18:31:03.520+0530] {processor.py:839} INFO - DAG(s) dict_keys(['example_complex']) retrieved from /home/sigmoid/Desktop/Personal_Ml/airflow_project/airflow_env/lib/python3.8/site-packages/airflow/example_dags/example_complex.py
[2024-11-18T18:31:03.549+0530] {logging_mixin.py:154} INFO - [2024-11-18T18:31:03.549+0530] {dag.py:2941} INFO - Sync 1 DAGs
[2024-11-18T18:31:03.562+0530] {logging_mixin.py:154} INFO - [2024-11-18T18:31:03.561+0530] {dag.py:3722} INFO - Setting next_dagrun for example_complex to None, run_after=None
[2024-11-18T18:31:03.586+0530] {processor.py:179} INFO - Processing /home/sigmoid/Desktop/Personal_Ml/airflow_project/airflow_env/lib/python3.8/site-packages/airflow/example_dags/example_complex.py took 0.083 seconds
[2024-11-18T18:31:44.267+0530] {processor.py:157} INFO - Started process (PID=90152) to work on /home/sigmoid/Desktop/Personal_Ml/airflow_project/airflow_env/lib/python3.8/site-packages/airflow/example_dags/example_complex.py
[2024-11-18T18:31:44.268+0530] {processor.py:829} INFO - Processing file /home/sigmoid/Desktop/Personal_Ml/airflow_project/airflow_env/lib/python3.8/site-packages/airflow/example_dags/example_complex.py for tasks to queue
[2024-11-18T18:31:44.269+0530] {logging_mixin.py:154} INFO - [2024-11-18T18:31:44.269+0530] {dagbag.py:536} INFO - Filling up the DagBag from /home/sigmoid/Desktop/Personal_Ml/airflow_project/airflow_env/lib/python3.8/site-packages/airflow/example_dags/example_complex.py
[2024-11-18T18:31:44.282+0530] {processor.py:839} INFO - DAG(s) dict_keys(['example_complex']) retrieved from /home/sigmoid/Desktop/Personal_Ml/airflow_project/airflow_env/lib/python3.8/site-packages/airflow/example_dags/example_complex.py
[2024-11-18T18:31:44.311+0530] {logging_mixin.py:154} INFO - [2024-11-18T18:31:44.311+0530] {dag.py:2941} INFO - Sync 1 DAGs
[2024-11-18T18:31:44.325+0530] {logging_mixin.py:154} INFO - [2024-11-18T18:31:44.325+0530] {dag.py:3722} INFO - Setting next_dagrun for example_complex to None, run_after=None
[2024-11-18T18:31:44.345+0530] {processor.py:179} INFO - Processing /home/sigmoid/Desktop/Personal_Ml/airflow_project/airflow_env/lib/python3.8/site-packages/airflow/example_dags/example_complex.py took 0.081 seconds
[2024-11-18T18:32:03.747+0530] {processor.py:157} INFO - Started process (PID=90260) to work on /home/sigmoid/Desktop/Personal_Ml/airflow_project/airflow_env/lib/python3.8/site-packages/airflow/example_dags/example_complex.py
[2024-11-18T18:32:03.753+0530] {processor.py:829} INFO - Processing file /home/sigmoid/Desktop/Personal_Ml/airflow_project/airflow_env/lib/python3.8/site-packages/airflow/example_dags/example_complex.py for tasks to queue
[2024-11-18T18:32:03.754+0530] {logging_mixin.py:154} INFO - [2024-11-18T18:32:03.754+0530] {dagbag.py:536} INFO - Filling up the DagBag from /home/sigmoid/Desktop/Personal_Ml/airflow_project/airflow_env/lib/python3.8/site-packages/airflow/example_dags/example_complex.py
[2024-11-18T18:32:03.784+0530] {processor.py:839} INFO - DAG(s) dict_keys(['example_complex']) retrieved from /home/sigmoid/Desktop/Personal_Ml/airflow_project/airflow_env/lib/python3.8/site-packages/airflow/example_dags/example_complex.py
[2024-11-18T18:32:03.824+0530] {logging_mixin.py:154} INFO - [2024-11-18T18:32:03.824+0530] {dag.py:2941} INFO - Sync 1 DAGs
[2024-11-18T18:32:03.838+0530] {logging_mixin.py:154} INFO - [2024-11-18T18:32:03.838+0530] {dag.py:3722} INFO - Setting next_dagrun for example_complex to None, run_after=None
[2024-11-18T18:32:03.869+0530] {processor.py:179} INFO - Processing /home/sigmoid/Desktop/Personal_Ml/airflow_project/airflow_env/lib/python3.8/site-packages/airflow/example_dags/example_complex.py took 0.125 seconds
[2024-11-18T18:32:46.840+0530] {processor.py:157} INFO - Started process (PID=90486) to work on /home/sigmoid/Desktop/Personal_Ml/airflow_project/airflow_env/lib/python3.8/site-packages/airflow/example_dags/example_complex.py
[2024-11-18T18:32:46.841+0530] {processor.py:829} INFO - Processing file /home/sigmoid/Desktop/Personal_Ml/airflow_project/airflow_env/lib/python3.8/site-packages/airflow/example_dags/example_complex.py for tasks to queue
[2024-11-18T18:32:46.841+0530] {logging_mixin.py:154} INFO - [2024-11-18T18:32:46.841+0530] {dagbag.py:536} INFO - Filling up the DagBag from /home/sigmoid/Desktop/Personal_Ml/airflow_project/airflow_env/lib/python3.8/site-packages/airflow/example_dags/example_complex.py
[2024-11-18T18:32:46.859+0530] {processor.py:839} INFO - DAG(s) dict_keys(['example_complex']) retrieved from /home/sigmoid/Desktop/Personal_Ml/airflow_project/airflow_env/lib/python3.8/site-packages/airflow/example_dags/example_complex.py
[2024-11-18T18:32:46.899+0530] {logging_mixin.py:154} INFO - [2024-11-18T18:32:46.899+0530] {dag.py:2941} INFO - Sync 1 DAGs
[2024-11-18T18:32:46.916+0530] {logging_mixin.py:154} INFO - [2024-11-18T18:32:46.916+0530] {dag.py:3722} INFO - Setting next_dagrun for example_complex to None, run_after=None
[2024-11-18T18:32:46.945+0530] {processor.py:179} INFO - Processing /home/sigmoid/Desktop/Personal_Ml/airflow_project/airflow_env/lib/python3.8/site-packages/airflow/example_dags/example_complex.py took 0.109 seconds
[2024-11-18T18:33:07.118+0530] {processor.py:157} INFO - Started process (PID=90587) to work on /home/sigmoid/Desktop/Personal_Ml/airflow_project/airflow_env/lib/python3.8/site-packages/airflow/example_dags/example_complex.py
[2024-11-18T18:33:07.119+0530] {processor.py:829} INFO - Processing file /home/sigmoid/Desktop/Personal_Ml/airflow_project/airflow_env/lib/python3.8/site-packages/airflow/example_dags/example_complex.py for tasks to queue
[2024-11-18T18:33:07.120+0530] {logging_mixin.py:154} INFO - [2024-11-18T18:33:07.120+0530] {dagbag.py:536} INFO - Filling up the DagBag from /home/sigmoid/Desktop/Personal_Ml/airflow_project/airflow_env/lib/python3.8/site-packages/airflow/example_dags/example_complex.py
[2024-11-18T18:33:07.153+0530] {processor.py:839} INFO - DAG(s) dict_keys(['example_complex']) retrieved from /home/sigmoid/Desktop/Personal_Ml/airflow_project/airflow_env/lib/python3.8/site-packages/airflow/example_dags/example_complex.py
[2024-11-18T18:33:07.267+0530] {logging_mixin.py:154} INFO - [2024-11-18T18:33:07.267+0530] {dag.py:2941} INFO - Sync 1 DAGs
[2024-11-18T18:33:07.375+0530] {logging_mixin.py:154} INFO - [2024-11-18T18:33:07.375+0530] {dag.py:3722} INFO - Setting next_dagrun for example_complex to None, run_after=None
[2024-11-18T18:33:07.536+0530] {processor.py:179} INFO - Processing /home/sigmoid/Desktop/Personal_Ml/airflow_project/airflow_env/lib/python3.8/site-packages/airflow/example_dags/example_complex.py took 0.425 seconds
[2024-11-18T18:33:52.240+0530] {processor.py:157} INFO - Started process (PID=90850) to work on /home/sigmoid/Desktop/Personal_Ml/airflow_project/airflow_env/lib/python3.8/site-packages/airflow/example_dags/example_complex.py
[2024-11-18T18:33:52.241+0530] {processor.py:829} INFO - Processing file /home/sigmoid/Desktop/Personal_Ml/airflow_project/airflow_env/lib/python3.8/site-packages/airflow/example_dags/example_complex.py for tasks to queue
[2024-11-18T18:33:52.242+0530] {logging_mixin.py:154} INFO - [2024-11-18T18:33:52.242+0530] {dagbag.py:536} INFO - Filling up the DagBag from /home/sigmoid/Desktop/Personal_Ml/airflow_project/airflow_env/lib/python3.8/site-packages/airflow/example_dags/example_complex.py
[2024-11-18T18:33:52.255+0530] {processor.py:839} INFO - DAG(s) dict_keys(['example_complex']) retrieved from /home/sigmoid/Desktop/Personal_Ml/airflow_project/airflow_env/lib/python3.8/site-packages/airflow/example_dags/example_complex.py
[2024-11-18T18:33:52.297+0530] {logging_mixin.py:154} INFO - [2024-11-18T18:33:52.297+0530] {dag.py:2941} INFO - Sync 1 DAGs
[2024-11-18T18:33:52.311+0530] {logging_mixin.py:154} INFO - [2024-11-18T18:33:52.311+0530] {dag.py:3722} INFO - Setting next_dagrun for example_complex to None, run_after=None
[2024-11-18T18:33:52.342+0530] {processor.py:179} INFO - Processing /home/sigmoid/Desktop/Personal_Ml/airflow_project/airflow_env/lib/python3.8/site-packages/airflow/example_dags/example_complex.py took 0.105 seconds
[2024-11-18T18:34:48.284+0530] {processor.py:157} INFO - Started process (PID=91151) to work on /home/sigmoid/Desktop/Personal_Ml/airflow_project/airflow_env/lib/python3.8/site-packages/airflow/example_dags/example_complex.py
[2024-11-18T18:34:48.286+0530] {processor.py:829} INFO - Processing file /home/sigmoid/Desktop/Personal_Ml/airflow_project/airflow_env/lib/python3.8/site-packages/airflow/example_dags/example_complex.py for tasks to queue
[2024-11-18T18:34:48.287+0530] {logging_mixin.py:154} INFO - [2024-11-18T18:34:48.287+0530] {dagbag.py:536} INFO - Filling up the DagBag from /home/sigmoid/Desktop/Personal_Ml/airflow_project/airflow_env/lib/python3.8/site-packages/airflow/example_dags/example_complex.py
[2024-11-18T18:34:48.315+0530] {processor.py:839} INFO - DAG(s) dict_keys(['example_complex']) retrieved from /home/sigmoid/Desktop/Personal_Ml/airflow_project/airflow_env/lib/python3.8/site-packages/airflow/example_dags/example_complex.py
[2024-11-18T18:34:48.383+0530] {logging_mixin.py:154} INFO - [2024-11-18T18:34:48.383+0530] {dag.py:2941} INFO - Sync 1 DAGs
[2024-11-18T18:34:48.408+0530] {logging_mixin.py:154} INFO - [2024-11-18T18:34:48.408+0530] {dag.py:3722} INFO - Setting next_dagrun for example_complex to None, run_after=None
[2024-11-18T18:34:48.445+0530] {processor.py:179} INFO - Processing /home/sigmoid/Desktop/Personal_Ml/airflow_project/airflow_env/lib/python3.8/site-packages/airflow/example_dags/example_complex.py took 0.166 seconds
[2024-11-18T18:34:50.318+0530] {processor.py:157} INFO - Started process (PID=91172) to work on /home/sigmoid/Desktop/Personal_Ml/airflow_project/airflow_env/lib/python3.8/site-packages/airflow/example_dags/example_complex.py
[2024-11-18T18:34:50.319+0530] {processor.py:829} INFO - Processing file /home/sigmoid/Desktop/Personal_Ml/airflow_project/airflow_env/lib/python3.8/site-packages/airflow/example_dags/example_complex.py for tasks to queue
[2024-11-18T18:34:50.320+0530] {logging_mixin.py:154} INFO - [2024-11-18T18:34:50.319+0530] {dagbag.py:536} INFO - Filling up the DagBag from /home/sigmoid/Desktop/Personal_Ml/airflow_project/airflow_env/lib/python3.8/site-packages/airflow/example_dags/example_complex.py
[2024-11-18T18:34:50.331+0530] {processor.py:839} INFO - DAG(s) dict_keys(['example_complex']) retrieved from /home/sigmoid/Desktop/Personal_Ml/airflow_project/airflow_env/lib/python3.8/site-packages/airflow/example_dags/example_complex.py
[2024-11-18T18:34:50.362+0530] {logging_mixin.py:154} INFO - [2024-11-18T18:34:50.362+0530] {dag.py:2941} INFO - Sync 1 DAGs
[2024-11-18T18:34:50.374+0530] {logging_mixin.py:154} INFO - [2024-11-18T18:34:50.374+0530] {dag.py:3722} INFO - Setting next_dagrun for example_complex to None, run_after=None
[2024-11-18T18:34:50.396+0530] {processor.py:179} INFO - Processing /home/sigmoid/Desktop/Personal_Ml/airflow_project/airflow_env/lib/python3.8/site-packages/airflow/example_dags/example_complex.py took 0.081 seconds
[2024-11-18T18:35:44.107+0530] {processor.py:157} INFO - Started process (PID=91543) to work on /home/sigmoid/Desktop/Personal_Ml/airflow_project/airflow_env/lib/python3.8/site-packages/airflow/example_dags/example_complex.py
[2024-11-18T18:35:44.108+0530] {processor.py:829} INFO - Processing file /home/sigmoid/Desktop/Personal_Ml/airflow_project/airflow_env/lib/python3.8/site-packages/airflow/example_dags/example_complex.py for tasks to queue
[2024-11-18T18:35:44.109+0530] {logging_mixin.py:154} INFO - [2024-11-18T18:35:44.108+0530] {dagbag.py:536} INFO - Filling up the DagBag from /home/sigmoid/Desktop/Personal_Ml/airflow_project/airflow_env/lib/python3.8/site-packages/airflow/example_dags/example_complex.py
[2024-11-18T18:35:44.121+0530] {processor.py:839} INFO - DAG(s) dict_keys(['example_complex']) retrieved from /home/sigmoid/Desktop/Personal_Ml/airflow_project/airflow_env/lib/python3.8/site-packages/airflow/example_dags/example_complex.py
[2024-11-18T18:35:44.151+0530] {logging_mixin.py:154} INFO - [2024-11-18T18:35:44.151+0530] {dag.py:2941} INFO - Sync 1 DAGs
[2024-11-18T18:35:44.163+0530] {logging_mixin.py:154} INFO - [2024-11-18T18:35:44.163+0530] {dag.py:3722} INFO - Setting next_dagrun for example_complex to None, run_after=None
[2024-11-18T18:35:44.184+0530] {processor.py:179} INFO - Processing /home/sigmoid/Desktop/Personal_Ml/airflow_project/airflow_env/lib/python3.8/site-packages/airflow/example_dags/example_complex.py took 0.081 seconds
[2024-11-18T18:35:46.815+0530] {processor.py:157} INFO - Started process (PID=91548) to work on /home/sigmoid/Desktop/Personal_Ml/airflow_project/airflow_env/lib/python3.8/site-packages/airflow/example_dags/example_complex.py
[2024-11-18T18:35:46.816+0530] {processor.py:829} INFO - Processing file /home/sigmoid/Desktop/Personal_Ml/airflow_project/airflow_env/lib/python3.8/site-packages/airflow/example_dags/example_complex.py for tasks to queue
[2024-11-18T18:35:46.817+0530] {logging_mixin.py:154} INFO - [2024-11-18T18:35:46.817+0530] {dagbag.py:536} INFO - Filling up the DagBag from /home/sigmoid/Desktop/Personal_Ml/airflow_project/airflow_env/lib/python3.8/site-packages/airflow/example_dags/example_complex.py
[2024-11-18T18:35:46.829+0530] {processor.py:839} INFO - DAG(s) dict_keys(['example_complex']) retrieved from /home/sigmoid/Desktop/Personal_Ml/airflow_project/airflow_env/lib/python3.8/site-packages/airflow/example_dags/example_complex.py
[2024-11-18T18:35:46.865+0530] {logging_mixin.py:154} INFO - [2024-11-18T18:35:46.865+0530] {dag.py:2941} INFO - Sync 1 DAGs
[2024-11-18T18:35:46.878+0530] {logging_mixin.py:154} INFO - [2024-11-18T18:35:46.878+0530] {dag.py:3722} INFO - Setting next_dagrun for example_complex to None, run_after=None
[2024-11-18T18:35:46.903+0530] {processor.py:179} INFO - Processing /home/sigmoid/Desktop/Personal_Ml/airflow_project/airflow_env/lib/python3.8/site-packages/airflow/example_dags/example_complex.py took 0.090 seconds
[2024-11-18T18:36:48.507+0530] {processor.py:157} INFO - Started process (PID=91889) to work on /home/sigmoid/Desktop/Personal_Ml/airflow_project/airflow_env/lib/python3.8/site-packages/airflow/example_dags/example_complex.py
[2024-11-18T18:36:48.508+0530] {processor.py:829} INFO - Processing file /home/sigmoid/Desktop/Personal_Ml/airflow_project/airflow_env/lib/python3.8/site-packages/airflow/example_dags/example_complex.py for tasks to queue
[2024-11-18T18:36:48.509+0530] {logging_mixin.py:154} INFO - [2024-11-18T18:36:48.508+0530] {dagbag.py:536} INFO - Filling up the DagBag from /home/sigmoid/Desktop/Personal_Ml/airflow_project/airflow_env/lib/python3.8/site-packages/airflow/example_dags/example_complex.py
[2024-11-18T18:36:48.526+0530] {processor.py:839} INFO - DAG(s) dict_keys(['example_complex']) retrieved from /home/sigmoid/Desktop/Personal_Ml/airflow_project/airflow_env/lib/python3.8/site-packages/airflow/example_dags/example_complex.py
[2024-11-18T18:36:48.554+0530] {logging_mixin.py:154} INFO - [2024-11-18T18:36:48.553+0530] {dag.py:2941} INFO - Sync 1 DAGs
[2024-11-18T18:36:48.566+0530] {logging_mixin.py:154} INFO - [2024-11-18T18:36:48.566+0530] {dag.py:3722} INFO - Setting next_dagrun for example_complex to None, run_after=None
[2024-11-18T18:36:48.589+0530] {processor.py:179} INFO - Processing /home/sigmoid/Desktop/Personal_Ml/airflow_project/airflow_env/lib/python3.8/site-packages/airflow/example_dags/example_complex.py took 0.086 seconds
[2024-11-18T18:36:48.822+0530] {processor.py:157} INFO - Started process (PID=91890) to work on /home/sigmoid/Desktop/Personal_Ml/airflow_project/airflow_env/lib/python3.8/site-packages/airflow/example_dags/example_complex.py
[2024-11-18T18:36:48.823+0530] {processor.py:829} INFO - Processing file /home/sigmoid/Desktop/Personal_Ml/airflow_project/airflow_env/lib/python3.8/site-packages/airflow/example_dags/example_complex.py for tasks to queue
[2024-11-18T18:36:48.825+0530] {logging_mixin.py:154} INFO - [2024-11-18T18:36:48.824+0530] {dagbag.py:536} INFO - Filling up the DagBag from /home/sigmoid/Desktop/Personal_Ml/airflow_project/airflow_env/lib/python3.8/site-packages/airflow/example_dags/example_complex.py
[2024-11-18T18:36:48.837+0530] {processor.py:839} INFO - DAG(s) dict_keys(['example_complex']) retrieved from /home/sigmoid/Desktop/Personal_Ml/airflow_project/airflow_env/lib/python3.8/site-packages/airflow/example_dags/example_complex.py
[2024-11-18T18:36:48.863+0530] {logging_mixin.py:154} INFO - [2024-11-18T18:36:48.863+0530] {dag.py:2941} INFO - Sync 1 DAGs
[2024-11-18T18:36:48.878+0530] {logging_mixin.py:154} INFO - [2024-11-18T18:36:48.878+0530] {dag.py:3722} INFO - Setting next_dagrun for example_complex to None, run_after=None
[2024-11-18T18:36:48.903+0530] {processor.py:179} INFO - Processing /home/sigmoid/Desktop/Personal_Ml/airflow_project/airflow_env/lib/python3.8/site-packages/airflow/example_dags/example_complex.py took 0.084 seconds
[2024-11-18T18:37:36.559+0530] {processor.py:157} INFO - Started process (PID=92166) to work on /home/sigmoid/Desktop/Personal_Ml/airflow_project/airflow_env/lib/python3.8/site-packages/airflow/example_dags/example_complex.py
[2024-11-18T18:37:36.560+0530] {processor.py:829} INFO - Processing file /home/sigmoid/Desktop/Personal_Ml/airflow_project/airflow_env/lib/python3.8/site-packages/airflow/example_dags/example_complex.py for tasks to queue
[2024-11-18T18:37:36.561+0530] {logging_mixin.py:154} INFO - [2024-11-18T18:37:36.561+0530] {dagbag.py:536} INFO - Filling up the DagBag from /home/sigmoid/Desktop/Personal_Ml/airflow_project/airflow_env/lib/python3.8/site-packages/airflow/example_dags/example_complex.py
[2024-11-18T18:37:36.573+0530] {processor.py:839} INFO - DAG(s) dict_keys(['example_complex']) retrieved from /home/sigmoid/Desktop/Personal_Ml/airflow_project/airflow_env/lib/python3.8/site-packages/airflow/example_dags/example_complex.py
[2024-11-18T18:37:36.609+0530] {logging_mixin.py:154} INFO - [2024-11-18T18:37:36.608+0530] {dag.py:2941} INFO - Sync 1 DAGs
[2024-11-18T18:37:36.627+0530] {logging_mixin.py:154} INFO - [2024-11-18T18:37:36.627+0530] {dag.py:3722} INFO - Setting next_dagrun for example_complex to None, run_after=None
[2024-11-18T18:37:36.659+0530] {processor.py:179} INFO - Processing /home/sigmoid/Desktop/Personal_Ml/airflow_project/airflow_env/lib/python3.8/site-packages/airflow/example_dags/example_complex.py took 0.103 seconds
[2024-11-18T18:37:49.690+0530] {processor.py:157} INFO - Started process (PID=92246) to work on /home/sigmoid/Desktop/Personal_Ml/airflow_project/airflow_env/lib/python3.8/site-packages/airflow/example_dags/example_complex.py
[2024-11-18T18:37:49.691+0530] {processor.py:829} INFO - Processing file /home/sigmoid/Desktop/Personal_Ml/airflow_project/airflow_env/lib/python3.8/site-packages/airflow/example_dags/example_complex.py for tasks to queue
[2024-11-18T18:37:49.692+0530] {logging_mixin.py:154} INFO - [2024-11-18T18:37:49.692+0530] {dagbag.py:536} INFO - Filling up the DagBag from /home/sigmoid/Desktop/Personal_Ml/airflow_project/airflow_env/lib/python3.8/site-packages/airflow/example_dags/example_complex.py
[2024-11-18T18:37:49.716+0530] {processor.py:839} INFO - DAG(s) dict_keys(['example_complex']) retrieved from /home/sigmoid/Desktop/Personal_Ml/airflow_project/airflow_env/lib/python3.8/site-packages/airflow/example_dags/example_complex.py
[2024-11-18T18:37:49.769+0530] {logging_mixin.py:154} INFO - [2024-11-18T18:37:49.768+0530] {dag.py:2941} INFO - Sync 1 DAGs
[2024-11-18T18:37:49.797+0530] {logging_mixin.py:154} INFO - [2024-11-18T18:37:49.797+0530] {dag.py:3722} INFO - Setting next_dagrun for example_complex to None, run_after=None
[2024-11-18T18:37:49.857+0530] {processor.py:179} INFO - Processing /home/sigmoid/Desktop/Personal_Ml/airflow_project/airflow_env/lib/python3.8/site-packages/airflow/example_dags/example_complex.py took 0.173 seconds
