[2024-11-19T12:44:15.166+0530] {processor.py:161} INFO - Started process (PID=29801) to work on /home/sigmoid/Desktop/Personal_Ml/airflow_poc/airflow_env/lib/python3.8/site-packages/airflow/example_dags/example_branch_operator.py
[2024-11-19T12:44:15.177+0530] {processor.py:830} INFO - Processing file /home/sigmoid/Desktop/Personal_Ml/airflow_poc/airflow_env/lib/python3.8/site-packages/airflow/example_dags/example_branch_operator.py for tasks to queue
[2024-11-19T12:44:15.178+0530] {logging_mixin.py:188} INFO - [2024-11-19T12:44:15.178+0530] {dagbag.py:540} INFO - Filling up the DagBag from /home/sigmoid/Desktop/Personal_Ml/airflow_poc/airflow_env/lib/python3.8/site-packages/airflow/example_dags/example_branch_operator.py
[2024-11-19T12:44:15.222+0530] {processor.py:840} INFO - DAG(s) 'example_branch_operator' retrieved from /home/sigmoid/Desktop/Personal_Ml/airflow_poc/airflow_env/lib/python3.8/site-packages/airflow/example_dags/example_branch_operator.py
[2024-11-19T12:44:15.591+0530] {logging_mixin.py:188} INFO - [2024-11-19T12:44:15.590+0530] {dag.py:3047} INFO - Sync 1 DAGs
[2024-11-19T12:44:15.687+0530] {logging_mixin.py:188} INFO - [2024-11-19T12:44:15.686+0530] {dag.py:3834} INFO - Setting next_dagrun for example_branch_operator to 2024-11-18 00:00:00+00:00, run_after=2024-11-19 00:00:00+00:00
[2024-11-19T12:44:15.869+0530] {processor.py:183} INFO - Processing /home/sigmoid/Desktop/Personal_Ml/airflow_poc/airflow_env/lib/python3.8/site-packages/airflow/example_dags/example_branch_operator.py took 0.720 seconds
[2024-11-19T12:45:36.360+0530] {processor.py:161} INFO - Started process (PID=29948) to work on /home/sigmoid/Desktop/Personal_Ml/airflow_poc/airflow_env/lib/python3.8/site-packages/airflow/example_dags/example_branch_operator.py
[2024-11-19T12:45:36.362+0530] {processor.py:830} INFO - Processing file /home/sigmoid/Desktop/Personal_Ml/airflow_poc/airflow_env/lib/python3.8/site-packages/airflow/example_dags/example_branch_operator.py for tasks to queue
[2024-11-19T12:45:36.364+0530] {logging_mixin.py:188} INFO - [2024-11-19T12:45:36.363+0530] {dagbag.py:540} INFO - Filling up the DagBag from /home/sigmoid/Desktop/Personal_Ml/airflow_poc/airflow_env/lib/python3.8/site-packages/airflow/example_dags/example_branch_operator.py
[2024-11-19T12:45:36.404+0530] {processor.py:840} INFO - DAG(s) 'example_branch_operator' retrieved from /home/sigmoid/Desktop/Personal_Ml/airflow_poc/airflow_env/lib/python3.8/site-packages/airflow/example_dags/example_branch_operator.py
[2024-11-19T12:45:36.460+0530] {logging_mixin.py:188} INFO - [2024-11-19T12:45:36.459+0530] {dag.py:3047} INFO - Sync 1 DAGs
[2024-11-19T12:45:36.507+0530] {logging_mixin.py:188} INFO - [2024-11-19T12:45:36.506+0530] {dag.py:3834} INFO - Setting next_dagrun for example_branch_operator to 2024-11-18 00:00:00+00:00, run_after=2024-11-19 00:00:00+00:00
[2024-11-19T12:45:36.538+0530] {processor.py:183} INFO - Processing /home/sigmoid/Desktop/Personal_Ml/airflow_poc/airflow_env/lib/python3.8/site-packages/airflow/example_dags/example_branch_operator.py took 0.184 seconds
[2024-11-19T12:46:50.598+0530] {processor.py:161} INFO - Started process (PID=30673) to work on /home/sigmoid/Desktop/Personal_Ml/airflow_poc/airflow_env/lib/python3.8/site-packages/airflow/example_dags/example_branch_operator.py
[2024-11-19T12:46:50.600+0530] {processor.py:830} INFO - Processing file /home/sigmoid/Desktop/Personal_Ml/airflow_poc/airflow_env/lib/python3.8/site-packages/airflow/example_dags/example_branch_operator.py for tasks to queue
[2024-11-19T12:46:50.601+0530] {logging_mixin.py:188} INFO - [2024-11-19T12:46:50.600+0530] {dagbag.py:540} INFO - Filling up the DagBag from /home/sigmoid/Desktop/Personal_Ml/airflow_poc/airflow_env/lib/python3.8/site-packages/airflow/example_dags/example_branch_operator.py
[2024-11-19T12:46:50.634+0530] {processor.py:840} INFO - DAG(s) 'example_branch_operator' retrieved from /home/sigmoid/Desktop/Personal_Ml/airflow_poc/airflow_env/lib/python3.8/site-packages/airflow/example_dags/example_branch_operator.py
[2024-11-19T12:46:50.685+0530] {logging_mixin.py:188} INFO - [2024-11-19T12:46:50.684+0530] {dag.py:3047} INFO - Sync 1 DAGs
[2024-11-19T12:46:50.716+0530] {logging_mixin.py:188} INFO - [2024-11-19T12:46:50.716+0530] {dag.py:3834} INFO - Setting next_dagrun for example_branch_operator to 2024-11-18 00:00:00+00:00, run_after=2024-11-19 00:00:00+00:00
[2024-11-19T12:46:50.744+0530] {processor.py:183} INFO - Processing /home/sigmoid/Desktop/Personal_Ml/airflow_poc/airflow_env/lib/python3.8/site-packages/airflow/example_dags/example_branch_operator.py took 0.150 seconds
[2024-11-19T12:47:58.993+0530] {processor.py:161} INFO - Started process (PID=30854) to work on /home/sigmoid/Desktop/Personal_Ml/airflow_poc/airflow_env/lib/python3.8/site-packages/airflow/example_dags/example_branch_operator.py
[2024-11-19T12:47:58.995+0530] {processor.py:830} INFO - Processing file /home/sigmoid/Desktop/Personal_Ml/airflow_poc/airflow_env/lib/python3.8/site-packages/airflow/example_dags/example_branch_operator.py for tasks to queue
[2024-11-19T12:47:58.996+0530] {logging_mixin.py:188} INFO - [2024-11-19T12:47:58.996+0530] {dagbag.py:540} INFO - Filling up the DagBag from /home/sigmoid/Desktop/Personal_Ml/airflow_poc/airflow_env/lib/python3.8/site-packages/airflow/example_dags/example_branch_operator.py
[2024-11-19T12:47:59.036+0530] {processor.py:840} INFO - DAG(s) 'example_branch_operator' retrieved from /home/sigmoid/Desktop/Personal_Ml/airflow_poc/airflow_env/lib/python3.8/site-packages/airflow/example_dags/example_branch_operator.py
[2024-11-19T12:47:59.091+0530] {logging_mixin.py:188} INFO - [2024-11-19T12:47:59.091+0530] {dag.py:3047} INFO - Sync 1 DAGs
[2024-11-19T12:47:59.138+0530] {logging_mixin.py:188} INFO - [2024-11-19T12:47:59.138+0530] {dag.py:3834} INFO - Setting next_dagrun for example_branch_operator to 2024-11-18 00:00:00+00:00, run_after=2024-11-19 00:00:00+00:00
[2024-11-19T12:47:59.173+0530] {processor.py:183} INFO - Processing /home/sigmoid/Desktop/Personal_Ml/airflow_poc/airflow_env/lib/python3.8/site-packages/airflow/example_dags/example_branch_operator.py took 0.186 seconds
[2024-11-19T12:49:26.297+0530] {processor.py:161} INFO - Started process (PID=31072) to work on /home/sigmoid/Desktop/Personal_Ml/airflow_poc/airflow_env/lib/python3.8/site-packages/airflow/example_dags/example_branch_operator.py
[2024-11-19T12:49:26.299+0530] {processor.py:830} INFO - Processing file /home/sigmoid/Desktop/Personal_Ml/airflow_poc/airflow_env/lib/python3.8/site-packages/airflow/example_dags/example_branch_operator.py for tasks to queue
[2024-11-19T12:49:26.300+0530] {logging_mixin.py:188} INFO - [2024-11-19T12:49:26.299+0530] {dagbag.py:540} INFO - Filling up the DagBag from /home/sigmoid/Desktop/Personal_Ml/airflow_poc/airflow_env/lib/python3.8/site-packages/airflow/example_dags/example_branch_operator.py
[2024-11-19T12:49:26.323+0530] {processor.py:840} INFO - DAG(s) 'example_branch_operator' retrieved from /home/sigmoid/Desktop/Personal_Ml/airflow_poc/airflow_env/lib/python3.8/site-packages/airflow/example_dags/example_branch_operator.py
[2024-11-19T12:49:26.456+0530] {logging_mixin.py:188} INFO - [2024-11-19T12:49:26.456+0530] {dag.py:3047} INFO - Sync 1 DAGs
[2024-11-19T12:49:26.479+0530] {logging_mixin.py:188} INFO - [2024-11-19T12:49:26.479+0530] {dag.py:3834} INFO - Setting next_dagrun for example_branch_operator to 2024-11-18 00:00:00+00:00, run_after=2024-11-19 00:00:00+00:00
[2024-11-19T12:49:26.504+0530] {processor.py:183} INFO - Processing /home/sigmoid/Desktop/Personal_Ml/airflow_poc/airflow_env/lib/python3.8/site-packages/airflow/example_dags/example_branch_operator.py took 0.212 seconds
[2024-11-19T12:50:33.902+0530] {processor.py:161} INFO - Started process (PID=31249) to work on /home/sigmoid/Desktop/Personal_Ml/airflow_poc/airflow_env/lib/python3.8/site-packages/airflow/example_dags/example_branch_operator.py
[2024-11-19T12:50:33.904+0530] {processor.py:830} INFO - Processing file /home/sigmoid/Desktop/Personal_Ml/airflow_poc/airflow_env/lib/python3.8/site-packages/airflow/example_dags/example_branch_operator.py for tasks to queue
[2024-11-19T12:50:33.906+0530] {logging_mixin.py:188} INFO - [2024-11-19T12:50:33.905+0530] {dagbag.py:540} INFO - Filling up the DagBag from /home/sigmoid/Desktop/Personal_Ml/airflow_poc/airflow_env/lib/python3.8/site-packages/airflow/example_dags/example_branch_operator.py
[2024-11-19T12:50:33.947+0530] {processor.py:840} INFO - DAG(s) 'example_branch_operator' retrieved from /home/sigmoid/Desktop/Personal_Ml/airflow_poc/airflow_env/lib/python3.8/site-packages/airflow/example_dags/example_branch_operator.py
[2024-11-19T12:50:34.003+0530] {logging_mixin.py:188} INFO - [2024-11-19T12:50:34.003+0530] {dag.py:3047} INFO - Sync 1 DAGs
[2024-11-19T12:50:34.048+0530] {logging_mixin.py:188} INFO - [2024-11-19T12:50:34.048+0530] {dag.py:3834} INFO - Setting next_dagrun for example_branch_operator to 2024-11-18 00:00:00+00:00, run_after=2024-11-19 00:00:00+00:00
[2024-11-19T12:50:34.088+0530] {processor.py:183} INFO - Processing /home/sigmoid/Desktop/Personal_Ml/airflow_poc/airflow_env/lib/python3.8/site-packages/airflow/example_dags/example_branch_operator.py took 0.192 seconds
[2024-11-19T12:51:37.878+0530] {processor.py:161} INFO - Started process (PID=31382) to work on /home/sigmoid/Desktop/Personal_Ml/airflow_poc/airflow_env/lib/python3.8/site-packages/airflow/example_dags/example_branch_operator.py
[2024-11-19T12:51:37.879+0530] {processor.py:830} INFO - Processing file /home/sigmoid/Desktop/Personal_Ml/airflow_poc/airflow_env/lib/python3.8/site-packages/airflow/example_dags/example_branch_operator.py for tasks to queue
[2024-11-19T12:51:37.881+0530] {logging_mixin.py:188} INFO - [2024-11-19T12:51:37.881+0530] {dagbag.py:540} INFO - Filling up the DagBag from /home/sigmoid/Desktop/Personal_Ml/airflow_poc/airflow_env/lib/python3.8/site-packages/airflow/example_dags/example_branch_operator.py
[2024-11-19T12:51:37.922+0530] {processor.py:840} INFO - DAG(s) 'example_branch_operator' retrieved from /home/sigmoid/Desktop/Personal_Ml/airflow_poc/airflow_env/lib/python3.8/site-packages/airflow/example_dags/example_branch_operator.py
[2024-11-19T12:51:37.978+0530] {logging_mixin.py:188} INFO - [2024-11-19T12:51:37.977+0530] {dag.py:3047} INFO - Sync 1 DAGs
[2024-11-19T12:51:38.023+0530] {logging_mixin.py:188} INFO - [2024-11-19T12:51:38.022+0530] {dag.py:3834} INFO - Setting next_dagrun for example_branch_operator to 2024-11-18 00:00:00+00:00, run_after=2024-11-19 00:00:00+00:00
[2024-11-19T12:51:38.053+0530] {processor.py:183} INFO - Processing /home/sigmoid/Desktop/Personal_Ml/airflow_poc/airflow_env/lib/python3.8/site-packages/airflow/example_dags/example_branch_operator.py took 0.182 seconds
[2024-11-19T12:52:38.440+0530] {processor.py:161} INFO - Started process (PID=31525) to work on /home/sigmoid/Desktop/Personal_Ml/airflow_poc/airflow_env/lib/python3.8/site-packages/airflow/example_dags/example_branch_operator.py
[2024-11-19T12:52:38.442+0530] {processor.py:830} INFO - Processing file /home/sigmoid/Desktop/Personal_Ml/airflow_poc/airflow_env/lib/python3.8/site-packages/airflow/example_dags/example_branch_operator.py for tasks to queue
[2024-11-19T12:52:38.444+0530] {logging_mixin.py:188} INFO - [2024-11-19T12:52:38.443+0530] {dagbag.py:540} INFO - Filling up the DagBag from /home/sigmoid/Desktop/Personal_Ml/airflow_poc/airflow_env/lib/python3.8/site-packages/airflow/example_dags/example_branch_operator.py
[2024-11-19T12:52:38.469+0530] {processor.py:840} INFO - DAG(s) 'example_branch_operator' retrieved from /home/sigmoid/Desktop/Personal_Ml/airflow_poc/airflow_env/lib/python3.8/site-packages/airflow/example_dags/example_branch_operator.py
[2024-11-19T12:52:38.498+0530] {logging_mixin.py:188} INFO - [2024-11-19T12:52:38.497+0530] {dag.py:3047} INFO - Sync 1 DAGs
[2024-11-19T12:52:38.528+0530] {logging_mixin.py:188} INFO - [2024-11-19T12:52:38.528+0530] {dag.py:3834} INFO - Setting next_dagrun for example_branch_operator to 2024-11-18 00:00:00+00:00, run_after=2024-11-19 00:00:00+00:00
[2024-11-19T12:52:38.563+0530] {processor.py:183} INFO - Processing /home/sigmoid/Desktop/Personal_Ml/airflow_poc/airflow_env/lib/python3.8/site-packages/airflow/example_dags/example_branch_operator.py took 0.129 seconds
[2024-11-19T12:53:43.719+0530] {processor.py:161} INFO - Started process (PID=31649) to work on /home/sigmoid/Desktop/Personal_Ml/airflow_poc/airflow_env/lib/python3.8/site-packages/airflow/example_dags/example_branch_operator.py
[2024-11-19T12:53:43.721+0530] {processor.py:830} INFO - Processing file /home/sigmoid/Desktop/Personal_Ml/airflow_poc/airflow_env/lib/python3.8/site-packages/airflow/example_dags/example_branch_operator.py for tasks to queue
[2024-11-19T12:53:43.723+0530] {logging_mixin.py:188} INFO - [2024-11-19T12:53:43.722+0530] {dagbag.py:540} INFO - Filling up the DagBag from /home/sigmoid/Desktop/Personal_Ml/airflow_poc/airflow_env/lib/python3.8/site-packages/airflow/example_dags/example_branch_operator.py
[2024-11-19T12:53:43.767+0530] {processor.py:840} INFO - DAG(s) 'example_branch_operator' retrieved from /home/sigmoid/Desktop/Personal_Ml/airflow_poc/airflow_env/lib/python3.8/site-packages/airflow/example_dags/example_branch_operator.py
[2024-11-19T12:53:43.826+0530] {logging_mixin.py:188} INFO - [2024-11-19T12:53:43.825+0530] {dag.py:3047} INFO - Sync 1 DAGs
[2024-11-19T12:53:43.876+0530] {logging_mixin.py:188} INFO - [2024-11-19T12:53:43.876+0530] {dag.py:3834} INFO - Setting next_dagrun for example_branch_operator to 2024-11-18 00:00:00+00:00, run_after=2024-11-19 00:00:00+00:00
[2024-11-19T12:53:43.919+0530] {processor.py:183} INFO - Processing /home/sigmoid/Desktop/Personal_Ml/airflow_poc/airflow_env/lib/python3.8/site-packages/airflow/example_dags/example_branch_operator.py took 0.205 seconds
[2024-11-19T12:54:49.868+0530] {processor.py:161} INFO - Started process (PID=31796) to work on /home/sigmoid/Desktop/Personal_Ml/airflow_poc/airflow_env/lib/python3.8/site-packages/airflow/example_dags/example_branch_operator.py
[2024-11-19T12:54:49.870+0530] {processor.py:830} INFO - Processing file /home/sigmoid/Desktop/Personal_Ml/airflow_poc/airflow_env/lib/python3.8/site-packages/airflow/example_dags/example_branch_operator.py for tasks to queue
[2024-11-19T12:54:49.871+0530] {logging_mixin.py:188} INFO - [2024-11-19T12:54:49.870+0530] {dagbag.py:540} INFO - Filling up the DagBag from /home/sigmoid/Desktop/Personal_Ml/airflow_poc/airflow_env/lib/python3.8/site-packages/airflow/example_dags/example_branch_operator.py
[2024-11-19T12:54:49.890+0530] {processor.py:840} INFO - DAG(s) 'example_branch_operator' retrieved from /home/sigmoid/Desktop/Personal_Ml/airflow_poc/airflow_env/lib/python3.8/site-packages/airflow/example_dags/example_branch_operator.py
[2024-11-19T12:54:49.927+0530] {logging_mixin.py:188} INFO - [2024-11-19T12:54:49.927+0530] {dag.py:3047} INFO - Sync 1 DAGs
[2024-11-19T12:54:49.951+0530] {logging_mixin.py:188} INFO - [2024-11-19T12:54:49.950+0530] {dag.py:3834} INFO - Setting next_dagrun for example_branch_operator to 2024-11-18 00:00:00+00:00, run_after=2024-11-19 00:00:00+00:00
[2024-11-19T12:54:49.970+0530] {processor.py:183} INFO - Processing /home/sigmoid/Desktop/Personal_Ml/airflow_poc/airflow_env/lib/python3.8/site-packages/airflow/example_dags/example_branch_operator.py took 0.105 seconds
[2024-11-19T12:55:52.188+0530] {processor.py:161} INFO - Started process (PID=32048) to work on /home/sigmoid/Desktop/Personal_Ml/airflow_poc/airflow_env/lib/python3.8/site-packages/airflow/example_dags/example_branch_operator.py
[2024-11-19T12:55:52.189+0530] {processor.py:830} INFO - Processing file /home/sigmoid/Desktop/Personal_Ml/airflow_poc/airflow_env/lib/python3.8/site-packages/airflow/example_dags/example_branch_operator.py for tasks to queue
[2024-11-19T12:55:52.190+0530] {logging_mixin.py:188} INFO - [2024-11-19T12:55:52.190+0530] {dagbag.py:540} INFO - Filling up the DagBag from /home/sigmoid/Desktop/Personal_Ml/airflow_poc/airflow_env/lib/python3.8/site-packages/airflow/example_dags/example_branch_operator.py
[2024-11-19T12:55:52.209+0530] {processor.py:840} INFO - DAG(s) 'example_branch_operator' retrieved from /home/sigmoid/Desktop/Personal_Ml/airflow_poc/airflow_env/lib/python3.8/site-packages/airflow/example_dags/example_branch_operator.py
[2024-11-19T12:55:52.232+0530] {logging_mixin.py:188} INFO - [2024-11-19T12:55:52.232+0530] {dag.py:3047} INFO - Sync 1 DAGs
[2024-11-19T12:55:52.260+0530] {logging_mixin.py:188} INFO - [2024-11-19T12:55:52.260+0530] {dag.py:3834} INFO - Setting next_dagrun for example_branch_operator to 2024-11-18 00:00:00+00:00, run_after=2024-11-19 00:00:00+00:00
[2024-11-19T12:55:52.297+0530] {processor.py:183} INFO - Processing /home/sigmoid/Desktop/Personal_Ml/airflow_poc/airflow_env/lib/python3.8/site-packages/airflow/example_dags/example_branch_operator.py took 0.113 seconds
[2024-11-19T12:56:50.114+0530] {processor.py:161} INFO - Started process (PID=32123) to work on /home/sigmoid/Desktop/Personal_Ml/airflow_poc/airflow_env/lib/python3.8/site-packages/airflow/example_dags/example_branch_operator.py
[2024-11-19T12:56:50.115+0530] {processor.py:830} INFO - Processing file /home/sigmoid/Desktop/Personal_Ml/airflow_poc/airflow_env/lib/python3.8/site-packages/airflow/example_dags/example_branch_operator.py for tasks to queue
[2024-11-19T12:56:50.116+0530] {logging_mixin.py:188} INFO - [2024-11-19T12:56:50.116+0530] {dagbag.py:540} INFO - Filling up the DagBag from /home/sigmoid/Desktop/Personal_Ml/airflow_poc/airflow_env/lib/python3.8/site-packages/airflow/example_dags/example_branch_operator.py
[2024-11-19T12:56:50.136+0530] {processor.py:840} INFO - DAG(s) 'example_branch_operator' retrieved from /home/sigmoid/Desktop/Personal_Ml/airflow_poc/airflow_env/lib/python3.8/site-packages/airflow/example_dags/example_branch_operator.py
[2024-11-19T12:56:50.160+0530] {logging_mixin.py:188} INFO - [2024-11-19T12:56:50.159+0530] {dag.py:3047} INFO - Sync 1 DAGs
[2024-11-19T12:56:50.183+0530] {logging_mixin.py:188} INFO - [2024-11-19T12:56:50.182+0530] {dag.py:3834} INFO - Setting next_dagrun for example_branch_operator to 2024-11-18 00:00:00+00:00, run_after=2024-11-19 00:00:00+00:00
[2024-11-19T12:56:50.213+0530] {processor.py:183} INFO - Processing /home/sigmoid/Desktop/Personal_Ml/airflow_poc/airflow_env/lib/python3.8/site-packages/airflow/example_dags/example_branch_operator.py took 0.103 seconds
[2024-11-19T12:57:43.958+0530] {processor.py:161} INFO - Started process (PID=32185) to work on /home/sigmoid/Desktop/Personal_Ml/airflow_poc/airflow_env/lib/python3.8/site-packages/airflow/example_dags/example_branch_operator.py
[2024-11-19T12:57:43.959+0530] {processor.py:830} INFO - Processing file /home/sigmoid/Desktop/Personal_Ml/airflow_poc/airflow_env/lib/python3.8/site-packages/airflow/example_dags/example_branch_operator.py for tasks to queue
[2024-11-19T12:57:43.960+0530] {logging_mixin.py:188} INFO - [2024-11-19T12:57:43.960+0530] {dagbag.py:540} INFO - Filling up the DagBag from /home/sigmoid/Desktop/Personal_Ml/airflow_poc/airflow_env/lib/python3.8/site-packages/airflow/example_dags/example_branch_operator.py
[2024-11-19T12:57:43.979+0530] {processor.py:840} INFO - DAG(s) 'example_branch_operator' retrieved from /home/sigmoid/Desktop/Personal_Ml/airflow_poc/airflow_env/lib/python3.8/site-packages/airflow/example_dags/example_branch_operator.py
[2024-11-19T12:57:44.002+0530] {logging_mixin.py:188} INFO - [2024-11-19T12:57:44.002+0530] {dag.py:3047} INFO - Sync 1 DAGs
[2024-11-19T12:57:44.024+0530] {logging_mixin.py:188} INFO - [2024-11-19T12:57:44.024+0530] {dag.py:3834} INFO - Setting next_dagrun for example_branch_operator to 2024-11-18 00:00:00+00:00, run_after=2024-11-19 00:00:00+00:00
[2024-11-19T12:57:44.055+0530] {processor.py:183} INFO - Processing /home/sigmoid/Desktop/Personal_Ml/airflow_poc/airflow_env/lib/python3.8/site-packages/airflow/example_dags/example_branch_operator.py took 0.100 seconds
[2024-11-19T12:58:39.104+0530] {processor.py:161} INFO - Started process (PID=32249) to work on /home/sigmoid/Desktop/Personal_Ml/airflow_poc/airflow_env/lib/python3.8/site-packages/airflow/example_dags/example_branch_operator.py
[2024-11-19T12:58:39.105+0530] {processor.py:830} INFO - Processing file /home/sigmoid/Desktop/Personal_Ml/airflow_poc/airflow_env/lib/python3.8/site-packages/airflow/example_dags/example_branch_operator.py for tasks to queue
[2024-11-19T12:58:39.106+0530] {logging_mixin.py:188} INFO - [2024-11-19T12:58:39.106+0530] {dagbag.py:540} INFO - Filling up the DagBag from /home/sigmoid/Desktop/Personal_Ml/airflow_poc/airflow_env/lib/python3.8/site-packages/airflow/example_dags/example_branch_operator.py
[2024-11-19T12:58:39.125+0530] {processor.py:840} INFO - DAG(s) 'example_branch_operator' retrieved from /home/sigmoid/Desktop/Personal_Ml/airflow_poc/airflow_env/lib/python3.8/site-packages/airflow/example_dags/example_branch_operator.py
[2024-11-19T12:58:39.148+0530] {logging_mixin.py:188} INFO - [2024-11-19T12:58:39.148+0530] {dag.py:3047} INFO - Sync 1 DAGs
[2024-11-19T12:58:39.170+0530] {logging_mixin.py:188} INFO - [2024-11-19T12:58:39.169+0530] {dag.py:3834} INFO - Setting next_dagrun for example_branch_operator to 2024-11-18 00:00:00+00:00, run_after=2024-11-19 00:00:00+00:00
[2024-11-19T12:58:39.190+0530] {processor.py:183} INFO - Processing /home/sigmoid/Desktop/Personal_Ml/airflow_poc/airflow_env/lib/python3.8/site-packages/airflow/example_dags/example_branch_operator.py took 0.089 seconds
[2024-11-19T12:59:34.813+0530] {processor.py:161} INFO - Started process (PID=32427) to work on /home/sigmoid/Desktop/Personal_Ml/airflow_poc/airflow_env/lib/python3.8/site-packages/airflow/example_dags/example_branch_operator.py
[2024-11-19T12:59:34.814+0530] {processor.py:830} INFO - Processing file /home/sigmoid/Desktop/Personal_Ml/airflow_poc/airflow_env/lib/python3.8/site-packages/airflow/example_dags/example_branch_operator.py for tasks to queue
[2024-11-19T12:59:34.815+0530] {logging_mixin.py:188} INFO - [2024-11-19T12:59:34.815+0530] {dagbag.py:540} INFO - Filling up the DagBag from /home/sigmoid/Desktop/Personal_Ml/airflow_poc/airflow_env/lib/python3.8/site-packages/airflow/example_dags/example_branch_operator.py
[2024-11-19T12:59:34.834+0530] {processor.py:840} INFO - DAG(s) 'example_branch_operator' retrieved from /home/sigmoid/Desktop/Personal_Ml/airflow_poc/airflow_env/lib/python3.8/site-packages/airflow/example_dags/example_branch_operator.py
[2024-11-19T12:59:34.857+0530] {logging_mixin.py:188} INFO - [2024-11-19T12:59:34.857+0530] {dag.py:3047} INFO - Sync 1 DAGs
[2024-11-19T12:59:34.879+0530] {logging_mixin.py:188} INFO - [2024-11-19T12:59:34.879+0530] {dag.py:3834} INFO - Setting next_dagrun for example_branch_operator to 2024-11-18 00:00:00+00:00, run_after=2024-11-19 00:00:00+00:00
[2024-11-19T12:59:34.899+0530] {processor.py:183} INFO - Processing /home/sigmoid/Desktop/Personal_Ml/airflow_poc/airflow_env/lib/python3.8/site-packages/airflow/example_dags/example_branch_operator.py took 0.089 seconds
[2024-11-19T13:00:29.572+0530] {processor.py:161} INFO - Started process (PID=32533) to work on /home/sigmoid/Desktop/Personal_Ml/airflow_poc/airflow_env/lib/python3.8/site-packages/airflow/example_dags/example_branch_operator.py
[2024-11-19T13:00:29.573+0530] {processor.py:830} INFO - Processing file /home/sigmoid/Desktop/Personal_Ml/airflow_poc/airflow_env/lib/python3.8/site-packages/airflow/example_dags/example_branch_operator.py for tasks to queue
[2024-11-19T13:00:29.574+0530] {logging_mixin.py:188} INFO - [2024-11-19T13:00:29.573+0530] {dagbag.py:540} INFO - Filling up the DagBag from /home/sigmoid/Desktop/Personal_Ml/airflow_poc/airflow_env/lib/python3.8/site-packages/airflow/example_dags/example_branch_operator.py
[2024-11-19T13:00:29.594+0530] {processor.py:840} INFO - DAG(s) 'example_branch_operator' retrieved from /home/sigmoid/Desktop/Personal_Ml/airflow_poc/airflow_env/lib/python3.8/site-packages/airflow/example_dags/example_branch_operator.py
[2024-11-19T13:00:29.619+0530] {logging_mixin.py:188} INFO - [2024-11-19T13:00:29.619+0530] {dag.py:3047} INFO - Sync 1 DAGs
[2024-11-19T13:00:29.643+0530] {logging_mixin.py:188} INFO - [2024-11-19T13:00:29.642+0530] {dag.py:3834} INFO - Setting next_dagrun for example_branch_operator to 2024-11-18 00:00:00+00:00, run_after=2024-11-19 00:00:00+00:00
[2024-11-19T13:00:29.668+0530] {processor.py:183} INFO - Processing /home/sigmoid/Desktop/Personal_Ml/airflow_poc/airflow_env/lib/python3.8/site-packages/airflow/example_dags/example_branch_operator.py took 0.099 seconds
[2024-11-19T13:01:26.397+0530] {processor.py:161} INFO - Started process (PID=32889) to work on /home/sigmoid/Desktop/Personal_Ml/airflow_poc/airflow_env/lib/python3.8/site-packages/airflow/example_dags/example_branch_operator.py
[2024-11-19T13:01:26.399+0530] {processor.py:830} INFO - Processing file /home/sigmoid/Desktop/Personal_Ml/airflow_poc/airflow_env/lib/python3.8/site-packages/airflow/example_dags/example_branch_operator.py for tasks to queue
[2024-11-19T13:01:26.400+0530] {logging_mixin.py:188} INFO - [2024-11-19T13:01:26.400+0530] {dagbag.py:540} INFO - Filling up the DagBag from /home/sigmoid/Desktop/Personal_Ml/airflow_poc/airflow_env/lib/python3.8/site-packages/airflow/example_dags/example_branch_operator.py
[2024-11-19T13:01:26.440+0530] {processor.py:840} INFO - DAG(s) 'example_branch_operator' retrieved from /home/sigmoid/Desktop/Personal_Ml/airflow_poc/airflow_env/lib/python3.8/site-packages/airflow/example_dags/example_branch_operator.py
[2024-11-19T13:01:26.492+0530] {logging_mixin.py:188} INFO - [2024-11-19T13:01:26.492+0530] {dag.py:3047} INFO - Sync 1 DAGs
[2024-11-19T13:01:26.537+0530] {logging_mixin.py:188} INFO - [2024-11-19T13:01:26.537+0530] {dag.py:3834} INFO - Setting next_dagrun for example_branch_operator to 2024-11-18 00:00:00+00:00, run_after=2024-11-19 00:00:00+00:00
[2024-11-19T13:01:26.574+0530] {processor.py:183} INFO - Processing /home/sigmoid/Desktop/Personal_Ml/airflow_poc/airflow_env/lib/python3.8/site-packages/airflow/example_dags/example_branch_operator.py took 0.183 seconds
[2024-11-19T13:02:24.933+0530] {processor.py:161} INFO - Started process (PID=32987) to work on /home/sigmoid/Desktop/Personal_Ml/airflow_poc/airflow_env/lib/python3.8/site-packages/airflow/example_dags/example_branch_operator.py
[2024-11-19T13:02:24.934+0530] {processor.py:830} INFO - Processing file /home/sigmoid/Desktop/Personal_Ml/airflow_poc/airflow_env/lib/python3.8/site-packages/airflow/example_dags/example_branch_operator.py for tasks to queue
[2024-11-19T13:02:24.935+0530] {logging_mixin.py:188} INFO - [2024-11-19T13:02:24.935+0530] {dagbag.py:540} INFO - Filling up the DagBag from /home/sigmoid/Desktop/Personal_Ml/airflow_poc/airflow_env/lib/python3.8/site-packages/airflow/example_dags/example_branch_operator.py
[2024-11-19T13:02:24.954+0530] {processor.py:840} INFO - DAG(s) 'example_branch_operator' retrieved from /home/sigmoid/Desktop/Personal_Ml/airflow_poc/airflow_env/lib/python3.8/site-packages/airflow/example_dags/example_branch_operator.py
[2024-11-19T13:02:24.976+0530] {logging_mixin.py:188} INFO - [2024-11-19T13:02:24.976+0530] {dag.py:3047} INFO - Sync 1 DAGs
[2024-11-19T13:02:24.998+0530] {logging_mixin.py:188} INFO - [2024-11-19T13:02:24.997+0530] {dag.py:3834} INFO - Setting next_dagrun for example_branch_operator to 2024-11-18 00:00:00+00:00, run_after=2024-11-19 00:00:00+00:00
[2024-11-19T13:02:25.018+0530] {processor.py:183} INFO - Processing /home/sigmoid/Desktop/Personal_Ml/airflow_poc/airflow_env/lib/python3.8/site-packages/airflow/example_dags/example_branch_operator.py took 0.088 seconds
[2024-11-19T13:03:24.693+0530] {processor.py:161} INFO - Started process (PID=33054) to work on /home/sigmoid/Desktop/Personal_Ml/airflow_poc/airflow_env/lib/python3.8/site-packages/airflow/example_dags/example_branch_operator.py
[2024-11-19T13:03:24.694+0530] {processor.py:830} INFO - Processing file /home/sigmoid/Desktop/Personal_Ml/airflow_poc/airflow_env/lib/python3.8/site-packages/airflow/example_dags/example_branch_operator.py for tasks to queue
[2024-11-19T13:03:24.695+0530] {logging_mixin.py:188} INFO - [2024-11-19T13:03:24.694+0530] {dagbag.py:540} INFO - Filling up the DagBag from /home/sigmoid/Desktop/Personal_Ml/airflow_poc/airflow_env/lib/python3.8/site-packages/airflow/example_dags/example_branch_operator.py
[2024-11-19T13:03:24.714+0530] {processor.py:840} INFO - DAG(s) 'example_branch_operator' retrieved from /home/sigmoid/Desktop/Personal_Ml/airflow_poc/airflow_env/lib/python3.8/site-packages/airflow/example_dags/example_branch_operator.py
[2024-11-19T13:03:24.738+0530] {logging_mixin.py:188} INFO - [2024-11-19T13:03:24.738+0530] {dag.py:3047} INFO - Sync 1 DAGs
[2024-11-19T13:03:24.761+0530] {logging_mixin.py:188} INFO - [2024-11-19T13:03:24.761+0530] {dag.py:3834} INFO - Setting next_dagrun for example_branch_operator to 2024-11-18 00:00:00+00:00, run_after=2024-11-19 00:00:00+00:00
[2024-11-19T13:03:24.787+0530] {processor.py:183} INFO - Processing /home/sigmoid/Desktop/Personal_Ml/airflow_poc/airflow_env/lib/python3.8/site-packages/airflow/example_dags/example_branch_operator.py took 0.097 seconds
[2024-11-19T13:04:24.252+0530] {processor.py:161} INFO - Started process (PID=33127) to work on /home/sigmoid/Desktop/Personal_Ml/airflow_poc/airflow_env/lib/python3.8/site-packages/airflow/example_dags/example_branch_operator.py
[2024-11-19T13:04:24.253+0530] {processor.py:830} INFO - Processing file /home/sigmoid/Desktop/Personal_Ml/airflow_poc/airflow_env/lib/python3.8/site-packages/airflow/example_dags/example_branch_operator.py for tasks to queue
[2024-11-19T13:04:24.254+0530] {logging_mixin.py:188} INFO - [2024-11-19T13:04:24.254+0530] {dagbag.py:540} INFO - Filling up the DagBag from /home/sigmoid/Desktop/Personal_Ml/airflow_poc/airflow_env/lib/python3.8/site-packages/airflow/example_dags/example_branch_operator.py
[2024-11-19T13:04:24.272+0530] {processor.py:840} INFO - DAG(s) 'example_branch_operator' retrieved from /home/sigmoid/Desktop/Personal_Ml/airflow_poc/airflow_env/lib/python3.8/site-packages/airflow/example_dags/example_branch_operator.py
[2024-11-19T13:04:24.295+0530] {logging_mixin.py:188} INFO - [2024-11-19T13:04:24.295+0530] {dag.py:3047} INFO - Sync 1 DAGs
[2024-11-19T13:04:24.318+0530] {logging_mixin.py:188} INFO - [2024-11-19T13:04:24.318+0530] {dag.py:3834} INFO - Setting next_dagrun for example_branch_operator to 2024-11-18 00:00:00+00:00, run_after=2024-11-19 00:00:00+00:00
[2024-11-19T13:04:24.339+0530] {processor.py:183} INFO - Processing /home/sigmoid/Desktop/Personal_Ml/airflow_poc/airflow_env/lib/python3.8/site-packages/airflow/example_dags/example_branch_operator.py took 0.090 seconds
[2024-11-19T13:05:25.064+0530] {processor.py:161} INFO - Started process (PID=33193) to work on /home/sigmoid/Desktop/Personal_Ml/airflow_poc/airflow_env/lib/python3.8/site-packages/airflow/example_dags/example_branch_operator.py
[2024-11-19T13:05:25.065+0530] {processor.py:830} INFO - Processing file /home/sigmoid/Desktop/Personal_Ml/airflow_poc/airflow_env/lib/python3.8/site-packages/airflow/example_dags/example_branch_operator.py for tasks to queue
[2024-11-19T13:05:25.066+0530] {logging_mixin.py:188} INFO - [2024-11-19T13:05:25.066+0530] {dagbag.py:540} INFO - Filling up the DagBag from /home/sigmoid/Desktop/Personal_Ml/airflow_poc/airflow_env/lib/python3.8/site-packages/airflow/example_dags/example_branch_operator.py
[2024-11-19T13:05:25.086+0530] {processor.py:840} INFO - DAG(s) 'example_branch_operator' retrieved from /home/sigmoid/Desktop/Personal_Ml/airflow_poc/airflow_env/lib/python3.8/site-packages/airflow/example_dags/example_branch_operator.py
[2024-11-19T13:05:25.110+0530] {logging_mixin.py:188} INFO - [2024-11-19T13:05:25.110+0530] {dag.py:3047} INFO - Sync 1 DAGs
[2024-11-19T13:05:25.132+0530] {logging_mixin.py:188} INFO - [2024-11-19T13:05:25.132+0530] {dag.py:3834} INFO - Setting next_dagrun for example_branch_operator to 2024-11-18 00:00:00+00:00, run_after=2024-11-19 00:00:00+00:00
[2024-11-19T13:05:25.155+0530] {processor.py:183} INFO - Processing /home/sigmoid/Desktop/Personal_Ml/airflow_poc/airflow_env/lib/python3.8/site-packages/airflow/example_dags/example_branch_operator.py took 0.094 seconds
[2024-11-19T13:06:27.135+0530] {processor.py:161} INFO - Started process (PID=33260) to work on /home/sigmoid/Desktop/Personal_Ml/airflow_poc/airflow_env/lib/python3.8/site-packages/airflow/example_dags/example_branch_operator.py
[2024-11-19T13:06:27.136+0530] {processor.py:830} INFO - Processing file /home/sigmoid/Desktop/Personal_Ml/airflow_poc/airflow_env/lib/python3.8/site-packages/airflow/example_dags/example_branch_operator.py for tasks to queue
[2024-11-19T13:06:27.137+0530] {logging_mixin.py:188} INFO - [2024-11-19T13:06:27.136+0530] {dagbag.py:540} INFO - Filling up the DagBag from /home/sigmoid/Desktop/Personal_Ml/airflow_poc/airflow_env/lib/python3.8/site-packages/airflow/example_dags/example_branch_operator.py
[2024-11-19T13:06:27.156+0530] {processor.py:840} INFO - DAG(s) 'example_branch_operator' retrieved from /home/sigmoid/Desktop/Personal_Ml/airflow_poc/airflow_env/lib/python3.8/site-packages/airflow/example_dags/example_branch_operator.py
[2024-11-19T13:06:27.181+0530] {logging_mixin.py:188} INFO - [2024-11-19T13:06:27.181+0530] {dag.py:3047} INFO - Sync 1 DAGs
[2024-11-19T13:06:27.203+0530] {logging_mixin.py:188} INFO - [2024-11-19T13:06:27.203+0530] {dag.py:3834} INFO - Setting next_dagrun for example_branch_operator to 2024-11-18 00:00:00+00:00, run_after=2024-11-19 00:00:00+00:00
[2024-11-19T13:06:27.227+0530] {processor.py:183} INFO - Processing /home/sigmoid/Desktop/Personal_Ml/airflow_poc/airflow_env/lib/python3.8/site-packages/airflow/example_dags/example_branch_operator.py took 0.096 seconds
[2024-11-19T13:07:25.748+0530] {processor.py:161} INFO - Started process (PID=33330) to work on /home/sigmoid/Desktop/Personal_Ml/airflow_poc/airflow_env/lib/python3.8/site-packages/airflow/example_dags/example_branch_operator.py
[2024-11-19T13:07:25.750+0530] {processor.py:830} INFO - Processing file /home/sigmoid/Desktop/Personal_Ml/airflow_poc/airflow_env/lib/python3.8/site-packages/airflow/example_dags/example_branch_operator.py for tasks to queue
[2024-11-19T13:07:25.751+0530] {logging_mixin.py:188} INFO - [2024-11-19T13:07:25.751+0530] {dagbag.py:540} INFO - Filling up the DagBag from /home/sigmoid/Desktop/Personal_Ml/airflow_poc/airflow_env/lib/python3.8/site-packages/airflow/example_dags/example_branch_operator.py
[2024-11-19T13:07:25.790+0530] {processor.py:840} INFO - DAG(s) 'example_branch_operator' retrieved from /home/sigmoid/Desktop/Personal_Ml/airflow_poc/airflow_env/lib/python3.8/site-packages/airflow/example_dags/example_branch_operator.py
[2024-11-19T13:07:25.842+0530] {logging_mixin.py:188} INFO - [2024-11-19T13:07:25.842+0530] {dag.py:3047} INFO - Sync 1 DAGs
[2024-11-19T13:07:25.888+0530] {logging_mixin.py:188} INFO - [2024-11-19T13:07:25.888+0530] {dag.py:3834} INFO - Setting next_dagrun for example_branch_operator to 2024-11-18 00:00:00+00:00, run_after=2024-11-19 00:00:00+00:00
[2024-11-19T13:07:25.924+0530] {processor.py:183} INFO - Processing /home/sigmoid/Desktop/Personal_Ml/airflow_poc/airflow_env/lib/python3.8/site-packages/airflow/example_dags/example_branch_operator.py took 0.179 seconds
[2024-11-19T13:08:22.445+0530] {processor.py:161} INFO - Started process (PID=33395) to work on /home/sigmoid/Desktop/Personal_Ml/airflow_poc/airflow_env/lib/python3.8/site-packages/airflow/example_dags/example_branch_operator.py
[2024-11-19T13:08:22.446+0530] {processor.py:830} INFO - Processing file /home/sigmoid/Desktop/Personal_Ml/airflow_poc/airflow_env/lib/python3.8/site-packages/airflow/example_dags/example_branch_operator.py for tasks to queue
[2024-11-19T13:08:22.447+0530] {logging_mixin.py:188} INFO - [2024-11-19T13:08:22.447+0530] {dagbag.py:540} INFO - Filling up the DagBag from /home/sigmoid/Desktop/Personal_Ml/airflow_poc/airflow_env/lib/python3.8/site-packages/airflow/example_dags/example_branch_operator.py
[2024-11-19T13:08:22.465+0530] {processor.py:840} INFO - DAG(s) 'example_branch_operator' retrieved from /home/sigmoid/Desktop/Personal_Ml/airflow_poc/airflow_env/lib/python3.8/site-packages/airflow/example_dags/example_branch_operator.py
[2024-11-19T13:08:22.488+0530] {logging_mixin.py:188} INFO - [2024-11-19T13:08:22.488+0530] {dag.py:3047} INFO - Sync 1 DAGs
[2024-11-19T13:08:22.510+0530] {logging_mixin.py:188} INFO - [2024-11-19T13:08:22.510+0530] {dag.py:3834} INFO - Setting next_dagrun for example_branch_operator to 2024-11-18 00:00:00+00:00, run_after=2024-11-19 00:00:00+00:00
[2024-11-19T13:08:22.540+0530] {processor.py:183} INFO - Processing /home/sigmoid/Desktop/Personal_Ml/airflow_poc/airflow_env/lib/python3.8/site-packages/airflow/example_dags/example_branch_operator.py took 0.098 seconds
[2024-11-19T13:12:22.053+0530] {processor.py:161} INFO - Started process (PID=33594) to work on /home/sigmoid/Desktop/Personal_Ml/airflow_poc/airflow_env/lib/python3.8/site-packages/airflow/example_dags/example_branch_operator.py
[2024-11-19T13:12:22.055+0530] {processor.py:830} INFO - Processing file /home/sigmoid/Desktop/Personal_Ml/airflow_poc/airflow_env/lib/python3.8/site-packages/airflow/example_dags/example_branch_operator.py for tasks to queue
[2024-11-19T13:12:22.056+0530] {logging_mixin.py:188} INFO - [2024-11-19T13:12:22.055+0530] {dagbag.py:540} INFO - Filling up the DagBag from /home/sigmoid/Desktop/Personal_Ml/airflow_poc/airflow_env/lib/python3.8/site-packages/airflow/example_dags/example_branch_operator.py
[2024-11-19T13:12:22.079+0530] {processor.py:840} INFO - DAG(s) 'example_branch_operator' retrieved from /home/sigmoid/Desktop/Personal_Ml/airflow_poc/airflow_env/lib/python3.8/site-packages/airflow/example_dags/example_branch_operator.py
[2024-11-19T13:12:22.200+0530] {logging_mixin.py:188} INFO - [2024-11-19T13:12:22.200+0530] {dag.py:3047} INFO - Sync 1 DAGs
[2024-11-19T13:12:22.221+0530] {logging_mixin.py:188} INFO - [2024-11-19T13:12:22.221+0530] {dag.py:3834} INFO - Setting next_dagrun for example_branch_operator to 2024-11-18 00:00:00+00:00, run_after=2024-11-19 00:00:00+00:00
[2024-11-19T13:12:22.444+0530] {processor.py:183} INFO - Processing /home/sigmoid/Desktop/Personal_Ml/airflow_poc/airflow_env/lib/python3.8/site-packages/airflow/example_dags/example_branch_operator.py took 0.395 seconds
[2024-11-19T13:13:33.290+0530] {processor.py:161} INFO - Started process (PID=33829) to work on /home/sigmoid/Desktop/Personal_Ml/airflow_poc/airflow_env/lib/python3.8/site-packages/airflow/example_dags/example_branch_operator.py
[2024-11-19T13:13:33.291+0530] {processor.py:830} INFO - Processing file /home/sigmoid/Desktop/Personal_Ml/airflow_poc/airflow_env/lib/python3.8/site-packages/airflow/example_dags/example_branch_operator.py for tasks to queue
[2024-11-19T13:13:33.293+0530] {logging_mixin.py:188} INFO - [2024-11-19T13:13:33.292+0530] {dagbag.py:540} INFO - Filling up the DagBag from /home/sigmoid/Desktop/Personal_Ml/airflow_poc/airflow_env/lib/python3.8/site-packages/airflow/example_dags/example_branch_operator.py
[2024-11-19T13:13:33.321+0530] {processor.py:840} INFO - DAG(s) 'example_branch_operator' retrieved from /home/sigmoid/Desktop/Personal_Ml/airflow_poc/airflow_env/lib/python3.8/site-packages/airflow/example_dags/example_branch_operator.py
[2024-11-19T13:13:33.461+0530] {logging_mixin.py:188} INFO - [2024-11-19T13:13:33.461+0530] {dag.py:3047} INFO - Sync 1 DAGs
[2024-11-19T13:13:33.487+0530] {logging_mixin.py:188} INFO - [2024-11-19T13:13:33.487+0530] {dag.py:3834} INFO - Setting next_dagrun for example_branch_operator to 2024-11-18 00:00:00+00:00, run_after=2024-11-19 00:00:00+00:00
[2024-11-19T13:13:33.518+0530] {processor.py:183} INFO - Processing /home/sigmoid/Desktop/Personal_Ml/airflow_poc/airflow_env/lib/python3.8/site-packages/airflow/example_dags/example_branch_operator.py took 0.232 seconds
[2024-11-19T13:14:34.701+0530] {processor.py:161} INFO - Started process (PID=34095) to work on /home/sigmoid/Desktop/Personal_Ml/airflow_poc/airflow_env/lib/python3.8/site-packages/airflow/example_dags/example_branch_operator.py
[2024-11-19T13:14:34.702+0530] {processor.py:830} INFO - Processing file /home/sigmoid/Desktop/Personal_Ml/airflow_poc/airflow_env/lib/python3.8/site-packages/airflow/example_dags/example_branch_operator.py for tasks to queue
[2024-11-19T13:14:34.704+0530] {logging_mixin.py:188} INFO - [2024-11-19T13:14:34.703+0530] {dagbag.py:540} INFO - Filling up the DagBag from /home/sigmoid/Desktop/Personal_Ml/airflow_poc/airflow_env/lib/python3.8/site-packages/airflow/example_dags/example_branch_operator.py
[2024-11-19T13:14:34.726+0530] {processor.py:840} INFO - DAG(s) 'example_branch_operator' retrieved from /home/sigmoid/Desktop/Personal_Ml/airflow_poc/airflow_env/lib/python3.8/site-packages/airflow/example_dags/example_branch_operator.py
[2024-11-19T13:14:34.755+0530] {logging_mixin.py:188} INFO - [2024-11-19T13:14:34.754+0530] {dag.py:3047} INFO - Sync 1 DAGs
[2024-11-19T13:14:34.777+0530] {logging_mixin.py:188} INFO - [2024-11-19T13:14:34.777+0530] {dag.py:3834} INFO - Setting next_dagrun for example_branch_operator to 2024-11-18 00:00:00+00:00, run_after=2024-11-19 00:00:00+00:00
[2024-11-19T13:14:34.801+0530] {processor.py:183} INFO - Processing /home/sigmoid/Desktop/Personal_Ml/airflow_poc/airflow_env/lib/python3.8/site-packages/airflow/example_dags/example_branch_operator.py took 0.103 seconds
[2024-11-19T13:15:29.634+0530] {processor.py:161} INFO - Started process (PID=34413) to work on /home/sigmoid/Desktop/Personal_Ml/airflow_poc/airflow_env/lib/python3.8/site-packages/airflow/example_dags/example_branch_operator.py
[2024-11-19T13:15:29.635+0530] {processor.py:830} INFO - Processing file /home/sigmoid/Desktop/Personal_Ml/airflow_poc/airflow_env/lib/python3.8/site-packages/airflow/example_dags/example_branch_operator.py for tasks to queue
[2024-11-19T13:15:29.637+0530] {logging_mixin.py:188} INFO - [2024-11-19T13:15:29.636+0530] {dagbag.py:540} INFO - Filling up the DagBag from /home/sigmoid/Desktop/Personal_Ml/airflow_poc/airflow_env/lib/python3.8/site-packages/airflow/example_dags/example_branch_operator.py
[2024-11-19T13:15:29.668+0530] {processor.py:840} INFO - DAG(s) 'example_branch_operator' retrieved from /home/sigmoid/Desktop/Personal_Ml/airflow_poc/airflow_env/lib/python3.8/site-packages/airflow/example_dags/example_branch_operator.py
[2024-11-19T13:15:29.700+0530] {logging_mixin.py:188} INFO - [2024-11-19T13:15:29.700+0530] {dag.py:3047} INFO - Sync 1 DAGs
[2024-11-19T13:15:29.736+0530] {logging_mixin.py:188} INFO - [2024-11-19T13:15:29.736+0530] {dag.py:3834} INFO - Setting next_dagrun for example_branch_operator to 2024-11-18 00:00:00+00:00, run_after=2024-11-19 00:00:00+00:00
[2024-11-19T13:15:29.767+0530] {processor.py:183} INFO - Processing /home/sigmoid/Desktop/Personal_Ml/airflow_poc/airflow_env/lib/python3.8/site-packages/airflow/example_dags/example_branch_operator.py took 0.139 seconds
[2024-11-19T13:16:34.635+0530] {processor.py:161} INFO - Started process (PID=35138) to work on /home/sigmoid/Desktop/Personal_Ml/airflow_poc/airflow_env/lib/python3.8/site-packages/airflow/example_dags/example_branch_operator.py
[2024-11-19T13:16:34.636+0530] {processor.py:830} INFO - Processing file /home/sigmoid/Desktop/Personal_Ml/airflow_poc/airflow_env/lib/python3.8/site-packages/airflow/example_dags/example_branch_operator.py for tasks to queue
[2024-11-19T13:16:34.638+0530] {logging_mixin.py:188} INFO - [2024-11-19T13:16:34.638+0530] {dagbag.py:540} INFO - Filling up the DagBag from /home/sigmoid/Desktop/Personal_Ml/airflow_poc/airflow_env/lib/python3.8/site-packages/airflow/example_dags/example_branch_operator.py
[2024-11-19T13:16:34.699+0530] {processor.py:840} INFO - DAG(s) 'example_branch_operator' retrieved from /home/sigmoid/Desktop/Personal_Ml/airflow_poc/airflow_env/lib/python3.8/site-packages/airflow/example_dags/example_branch_operator.py
[2024-11-19T13:16:34.739+0530] {logging_mixin.py:188} INFO - [2024-11-19T13:16:34.739+0530] {dag.py:3047} INFO - Sync 1 DAGs
[2024-11-19T13:16:34.773+0530] {logging_mixin.py:188} INFO - [2024-11-19T13:16:34.772+0530] {dag.py:3834} INFO - Setting next_dagrun for example_branch_operator to 2024-11-18 00:00:00+00:00, run_after=2024-11-19 00:00:00+00:00
[2024-11-19T13:16:34.804+0530] {processor.py:183} INFO - Processing /home/sigmoid/Desktop/Personal_Ml/airflow_poc/airflow_env/lib/python3.8/site-packages/airflow/example_dags/example_branch_operator.py took 0.176 seconds
[2024-11-19T13:17:39.693+0530] {processor.py:161} INFO - Started process (PID=35264) to work on /home/sigmoid/Desktop/Personal_Ml/airflow_poc/airflow_env/lib/python3.8/site-packages/airflow/example_dags/example_branch_operator.py
[2024-11-19T13:17:39.695+0530] {processor.py:830} INFO - Processing file /home/sigmoid/Desktop/Personal_Ml/airflow_poc/airflow_env/lib/python3.8/site-packages/airflow/example_dags/example_branch_operator.py for tasks to queue
[2024-11-19T13:17:39.696+0530] {logging_mixin.py:188} INFO - [2024-11-19T13:17:39.696+0530] {dagbag.py:540} INFO - Filling up the DagBag from /home/sigmoid/Desktop/Personal_Ml/airflow_poc/airflow_env/lib/python3.8/site-packages/airflow/example_dags/example_branch_operator.py
[2024-11-19T13:17:39.715+0530] {processor.py:840} INFO - DAG(s) 'example_branch_operator' retrieved from /home/sigmoid/Desktop/Personal_Ml/airflow_poc/airflow_env/lib/python3.8/site-packages/airflow/example_dags/example_branch_operator.py
[2024-11-19T13:17:39.740+0530] {logging_mixin.py:188} INFO - [2024-11-19T13:17:39.740+0530] {dag.py:3047} INFO - Sync 1 DAGs
[2024-11-19T13:17:39.762+0530] {logging_mixin.py:188} INFO - [2024-11-19T13:17:39.762+0530] {dag.py:3834} INFO - Setting next_dagrun for example_branch_operator to 2024-11-18 00:00:00+00:00, run_after=2024-11-19 00:00:00+00:00
[2024-11-19T13:17:39.785+0530] {processor.py:183} INFO - Processing /home/sigmoid/Desktop/Personal_Ml/airflow_poc/airflow_env/lib/python3.8/site-packages/airflow/example_dags/example_branch_operator.py took 0.096 seconds
[2024-11-19T13:18:32.239+0530] {processor.py:161} INFO - Started process (PID=35321) to work on /home/sigmoid/Desktop/Personal_Ml/airflow_poc/airflow_env/lib/python3.8/site-packages/airflow/example_dags/example_branch_operator.py
[2024-11-19T13:18:32.240+0530] {processor.py:830} INFO - Processing file /home/sigmoid/Desktop/Personal_Ml/airflow_poc/airflow_env/lib/python3.8/site-packages/airflow/example_dags/example_branch_operator.py for tasks to queue
[2024-11-19T13:18:32.241+0530] {logging_mixin.py:188} INFO - [2024-11-19T13:18:32.241+0530] {dagbag.py:540} INFO - Filling up the DagBag from /home/sigmoid/Desktop/Personal_Ml/airflow_poc/airflow_env/lib/python3.8/site-packages/airflow/example_dags/example_branch_operator.py
[2024-11-19T13:18:32.259+0530] {processor.py:840} INFO - DAG(s) 'example_branch_operator' retrieved from /home/sigmoid/Desktop/Personal_Ml/airflow_poc/airflow_env/lib/python3.8/site-packages/airflow/example_dags/example_branch_operator.py
[2024-11-19T13:18:32.299+0530] {logging_mixin.py:188} INFO - [2024-11-19T13:18:32.298+0530] {dag.py:3047} INFO - Sync 1 DAGs
[2024-11-19T13:18:32.321+0530] {logging_mixin.py:188} INFO - [2024-11-19T13:18:32.321+0530] {dag.py:3834} INFO - Setting next_dagrun for example_branch_operator to 2024-11-18 00:00:00+00:00, run_after=2024-11-19 00:00:00+00:00
[2024-11-19T13:18:32.342+0530] {processor.py:183} INFO - Processing /home/sigmoid/Desktop/Personal_Ml/airflow_poc/airflow_env/lib/python3.8/site-packages/airflow/example_dags/example_branch_operator.py took 0.106 seconds
[2024-11-19T13:19:39.305+0530] {processor.py:161} INFO - Started process (PID=35416) to work on /home/sigmoid/Desktop/Personal_Ml/airflow_poc/airflow_env/lib/python3.8/site-packages/airflow/example_dags/example_branch_operator.py
[2024-11-19T13:19:39.306+0530] {processor.py:830} INFO - Processing file /home/sigmoid/Desktop/Personal_Ml/airflow_poc/airflow_env/lib/python3.8/site-packages/airflow/example_dags/example_branch_operator.py for tasks to queue
[2024-11-19T13:19:39.307+0530] {logging_mixin.py:188} INFO - [2024-11-19T13:19:39.307+0530] {dagbag.py:540} INFO - Filling up the DagBag from /home/sigmoid/Desktop/Personal_Ml/airflow_poc/airflow_env/lib/python3.8/site-packages/airflow/example_dags/example_branch_operator.py
[2024-11-19T13:19:39.327+0530] {processor.py:840} INFO - DAG(s) 'example_branch_operator' retrieved from /home/sigmoid/Desktop/Personal_Ml/airflow_poc/airflow_env/lib/python3.8/site-packages/airflow/example_dags/example_branch_operator.py
[2024-11-19T13:19:39.352+0530] {logging_mixin.py:188} INFO - [2024-11-19T13:19:39.352+0530] {dag.py:3047} INFO - Sync 1 DAGs
[2024-11-19T13:19:39.374+0530] {logging_mixin.py:188} INFO - [2024-11-19T13:19:39.374+0530] {dag.py:3834} INFO - Setting next_dagrun for example_branch_operator to 2024-11-18 00:00:00+00:00, run_after=2024-11-19 00:00:00+00:00
[2024-11-19T13:19:39.396+0530] {processor.py:183} INFO - Processing /home/sigmoid/Desktop/Personal_Ml/airflow_poc/airflow_env/lib/python3.8/site-packages/airflow/example_dags/example_branch_operator.py took 0.094 seconds
[2024-11-19T13:20:51.680+0530] {processor.py:161} INFO - Started process (PID=35607) to work on /home/sigmoid/Desktop/Personal_Ml/airflow_poc/airflow_env/lib/python3.8/site-packages/airflow/example_dags/example_branch_operator.py
[2024-11-19T13:20:51.681+0530] {processor.py:830} INFO - Processing file /home/sigmoid/Desktop/Personal_Ml/airflow_poc/airflow_env/lib/python3.8/site-packages/airflow/example_dags/example_branch_operator.py for tasks to queue
[2024-11-19T13:20:51.682+0530] {logging_mixin.py:188} INFO - [2024-11-19T13:20:51.681+0530] {dagbag.py:540} INFO - Filling up the DagBag from /home/sigmoid/Desktop/Personal_Ml/airflow_poc/airflow_env/lib/python3.8/site-packages/airflow/example_dags/example_branch_operator.py
[2024-11-19T13:20:51.704+0530] {processor.py:840} INFO - DAG(s) 'example_branch_operator' retrieved from /home/sigmoid/Desktop/Personal_Ml/airflow_poc/airflow_env/lib/python3.8/site-packages/airflow/example_dags/example_branch_operator.py
[2024-11-19T13:20:51.729+0530] {logging_mixin.py:188} INFO - [2024-11-19T13:20:51.729+0530] {dag.py:3047} INFO - Sync 1 DAGs
[2024-11-19T13:20:51.754+0530] {logging_mixin.py:188} INFO - [2024-11-19T13:20:51.754+0530] {dag.py:3834} INFO - Setting next_dagrun for example_branch_operator to 2024-11-18 00:00:00+00:00, run_after=2024-11-19 00:00:00+00:00
[2024-11-19T13:20:51.777+0530] {processor.py:183} INFO - Processing /home/sigmoid/Desktop/Personal_Ml/airflow_poc/airflow_env/lib/python3.8/site-packages/airflow/example_dags/example_branch_operator.py took 0.101 seconds
[2024-11-19T13:21:55.397+0530] {processor.py:161} INFO - Started process (PID=35721) to work on /home/sigmoid/Desktop/Personal_Ml/airflow_poc/airflow_env/lib/python3.8/site-packages/airflow/example_dags/example_branch_operator.py
[2024-11-19T13:21:55.399+0530] {processor.py:830} INFO - Processing file /home/sigmoid/Desktop/Personal_Ml/airflow_poc/airflow_env/lib/python3.8/site-packages/airflow/example_dags/example_branch_operator.py for tasks to queue
[2024-11-19T13:21:55.401+0530] {logging_mixin.py:188} INFO - [2024-11-19T13:21:55.400+0530] {dagbag.py:540} INFO - Filling up the DagBag from /home/sigmoid/Desktop/Personal_Ml/airflow_poc/airflow_env/lib/python3.8/site-packages/airflow/example_dags/example_branch_operator.py
[2024-11-19T13:21:55.442+0530] {processor.py:840} INFO - DAG(s) 'example_branch_operator' retrieved from /home/sigmoid/Desktop/Personal_Ml/airflow_poc/airflow_env/lib/python3.8/site-packages/airflow/example_dags/example_branch_operator.py
[2024-11-19T13:21:55.499+0530] {logging_mixin.py:188} INFO - [2024-11-19T13:21:55.499+0530] {dag.py:3047} INFO - Sync 1 DAGs
[2024-11-19T13:21:55.547+0530] {logging_mixin.py:188} INFO - [2024-11-19T13:21:55.547+0530] {dag.py:3834} INFO - Setting next_dagrun for example_branch_operator to 2024-11-18 00:00:00+00:00, run_after=2024-11-19 00:00:00+00:00
[2024-11-19T13:21:55.588+0530] {processor.py:183} INFO - Processing /home/sigmoid/Desktop/Personal_Ml/airflow_poc/airflow_env/lib/python3.8/site-packages/airflow/example_dags/example_branch_operator.py took 0.197 seconds
[2024-11-19T13:24:04.892+0530] {processor.py:161} INFO - Started process (PID=35934) to work on /home/sigmoid/Desktop/Personal_Ml/airflow_poc/airflow_env/lib/python3.8/site-packages/airflow/example_dags/example_branch_operator.py
[2024-11-19T13:24:04.895+0530] {processor.py:830} INFO - Processing file /home/sigmoid/Desktop/Personal_Ml/airflow_poc/airflow_env/lib/python3.8/site-packages/airflow/example_dags/example_branch_operator.py for tasks to queue
[2024-11-19T13:24:04.896+0530] {logging_mixin.py:188} INFO - [2024-11-19T13:24:04.896+0530] {dagbag.py:540} INFO - Filling up the DagBag from /home/sigmoid/Desktop/Personal_Ml/airflow_poc/airflow_env/lib/python3.8/site-packages/airflow/example_dags/example_branch_operator.py
[2024-11-19T13:24:04.921+0530] {processor.py:840} INFO - DAG(s) 'example_branch_operator' retrieved from /home/sigmoid/Desktop/Personal_Ml/airflow_poc/airflow_env/lib/python3.8/site-packages/airflow/example_dags/example_branch_operator.py
[2024-11-19T13:24:05.062+0530] {logging_mixin.py:188} INFO - [2024-11-19T13:24:05.062+0530] {dag.py:3047} INFO - Sync 1 DAGs
[2024-11-19T13:24:05.086+0530] {logging_mixin.py:188} INFO - [2024-11-19T13:24:05.086+0530] {dag.py:3834} INFO - Setting next_dagrun for example_branch_operator to 2024-11-18 00:00:00+00:00, run_after=2024-11-19 00:00:00+00:00
[2024-11-19T13:24:05.115+0530] {processor.py:183} INFO - Processing /home/sigmoid/Desktop/Personal_Ml/airflow_poc/airflow_env/lib/python3.8/site-packages/airflow/example_dags/example_branch_operator.py took 0.227 seconds
[2024-11-19T13:25:13.698+0530] {processor.py:161} INFO - Started process (PID=36009) to work on /home/sigmoid/Desktop/Personal_Ml/airflow_poc/airflow_env/lib/python3.8/site-packages/airflow/example_dags/example_branch_operator.py
[2024-11-19T13:25:13.699+0530] {processor.py:830} INFO - Processing file /home/sigmoid/Desktop/Personal_Ml/airflow_poc/airflow_env/lib/python3.8/site-packages/airflow/example_dags/example_branch_operator.py for tasks to queue
[2024-11-19T13:25:13.701+0530] {logging_mixin.py:188} INFO - [2024-11-19T13:25:13.700+0530] {dagbag.py:540} INFO - Filling up the DagBag from /home/sigmoid/Desktop/Personal_Ml/airflow_poc/airflow_env/lib/python3.8/site-packages/airflow/example_dags/example_branch_operator.py
[2024-11-19T13:25:13.722+0530] {processor.py:840} INFO - DAG(s) 'example_branch_operator' retrieved from /home/sigmoid/Desktop/Personal_Ml/airflow_poc/airflow_env/lib/python3.8/site-packages/airflow/example_dags/example_branch_operator.py
[2024-11-19T13:25:13.751+0530] {logging_mixin.py:188} INFO - [2024-11-19T13:25:13.751+0530] {dag.py:3047} INFO - Sync 1 DAGs
[2024-11-19T13:25:13.779+0530] {logging_mixin.py:188} INFO - [2024-11-19T13:25:13.779+0530] {dag.py:3834} INFO - Setting next_dagrun for example_branch_operator to 2024-11-18 00:00:00+00:00, run_after=2024-11-19 00:00:00+00:00
[2024-11-19T13:25:13.815+0530] {processor.py:183} INFO - Processing /home/sigmoid/Desktop/Personal_Ml/airflow_poc/airflow_env/lib/python3.8/site-packages/airflow/example_dags/example_branch_operator.py took 0.121 seconds
[2024-11-19T13:26:19.124+0530] {processor.py:161} INFO - Started process (PID=36097) to work on /home/sigmoid/Desktop/Personal_Ml/airflow_poc/airflow_env/lib/python3.8/site-packages/airflow/example_dags/example_branch_operator.py
[2024-11-19T13:26:19.125+0530] {processor.py:830} INFO - Processing file /home/sigmoid/Desktop/Personal_Ml/airflow_poc/airflow_env/lib/python3.8/site-packages/airflow/example_dags/example_branch_operator.py for tasks to queue
[2024-11-19T13:26:19.126+0530] {logging_mixin.py:188} INFO - [2024-11-19T13:26:19.126+0530] {dagbag.py:540} INFO - Filling up the DagBag from /home/sigmoid/Desktop/Personal_Ml/airflow_poc/airflow_env/lib/python3.8/site-packages/airflow/example_dags/example_branch_operator.py
[2024-11-19T13:26:19.145+0530] {processor.py:840} INFO - DAG(s) 'example_branch_operator' retrieved from /home/sigmoid/Desktop/Personal_Ml/airflow_poc/airflow_env/lib/python3.8/site-packages/airflow/example_dags/example_branch_operator.py
[2024-11-19T13:26:19.170+0530] {logging_mixin.py:188} INFO - [2024-11-19T13:26:19.169+0530] {dag.py:3047} INFO - Sync 1 DAGs
[2024-11-19T13:26:19.192+0530] {logging_mixin.py:188} INFO - [2024-11-19T13:26:19.192+0530] {dag.py:3834} INFO - Setting next_dagrun for example_branch_operator to 2024-11-18 00:00:00+00:00, run_after=2024-11-19 00:00:00+00:00
[2024-11-19T13:26:19.214+0530] {processor.py:183} INFO - Processing /home/sigmoid/Desktop/Personal_Ml/airflow_poc/airflow_env/lib/python3.8/site-packages/airflow/example_dags/example_branch_operator.py took 0.093 seconds
[2024-11-19T13:27:16.918+0530] {processor.py:161} INFO - Started process (PID=36183) to work on /home/sigmoid/Desktop/Personal_Ml/airflow_poc/airflow_env/lib/python3.8/site-packages/airflow/example_dags/example_branch_operator.py
[2024-11-19T13:27:16.919+0530] {processor.py:830} INFO - Processing file /home/sigmoid/Desktop/Personal_Ml/airflow_poc/airflow_env/lib/python3.8/site-packages/airflow/example_dags/example_branch_operator.py for tasks to queue
[2024-11-19T13:27:16.920+0530] {logging_mixin.py:188} INFO - [2024-11-19T13:27:16.919+0530] {dagbag.py:540} INFO - Filling up the DagBag from /home/sigmoid/Desktop/Personal_Ml/airflow_poc/airflow_env/lib/python3.8/site-packages/airflow/example_dags/example_branch_operator.py
[2024-11-19T13:27:16.938+0530] {processor.py:840} INFO - DAG(s) 'example_branch_operator' retrieved from /home/sigmoid/Desktop/Personal_Ml/airflow_poc/airflow_env/lib/python3.8/site-packages/airflow/example_dags/example_branch_operator.py
[2024-11-19T13:27:16.961+0530] {logging_mixin.py:188} INFO - [2024-11-19T13:27:16.961+0530] {dag.py:3047} INFO - Sync 1 DAGs
[2024-11-19T13:27:16.984+0530] {logging_mixin.py:188} INFO - [2024-11-19T13:27:16.984+0530] {dag.py:3834} INFO - Setting next_dagrun for example_branch_operator to 2024-11-18 00:00:00+00:00, run_after=2024-11-19 00:00:00+00:00
[2024-11-19T13:27:17.006+0530] {processor.py:183} INFO - Processing /home/sigmoid/Desktop/Personal_Ml/airflow_poc/airflow_env/lib/python3.8/site-packages/airflow/example_dags/example_branch_operator.py took 0.091 seconds
[2024-11-19T13:28:58.231+0530] {processor.py:161} INFO - Started process (PID=36315) to work on /home/sigmoid/Desktop/Personal_Ml/airflow_poc/airflow_env/lib/python3.8/site-packages/airflow/example_dags/example_branch_operator.py
[2024-11-19T13:28:58.232+0530] {processor.py:830} INFO - Processing file /home/sigmoid/Desktop/Personal_Ml/airflow_poc/airflow_env/lib/python3.8/site-packages/airflow/example_dags/example_branch_operator.py for tasks to queue
[2024-11-19T13:28:58.233+0530] {logging_mixin.py:188} INFO - [2024-11-19T13:28:58.233+0530] {dagbag.py:540} INFO - Filling up the DagBag from /home/sigmoid/Desktop/Personal_Ml/airflow_poc/airflow_env/lib/python3.8/site-packages/airflow/example_dags/example_branch_operator.py
[2024-11-19T13:28:58.258+0530] {processor.py:840} INFO - DAG(s) 'example_branch_operator' retrieved from /home/sigmoid/Desktop/Personal_Ml/airflow_poc/airflow_env/lib/python3.8/site-packages/airflow/example_dags/example_branch_operator.py
[2024-11-19T13:28:58.434+0530] {logging_mixin.py:188} INFO - [2024-11-19T13:28:58.434+0530] {dag.py:3047} INFO - Sync 1 DAGs
[2024-11-19T13:28:58.465+0530] {logging_mixin.py:188} INFO - [2024-11-19T13:28:58.464+0530] {dag.py:3834} INFO - Setting next_dagrun for example_branch_operator to 2024-11-18 00:00:00+00:00, run_after=2024-11-19 00:00:00+00:00
[2024-11-19T13:28:58.497+0530] {processor.py:183} INFO - Processing /home/sigmoid/Desktop/Personal_Ml/airflow_poc/airflow_env/lib/python3.8/site-packages/airflow/example_dags/example_branch_operator.py took 0.270 seconds
[2024-11-19T13:29:55.008+0530] {processor.py:161} INFO - Started process (PID=36380) to work on /home/sigmoid/Desktop/Personal_Ml/airflow_poc/airflow_env/lib/python3.8/site-packages/airflow/example_dags/example_branch_operator.py
[2024-11-19T13:29:55.009+0530] {processor.py:830} INFO - Processing file /home/sigmoid/Desktop/Personal_Ml/airflow_poc/airflow_env/lib/python3.8/site-packages/airflow/example_dags/example_branch_operator.py for tasks to queue
[2024-11-19T13:29:55.010+0530] {logging_mixin.py:188} INFO - [2024-11-19T13:29:55.010+0530] {dagbag.py:540} INFO - Filling up the DagBag from /home/sigmoid/Desktop/Personal_Ml/airflow_poc/airflow_env/lib/python3.8/site-packages/airflow/example_dags/example_branch_operator.py
[2024-11-19T13:29:55.039+0530] {processor.py:840} INFO - DAG(s) 'example_branch_operator' retrieved from /home/sigmoid/Desktop/Personal_Ml/airflow_poc/airflow_env/lib/python3.8/site-packages/airflow/example_dags/example_branch_operator.py
[2024-11-19T13:29:55.090+0530] {logging_mixin.py:188} INFO - [2024-11-19T13:29:55.090+0530] {dag.py:3047} INFO - Sync 1 DAGs
[2024-11-19T13:29:55.134+0530] {logging_mixin.py:188} INFO - [2024-11-19T13:29:55.133+0530] {dag.py:3834} INFO - Setting next_dagrun for example_branch_operator to 2024-11-18 00:00:00+00:00, run_after=2024-11-19 00:00:00+00:00
[2024-11-19T13:29:55.164+0530] {processor.py:183} INFO - Processing /home/sigmoid/Desktop/Personal_Ml/airflow_poc/airflow_env/lib/python3.8/site-packages/airflow/example_dags/example_branch_operator.py took 0.159 seconds
[2024-11-19T13:31:12.544+0530] {processor.py:161} INFO - Started process (PID=36482) to work on /home/sigmoid/Desktop/Personal_Ml/airflow_poc/airflow_env/lib/python3.8/site-packages/airflow/example_dags/example_branch_operator.py
[2024-11-19T13:31:12.545+0530] {processor.py:830} INFO - Processing file /home/sigmoid/Desktop/Personal_Ml/airflow_poc/airflow_env/lib/python3.8/site-packages/airflow/example_dags/example_branch_operator.py for tasks to queue
[2024-11-19T13:31:12.546+0530] {logging_mixin.py:188} INFO - [2024-11-19T13:31:12.546+0530] {dagbag.py:540} INFO - Filling up the DagBag from /home/sigmoid/Desktop/Personal_Ml/airflow_poc/airflow_env/lib/python3.8/site-packages/airflow/example_dags/example_branch_operator.py
[2024-11-19T13:31:12.564+0530] {processor.py:840} INFO - DAG(s) 'example_branch_operator' retrieved from /home/sigmoid/Desktop/Personal_Ml/airflow_poc/airflow_env/lib/python3.8/site-packages/airflow/example_dags/example_branch_operator.py
[2024-11-19T13:31:12.587+0530] {logging_mixin.py:188} INFO - [2024-11-19T13:31:12.587+0530] {dag.py:3047} INFO - Sync 1 DAGs
[2024-11-19T13:31:12.609+0530] {logging_mixin.py:188} INFO - [2024-11-19T13:31:12.608+0530] {dag.py:3834} INFO - Setting next_dagrun for example_branch_operator to 2024-11-18 00:00:00+00:00, run_after=2024-11-19 00:00:00+00:00
[2024-11-19T13:31:12.630+0530] {processor.py:183} INFO - Processing /home/sigmoid/Desktop/Personal_Ml/airflow_poc/airflow_env/lib/python3.8/site-packages/airflow/example_dags/example_branch_operator.py took 0.089 seconds
[2024-11-19T13:32:16.275+0530] {processor.py:161} INFO - Started process (PID=36818) to work on /home/sigmoid/Desktop/Personal_Ml/airflow_poc/airflow_env/lib/python3.8/site-packages/airflow/example_dags/example_branch_operator.py
[2024-11-19T13:32:16.276+0530] {processor.py:830} INFO - Processing file /home/sigmoid/Desktop/Personal_Ml/airflow_poc/airflow_env/lib/python3.8/site-packages/airflow/example_dags/example_branch_operator.py for tasks to queue
[2024-11-19T13:32:16.277+0530] {logging_mixin.py:188} INFO - [2024-11-19T13:32:16.276+0530] {dagbag.py:540} INFO - Filling up the DagBag from /home/sigmoid/Desktop/Personal_Ml/airflow_poc/airflow_env/lib/python3.8/site-packages/airflow/example_dags/example_branch_operator.py
[2024-11-19T13:32:16.295+0530] {processor.py:840} INFO - DAG(s) 'example_branch_operator' retrieved from /home/sigmoid/Desktop/Personal_Ml/airflow_poc/airflow_env/lib/python3.8/site-packages/airflow/example_dags/example_branch_operator.py
[2024-11-19T13:32:16.318+0530] {logging_mixin.py:188} INFO - [2024-11-19T13:32:16.318+0530] {dag.py:3047} INFO - Sync 1 DAGs
[2024-11-19T13:32:16.340+0530] {logging_mixin.py:188} INFO - [2024-11-19T13:32:16.340+0530] {dag.py:3834} INFO - Setting next_dagrun for example_branch_operator to 2024-11-18 00:00:00+00:00, run_after=2024-11-19 00:00:00+00:00
[2024-11-19T13:32:16.370+0530] {processor.py:183} INFO - Processing /home/sigmoid/Desktop/Personal_Ml/airflow_poc/airflow_env/lib/python3.8/site-packages/airflow/example_dags/example_branch_operator.py took 0.099 seconds
[2024-11-19T13:33:14.717+0530] {processor.py:161} INFO - Started process (PID=36899) to work on /home/sigmoid/Desktop/Personal_Ml/airflow_poc/airflow_env/lib/python3.8/site-packages/airflow/example_dags/example_branch_operator.py
[2024-11-19T13:33:14.718+0530] {processor.py:830} INFO - Processing file /home/sigmoid/Desktop/Personal_Ml/airflow_poc/airflow_env/lib/python3.8/site-packages/airflow/example_dags/example_branch_operator.py for tasks to queue
[2024-11-19T13:33:14.719+0530] {logging_mixin.py:188} INFO - [2024-11-19T13:33:14.718+0530] {dagbag.py:540} INFO - Filling up the DagBag from /home/sigmoid/Desktop/Personal_Ml/airflow_poc/airflow_env/lib/python3.8/site-packages/airflow/example_dags/example_branch_operator.py
[2024-11-19T13:33:14.737+0530] {processor.py:840} INFO - DAG(s) 'example_branch_operator' retrieved from /home/sigmoid/Desktop/Personal_Ml/airflow_poc/airflow_env/lib/python3.8/site-packages/airflow/example_dags/example_branch_operator.py
[2024-11-19T13:33:14.760+0530] {logging_mixin.py:188} INFO - [2024-11-19T13:33:14.760+0530] {dag.py:3047} INFO - Sync 1 DAGs
[2024-11-19T13:33:14.782+0530] {logging_mixin.py:188} INFO - [2024-11-19T13:33:14.782+0530] {dag.py:3834} INFO - Setting next_dagrun for example_branch_operator to 2024-11-18 00:00:00+00:00, run_after=2024-11-19 00:00:00+00:00
[2024-11-19T13:33:14.802+0530] {processor.py:183} INFO - Processing /home/sigmoid/Desktop/Personal_Ml/airflow_poc/airflow_env/lib/python3.8/site-packages/airflow/example_dags/example_branch_operator.py took 0.089 seconds
[2024-11-19T13:41:53.067+0530] {processor.py:161} INFO - Started process (PID=37279) to work on /home/sigmoid/Desktop/Personal_Ml/airflow_poc/airflow_env/lib/python3.8/site-packages/airflow/example_dags/example_branch_operator.py
[2024-11-19T13:41:53.068+0530] {processor.py:830} INFO - Processing file /home/sigmoid/Desktop/Personal_Ml/airflow_poc/airflow_env/lib/python3.8/site-packages/airflow/example_dags/example_branch_operator.py for tasks to queue
[2024-11-19T13:41:53.069+0530] {logging_mixin.py:188} INFO - [2024-11-19T13:41:53.069+0530] {dagbag.py:540} INFO - Filling up the DagBag from /home/sigmoid/Desktop/Personal_Ml/airflow_poc/airflow_env/lib/python3.8/site-packages/airflow/example_dags/example_branch_operator.py
[2024-11-19T13:41:53.087+0530] {processor.py:840} INFO - DAG(s) 'example_branch_operator' retrieved from /home/sigmoid/Desktop/Personal_Ml/airflow_poc/airflow_env/lib/python3.8/site-packages/airflow/example_dags/example_branch_operator.py
[2024-11-19T13:41:53.190+0530] {logging_mixin.py:188} INFO - [2024-11-19T13:41:53.189+0530] {dag.py:3047} INFO - Sync 1 DAGs
[2024-11-19T13:41:53.209+0530] {logging_mixin.py:188} INFO - [2024-11-19T13:41:53.209+0530] {dag.py:3834} INFO - Setting next_dagrun for example_branch_operator to 2024-11-18 00:00:00+00:00, run_after=2024-11-19 00:00:00+00:00
[2024-11-19T13:41:53.230+0530] {processor.py:183} INFO - Processing /home/sigmoid/Desktop/Personal_Ml/airflow_poc/airflow_env/lib/python3.8/site-packages/airflow/example_dags/example_branch_operator.py took 0.166 seconds
[2024-11-19T13:42:55.691+0530] {processor.py:161} INFO - Started process (PID=37357) to work on /home/sigmoid/Desktop/Personal_Ml/airflow_poc/airflow_env/lib/python3.8/site-packages/airflow/example_dags/example_branch_operator.py
[2024-11-19T13:42:55.692+0530] {processor.py:830} INFO - Processing file /home/sigmoid/Desktop/Personal_Ml/airflow_poc/airflow_env/lib/python3.8/site-packages/airflow/example_dags/example_branch_operator.py for tasks to queue
[2024-11-19T13:42:55.693+0530] {logging_mixin.py:188} INFO - [2024-11-19T13:42:55.693+0530] {dagbag.py:540} INFO - Filling up the DagBag from /home/sigmoid/Desktop/Personal_Ml/airflow_poc/airflow_env/lib/python3.8/site-packages/airflow/example_dags/example_branch_operator.py
[2024-11-19T13:42:55.711+0530] {processor.py:840} INFO - DAG(s) 'example_branch_operator' retrieved from /home/sigmoid/Desktop/Personal_Ml/airflow_poc/airflow_env/lib/python3.8/site-packages/airflow/example_dags/example_branch_operator.py
[2024-11-19T13:42:55.734+0530] {logging_mixin.py:188} INFO - [2024-11-19T13:42:55.734+0530] {dag.py:3047} INFO - Sync 1 DAGs
[2024-11-19T13:42:55.755+0530] {logging_mixin.py:188} INFO - [2024-11-19T13:42:55.755+0530] {dag.py:3834} INFO - Setting next_dagrun for example_branch_operator to 2024-11-18 00:00:00+00:00, run_after=2024-11-19 00:00:00+00:00
[2024-11-19T13:42:55.776+0530] {processor.py:183} INFO - Processing /home/sigmoid/Desktop/Personal_Ml/airflow_poc/airflow_env/lib/python3.8/site-packages/airflow/example_dags/example_branch_operator.py took 0.088 seconds
[2024-11-19T13:44:01.699+0530] {processor.py:161} INFO - Started process (PID=37432) to work on /home/sigmoid/Desktop/Personal_Ml/airflow_poc/airflow_env/lib/python3.8/site-packages/airflow/example_dags/example_branch_operator.py
[2024-11-19T13:44:01.700+0530] {processor.py:830} INFO - Processing file /home/sigmoid/Desktop/Personal_Ml/airflow_poc/airflow_env/lib/python3.8/site-packages/airflow/example_dags/example_branch_operator.py for tasks to queue
[2024-11-19T13:44:01.701+0530] {logging_mixin.py:188} INFO - [2024-11-19T13:44:01.701+0530] {dagbag.py:540} INFO - Filling up the DagBag from /home/sigmoid/Desktop/Personal_Ml/airflow_poc/airflow_env/lib/python3.8/site-packages/airflow/example_dags/example_branch_operator.py
[2024-11-19T13:44:01.722+0530] {processor.py:840} INFO - DAG(s) 'example_branch_operator' retrieved from /home/sigmoid/Desktop/Personal_Ml/airflow_poc/airflow_env/lib/python3.8/site-packages/airflow/example_dags/example_branch_operator.py
[2024-11-19T13:44:01.746+0530] {logging_mixin.py:188} INFO - [2024-11-19T13:44:01.745+0530] {dag.py:3047} INFO - Sync 1 DAGs
[2024-11-19T13:44:01.766+0530] {logging_mixin.py:188} INFO - [2024-11-19T13:44:01.766+0530] {dag.py:3834} INFO - Setting next_dagrun for example_branch_operator to 2024-11-18 00:00:00+00:00, run_after=2024-11-19 00:00:00+00:00
[2024-11-19T13:44:01.787+0530] {processor.py:183} INFO - Processing /home/sigmoid/Desktop/Personal_Ml/airflow_poc/airflow_env/lib/python3.8/site-packages/airflow/example_dags/example_branch_operator.py took 0.092 seconds
[2024-11-19T13:45:02.522+0530] {processor.py:161} INFO - Started process (PID=37510) to work on /home/sigmoid/Desktop/Personal_Ml/airflow_poc/airflow_env/lib/python3.8/site-packages/airflow/example_dags/example_branch_operator.py
[2024-11-19T13:45:02.523+0530] {processor.py:830} INFO - Processing file /home/sigmoid/Desktop/Personal_Ml/airflow_poc/airflow_env/lib/python3.8/site-packages/airflow/example_dags/example_branch_operator.py for tasks to queue
[2024-11-19T13:45:02.524+0530] {logging_mixin.py:188} INFO - [2024-11-19T13:45:02.524+0530] {dagbag.py:540} INFO - Filling up the DagBag from /home/sigmoid/Desktop/Personal_Ml/airflow_poc/airflow_env/lib/python3.8/site-packages/airflow/example_dags/example_branch_operator.py
[2024-11-19T13:45:02.542+0530] {processor.py:840} INFO - DAG(s) 'example_branch_operator' retrieved from /home/sigmoid/Desktop/Personal_Ml/airflow_poc/airflow_env/lib/python3.8/site-packages/airflow/example_dags/example_branch_operator.py
[2024-11-19T13:45:02.565+0530] {logging_mixin.py:188} INFO - [2024-11-19T13:45:02.565+0530] {dag.py:3047} INFO - Sync 1 DAGs
[2024-11-19T13:45:02.587+0530] {logging_mixin.py:188} INFO - [2024-11-19T13:45:02.586+0530] {dag.py:3834} INFO - Setting next_dagrun for example_branch_operator to 2024-11-18 00:00:00+00:00, run_after=2024-11-19 00:00:00+00:00
[2024-11-19T13:45:02.608+0530] {processor.py:183} INFO - Processing /home/sigmoid/Desktop/Personal_Ml/airflow_poc/airflow_env/lib/python3.8/site-packages/airflow/example_dags/example_branch_operator.py took 0.089 seconds
[2024-11-19T13:46:06.101+0530] {processor.py:161} INFO - Started process (PID=37583) to work on /home/sigmoid/Desktop/Personal_Ml/airflow_poc/airflow_env/lib/python3.8/site-packages/airflow/example_dags/example_branch_operator.py
[2024-11-19T13:46:06.102+0530] {processor.py:830} INFO - Processing file /home/sigmoid/Desktop/Personal_Ml/airflow_poc/airflow_env/lib/python3.8/site-packages/airflow/example_dags/example_branch_operator.py for tasks to queue
[2024-11-19T13:46:06.103+0530] {logging_mixin.py:188} INFO - [2024-11-19T13:46:06.103+0530] {dagbag.py:540} INFO - Filling up the DagBag from /home/sigmoid/Desktop/Personal_Ml/airflow_poc/airflow_env/lib/python3.8/site-packages/airflow/example_dags/example_branch_operator.py
[2024-11-19T13:46:06.121+0530] {processor.py:840} INFO - DAG(s) 'example_branch_operator' retrieved from /home/sigmoid/Desktop/Personal_Ml/airflow_poc/airflow_env/lib/python3.8/site-packages/airflow/example_dags/example_branch_operator.py
[2024-11-19T13:46:06.144+0530] {logging_mixin.py:188} INFO - [2024-11-19T13:46:06.144+0530] {dag.py:3047} INFO - Sync 1 DAGs
[2024-11-19T13:46:06.167+0530] {logging_mixin.py:188} INFO - [2024-11-19T13:46:06.167+0530] {dag.py:3834} INFO - Setting next_dagrun for example_branch_operator to 2024-11-18 00:00:00+00:00, run_after=2024-11-19 00:00:00+00:00
[2024-11-19T13:46:06.189+0530] {processor.py:183} INFO - Processing /home/sigmoid/Desktop/Personal_Ml/airflow_poc/airflow_env/lib/python3.8/site-packages/airflow/example_dags/example_branch_operator.py took 0.091 seconds
[2024-11-19T13:47:10.819+0530] {processor.py:161} INFO - Started process (PID=37918) to work on /home/sigmoid/Desktop/Personal_Ml/airflow_poc/airflow_env/lib/python3.8/site-packages/airflow/example_dags/example_branch_operator.py
[2024-11-19T13:47:10.820+0530] {processor.py:830} INFO - Processing file /home/sigmoid/Desktop/Personal_Ml/airflow_poc/airflow_env/lib/python3.8/site-packages/airflow/example_dags/example_branch_operator.py for tasks to queue
[2024-11-19T13:47:10.821+0530] {logging_mixin.py:188} INFO - [2024-11-19T13:47:10.821+0530] {dagbag.py:540} INFO - Filling up the DagBag from /home/sigmoid/Desktop/Personal_Ml/airflow_poc/airflow_env/lib/python3.8/site-packages/airflow/example_dags/example_branch_operator.py
[2024-11-19T13:47:10.839+0530] {processor.py:840} INFO - DAG(s) 'example_branch_operator' retrieved from /home/sigmoid/Desktop/Personal_Ml/airflow_poc/airflow_env/lib/python3.8/site-packages/airflow/example_dags/example_branch_operator.py
[2024-11-19T13:47:10.862+0530] {logging_mixin.py:188} INFO - [2024-11-19T13:47:10.861+0530] {dag.py:3047} INFO - Sync 1 DAGs
[2024-11-19T13:47:10.883+0530] {logging_mixin.py:188} INFO - [2024-11-19T13:47:10.883+0530] {dag.py:3834} INFO - Setting next_dagrun for example_branch_operator to 2024-11-18 00:00:00+00:00, run_after=2024-11-19 00:00:00+00:00
[2024-11-19T13:47:10.904+0530] {processor.py:183} INFO - Processing /home/sigmoid/Desktop/Personal_Ml/airflow_poc/airflow_env/lib/python3.8/site-packages/airflow/example_dags/example_branch_operator.py took 0.088 seconds
[2024-11-19T13:48:09.824+0530] {processor.py:161} INFO - Started process (PID=37990) to work on /home/sigmoid/Desktop/Personal_Ml/airflow_poc/airflow_env/lib/python3.8/site-packages/airflow/example_dags/example_branch_operator.py
[2024-11-19T13:48:09.825+0530] {processor.py:830} INFO - Processing file /home/sigmoid/Desktop/Personal_Ml/airflow_poc/airflow_env/lib/python3.8/site-packages/airflow/example_dags/example_branch_operator.py for tasks to queue
[2024-11-19T13:48:09.826+0530] {logging_mixin.py:188} INFO - [2024-11-19T13:48:09.825+0530] {dagbag.py:540} INFO - Filling up the DagBag from /home/sigmoid/Desktop/Personal_Ml/airflow_poc/airflow_env/lib/python3.8/site-packages/airflow/example_dags/example_branch_operator.py
[2024-11-19T13:48:09.843+0530] {processor.py:840} INFO - DAG(s) 'example_branch_operator' retrieved from /home/sigmoid/Desktop/Personal_Ml/airflow_poc/airflow_env/lib/python3.8/site-packages/airflow/example_dags/example_branch_operator.py
[2024-11-19T13:48:09.866+0530] {logging_mixin.py:188} INFO - [2024-11-19T13:48:09.866+0530] {dag.py:3047} INFO - Sync 1 DAGs
[2024-11-19T13:48:09.888+0530] {logging_mixin.py:188} INFO - [2024-11-19T13:48:09.888+0530] {dag.py:3834} INFO - Setting next_dagrun for example_branch_operator to 2024-11-18 00:00:00+00:00, run_after=2024-11-19 00:00:00+00:00
[2024-11-19T13:48:09.910+0530] {processor.py:183} INFO - Processing /home/sigmoid/Desktop/Personal_Ml/airflow_poc/airflow_env/lib/python3.8/site-packages/airflow/example_dags/example_branch_operator.py took 0.089 seconds
[2024-11-19T13:49:09.978+0530] {processor.py:161} INFO - Started process (PID=38066) to work on /home/sigmoid/Desktop/Personal_Ml/airflow_poc/airflow_env/lib/python3.8/site-packages/airflow/example_dags/example_branch_operator.py
[2024-11-19T13:49:09.979+0530] {processor.py:830} INFO - Processing file /home/sigmoid/Desktop/Personal_Ml/airflow_poc/airflow_env/lib/python3.8/site-packages/airflow/example_dags/example_branch_operator.py for tasks to queue
[2024-11-19T13:49:09.980+0530] {logging_mixin.py:188} INFO - [2024-11-19T13:49:09.980+0530] {dagbag.py:540} INFO - Filling up the DagBag from /home/sigmoid/Desktop/Personal_Ml/airflow_poc/airflow_env/lib/python3.8/site-packages/airflow/example_dags/example_branch_operator.py
[2024-11-19T13:49:09.998+0530] {processor.py:840} INFO - DAG(s) 'example_branch_operator' retrieved from /home/sigmoid/Desktop/Personal_Ml/airflow_poc/airflow_env/lib/python3.8/site-packages/airflow/example_dags/example_branch_operator.py
[2024-11-19T13:49:10.021+0530] {logging_mixin.py:188} INFO - [2024-11-19T13:49:10.020+0530] {dag.py:3047} INFO - Sync 1 DAGs
[2024-11-19T13:49:10.042+0530] {logging_mixin.py:188} INFO - [2024-11-19T13:49:10.042+0530] {dag.py:3834} INFO - Setting next_dagrun for example_branch_operator to 2024-11-18 00:00:00+00:00, run_after=2024-11-19 00:00:00+00:00
[2024-11-19T13:49:10.063+0530] {processor.py:183} INFO - Processing /home/sigmoid/Desktop/Personal_Ml/airflow_poc/airflow_env/lib/python3.8/site-packages/airflow/example_dags/example_branch_operator.py took 0.089 seconds
[2024-11-19T13:50:05.213+0530] {processor.py:161} INFO - Started process (PID=38133) to work on /home/sigmoid/Desktop/Personal_Ml/airflow_poc/airflow_env/lib/python3.8/site-packages/airflow/example_dags/example_branch_operator.py
[2024-11-19T13:50:05.214+0530] {processor.py:830} INFO - Processing file /home/sigmoid/Desktop/Personal_Ml/airflow_poc/airflow_env/lib/python3.8/site-packages/airflow/example_dags/example_branch_operator.py for tasks to queue
[2024-11-19T13:50:05.215+0530] {logging_mixin.py:188} INFO - [2024-11-19T13:50:05.214+0530] {dagbag.py:540} INFO - Filling up the DagBag from /home/sigmoid/Desktop/Personal_Ml/airflow_poc/airflow_env/lib/python3.8/site-packages/airflow/example_dags/example_branch_operator.py
[2024-11-19T13:50:05.233+0530] {processor.py:840} INFO - DAG(s) 'example_branch_operator' retrieved from /home/sigmoid/Desktop/Personal_Ml/airflow_poc/airflow_env/lib/python3.8/site-packages/airflow/example_dags/example_branch_operator.py
[2024-11-19T13:50:05.256+0530] {logging_mixin.py:188} INFO - [2024-11-19T13:50:05.256+0530] {dag.py:3047} INFO - Sync 1 DAGs
[2024-11-19T13:50:05.277+0530] {logging_mixin.py:188} INFO - [2024-11-19T13:50:05.277+0530] {dag.py:3834} INFO - Setting next_dagrun for example_branch_operator to 2024-11-18 00:00:00+00:00, run_after=2024-11-19 00:00:00+00:00
[2024-11-19T13:50:05.298+0530] {processor.py:183} INFO - Processing /home/sigmoid/Desktop/Personal_Ml/airflow_poc/airflow_env/lib/python3.8/site-packages/airflow/example_dags/example_branch_operator.py took 0.089 seconds
[2024-11-19T13:51:08.080+0530] {processor.py:161} INFO - Started process (PID=38209) to work on /home/sigmoid/Desktop/Personal_Ml/airflow_poc/airflow_env/lib/python3.8/site-packages/airflow/example_dags/example_branch_operator.py
[2024-11-19T13:51:08.082+0530] {processor.py:830} INFO - Processing file /home/sigmoid/Desktop/Personal_Ml/airflow_poc/airflow_env/lib/python3.8/site-packages/airflow/example_dags/example_branch_operator.py for tasks to queue
[2024-11-19T13:51:08.083+0530] {logging_mixin.py:188} INFO - [2024-11-19T13:51:08.082+0530] {dagbag.py:540} INFO - Filling up the DagBag from /home/sigmoid/Desktop/Personal_Ml/airflow_poc/airflow_env/lib/python3.8/site-packages/airflow/example_dags/example_branch_operator.py
[2024-11-19T13:51:08.101+0530] {processor.py:840} INFO - DAG(s) 'example_branch_operator' retrieved from /home/sigmoid/Desktop/Personal_Ml/airflow_poc/airflow_env/lib/python3.8/site-packages/airflow/example_dags/example_branch_operator.py
[2024-11-19T13:51:08.124+0530] {logging_mixin.py:188} INFO - [2024-11-19T13:51:08.124+0530] {dag.py:3047} INFO - Sync 1 DAGs
[2024-11-19T13:51:08.146+0530] {logging_mixin.py:188} INFO - [2024-11-19T13:51:08.146+0530] {dag.py:3834} INFO - Setting next_dagrun for example_branch_operator to 2024-11-18 00:00:00+00:00, run_after=2024-11-19 00:00:00+00:00
[2024-11-19T13:51:08.169+0530] {processor.py:183} INFO - Processing /home/sigmoid/Desktop/Personal_Ml/airflow_poc/airflow_env/lib/python3.8/site-packages/airflow/example_dags/example_branch_operator.py took 0.092 seconds
[2024-11-19T13:52:10.970+0530] {processor.py:161} INFO - Started process (PID=38285) to work on /home/sigmoid/Desktop/Personal_Ml/airflow_poc/airflow_env/lib/python3.8/site-packages/airflow/example_dags/example_branch_operator.py
[2024-11-19T13:52:10.971+0530] {processor.py:830} INFO - Processing file /home/sigmoid/Desktop/Personal_Ml/airflow_poc/airflow_env/lib/python3.8/site-packages/airflow/example_dags/example_branch_operator.py for tasks to queue
[2024-11-19T13:52:10.972+0530] {logging_mixin.py:188} INFO - [2024-11-19T13:52:10.972+0530] {dagbag.py:540} INFO - Filling up the DagBag from /home/sigmoid/Desktop/Personal_Ml/airflow_poc/airflow_env/lib/python3.8/site-packages/airflow/example_dags/example_branch_operator.py
[2024-11-19T13:52:10.990+0530] {processor.py:840} INFO - DAG(s) 'example_branch_operator' retrieved from /home/sigmoid/Desktop/Personal_Ml/airflow_poc/airflow_env/lib/python3.8/site-packages/airflow/example_dags/example_branch_operator.py
[2024-11-19T13:52:11.013+0530] {logging_mixin.py:188} INFO - [2024-11-19T13:52:11.013+0530] {dag.py:3047} INFO - Sync 1 DAGs
[2024-11-19T13:52:11.035+0530] {logging_mixin.py:188} INFO - [2024-11-19T13:52:11.035+0530] {dag.py:3834} INFO - Setting next_dagrun for example_branch_operator to 2024-11-18 00:00:00+00:00, run_after=2024-11-19 00:00:00+00:00
[2024-11-19T13:52:11.057+0530] {processor.py:183} INFO - Processing /home/sigmoid/Desktop/Personal_Ml/airflow_poc/airflow_env/lib/python3.8/site-packages/airflow/example_dags/example_branch_operator.py took 0.090 seconds
[2024-11-19T13:53:11.605+0530] {processor.py:161} INFO - Started process (PID=38363) to work on /home/sigmoid/Desktop/Personal_Ml/airflow_poc/airflow_env/lib/python3.8/site-packages/airflow/example_dags/example_branch_operator.py
[2024-11-19T13:53:11.606+0530] {processor.py:830} INFO - Processing file /home/sigmoid/Desktop/Personal_Ml/airflow_poc/airflow_env/lib/python3.8/site-packages/airflow/example_dags/example_branch_operator.py for tasks to queue
[2024-11-19T13:53:11.607+0530] {logging_mixin.py:188} INFO - [2024-11-19T13:53:11.607+0530] {dagbag.py:540} INFO - Filling up the DagBag from /home/sigmoid/Desktop/Personal_Ml/airflow_poc/airflow_env/lib/python3.8/site-packages/airflow/example_dags/example_branch_operator.py
[2024-11-19T13:53:11.625+0530] {processor.py:840} INFO - DAG(s) 'example_branch_operator' retrieved from /home/sigmoid/Desktop/Personal_Ml/airflow_poc/airflow_env/lib/python3.8/site-packages/airflow/example_dags/example_branch_operator.py
[2024-11-19T13:53:11.650+0530] {logging_mixin.py:188} INFO - [2024-11-19T13:53:11.650+0530] {dag.py:3047} INFO - Sync 1 DAGs
[2024-11-19T13:53:11.693+0530] {logging_mixin.py:188} INFO - [2024-11-19T13:53:11.693+0530] {dag.py:3834} INFO - Setting next_dagrun for example_branch_operator to 2024-11-18 00:00:00+00:00, run_after=2024-11-19 00:00:00+00:00
[2024-11-19T13:53:11.722+0530] {processor.py:183} INFO - Processing /home/sigmoid/Desktop/Personal_Ml/airflow_poc/airflow_env/lib/python3.8/site-packages/airflow/example_dags/example_branch_operator.py took 0.120 seconds
[2024-11-19T14:30:55.943+0530] {processor.py:161} INFO - Started process (PID=54664) to work on /home/sigmoid/Desktop/Personal_Ml/airflow_poc/airflow_env/lib/python3.8/site-packages/airflow/example_dags/example_branch_operator.py
[2024-11-19T14:30:55.944+0530] {processor.py:830} INFO - Processing file /home/sigmoid/Desktop/Personal_Ml/airflow_poc/airflow_env/lib/python3.8/site-packages/airflow/example_dags/example_branch_operator.py for tasks to queue
[2024-11-19T14:30:55.946+0530] {logging_mixin.py:188} INFO - [2024-11-19T14:30:55.945+0530] {dagbag.py:540} INFO - Filling up the DagBag from /home/sigmoid/Desktop/Personal_Ml/airflow_poc/airflow_env/lib/python3.8/site-packages/airflow/example_dags/example_branch_operator.py
[2024-11-19T14:30:55.965+0530] {processor.py:840} INFO - DAG(s) 'example_branch_operator' retrieved from /home/sigmoid/Desktop/Personal_Ml/airflow_poc/airflow_env/lib/python3.8/site-packages/airflow/example_dags/example_branch_operator.py
[2024-11-19T14:30:56.070+0530] {logging_mixin.py:188} INFO - [2024-11-19T14:30:56.070+0530] {dag.py:3047} INFO - Sync 1 DAGs
[2024-11-19T14:30:56.090+0530] {logging_mixin.py:188} INFO - [2024-11-19T14:30:56.090+0530] {dag.py:3834} INFO - Setting next_dagrun for example_branch_operator to 2024-11-18 00:00:00+00:00, run_after=2024-11-19 00:00:00+00:00
[2024-11-19T14:30:56.118+0530] {processor.py:183} INFO - Processing /home/sigmoid/Desktop/Personal_Ml/airflow_poc/airflow_env/lib/python3.8/site-packages/airflow/example_dags/example_branch_operator.py took 0.178 seconds
[2024-11-19T14:32:04.867+0530] {processor.py:161} INFO - Started process (PID=55048) to work on /home/sigmoid/Desktop/Personal_Ml/airflow_poc/airflow_env/lib/python3.8/site-packages/airflow/example_dags/example_branch_operator.py
[2024-11-19T14:32:04.869+0530] {processor.py:830} INFO - Processing file /home/sigmoid/Desktop/Personal_Ml/airflow_poc/airflow_env/lib/python3.8/site-packages/airflow/example_dags/example_branch_operator.py for tasks to queue
[2024-11-19T14:32:04.870+0530] {logging_mixin.py:188} INFO - [2024-11-19T14:32:04.870+0530] {dagbag.py:540} INFO - Filling up the DagBag from /home/sigmoid/Desktop/Personal_Ml/airflow_poc/airflow_env/lib/python3.8/site-packages/airflow/example_dags/example_branch_operator.py
[2024-11-19T14:32:04.896+0530] {processor.py:840} INFO - DAG(s) 'example_branch_operator' retrieved from /home/sigmoid/Desktop/Personal_Ml/airflow_poc/airflow_env/lib/python3.8/site-packages/airflow/example_dags/example_branch_operator.py
[2024-11-19T14:32:04.920+0530] {logging_mixin.py:188} INFO - [2024-11-19T14:32:04.919+0530] {dag.py:3047} INFO - Sync 1 DAGs
[2024-11-19T14:32:04.941+0530] {logging_mixin.py:188} INFO - [2024-11-19T14:32:04.941+0530] {dag.py:3834} INFO - Setting next_dagrun for example_branch_operator to 2024-11-18 00:00:00+00:00, run_after=2024-11-19 00:00:00+00:00
[2024-11-19T14:32:04.962+0530] {processor.py:183} INFO - Processing /home/sigmoid/Desktop/Personal_Ml/airflow_poc/airflow_env/lib/python3.8/site-packages/airflow/example_dags/example_branch_operator.py took 0.100 seconds
[2024-11-19T14:33:07.263+0530] {processor.py:161} INFO - Started process (PID=55124) to work on /home/sigmoid/Desktop/Personal_Ml/airflow_poc/airflow_env/lib/python3.8/site-packages/airflow/example_dags/example_branch_operator.py
[2024-11-19T14:33:07.264+0530] {processor.py:830} INFO - Processing file /home/sigmoid/Desktop/Personal_Ml/airflow_poc/airflow_env/lib/python3.8/site-packages/airflow/example_dags/example_branch_operator.py for tasks to queue
[2024-11-19T14:33:07.265+0530] {logging_mixin.py:188} INFO - [2024-11-19T14:33:07.264+0530] {dagbag.py:540} INFO - Filling up the DagBag from /home/sigmoid/Desktop/Personal_Ml/airflow_poc/airflow_env/lib/python3.8/site-packages/airflow/example_dags/example_branch_operator.py
[2024-11-19T14:33:07.283+0530] {processor.py:840} INFO - DAG(s) 'example_branch_operator' retrieved from /home/sigmoid/Desktop/Personal_Ml/airflow_poc/airflow_env/lib/python3.8/site-packages/airflow/example_dags/example_branch_operator.py
[2024-11-19T14:33:07.307+0530] {logging_mixin.py:188} INFO - [2024-11-19T14:33:07.307+0530] {dag.py:3047} INFO - Sync 1 DAGs
[2024-11-19T14:33:07.329+0530] {logging_mixin.py:188} INFO - [2024-11-19T14:33:07.328+0530] {dag.py:3834} INFO - Setting next_dagrun for example_branch_operator to 2024-11-18 00:00:00+00:00, run_after=2024-11-19 00:00:00+00:00
[2024-11-19T14:33:07.349+0530] {processor.py:183} INFO - Processing /home/sigmoid/Desktop/Personal_Ml/airflow_poc/airflow_env/lib/python3.8/site-packages/airflow/example_dags/example_branch_operator.py took 0.089 seconds
[2024-11-19T14:34:13.403+0530] {processor.py:161} INFO - Started process (PID=55207) to work on /home/sigmoid/Desktop/Personal_Ml/airflow_poc/airflow_env/lib/python3.8/site-packages/airflow/example_dags/example_branch_operator.py
[2024-11-19T14:34:13.405+0530] {processor.py:830} INFO - Processing file /home/sigmoid/Desktop/Personal_Ml/airflow_poc/airflow_env/lib/python3.8/site-packages/airflow/example_dags/example_branch_operator.py for tasks to queue
[2024-11-19T14:34:13.406+0530] {logging_mixin.py:188} INFO - [2024-11-19T14:34:13.405+0530] {dagbag.py:540} INFO - Filling up the DagBag from /home/sigmoid/Desktop/Personal_Ml/airflow_poc/airflow_env/lib/python3.8/site-packages/airflow/example_dags/example_branch_operator.py
[2024-11-19T14:34:13.424+0530] {processor.py:840} INFO - DAG(s) 'example_branch_operator' retrieved from /home/sigmoid/Desktop/Personal_Ml/airflow_poc/airflow_env/lib/python3.8/site-packages/airflow/example_dags/example_branch_operator.py
[2024-11-19T14:34:13.447+0530] {logging_mixin.py:188} INFO - [2024-11-19T14:34:13.447+0530] {dag.py:3047} INFO - Sync 1 DAGs
[2024-11-19T14:34:13.468+0530] {logging_mixin.py:188} INFO - [2024-11-19T14:34:13.468+0530] {dag.py:3834} INFO - Setting next_dagrun for example_branch_operator to 2024-11-18 00:00:00+00:00, run_after=2024-11-19 00:00:00+00:00
[2024-11-19T14:34:13.490+0530] {processor.py:183} INFO - Processing /home/sigmoid/Desktop/Personal_Ml/airflow_poc/airflow_env/lib/python3.8/site-packages/airflow/example_dags/example_branch_operator.py took 0.089 seconds
[2024-11-19T14:35:19.526+0530] {processor.py:161} INFO - Started process (PID=55329) to work on /home/sigmoid/Desktop/Personal_Ml/airflow_poc/airflow_env/lib/python3.8/site-packages/airflow/example_dags/example_branch_operator.py
[2024-11-19T14:35:19.527+0530] {processor.py:830} INFO - Processing file /home/sigmoid/Desktop/Personal_Ml/airflow_poc/airflow_env/lib/python3.8/site-packages/airflow/example_dags/example_branch_operator.py for tasks to queue
[2024-11-19T14:35:19.529+0530] {logging_mixin.py:188} INFO - [2024-11-19T14:35:19.528+0530] {dagbag.py:540} INFO - Filling up the DagBag from /home/sigmoid/Desktop/Personal_Ml/airflow_poc/airflow_env/lib/python3.8/site-packages/airflow/example_dags/example_branch_operator.py
[2024-11-19T14:35:19.546+0530] {processor.py:840} INFO - DAG(s) 'example_branch_operator' retrieved from /home/sigmoid/Desktop/Personal_Ml/airflow_poc/airflow_env/lib/python3.8/site-packages/airflow/example_dags/example_branch_operator.py
[2024-11-19T14:35:19.569+0530] {logging_mixin.py:188} INFO - [2024-11-19T14:35:19.569+0530] {dag.py:3047} INFO - Sync 1 DAGs
[2024-11-19T14:35:19.590+0530] {logging_mixin.py:188} INFO - [2024-11-19T14:35:19.590+0530] {dag.py:3834} INFO - Setting next_dagrun for example_branch_operator to 2024-11-18 00:00:00+00:00, run_after=2024-11-19 00:00:00+00:00
[2024-11-19T14:35:19.620+0530] {processor.py:183} INFO - Processing /home/sigmoid/Desktop/Personal_Ml/airflow_poc/airflow_env/lib/python3.8/site-packages/airflow/example_dags/example_branch_operator.py took 0.098 seconds
[2024-11-19T14:36:23.396+0530] {processor.py:161} INFO - Started process (PID=55408) to work on /home/sigmoid/Desktop/Personal_Ml/airflow_poc/airflow_env/lib/python3.8/site-packages/airflow/example_dags/example_branch_operator.py
[2024-11-19T14:36:23.397+0530] {processor.py:830} INFO - Processing file /home/sigmoid/Desktop/Personal_Ml/airflow_poc/airflow_env/lib/python3.8/site-packages/airflow/example_dags/example_branch_operator.py for tasks to queue
[2024-11-19T14:36:23.398+0530] {logging_mixin.py:188} INFO - [2024-11-19T14:36:23.398+0530] {dagbag.py:540} INFO - Filling up the DagBag from /home/sigmoid/Desktop/Personal_Ml/airflow_poc/airflow_env/lib/python3.8/site-packages/airflow/example_dags/example_branch_operator.py
[2024-11-19T14:36:23.418+0530] {processor.py:840} INFO - DAG(s) 'example_branch_operator' retrieved from /home/sigmoid/Desktop/Personal_Ml/airflow_poc/airflow_env/lib/python3.8/site-packages/airflow/example_dags/example_branch_operator.py
[2024-11-19T14:36:23.443+0530] {logging_mixin.py:188} INFO - [2024-11-19T14:36:23.443+0530] {dag.py:3047} INFO - Sync 1 DAGs
[2024-11-19T14:36:23.471+0530] {logging_mixin.py:188} INFO - [2024-11-19T14:36:23.470+0530] {dag.py:3834} INFO - Setting next_dagrun for example_branch_operator to 2024-11-18 00:00:00+00:00, run_after=2024-11-19 00:00:00+00:00
[2024-11-19T14:36:23.502+0530] {processor.py:183} INFO - Processing /home/sigmoid/Desktop/Personal_Ml/airflow_poc/airflow_env/lib/python3.8/site-packages/airflow/example_dags/example_branch_operator.py took 0.110 seconds
[2024-11-19T14:37:31.473+0530] {processor.py:161} INFO - Started process (PID=55610) to work on /home/sigmoid/Desktop/Personal_Ml/airflow_poc/airflow_env/lib/python3.8/site-packages/airflow/example_dags/example_branch_operator.py
[2024-11-19T14:37:31.475+0530] {processor.py:830} INFO - Processing file /home/sigmoid/Desktop/Personal_Ml/airflow_poc/airflow_env/lib/python3.8/site-packages/airflow/example_dags/example_branch_operator.py for tasks to queue
[2024-11-19T14:37:31.477+0530] {logging_mixin.py:188} INFO - [2024-11-19T14:37:31.476+0530] {dagbag.py:540} INFO - Filling up the DagBag from /home/sigmoid/Desktop/Personal_Ml/airflow_poc/airflow_env/lib/python3.8/site-packages/airflow/example_dags/example_branch_operator.py
[2024-11-19T14:37:31.515+0530] {processor.py:840} INFO - DAG(s) 'example_branch_operator' retrieved from /home/sigmoid/Desktop/Personal_Ml/airflow_poc/airflow_env/lib/python3.8/site-packages/airflow/example_dags/example_branch_operator.py
[2024-11-19T14:37:31.569+0530] {logging_mixin.py:188} INFO - [2024-11-19T14:37:31.568+0530] {dag.py:3047} INFO - Sync 1 DAGs
[2024-11-19T14:37:31.614+0530] {logging_mixin.py:188} INFO - [2024-11-19T14:37:31.613+0530] {dag.py:3834} INFO - Setting next_dagrun for example_branch_operator to 2024-11-18 00:00:00+00:00, run_after=2024-11-19 00:00:00+00:00
[2024-11-19T14:37:31.651+0530] {processor.py:183} INFO - Processing /home/sigmoid/Desktop/Personal_Ml/airflow_poc/airflow_env/lib/python3.8/site-packages/airflow/example_dags/example_branch_operator.py took 0.183 seconds
