[2024-11-19T12:44:17.089+0530] {processor.py:161} INFO - Started process (PID=29802) to work on /home/sigmoid/Desktop/Personal_Ml/airflow_poc/airflow_env/lib/python3.8/site-packages/airflow/example_dags/example_branch_day_of_week_operator.py
[2024-11-19T12:44:17.090+0530] {processor.py:830} INFO - Processing file /home/sigmoid/Desktop/Personal_Ml/airflow_poc/airflow_env/lib/python3.8/site-packages/airflow/example_dags/example_branch_day_of_week_operator.py for tasks to queue
[2024-11-19T12:44:17.091+0530] {logging_mixin.py:188} INFO - [2024-11-19T12:44:17.090+0530] {dagbag.py:540} INFO - Filling up the DagBag from /home/sigmoid/Desktop/Personal_Ml/airflow_poc/airflow_env/lib/python3.8/site-packages/airflow/example_dags/example_branch_day_of_week_operator.py
[2024-11-19T12:44:17.100+0530] {processor.py:840} INFO - DAG(s) 'example_weekday_branch_operator' retrieved from /home/sigmoid/Desktop/Personal_Ml/airflow_poc/airflow_env/lib/python3.8/site-packages/airflow/example_dags/example_branch_day_of_week_operator.py
[2024-11-19T12:44:17.211+0530] {logging_mixin.py:188} INFO - [2024-11-19T12:44:17.211+0530] {dag.py:3047} INFO - Sync 1 DAGs
[2024-11-19T12:44:17.235+0530] {logging_mixin.py:188} INFO - [2024-11-19T12:44:17.235+0530] {dag.py:3834} INFO - Setting next_dagrun for example_weekday_branch_operator to 2024-11-18 00:00:00+00:00, run_after=2024-11-19 00:00:00+00:00
[2024-11-19T12:44:17.259+0530] {processor.py:183} INFO - Processing /home/sigmoid/Desktop/Personal_Ml/airflow_poc/airflow_env/lib/python3.8/site-packages/airflow/example_dags/example_branch_day_of_week_operator.py took 0.174 seconds
[2024-11-19T12:45:36.688+0530] {processor.py:161} INFO - Started process (PID=29949) to work on /home/sigmoid/Desktop/Personal_Ml/airflow_poc/airflow_env/lib/python3.8/site-packages/airflow/example_dags/example_branch_day_of_week_operator.py
[2024-11-19T12:45:36.690+0530] {processor.py:830} INFO - Processing file /home/sigmoid/Desktop/Personal_Ml/airflow_poc/airflow_env/lib/python3.8/site-packages/airflow/example_dags/example_branch_day_of_week_operator.py for tasks to queue
[2024-11-19T12:45:36.692+0530] {logging_mixin.py:188} INFO - [2024-11-19T12:45:36.691+0530] {dagbag.py:540} INFO - Filling up the DagBag from /home/sigmoid/Desktop/Personal_Ml/airflow_poc/airflow_env/lib/python3.8/site-packages/airflow/example_dags/example_branch_day_of_week_operator.py
[2024-11-19T12:45:36.708+0530] {processor.py:840} INFO - DAG(s) 'example_weekday_branch_operator' retrieved from /home/sigmoid/Desktop/Personal_Ml/airflow_poc/airflow_env/lib/python3.8/site-packages/airflow/example_dags/example_branch_day_of_week_operator.py
[2024-11-19T12:45:36.744+0530] {logging_mixin.py:188} INFO - [2024-11-19T12:45:36.744+0530] {dag.py:3047} INFO - Sync 1 DAGs
[2024-11-19T12:45:36.789+0530] {logging_mixin.py:188} INFO - [2024-11-19T12:45:36.789+0530] {dag.py:3834} INFO - Setting next_dagrun for example_weekday_branch_operator to 2024-11-18 00:00:00+00:00, run_after=2024-11-19 00:00:00+00:00
[2024-11-19T12:45:36.821+0530] {processor.py:183} INFO - Processing /home/sigmoid/Desktop/Personal_Ml/airflow_poc/airflow_env/lib/python3.8/site-packages/airflow/example_dags/example_branch_day_of_week_operator.py took 0.139 seconds
[2024-11-19T12:46:50.928+0530] {processor.py:161} INFO - Started process (PID=30674) to work on /home/sigmoid/Desktop/Personal_Ml/airflow_poc/airflow_env/lib/python3.8/site-packages/airflow/example_dags/example_branch_day_of_week_operator.py
[2024-11-19T12:46:50.929+0530] {processor.py:830} INFO - Processing file /home/sigmoid/Desktop/Personal_Ml/airflow_poc/airflow_env/lib/python3.8/site-packages/airflow/example_dags/example_branch_day_of_week_operator.py for tasks to queue
[2024-11-19T12:46:50.931+0530] {logging_mixin.py:188} INFO - [2024-11-19T12:46:50.930+0530] {dagbag.py:540} INFO - Filling up the DagBag from /home/sigmoid/Desktop/Personal_Ml/airflow_poc/airflow_env/lib/python3.8/site-packages/airflow/example_dags/example_branch_day_of_week_operator.py
[2024-11-19T12:46:50.948+0530] {processor.py:840} INFO - DAG(s) 'example_weekday_branch_operator' retrieved from /home/sigmoid/Desktop/Personal_Ml/airflow_poc/airflow_env/lib/python3.8/site-packages/airflow/example_dags/example_branch_day_of_week_operator.py
[2024-11-19T12:46:50.984+0530] {logging_mixin.py:188} INFO - [2024-11-19T12:46:50.983+0530] {dag.py:3047} INFO - Sync 1 DAGs
[2024-11-19T12:46:51.016+0530] {logging_mixin.py:188} INFO - [2024-11-19T12:46:51.016+0530] {dag.py:3834} INFO - Setting next_dagrun for example_weekday_branch_operator to 2024-11-18 00:00:00+00:00, run_after=2024-11-19 00:00:00+00:00
[2024-11-19T12:46:51.040+0530] {processor.py:183} INFO - Processing /home/sigmoid/Desktop/Personal_Ml/airflow_poc/airflow_env/lib/python3.8/site-packages/airflow/example_dags/example_branch_day_of_week_operator.py took 0.119 seconds
[2024-11-19T12:48:00.255+0530] {processor.py:161} INFO - Started process (PID=30856) to work on /home/sigmoid/Desktop/Personal_Ml/airflow_poc/airflow_env/lib/python3.8/site-packages/airflow/example_dags/example_branch_day_of_week_operator.py
[2024-11-19T12:48:00.257+0530] {processor.py:830} INFO - Processing file /home/sigmoid/Desktop/Personal_Ml/airflow_poc/airflow_env/lib/python3.8/site-packages/airflow/example_dags/example_branch_day_of_week_operator.py for tasks to queue
[2024-11-19T12:48:00.258+0530] {logging_mixin.py:188} INFO - [2024-11-19T12:48:00.258+0530] {dagbag.py:540} INFO - Filling up the DagBag from /home/sigmoid/Desktop/Personal_Ml/airflow_poc/airflow_env/lib/python3.8/site-packages/airflow/example_dags/example_branch_day_of_week_operator.py
[2024-11-19T12:48:00.269+0530] {processor.py:840} INFO - DAG(s) 'example_weekday_branch_operator' retrieved from /home/sigmoid/Desktop/Personal_Ml/airflow_poc/airflow_env/lib/python3.8/site-packages/airflow/example_dags/example_branch_day_of_week_operator.py
[2024-11-19T12:48:00.292+0530] {logging_mixin.py:188} INFO - [2024-11-19T12:48:00.291+0530] {dag.py:3047} INFO - Sync 1 DAGs
[2024-11-19T12:48:00.319+0530] {logging_mixin.py:188} INFO - [2024-11-19T12:48:00.318+0530] {dag.py:3834} INFO - Setting next_dagrun for example_weekday_branch_operator to 2024-11-18 00:00:00+00:00, run_after=2024-11-19 00:00:00+00:00
[2024-11-19T12:48:00.344+0530] {processor.py:183} INFO - Processing /home/sigmoid/Desktop/Personal_Ml/airflow_poc/airflow_env/lib/python3.8/site-packages/airflow/example_dags/example_branch_day_of_week_operator.py took 0.092 seconds
[2024-11-19T12:49:27.643+0530] {processor.py:161} INFO - Started process (PID=31076) to work on /home/sigmoid/Desktop/Personal_Ml/airflow_poc/airflow_env/lib/python3.8/site-packages/airflow/example_dags/example_branch_day_of_week_operator.py
[2024-11-19T12:49:27.644+0530] {processor.py:830} INFO - Processing file /home/sigmoid/Desktop/Personal_Ml/airflow_poc/airflow_env/lib/python3.8/site-packages/airflow/example_dags/example_branch_day_of_week_operator.py for tasks to queue
[2024-11-19T12:49:27.645+0530] {logging_mixin.py:188} INFO - [2024-11-19T12:49:27.645+0530] {dagbag.py:540} INFO - Filling up the DagBag from /home/sigmoid/Desktop/Personal_Ml/airflow_poc/airflow_env/lib/python3.8/site-packages/airflow/example_dags/example_branch_day_of_week_operator.py
[2024-11-19T12:49:27.656+0530] {processor.py:840} INFO - DAG(s) 'example_weekday_branch_operator' retrieved from /home/sigmoid/Desktop/Personal_Ml/airflow_poc/airflow_env/lib/python3.8/site-packages/airflow/example_dags/example_branch_day_of_week_operator.py
[2024-11-19T12:49:27.679+0530] {logging_mixin.py:188} INFO - [2024-11-19T12:49:27.678+0530] {dag.py:3047} INFO - Sync 1 DAGs
[2024-11-19T12:49:27.708+0530] {logging_mixin.py:188} INFO - [2024-11-19T12:49:27.708+0530] {dag.py:3834} INFO - Setting next_dagrun for example_weekday_branch_operator to 2024-11-18 00:00:00+00:00, run_after=2024-11-19 00:00:00+00:00
[2024-11-19T12:49:27.743+0530] {processor.py:183} INFO - Processing /home/sigmoid/Desktop/Personal_Ml/airflow_poc/airflow_env/lib/python3.8/site-packages/airflow/example_dags/example_branch_day_of_week_operator.py took 0.103 seconds
[2024-11-19T12:50:35.166+0530] {processor.py:161} INFO - Started process (PID=31250) to work on /home/sigmoid/Desktop/Personal_Ml/airflow_poc/airflow_env/lib/python3.8/site-packages/airflow/example_dags/example_branch_day_of_week_operator.py
[2024-11-19T12:50:35.168+0530] {processor.py:830} INFO - Processing file /home/sigmoid/Desktop/Personal_Ml/airflow_poc/airflow_env/lib/python3.8/site-packages/airflow/example_dags/example_branch_day_of_week_operator.py for tasks to queue
[2024-11-19T12:50:35.170+0530] {logging_mixin.py:188} INFO - [2024-11-19T12:50:35.169+0530] {dagbag.py:540} INFO - Filling up the DagBag from /home/sigmoid/Desktop/Personal_Ml/airflow_poc/airflow_env/lib/python3.8/site-packages/airflow/example_dags/example_branch_day_of_week_operator.py
[2024-11-19T12:50:35.187+0530] {processor.py:840} INFO - DAG(s) 'example_weekday_branch_operator' retrieved from /home/sigmoid/Desktop/Personal_Ml/airflow_poc/airflow_env/lib/python3.8/site-packages/airflow/example_dags/example_branch_day_of_week_operator.py
[2024-11-19T12:50:35.223+0530] {logging_mixin.py:188} INFO - [2024-11-19T12:50:35.223+0530] {dag.py:3047} INFO - Sync 1 DAGs
[2024-11-19T12:50:35.269+0530] {logging_mixin.py:188} INFO - [2024-11-19T12:50:35.269+0530] {dag.py:3834} INFO - Setting next_dagrun for example_weekday_branch_operator to 2024-11-18 00:00:00+00:00, run_after=2024-11-19 00:00:00+00:00
[2024-11-19T12:50:35.309+0530] {processor.py:183} INFO - Processing /home/sigmoid/Desktop/Personal_Ml/airflow_poc/airflow_env/lib/python3.8/site-packages/airflow/example_dags/example_branch_day_of_week_operator.py took 0.149 seconds
[2024-11-19T12:51:39.145+0530] {processor.py:161} INFO - Started process (PID=31383) to work on /home/sigmoid/Desktop/Personal_Ml/airflow_poc/airflow_env/lib/python3.8/site-packages/airflow/example_dags/example_branch_day_of_week_operator.py
[2024-11-19T12:51:39.148+0530] {processor.py:830} INFO - Processing file /home/sigmoid/Desktop/Personal_Ml/airflow_poc/airflow_env/lib/python3.8/site-packages/airflow/example_dags/example_branch_day_of_week_operator.py for tasks to queue
[2024-11-19T12:51:39.149+0530] {logging_mixin.py:188} INFO - [2024-11-19T12:51:39.149+0530] {dagbag.py:540} INFO - Filling up the DagBag from /home/sigmoid/Desktop/Personal_Ml/airflow_poc/airflow_env/lib/python3.8/site-packages/airflow/example_dags/example_branch_day_of_week_operator.py
[2024-11-19T12:51:39.169+0530] {processor.py:840} INFO - DAG(s) 'example_weekday_branch_operator' retrieved from /home/sigmoid/Desktop/Personal_Ml/airflow_poc/airflow_env/lib/python3.8/site-packages/airflow/example_dags/example_branch_day_of_week_operator.py
[2024-11-19T12:51:39.208+0530] {logging_mixin.py:188} INFO - [2024-11-19T12:51:39.207+0530] {dag.py:3047} INFO - Sync 1 DAGs
[2024-11-19T12:51:39.262+0530] {logging_mixin.py:188} INFO - [2024-11-19T12:51:39.261+0530] {dag.py:3834} INFO - Setting next_dagrun for example_weekday_branch_operator to 2024-11-18 00:00:00+00:00, run_after=2024-11-19 00:00:00+00:00
[2024-11-19T12:51:39.294+0530] {processor.py:183} INFO - Processing /home/sigmoid/Desktop/Personal_Ml/airflow_poc/airflow_env/lib/python3.8/site-packages/airflow/example_dags/example_branch_day_of_week_operator.py took 0.157 seconds
[2024-11-19T12:52:38.998+0530] {processor.py:161} INFO - Started process (PID=31527) to work on /home/sigmoid/Desktop/Personal_Ml/airflow_poc/airflow_env/lib/python3.8/site-packages/airflow/example_dags/example_branch_day_of_week_operator.py
[2024-11-19T12:52:38.999+0530] {processor.py:830} INFO - Processing file /home/sigmoid/Desktop/Personal_Ml/airflow_poc/airflow_env/lib/python3.8/site-packages/airflow/example_dags/example_branch_day_of_week_operator.py for tasks to queue
[2024-11-19T12:52:39.001+0530] {logging_mixin.py:188} INFO - [2024-11-19T12:52:39.000+0530] {dagbag.py:540} INFO - Filling up the DagBag from /home/sigmoid/Desktop/Personal_Ml/airflow_poc/airflow_env/lib/python3.8/site-packages/airflow/example_dags/example_branch_day_of_week_operator.py
[2024-11-19T12:52:39.010+0530] {processor.py:840} INFO - DAG(s) 'example_weekday_branch_operator' retrieved from /home/sigmoid/Desktop/Personal_Ml/airflow_poc/airflow_env/lib/python3.8/site-packages/airflow/example_dags/example_branch_day_of_week_operator.py
[2024-11-19T12:52:39.030+0530] {logging_mixin.py:188} INFO - [2024-11-19T12:52:39.030+0530] {dag.py:3047} INFO - Sync 1 DAGs
[2024-11-19T12:52:39.054+0530] {logging_mixin.py:188} INFO - [2024-11-19T12:52:39.054+0530] {dag.py:3834} INFO - Setting next_dagrun for example_weekday_branch_operator to 2024-11-18 00:00:00+00:00, run_after=2024-11-19 00:00:00+00:00
[2024-11-19T12:52:39.088+0530] {processor.py:183} INFO - Processing /home/sigmoid/Desktop/Personal_Ml/airflow_poc/airflow_env/lib/python3.8/site-packages/airflow/example_dags/example_branch_day_of_week_operator.py took 0.094 seconds
[2024-11-19T12:53:45.066+0530] {processor.py:161} INFO - Started process (PID=31650) to work on /home/sigmoid/Desktop/Personal_Ml/airflow_poc/airflow_env/lib/python3.8/site-packages/airflow/example_dags/example_branch_day_of_week_operator.py
[2024-11-19T12:53:45.067+0530] {processor.py:830} INFO - Processing file /home/sigmoid/Desktop/Personal_Ml/airflow_poc/airflow_env/lib/python3.8/site-packages/airflow/example_dags/example_branch_day_of_week_operator.py for tasks to queue
[2024-11-19T12:53:45.069+0530] {logging_mixin.py:188} INFO - [2024-11-19T12:53:45.068+0530] {dagbag.py:540} INFO - Filling up the DagBag from /home/sigmoid/Desktop/Personal_Ml/airflow_poc/airflow_env/lib/python3.8/site-packages/airflow/example_dags/example_branch_day_of_week_operator.py
[2024-11-19T12:53:45.086+0530] {processor.py:840} INFO - DAG(s) 'example_weekday_branch_operator' retrieved from /home/sigmoid/Desktop/Personal_Ml/airflow_poc/airflow_env/lib/python3.8/site-packages/airflow/example_dags/example_branch_day_of_week_operator.py
[2024-11-19T12:53:45.122+0530] {logging_mixin.py:188} INFO - [2024-11-19T12:53:45.122+0530] {dag.py:3047} INFO - Sync 1 DAGs
[2024-11-19T12:53:45.170+0530] {logging_mixin.py:188} INFO - [2024-11-19T12:53:45.170+0530] {dag.py:3834} INFO - Setting next_dagrun for example_weekday_branch_operator to 2024-11-18 00:00:00+00:00, run_after=2024-11-19 00:00:00+00:00
[2024-11-19T12:53:45.209+0530] {processor.py:183} INFO - Processing /home/sigmoid/Desktop/Personal_Ml/airflow_poc/airflow_env/lib/python3.8/site-packages/airflow/example_dags/example_branch_day_of_week_operator.py took 0.150 seconds
[2024-11-19T12:54:51.112+0530] {processor.py:161} INFO - Started process (PID=31799) to work on /home/sigmoid/Desktop/Personal_Ml/airflow_poc/airflow_env/lib/python3.8/site-packages/airflow/example_dags/example_branch_day_of_week_operator.py
[2024-11-19T12:54:51.113+0530] {processor.py:830} INFO - Processing file /home/sigmoid/Desktop/Personal_Ml/airflow_poc/airflow_env/lib/python3.8/site-packages/airflow/example_dags/example_branch_day_of_week_operator.py for tasks to queue
[2024-11-19T12:54:51.114+0530] {logging_mixin.py:188} INFO - [2024-11-19T12:54:51.114+0530] {dagbag.py:540} INFO - Filling up the DagBag from /home/sigmoid/Desktop/Personal_Ml/airflow_poc/airflow_env/lib/python3.8/site-packages/airflow/example_dags/example_branch_day_of_week_operator.py
[2024-11-19T12:54:51.123+0530] {processor.py:840} INFO - DAG(s) 'example_weekday_branch_operator' retrieved from /home/sigmoid/Desktop/Personal_Ml/airflow_poc/airflow_env/lib/python3.8/site-packages/airflow/example_dags/example_branch_day_of_week_operator.py
[2024-11-19T12:54:51.140+0530] {logging_mixin.py:188} INFO - [2024-11-19T12:54:51.140+0530] {dag.py:3047} INFO - Sync 1 DAGs
[2024-11-19T12:54:51.162+0530] {logging_mixin.py:188} INFO - [2024-11-19T12:54:51.162+0530] {dag.py:3834} INFO - Setting next_dagrun for example_weekday_branch_operator to 2024-11-18 00:00:00+00:00, run_after=2024-11-19 00:00:00+00:00
[2024-11-19T12:54:51.184+0530] {processor.py:183} INFO - Processing /home/sigmoid/Desktop/Personal_Ml/airflow_poc/airflow_env/lib/python3.8/site-packages/airflow/example_dags/example_branch_day_of_week_operator.py took 0.076 seconds
[2024-11-19T12:55:53.431+0530] {processor.py:161} INFO - Started process (PID=32049) to work on /home/sigmoid/Desktop/Personal_Ml/airflow_poc/airflow_env/lib/python3.8/site-packages/airflow/example_dags/example_branch_day_of_week_operator.py
[2024-11-19T12:55:53.432+0530] {processor.py:830} INFO - Processing file /home/sigmoid/Desktop/Personal_Ml/airflow_poc/airflow_env/lib/python3.8/site-packages/airflow/example_dags/example_branch_day_of_week_operator.py for tasks to queue
[2024-11-19T12:55:53.434+0530] {logging_mixin.py:188} INFO - [2024-11-19T12:55:53.433+0530] {dagbag.py:540} INFO - Filling up the DagBag from /home/sigmoid/Desktop/Personal_Ml/airflow_poc/airflow_env/lib/python3.8/site-packages/airflow/example_dags/example_branch_day_of_week_operator.py
[2024-11-19T12:55:53.442+0530] {processor.py:840} INFO - DAG(s) 'example_weekday_branch_operator' retrieved from /home/sigmoid/Desktop/Personal_Ml/airflow_poc/airflow_env/lib/python3.8/site-packages/airflow/example_dags/example_branch_day_of_week_operator.py
[2024-11-19T12:55:53.460+0530] {logging_mixin.py:188} INFO - [2024-11-19T12:55:53.459+0530] {dag.py:3047} INFO - Sync 1 DAGs
[2024-11-19T12:55:53.481+0530] {logging_mixin.py:188} INFO - [2024-11-19T12:55:53.481+0530] {dag.py:3834} INFO - Setting next_dagrun for example_weekday_branch_operator to 2024-11-18 00:00:00+00:00, run_after=2024-11-19 00:00:00+00:00
[2024-11-19T12:55:53.501+0530] {processor.py:183} INFO - Processing /home/sigmoid/Desktop/Personal_Ml/airflow_poc/airflow_env/lib/python3.8/site-packages/airflow/example_dags/example_branch_day_of_week_operator.py took 0.073 seconds
[2024-11-19T12:56:51.369+0530] {processor.py:161} INFO - Started process (PID=32124) to work on /home/sigmoid/Desktop/Personal_Ml/airflow_poc/airflow_env/lib/python3.8/site-packages/airflow/example_dags/example_branch_day_of_week_operator.py
[2024-11-19T12:56:51.370+0530] {processor.py:830} INFO - Processing file /home/sigmoid/Desktop/Personal_Ml/airflow_poc/airflow_env/lib/python3.8/site-packages/airflow/example_dags/example_branch_day_of_week_operator.py for tasks to queue
[2024-11-19T12:56:51.371+0530] {logging_mixin.py:188} INFO - [2024-11-19T12:56:51.371+0530] {dagbag.py:540} INFO - Filling up the DagBag from /home/sigmoid/Desktop/Personal_Ml/airflow_poc/airflow_env/lib/python3.8/site-packages/airflow/example_dags/example_branch_day_of_week_operator.py
[2024-11-19T12:56:51.379+0530] {processor.py:840} INFO - DAG(s) 'example_weekday_branch_operator' retrieved from /home/sigmoid/Desktop/Personal_Ml/airflow_poc/airflow_env/lib/python3.8/site-packages/airflow/example_dags/example_branch_day_of_week_operator.py
[2024-11-19T12:56:51.397+0530] {logging_mixin.py:188} INFO - [2024-11-19T12:56:51.397+0530] {dag.py:3047} INFO - Sync 1 DAGs
[2024-11-19T12:56:51.418+0530] {logging_mixin.py:188} INFO - [2024-11-19T12:56:51.418+0530] {dag.py:3834} INFO - Setting next_dagrun for example_weekday_branch_operator to 2024-11-18 00:00:00+00:00, run_after=2024-11-19 00:00:00+00:00
[2024-11-19T12:56:51.440+0530] {processor.py:183} INFO - Processing /home/sigmoid/Desktop/Personal_Ml/airflow_poc/airflow_env/lib/python3.8/site-packages/airflow/example_dags/example_branch_day_of_week_operator.py took 0.074 seconds
[2024-11-19T12:57:45.201+0530] {processor.py:161} INFO - Started process (PID=32187) to work on /home/sigmoid/Desktop/Personal_Ml/airflow_poc/airflow_env/lib/python3.8/site-packages/airflow/example_dags/example_branch_day_of_week_operator.py
[2024-11-19T12:57:45.202+0530] {processor.py:830} INFO - Processing file /home/sigmoid/Desktop/Personal_Ml/airflow_poc/airflow_env/lib/python3.8/site-packages/airflow/example_dags/example_branch_day_of_week_operator.py for tasks to queue
[2024-11-19T12:57:45.203+0530] {logging_mixin.py:188} INFO - [2024-11-19T12:57:45.203+0530] {dagbag.py:540} INFO - Filling up the DagBag from /home/sigmoid/Desktop/Personal_Ml/airflow_poc/airflow_env/lib/python3.8/site-packages/airflow/example_dags/example_branch_day_of_week_operator.py
[2024-11-19T12:57:45.212+0530] {processor.py:840} INFO - DAG(s) 'example_weekday_branch_operator' retrieved from /home/sigmoid/Desktop/Personal_Ml/airflow_poc/airflow_env/lib/python3.8/site-packages/airflow/example_dags/example_branch_day_of_week_operator.py
[2024-11-19T12:57:45.229+0530] {logging_mixin.py:188} INFO - [2024-11-19T12:57:45.229+0530] {dag.py:3047} INFO - Sync 1 DAGs
[2024-11-19T12:57:45.251+0530] {logging_mixin.py:188} INFO - [2024-11-19T12:57:45.251+0530] {dag.py:3834} INFO - Setting next_dagrun for example_weekday_branch_operator to 2024-11-18 00:00:00+00:00, run_after=2024-11-19 00:00:00+00:00
[2024-11-19T12:57:45.273+0530] {processor.py:183} INFO - Processing /home/sigmoid/Desktop/Personal_Ml/airflow_poc/airflow_env/lib/python3.8/site-packages/airflow/example_dags/example_branch_day_of_week_operator.py took 0.075 seconds
[2024-11-19T12:58:40.265+0530] {processor.py:161} INFO - Started process (PID=32250) to work on /home/sigmoid/Desktop/Personal_Ml/airflow_poc/airflow_env/lib/python3.8/site-packages/airflow/example_dags/example_branch_day_of_week_operator.py
[2024-11-19T12:58:40.267+0530] {processor.py:830} INFO - Processing file /home/sigmoid/Desktop/Personal_Ml/airflow_poc/airflow_env/lib/python3.8/site-packages/airflow/example_dags/example_branch_day_of_week_operator.py for tasks to queue
[2024-11-19T12:58:40.268+0530] {logging_mixin.py:188} INFO - [2024-11-19T12:58:40.268+0530] {dagbag.py:540} INFO - Filling up the DagBag from /home/sigmoid/Desktop/Personal_Ml/airflow_poc/airflow_env/lib/python3.8/site-packages/airflow/example_dags/example_branch_day_of_week_operator.py
[2024-11-19T12:58:40.279+0530] {processor.py:840} INFO - DAG(s) 'example_weekday_branch_operator' retrieved from /home/sigmoid/Desktop/Personal_Ml/airflow_poc/airflow_env/lib/python3.8/site-packages/airflow/example_dags/example_branch_day_of_week_operator.py
[2024-11-19T12:58:40.297+0530] {logging_mixin.py:188} INFO - [2024-11-19T12:58:40.297+0530] {dag.py:3047} INFO - Sync 1 DAGs
[2024-11-19T12:58:40.318+0530] {logging_mixin.py:188} INFO - [2024-11-19T12:58:40.318+0530] {dag.py:3834} INFO - Setting next_dagrun for example_weekday_branch_operator to 2024-11-18 00:00:00+00:00, run_after=2024-11-19 00:00:00+00:00
[2024-11-19T12:58:40.339+0530] {processor.py:183} INFO - Processing /home/sigmoid/Desktop/Personal_Ml/airflow_poc/airflow_env/lib/python3.8/site-packages/airflow/example_dags/example_branch_day_of_week_operator.py took 0.078 seconds
[2024-11-19T12:59:35.693+0530] {processor.py:161} INFO - Started process (PID=32433) to work on /home/sigmoid/Desktop/Personal_Ml/airflow_poc/airflow_env/lib/python3.8/site-packages/airflow/example_dags/example_branch_day_of_week_operator.py
[2024-11-19T12:59:35.694+0530] {processor.py:830} INFO - Processing file /home/sigmoid/Desktop/Personal_Ml/airflow_poc/airflow_env/lib/python3.8/site-packages/airflow/example_dags/example_branch_day_of_week_operator.py for tasks to queue
[2024-11-19T12:59:35.695+0530] {logging_mixin.py:188} INFO - [2024-11-19T12:59:35.694+0530] {dagbag.py:540} INFO - Filling up the DagBag from /home/sigmoid/Desktop/Personal_Ml/airflow_poc/airflow_env/lib/python3.8/site-packages/airflow/example_dags/example_branch_day_of_week_operator.py
[2024-11-19T12:59:35.703+0530] {processor.py:840} INFO - DAG(s) 'example_weekday_branch_operator' retrieved from /home/sigmoid/Desktop/Personal_Ml/airflow_poc/airflow_env/lib/python3.8/site-packages/airflow/example_dags/example_branch_day_of_week_operator.py
[2024-11-19T12:59:35.720+0530] {logging_mixin.py:188} INFO - [2024-11-19T12:59:35.720+0530] {dag.py:3047} INFO - Sync 1 DAGs
[2024-11-19T12:59:35.742+0530] {logging_mixin.py:188} INFO - [2024-11-19T12:59:35.742+0530] {dag.py:3834} INFO - Setting next_dagrun for example_weekday_branch_operator to 2024-11-18 00:00:00+00:00, run_after=2024-11-19 00:00:00+00:00
[2024-11-19T12:59:35.762+0530] {processor.py:183} INFO - Processing /home/sigmoid/Desktop/Personal_Ml/airflow_poc/airflow_env/lib/python3.8/site-packages/airflow/example_dags/example_branch_day_of_week_operator.py took 0.073 seconds
[2024-11-19T13:00:30.866+0530] {processor.py:161} INFO - Started process (PID=32534) to work on /home/sigmoid/Desktop/Personal_Ml/airflow_poc/airflow_env/lib/python3.8/site-packages/airflow/example_dags/example_branch_day_of_week_operator.py
[2024-11-19T13:00:30.867+0530] {processor.py:830} INFO - Processing file /home/sigmoid/Desktop/Personal_Ml/airflow_poc/airflow_env/lib/python3.8/site-packages/airflow/example_dags/example_branch_day_of_week_operator.py for tasks to queue
[2024-11-19T13:00:30.868+0530] {logging_mixin.py:188} INFO - [2024-11-19T13:00:30.868+0530] {dagbag.py:540} INFO - Filling up the DagBag from /home/sigmoid/Desktop/Personal_Ml/airflow_poc/airflow_env/lib/python3.8/site-packages/airflow/example_dags/example_branch_day_of_week_operator.py
[2024-11-19T13:00:30.881+0530] {processor.py:840} INFO - DAG(s) 'example_weekday_branch_operator' retrieved from /home/sigmoid/Desktop/Personal_Ml/airflow_poc/airflow_env/lib/python3.8/site-packages/airflow/example_dags/example_branch_day_of_week_operator.py
[2024-11-19T13:00:30.902+0530] {logging_mixin.py:188} INFO - [2024-11-19T13:00:30.902+0530] {dag.py:3047} INFO - Sync 1 DAGs
[2024-11-19T13:00:30.942+0530] {logging_mixin.py:188} INFO - [2024-11-19T13:00:30.942+0530] {dag.py:3834} INFO - Setting next_dagrun for example_weekday_branch_operator to 2024-11-18 00:00:00+00:00, run_after=2024-11-19 00:00:00+00:00
[2024-11-19T13:00:30.981+0530] {processor.py:183} INFO - Processing /home/sigmoid/Desktop/Personal_Ml/airflow_poc/airflow_env/lib/python3.8/site-packages/airflow/example_dags/example_branch_day_of_week_operator.py took 0.119 seconds
[2024-11-19T13:01:26.725+0530] {processor.py:161} INFO - Started process (PID=32890) to work on /home/sigmoid/Desktop/Personal_Ml/airflow_poc/airflow_env/lib/python3.8/site-packages/airflow/example_dags/example_branch_day_of_week_operator.py
[2024-11-19T13:01:26.726+0530] {processor.py:830} INFO - Processing file /home/sigmoid/Desktop/Personal_Ml/airflow_poc/airflow_env/lib/python3.8/site-packages/airflow/example_dags/example_branch_day_of_week_operator.py for tasks to queue
[2024-11-19T13:01:26.727+0530] {logging_mixin.py:188} INFO - [2024-11-19T13:01:26.726+0530] {dagbag.py:540} INFO - Filling up the DagBag from /home/sigmoid/Desktop/Personal_Ml/airflow_poc/airflow_env/lib/python3.8/site-packages/airflow/example_dags/example_branch_day_of_week_operator.py
[2024-11-19T13:01:26.735+0530] {processor.py:840} INFO - DAG(s) 'example_weekday_branch_operator' retrieved from /home/sigmoid/Desktop/Personal_Ml/airflow_poc/airflow_env/lib/python3.8/site-packages/airflow/example_dags/example_branch_day_of_week_operator.py
[2024-11-19T13:01:26.753+0530] {logging_mixin.py:188} INFO - [2024-11-19T13:01:26.752+0530] {dag.py:3047} INFO - Sync 1 DAGs
[2024-11-19T13:01:26.776+0530] {logging_mixin.py:188} INFO - [2024-11-19T13:01:26.776+0530] {dag.py:3834} INFO - Setting next_dagrun for example_weekday_branch_operator to 2024-11-18 00:00:00+00:00, run_after=2024-11-19 00:00:00+00:00
[2024-11-19T13:01:26.798+0530] {processor.py:183} INFO - Processing /home/sigmoid/Desktop/Personal_Ml/airflow_poc/airflow_env/lib/python3.8/site-packages/airflow/example_dags/example_branch_day_of_week_operator.py took 0.076 seconds
[2024-11-19T13:02:26.082+0530] {processor.py:161} INFO - Started process (PID=32988) to work on /home/sigmoid/Desktop/Personal_Ml/airflow_poc/airflow_env/lib/python3.8/site-packages/airflow/example_dags/example_branch_day_of_week_operator.py
[2024-11-19T13:02:26.083+0530] {processor.py:830} INFO - Processing file /home/sigmoid/Desktop/Personal_Ml/airflow_poc/airflow_env/lib/python3.8/site-packages/airflow/example_dags/example_branch_day_of_week_operator.py for tasks to queue
[2024-11-19T13:02:26.084+0530] {logging_mixin.py:188} INFO - [2024-11-19T13:02:26.083+0530] {dagbag.py:540} INFO - Filling up the DagBag from /home/sigmoid/Desktop/Personal_Ml/airflow_poc/airflow_env/lib/python3.8/site-packages/airflow/example_dags/example_branch_day_of_week_operator.py
[2024-11-19T13:02:26.092+0530] {processor.py:840} INFO - DAG(s) 'example_weekday_branch_operator' retrieved from /home/sigmoid/Desktop/Personal_Ml/airflow_poc/airflow_env/lib/python3.8/site-packages/airflow/example_dags/example_branch_day_of_week_operator.py
[2024-11-19T13:02:26.111+0530] {logging_mixin.py:188} INFO - [2024-11-19T13:02:26.111+0530] {dag.py:3047} INFO - Sync 1 DAGs
[2024-11-19T13:02:26.133+0530] {logging_mixin.py:188} INFO - [2024-11-19T13:02:26.133+0530] {dag.py:3834} INFO - Setting next_dagrun for example_weekday_branch_operator to 2024-11-18 00:00:00+00:00, run_after=2024-11-19 00:00:00+00:00
[2024-11-19T13:02:26.164+0530] {processor.py:183} INFO - Processing /home/sigmoid/Desktop/Personal_Ml/airflow_poc/airflow_env/lib/python3.8/site-packages/airflow/example_dags/example_branch_day_of_week_operator.py took 0.086 seconds
[2024-11-19T13:03:25.855+0530] {processor.py:161} INFO - Started process (PID=33055) to work on /home/sigmoid/Desktop/Personal_Ml/airflow_poc/airflow_env/lib/python3.8/site-packages/airflow/example_dags/example_branch_day_of_week_operator.py
[2024-11-19T13:03:25.857+0530] {processor.py:830} INFO - Processing file /home/sigmoid/Desktop/Personal_Ml/airflow_poc/airflow_env/lib/python3.8/site-packages/airflow/example_dags/example_branch_day_of_week_operator.py for tasks to queue
[2024-11-19T13:03:25.858+0530] {logging_mixin.py:188} INFO - [2024-11-19T13:03:25.857+0530] {dagbag.py:540} INFO - Filling up the DagBag from /home/sigmoid/Desktop/Personal_Ml/airflow_poc/airflow_env/lib/python3.8/site-packages/airflow/example_dags/example_branch_day_of_week_operator.py
[2024-11-19T13:03:25.866+0530] {processor.py:840} INFO - DAG(s) 'example_weekday_branch_operator' retrieved from /home/sigmoid/Desktop/Personal_Ml/airflow_poc/airflow_env/lib/python3.8/site-packages/airflow/example_dags/example_branch_day_of_week_operator.py
[2024-11-19T13:03:25.885+0530] {logging_mixin.py:188} INFO - [2024-11-19T13:03:25.884+0530] {dag.py:3047} INFO - Sync 1 DAGs
[2024-11-19T13:03:25.909+0530] {logging_mixin.py:188} INFO - [2024-11-19T13:03:25.908+0530] {dag.py:3834} INFO - Setting next_dagrun for example_weekday_branch_operator to 2024-11-18 00:00:00+00:00, run_after=2024-11-19 00:00:00+00:00
[2024-11-19T13:03:25.935+0530] {processor.py:183} INFO - Processing /home/sigmoid/Desktop/Personal_Ml/airflow_poc/airflow_env/lib/python3.8/site-packages/airflow/example_dags/example_branch_day_of_week_operator.py took 0.083 seconds
[2024-11-19T13:04:25.406+0530] {processor.py:161} INFO - Started process (PID=33128) to work on /home/sigmoid/Desktop/Personal_Ml/airflow_poc/airflow_env/lib/python3.8/site-packages/airflow/example_dags/example_branch_day_of_week_operator.py
[2024-11-19T13:04:25.407+0530] {processor.py:830} INFO - Processing file /home/sigmoid/Desktop/Personal_Ml/airflow_poc/airflow_env/lib/python3.8/site-packages/airflow/example_dags/example_branch_day_of_week_operator.py for tasks to queue
[2024-11-19T13:04:25.408+0530] {logging_mixin.py:188} INFO - [2024-11-19T13:04:25.407+0530] {dagbag.py:540} INFO - Filling up the DagBag from /home/sigmoid/Desktop/Personal_Ml/airflow_poc/airflow_env/lib/python3.8/site-packages/airflow/example_dags/example_branch_day_of_week_operator.py
[2024-11-19T13:04:25.416+0530] {processor.py:840} INFO - DAG(s) 'example_weekday_branch_operator' retrieved from /home/sigmoid/Desktop/Personal_Ml/airflow_poc/airflow_env/lib/python3.8/site-packages/airflow/example_dags/example_branch_day_of_week_operator.py
[2024-11-19T13:04:25.434+0530] {logging_mixin.py:188} INFO - [2024-11-19T13:04:25.433+0530] {dag.py:3047} INFO - Sync 1 DAGs
[2024-11-19T13:04:25.456+0530] {logging_mixin.py:188} INFO - [2024-11-19T13:04:25.456+0530] {dag.py:3834} INFO - Setting next_dagrun for example_weekday_branch_operator to 2024-11-18 00:00:00+00:00, run_after=2024-11-19 00:00:00+00:00
[2024-11-19T13:04:25.477+0530] {processor.py:183} INFO - Processing /home/sigmoid/Desktop/Personal_Ml/airflow_poc/airflow_env/lib/python3.8/site-packages/airflow/example_dags/example_branch_day_of_week_operator.py took 0.074 seconds
[2024-11-19T13:05:26.241+0530] {processor.py:161} INFO - Started process (PID=33194) to work on /home/sigmoid/Desktop/Personal_Ml/airflow_poc/airflow_env/lib/python3.8/site-packages/airflow/example_dags/example_branch_day_of_week_operator.py
[2024-11-19T13:05:26.243+0530] {processor.py:830} INFO - Processing file /home/sigmoid/Desktop/Personal_Ml/airflow_poc/airflow_env/lib/python3.8/site-packages/airflow/example_dags/example_branch_day_of_week_operator.py for tasks to queue
[2024-11-19T13:05:26.244+0530] {logging_mixin.py:188} INFO - [2024-11-19T13:05:26.243+0530] {dagbag.py:540} INFO - Filling up the DagBag from /home/sigmoid/Desktop/Personal_Ml/airflow_poc/airflow_env/lib/python3.8/site-packages/airflow/example_dags/example_branch_day_of_week_operator.py
[2024-11-19T13:05:26.252+0530] {processor.py:840} INFO - DAG(s) 'example_weekday_branch_operator' retrieved from /home/sigmoid/Desktop/Personal_Ml/airflow_poc/airflow_env/lib/python3.8/site-packages/airflow/example_dags/example_branch_day_of_week_operator.py
[2024-11-19T13:05:26.272+0530] {logging_mixin.py:188} INFO - [2024-11-19T13:05:26.271+0530] {dag.py:3047} INFO - Sync 1 DAGs
[2024-11-19T13:05:26.305+0530] {logging_mixin.py:188} INFO - [2024-11-19T13:05:26.304+0530] {dag.py:3834} INFO - Setting next_dagrun for example_weekday_branch_operator to 2024-11-18 00:00:00+00:00, run_after=2024-11-19 00:00:00+00:00
[2024-11-19T13:05:26.331+0530] {processor.py:183} INFO - Processing /home/sigmoid/Desktop/Personal_Ml/airflow_poc/airflow_env/lib/python3.8/site-packages/airflow/example_dags/example_branch_day_of_week_operator.py took 0.093 seconds
[2024-11-19T13:06:27.547+0530] {processor.py:161} INFO - Started process (PID=33261) to work on /home/sigmoid/Desktop/Personal_Ml/airflow_poc/airflow_env/lib/python3.8/site-packages/airflow/example_dags/example_branch_day_of_week_operator.py
[2024-11-19T13:06:27.548+0530] {processor.py:830} INFO - Processing file /home/sigmoid/Desktop/Personal_Ml/airflow_poc/airflow_env/lib/python3.8/site-packages/airflow/example_dags/example_branch_day_of_week_operator.py for tasks to queue
[2024-11-19T13:06:27.549+0530] {logging_mixin.py:188} INFO - [2024-11-19T13:06:27.548+0530] {dagbag.py:540} INFO - Filling up the DagBag from /home/sigmoid/Desktop/Personal_Ml/airflow_poc/airflow_env/lib/python3.8/site-packages/airflow/example_dags/example_branch_day_of_week_operator.py
[2024-11-19T13:06:27.559+0530] {processor.py:840} INFO - DAG(s) 'example_weekday_branch_operator' retrieved from /home/sigmoid/Desktop/Personal_Ml/airflow_poc/airflow_env/lib/python3.8/site-packages/airflow/example_dags/example_branch_day_of_week_operator.py
[2024-11-19T13:06:27.577+0530] {logging_mixin.py:188} INFO - [2024-11-19T13:06:27.577+0530] {dag.py:3047} INFO - Sync 1 DAGs
[2024-11-19T13:06:27.600+0530] {logging_mixin.py:188} INFO - [2024-11-19T13:06:27.600+0530] {dag.py:3834} INFO - Setting next_dagrun for example_weekday_branch_operator to 2024-11-18 00:00:00+00:00, run_after=2024-11-19 00:00:00+00:00
[2024-11-19T13:06:27.622+0530] {processor.py:183} INFO - Processing /home/sigmoid/Desktop/Personal_Ml/airflow_poc/airflow_env/lib/python3.8/site-packages/airflow/example_dags/example_branch_day_of_week_operator.py took 0.079 seconds
[2024-11-19T13:07:26.992+0530] {processor.py:161} INFO - Started process (PID=33331) to work on /home/sigmoid/Desktop/Personal_Ml/airflow_poc/airflow_env/lib/python3.8/site-packages/airflow/example_dags/example_branch_day_of_week_operator.py
[2024-11-19T13:07:26.994+0530] {processor.py:830} INFO - Processing file /home/sigmoid/Desktop/Personal_Ml/airflow_poc/airflow_env/lib/python3.8/site-packages/airflow/example_dags/example_branch_day_of_week_operator.py for tasks to queue
[2024-11-19T13:07:26.995+0530] {logging_mixin.py:188} INFO - [2024-11-19T13:07:26.995+0530] {dagbag.py:540} INFO - Filling up the DagBag from /home/sigmoid/Desktop/Personal_Ml/airflow_poc/airflow_env/lib/python3.8/site-packages/airflow/example_dags/example_branch_day_of_week_operator.py
[2024-11-19T13:07:27.011+0530] {processor.py:840} INFO - DAG(s) 'example_weekday_branch_operator' retrieved from /home/sigmoid/Desktop/Personal_Ml/airflow_poc/airflow_env/lib/python3.8/site-packages/airflow/example_dags/example_branch_day_of_week_operator.py
[2024-11-19T13:07:27.045+0530] {logging_mixin.py:188} INFO - [2024-11-19T13:07:27.044+0530] {dag.py:3047} INFO - Sync 1 DAGs
[2024-11-19T13:07:27.089+0530] {logging_mixin.py:188} INFO - [2024-11-19T13:07:27.089+0530] {dag.py:3834} INFO - Setting next_dagrun for example_weekday_branch_operator to 2024-11-18 00:00:00+00:00, run_after=2024-11-19 00:00:00+00:00
[2024-11-19T13:07:27.129+0530] {processor.py:183} INFO - Processing /home/sigmoid/Desktop/Personal_Ml/airflow_poc/airflow_env/lib/python3.8/site-packages/airflow/example_dags/example_branch_day_of_week_operator.py took 0.143 seconds
[2024-11-19T13:08:23.701+0530] {processor.py:161} INFO - Started process (PID=33396) to work on /home/sigmoid/Desktop/Personal_Ml/airflow_poc/airflow_env/lib/python3.8/site-packages/airflow/example_dags/example_branch_day_of_week_operator.py
[2024-11-19T13:08:23.702+0530] {processor.py:830} INFO - Processing file /home/sigmoid/Desktop/Personal_Ml/airflow_poc/airflow_env/lib/python3.8/site-packages/airflow/example_dags/example_branch_day_of_week_operator.py for tasks to queue
[2024-11-19T13:08:23.703+0530] {logging_mixin.py:188} INFO - [2024-11-19T13:08:23.703+0530] {dagbag.py:540} INFO - Filling up the DagBag from /home/sigmoid/Desktop/Personal_Ml/airflow_poc/airflow_env/lib/python3.8/site-packages/airflow/example_dags/example_branch_day_of_week_operator.py
[2024-11-19T13:08:23.711+0530] {processor.py:840} INFO - DAG(s) 'example_weekday_branch_operator' retrieved from /home/sigmoid/Desktop/Personal_Ml/airflow_poc/airflow_env/lib/python3.8/site-packages/airflow/example_dags/example_branch_day_of_week_operator.py
[2024-11-19T13:08:23.729+0530] {logging_mixin.py:188} INFO - [2024-11-19T13:08:23.729+0530] {dag.py:3047} INFO - Sync 1 DAGs
[2024-11-19T13:08:23.750+0530] {logging_mixin.py:188} INFO - [2024-11-19T13:08:23.750+0530] {dag.py:3834} INFO - Setting next_dagrun for example_weekday_branch_operator to 2024-11-18 00:00:00+00:00, run_after=2024-11-19 00:00:00+00:00
[2024-11-19T13:08:23.786+0530] {processor.py:183} INFO - Processing /home/sigmoid/Desktop/Personal_Ml/airflow_poc/airflow_env/lib/python3.8/site-packages/airflow/example_dags/example_branch_day_of_week_operator.py took 0.088 seconds
[2024-11-19T13:12:23.509+0530] {processor.py:161} INFO - Started process (PID=33595) to work on /home/sigmoid/Desktop/Personal_Ml/airflow_poc/airflow_env/lib/python3.8/site-packages/airflow/example_dags/example_branch_day_of_week_operator.py
[2024-11-19T13:12:23.511+0530] {processor.py:830} INFO - Processing file /home/sigmoid/Desktop/Personal_Ml/airflow_poc/airflow_env/lib/python3.8/site-packages/airflow/example_dags/example_branch_day_of_week_operator.py for tasks to queue
[2024-11-19T13:12:23.512+0530] {logging_mixin.py:188} INFO - [2024-11-19T13:12:23.511+0530] {dagbag.py:540} INFO - Filling up the DagBag from /home/sigmoid/Desktop/Personal_Ml/airflow_poc/airflow_env/lib/python3.8/site-packages/airflow/example_dags/example_branch_day_of_week_operator.py
[2024-11-19T13:12:23.521+0530] {processor.py:840} INFO - DAG(s) 'example_weekday_branch_operator' retrieved from /home/sigmoid/Desktop/Personal_Ml/airflow_poc/airflow_env/lib/python3.8/site-packages/airflow/example_dags/example_branch_day_of_week_operator.py
[2024-11-19T13:12:23.543+0530] {logging_mixin.py:188} INFO - [2024-11-19T13:12:23.543+0530] {dag.py:3047} INFO - Sync 1 DAGs
[2024-11-19T13:12:23.570+0530] {logging_mixin.py:188} INFO - [2024-11-19T13:12:23.570+0530] {dag.py:3834} INFO - Setting next_dagrun for example_weekday_branch_operator to 2024-11-18 00:00:00+00:00, run_after=2024-11-19 00:00:00+00:00
[2024-11-19T13:12:23.742+0530] {processor.py:183} INFO - Processing /home/sigmoid/Desktop/Personal_Ml/airflow_poc/airflow_env/lib/python3.8/site-packages/airflow/example_dags/example_branch_day_of_week_operator.py took 0.237 seconds
[2024-11-19T13:13:34.667+0530] {processor.py:161} INFO - Started process (PID=33831) to work on /home/sigmoid/Desktop/Personal_Ml/airflow_poc/airflow_env/lib/python3.8/site-packages/airflow/example_dags/example_branch_day_of_week_operator.py
[2024-11-19T13:13:34.669+0530] {processor.py:830} INFO - Processing file /home/sigmoid/Desktop/Personal_Ml/airflow_poc/airflow_env/lib/python3.8/site-packages/airflow/example_dags/example_branch_day_of_week_operator.py for tasks to queue
[2024-11-19T13:13:34.671+0530] {logging_mixin.py:188} INFO - [2024-11-19T13:13:34.670+0530] {dagbag.py:540} INFO - Filling up the DagBag from /home/sigmoid/Desktop/Personal_Ml/airflow_poc/airflow_env/lib/python3.8/site-packages/airflow/example_dags/example_branch_day_of_week_operator.py
[2024-11-19T13:13:34.690+0530] {processor.py:840} INFO - DAG(s) 'example_weekday_branch_operator' retrieved from /home/sigmoid/Desktop/Personal_Ml/airflow_poc/airflow_env/lib/python3.8/site-packages/airflow/example_dags/example_branch_day_of_week_operator.py
[2024-11-19T13:13:34.742+0530] {logging_mixin.py:188} INFO - [2024-11-19T13:13:34.741+0530] {dag.py:3047} INFO - Sync 1 DAGs
[2024-11-19T13:13:34.808+0530] {logging_mixin.py:188} INFO - [2024-11-19T13:13:34.808+0530] {dag.py:3834} INFO - Setting next_dagrun for example_weekday_branch_operator to 2024-11-18 00:00:00+00:00, run_after=2024-11-19 00:00:00+00:00
[2024-11-19T13:13:34.861+0530] {processor.py:183} INFO - Processing /home/sigmoid/Desktop/Personal_Ml/airflow_poc/airflow_env/lib/python3.8/site-packages/airflow/example_dags/example_branch_day_of_week_operator.py took 0.201 seconds
[2024-11-19T13:14:35.961+0530] {processor.py:161} INFO - Started process (PID=34100) to work on /home/sigmoid/Desktop/Personal_Ml/airflow_poc/airflow_env/lib/python3.8/site-packages/airflow/example_dags/example_branch_day_of_week_operator.py
[2024-11-19T13:14:35.962+0530] {processor.py:830} INFO - Processing file /home/sigmoid/Desktop/Personal_Ml/airflow_poc/airflow_env/lib/python3.8/site-packages/airflow/example_dags/example_branch_day_of_week_operator.py for tasks to queue
[2024-11-19T13:14:35.963+0530] {logging_mixin.py:188} INFO - [2024-11-19T13:14:35.963+0530] {dagbag.py:540} INFO - Filling up the DagBag from /home/sigmoid/Desktop/Personal_Ml/airflow_poc/airflow_env/lib/python3.8/site-packages/airflow/example_dags/example_branch_day_of_week_operator.py
[2024-11-19T13:14:35.974+0530] {processor.py:840} INFO - DAG(s) 'example_weekday_branch_operator' retrieved from /home/sigmoid/Desktop/Personal_Ml/airflow_poc/airflow_env/lib/python3.8/site-packages/airflow/example_dags/example_branch_day_of_week_operator.py
[2024-11-19T13:14:35.993+0530] {logging_mixin.py:188} INFO - [2024-11-19T13:14:35.993+0530] {dag.py:3047} INFO - Sync 1 DAGs
[2024-11-19T13:14:36.020+0530] {logging_mixin.py:188} INFO - [2024-11-19T13:14:36.020+0530] {dag.py:3834} INFO - Setting next_dagrun for example_weekday_branch_operator to 2024-11-18 00:00:00+00:00, run_after=2024-11-19 00:00:00+00:00
[2024-11-19T13:14:36.044+0530] {processor.py:183} INFO - Processing /home/sigmoid/Desktop/Personal_Ml/airflow_poc/airflow_env/lib/python3.8/site-packages/airflow/example_dags/example_branch_day_of_week_operator.py took 0.086 seconds
[2024-11-19T13:15:30.888+0530] {processor.py:161} INFO - Started process (PID=34431) to work on /home/sigmoid/Desktop/Personal_Ml/airflow_poc/airflow_env/lib/python3.8/site-packages/airflow/example_dags/example_branch_day_of_week_operator.py
[2024-11-19T13:15:30.889+0530] {processor.py:830} INFO - Processing file /home/sigmoid/Desktop/Personal_Ml/airflow_poc/airflow_env/lib/python3.8/site-packages/airflow/example_dags/example_branch_day_of_week_operator.py for tasks to queue
[2024-11-19T13:15:30.890+0530] {logging_mixin.py:188} INFO - [2024-11-19T13:15:30.890+0530] {dagbag.py:540} INFO - Filling up the DagBag from /home/sigmoid/Desktop/Personal_Ml/airflow_poc/airflow_env/lib/python3.8/site-packages/airflow/example_dags/example_branch_day_of_week_operator.py
[2024-11-19T13:15:30.902+0530] {processor.py:840} INFO - DAG(s) 'example_weekday_branch_operator' retrieved from /home/sigmoid/Desktop/Personal_Ml/airflow_poc/airflow_env/lib/python3.8/site-packages/airflow/example_dags/example_branch_day_of_week_operator.py
[2024-11-19T13:15:30.922+0530] {logging_mixin.py:188} INFO - [2024-11-19T13:15:30.922+0530] {dag.py:3047} INFO - Sync 1 DAGs
[2024-11-19T13:15:30.952+0530] {logging_mixin.py:188} INFO - [2024-11-19T13:15:30.952+0530] {dag.py:3834} INFO - Setting next_dagrun for example_weekday_branch_operator to 2024-11-18 00:00:00+00:00, run_after=2024-11-19 00:00:00+00:00
[2024-11-19T13:15:30.981+0530] {processor.py:183} INFO - Processing /home/sigmoid/Desktop/Personal_Ml/airflow_poc/airflow_env/lib/python3.8/site-packages/airflow/example_dags/example_branch_day_of_week_operator.py took 0.097 seconds
[2024-11-19T13:16:35.702+0530] {processor.py:161} INFO - Started process (PID=35144) to work on /home/sigmoid/Desktop/Personal_Ml/airflow_poc/airflow_env/lib/python3.8/site-packages/airflow/example_dags/example_branch_day_of_week_operator.py
[2024-11-19T13:16:35.704+0530] {processor.py:830} INFO - Processing file /home/sigmoid/Desktop/Personal_Ml/airflow_poc/airflow_env/lib/python3.8/site-packages/airflow/example_dags/example_branch_day_of_week_operator.py for tasks to queue
[2024-11-19T13:16:35.705+0530] {logging_mixin.py:188} INFO - [2024-11-19T13:16:35.704+0530] {dagbag.py:540} INFO - Filling up the DagBag from /home/sigmoid/Desktop/Personal_Ml/airflow_poc/airflow_env/lib/python3.8/site-packages/airflow/example_dags/example_branch_day_of_week_operator.py
[2024-11-19T13:16:35.722+0530] {processor.py:840} INFO - DAG(s) 'example_weekday_branch_operator' retrieved from /home/sigmoid/Desktop/Personal_Ml/airflow_poc/airflow_env/lib/python3.8/site-packages/airflow/example_dags/example_branch_day_of_week_operator.py
[2024-11-19T13:16:35.757+0530] {logging_mixin.py:188} INFO - [2024-11-19T13:16:35.756+0530] {dag.py:3047} INFO - Sync 1 DAGs
[2024-11-19T13:16:35.810+0530] {logging_mixin.py:188} INFO - [2024-11-19T13:16:35.810+0530] {dag.py:3834} INFO - Setting next_dagrun for example_weekday_branch_operator to 2024-11-18 00:00:00+00:00, run_after=2024-11-19 00:00:00+00:00
[2024-11-19T13:16:35.865+0530] {processor.py:183} INFO - Processing /home/sigmoid/Desktop/Personal_Ml/airflow_poc/airflow_env/lib/python3.8/site-packages/airflow/example_dags/example_branch_day_of_week_operator.py took 0.168 seconds
[2024-11-19T13:17:40.874+0530] {processor.py:161} INFO - Started process (PID=35265) to work on /home/sigmoid/Desktop/Personal_Ml/airflow_poc/airflow_env/lib/python3.8/site-packages/airflow/example_dags/example_branch_day_of_week_operator.py
[2024-11-19T13:17:40.875+0530] {processor.py:830} INFO - Processing file /home/sigmoid/Desktop/Personal_Ml/airflow_poc/airflow_env/lib/python3.8/site-packages/airflow/example_dags/example_branch_day_of_week_operator.py for tasks to queue
[2024-11-19T13:17:40.876+0530] {logging_mixin.py:188} INFO - [2024-11-19T13:17:40.876+0530] {dagbag.py:540} INFO - Filling up the DagBag from /home/sigmoid/Desktop/Personal_Ml/airflow_poc/airflow_env/lib/python3.8/site-packages/airflow/example_dags/example_branch_day_of_week_operator.py
[2024-11-19T13:17:40.889+0530] {processor.py:840} INFO - DAG(s) 'example_weekday_branch_operator' retrieved from /home/sigmoid/Desktop/Personal_Ml/airflow_poc/airflow_env/lib/python3.8/site-packages/airflow/example_dags/example_branch_day_of_week_operator.py
[2024-11-19T13:17:40.908+0530] {logging_mixin.py:188} INFO - [2024-11-19T13:17:40.908+0530] {dag.py:3047} INFO - Sync 1 DAGs
[2024-11-19T13:17:40.930+0530] {logging_mixin.py:188} INFO - [2024-11-19T13:17:40.930+0530] {dag.py:3834} INFO - Setting next_dagrun for example_weekday_branch_operator to 2024-11-18 00:00:00+00:00, run_after=2024-11-19 00:00:00+00:00
[2024-11-19T13:17:40.966+0530] {processor.py:183} INFO - Processing /home/sigmoid/Desktop/Personal_Ml/airflow_poc/airflow_env/lib/python3.8/site-packages/airflow/example_dags/example_branch_day_of_week_operator.py took 0.097 seconds
[2024-11-19T13:18:32.782+0530] {processor.py:161} INFO - Started process (PID=35322) to work on /home/sigmoid/Desktop/Personal_Ml/airflow_poc/airflow_env/lib/python3.8/site-packages/airflow/example_dags/example_branch_day_of_week_operator.py
[2024-11-19T13:18:32.783+0530] {processor.py:830} INFO - Processing file /home/sigmoid/Desktop/Personal_Ml/airflow_poc/airflow_env/lib/python3.8/site-packages/airflow/example_dags/example_branch_day_of_week_operator.py for tasks to queue
[2024-11-19T13:18:32.784+0530] {logging_mixin.py:188} INFO - [2024-11-19T13:18:32.784+0530] {dagbag.py:540} INFO - Filling up the DagBag from /home/sigmoid/Desktop/Personal_Ml/airflow_poc/airflow_env/lib/python3.8/site-packages/airflow/example_dags/example_branch_day_of_week_operator.py
[2024-11-19T13:18:32.792+0530] {processor.py:840} INFO - DAG(s) 'example_weekday_branch_operator' retrieved from /home/sigmoid/Desktop/Personal_Ml/airflow_poc/airflow_env/lib/python3.8/site-packages/airflow/example_dags/example_branch_day_of_week_operator.py
[2024-11-19T13:18:32.810+0530] {logging_mixin.py:188} INFO - [2024-11-19T13:18:32.810+0530] {dag.py:3047} INFO - Sync 1 DAGs
[2024-11-19T13:18:32.833+0530] {logging_mixin.py:188} INFO - [2024-11-19T13:18:32.832+0530] {dag.py:3834} INFO - Setting next_dagrun for example_weekday_branch_operator to 2024-11-18 00:00:00+00:00, run_after=2024-11-19 00:00:00+00:00
[2024-11-19T13:18:32.852+0530] {processor.py:183} INFO - Processing /home/sigmoid/Desktop/Personal_Ml/airflow_poc/airflow_env/lib/python3.8/site-packages/airflow/example_dags/example_branch_day_of_week_operator.py took 0.074 seconds
[2024-11-19T13:19:40.030+0530] {processor.py:161} INFO - Started process (PID=35419) to work on /home/sigmoid/Desktop/Personal_Ml/airflow_poc/airflow_env/lib/python3.8/site-packages/airflow/example_dags/example_branch_day_of_week_operator.py
[2024-11-19T13:19:40.032+0530] {processor.py:830} INFO - Processing file /home/sigmoid/Desktop/Personal_Ml/airflow_poc/airflow_env/lib/python3.8/site-packages/airflow/example_dags/example_branch_day_of_week_operator.py for tasks to queue
[2024-11-19T13:19:40.033+0530] {logging_mixin.py:188} INFO - [2024-11-19T13:19:40.032+0530] {dagbag.py:540} INFO - Filling up the DagBag from /home/sigmoid/Desktop/Personal_Ml/airflow_poc/airflow_env/lib/python3.8/site-packages/airflow/example_dags/example_branch_day_of_week_operator.py
[2024-11-19T13:19:40.043+0530] {processor.py:840} INFO - DAG(s) 'example_weekday_branch_operator' retrieved from /home/sigmoid/Desktop/Personal_Ml/airflow_poc/airflow_env/lib/python3.8/site-packages/airflow/example_dags/example_branch_day_of_week_operator.py
[2024-11-19T13:19:40.063+0530] {logging_mixin.py:188} INFO - [2024-11-19T13:19:40.063+0530] {dag.py:3047} INFO - Sync 1 DAGs
[2024-11-19T13:19:40.088+0530] {logging_mixin.py:188} INFO - [2024-11-19T13:19:40.087+0530] {dag.py:3834} INFO - Setting next_dagrun for example_weekday_branch_operator to 2024-11-18 00:00:00+00:00, run_after=2024-11-19 00:00:00+00:00
[2024-11-19T13:19:40.112+0530] {processor.py:183} INFO - Processing /home/sigmoid/Desktop/Personal_Ml/airflow_poc/airflow_env/lib/python3.8/site-packages/airflow/example_dags/example_branch_day_of_week_operator.py took 0.085 seconds
[2024-11-19T13:20:52.575+0530] {processor.py:161} INFO - Started process (PID=35608) to work on /home/sigmoid/Desktop/Personal_Ml/airflow_poc/airflow_env/lib/python3.8/site-packages/airflow/example_dags/example_branch_day_of_week_operator.py
[2024-11-19T13:20:52.576+0530] {processor.py:830} INFO - Processing file /home/sigmoid/Desktop/Personal_Ml/airflow_poc/airflow_env/lib/python3.8/site-packages/airflow/example_dags/example_branch_day_of_week_operator.py for tasks to queue
[2024-11-19T13:20:52.577+0530] {logging_mixin.py:188} INFO - [2024-11-19T13:20:52.576+0530] {dagbag.py:540} INFO - Filling up the DagBag from /home/sigmoid/Desktop/Personal_Ml/airflow_poc/airflow_env/lib/python3.8/site-packages/airflow/example_dags/example_branch_day_of_week_operator.py
[2024-11-19T13:20:52.588+0530] {processor.py:840} INFO - DAG(s) 'example_weekday_branch_operator' retrieved from /home/sigmoid/Desktop/Personal_Ml/airflow_poc/airflow_env/lib/python3.8/site-packages/airflow/example_dags/example_branch_day_of_week_operator.py
[2024-11-19T13:20:52.609+0530] {logging_mixin.py:188} INFO - [2024-11-19T13:20:52.609+0530] {dag.py:3047} INFO - Sync 1 DAGs
[2024-11-19T13:20:52.635+0530] {logging_mixin.py:188} INFO - [2024-11-19T13:20:52.635+0530] {dag.py:3834} INFO - Setting next_dagrun for example_weekday_branch_operator to 2024-11-18 00:00:00+00:00, run_after=2024-11-19 00:00:00+00:00
[2024-11-19T13:20:52.659+0530] {processor.py:183} INFO - Processing /home/sigmoid/Desktop/Personal_Ml/airflow_poc/airflow_env/lib/python3.8/site-packages/airflow/example_dags/example_branch_day_of_week_operator.py took 0.088 seconds
[2024-11-19T13:21:56.799+0530] {processor.py:161} INFO - Started process (PID=35723) to work on /home/sigmoid/Desktop/Personal_Ml/airflow_poc/airflow_env/lib/python3.8/site-packages/airflow/example_dags/example_branch_day_of_week_operator.py
[2024-11-19T13:21:56.803+0530] {processor.py:830} INFO - Processing file /home/sigmoid/Desktop/Personal_Ml/airflow_poc/airflow_env/lib/python3.8/site-packages/airflow/example_dags/example_branch_day_of_week_operator.py for tasks to queue
[2024-11-19T13:21:56.805+0530] {logging_mixin.py:188} INFO - [2024-11-19T13:21:56.805+0530] {dagbag.py:540} INFO - Filling up the DagBag from /home/sigmoid/Desktop/Personal_Ml/airflow_poc/airflow_env/lib/python3.8/site-packages/airflow/example_dags/example_branch_day_of_week_operator.py
[2024-11-19T13:21:56.814+0530] {processor.py:840} INFO - DAG(s) 'example_weekday_branch_operator' retrieved from /home/sigmoid/Desktop/Personal_Ml/airflow_poc/airflow_env/lib/python3.8/site-packages/airflow/example_dags/example_branch_day_of_week_operator.py
[2024-11-19T13:21:56.833+0530] {logging_mixin.py:188} INFO - [2024-11-19T13:21:56.833+0530] {dag.py:3047} INFO - Sync 1 DAGs
[2024-11-19T13:21:56.859+0530] {logging_mixin.py:188} INFO - [2024-11-19T13:21:56.859+0530] {dag.py:3834} INFO - Setting next_dagrun for example_weekday_branch_operator to 2024-11-18 00:00:00+00:00, run_after=2024-11-19 00:00:00+00:00
[2024-11-19T13:21:56.885+0530] {processor.py:183} INFO - Processing /home/sigmoid/Desktop/Personal_Ml/airflow_poc/airflow_env/lib/python3.8/site-packages/airflow/example_dags/example_branch_day_of_week_operator.py took 0.095 seconds
[2024-11-19T13:24:06.265+0530] {processor.py:161} INFO - Started process (PID=35935) to work on /home/sigmoid/Desktop/Personal_Ml/airflow_poc/airflow_env/lib/python3.8/site-packages/airflow/example_dags/example_branch_day_of_week_operator.py
[2024-11-19T13:24:06.266+0530] {processor.py:830} INFO - Processing file /home/sigmoid/Desktop/Personal_Ml/airflow_poc/airflow_env/lib/python3.8/site-packages/airflow/example_dags/example_branch_day_of_week_operator.py for tasks to queue
[2024-11-19T13:24:06.267+0530] {logging_mixin.py:188} INFO - [2024-11-19T13:24:06.267+0530] {dagbag.py:540} INFO - Filling up the DagBag from /home/sigmoid/Desktop/Personal_Ml/airflow_poc/airflow_env/lib/python3.8/site-packages/airflow/example_dags/example_branch_day_of_week_operator.py
[2024-11-19T13:24:06.279+0530] {processor.py:840} INFO - DAG(s) 'example_weekday_branch_operator' retrieved from /home/sigmoid/Desktop/Personal_Ml/airflow_poc/airflow_env/lib/python3.8/site-packages/airflow/example_dags/example_branch_day_of_week_operator.py
[2024-11-19T13:24:06.300+0530] {logging_mixin.py:188} INFO - [2024-11-19T13:24:06.300+0530] {dag.py:3047} INFO - Sync 1 DAGs
[2024-11-19T13:24:06.328+0530] {logging_mixin.py:188} INFO - [2024-11-19T13:24:06.328+0530] {dag.py:3834} INFO - Setting next_dagrun for example_weekday_branch_operator to 2024-11-18 00:00:00+00:00, run_after=2024-11-19 00:00:00+00:00
[2024-11-19T13:24:06.354+0530] {processor.py:183} INFO - Processing /home/sigmoid/Desktop/Personal_Ml/airflow_poc/airflow_env/lib/python3.8/site-packages/airflow/example_dags/example_branch_day_of_week_operator.py took 0.092 seconds
[2024-11-19T13:25:14.965+0530] {processor.py:161} INFO - Started process (PID=36010) to work on /home/sigmoid/Desktop/Personal_Ml/airflow_poc/airflow_env/lib/python3.8/site-packages/airflow/example_dags/example_branch_day_of_week_operator.py
[2024-11-19T13:25:14.966+0530] {processor.py:830} INFO - Processing file /home/sigmoid/Desktop/Personal_Ml/airflow_poc/airflow_env/lib/python3.8/site-packages/airflow/example_dags/example_branch_day_of_week_operator.py for tasks to queue
[2024-11-19T13:25:14.968+0530] {logging_mixin.py:188} INFO - [2024-11-19T13:25:14.967+0530] {dagbag.py:540} INFO - Filling up the DagBag from /home/sigmoid/Desktop/Personal_Ml/airflow_poc/airflow_env/lib/python3.8/site-packages/airflow/example_dags/example_branch_day_of_week_operator.py
[2024-11-19T13:25:14.978+0530] {processor.py:840} INFO - DAG(s) 'example_weekday_branch_operator' retrieved from /home/sigmoid/Desktop/Personal_Ml/airflow_poc/airflow_env/lib/python3.8/site-packages/airflow/example_dags/example_branch_day_of_week_operator.py
[2024-11-19T13:25:14.999+0530] {logging_mixin.py:188} INFO - [2024-11-19T13:25:14.999+0530] {dag.py:3047} INFO - Sync 1 DAGs
[2024-11-19T13:25:15.025+0530] {logging_mixin.py:188} INFO - [2024-11-19T13:25:15.024+0530] {dag.py:3834} INFO - Setting next_dagrun for example_weekday_branch_operator to 2024-11-18 00:00:00+00:00, run_after=2024-11-19 00:00:00+00:00
[2024-11-19T13:25:15.052+0530] {processor.py:183} INFO - Processing /home/sigmoid/Desktop/Personal_Ml/airflow_poc/airflow_env/lib/python3.8/site-packages/airflow/example_dags/example_branch_day_of_week_operator.py took 0.091 seconds
[2024-11-19T13:26:51.206+0530] {processor.py:161} INFO - Started process (PID=36147) to work on /home/sigmoid/Desktop/Personal_Ml/airflow_poc/airflow_env/lib/python3.8/site-packages/airflow/example_dags/example_branch_day_of_week_operator.py
[2024-11-19T13:26:51.207+0530] {processor.py:830} INFO - Processing file /home/sigmoid/Desktop/Personal_Ml/airflow_poc/airflow_env/lib/python3.8/site-packages/airflow/example_dags/example_branch_day_of_week_operator.py for tasks to queue
[2024-11-19T13:26:51.208+0530] {logging_mixin.py:188} INFO - [2024-11-19T13:26:51.208+0530] {dagbag.py:540} INFO - Filling up the DagBag from /home/sigmoid/Desktop/Personal_Ml/airflow_poc/airflow_env/lib/python3.8/site-packages/airflow/example_dags/example_branch_day_of_week_operator.py
[2024-11-19T13:26:51.216+0530] {processor.py:840} INFO - DAG(s) 'example_weekday_branch_operator' retrieved from /home/sigmoid/Desktop/Personal_Ml/airflow_poc/airflow_env/lib/python3.8/site-packages/airflow/example_dags/example_branch_day_of_week_operator.py
[2024-11-19T13:26:51.234+0530] {logging_mixin.py:188} INFO - [2024-11-19T13:26:51.234+0530] {dag.py:3047} INFO - Sync 1 DAGs
[2024-11-19T13:26:51.256+0530] {logging_mixin.py:188} INFO - [2024-11-19T13:26:51.255+0530] {dag.py:3834} INFO - Setting next_dagrun for example_weekday_branch_operator to 2024-11-18 00:00:00+00:00, run_after=2024-11-19 00:00:00+00:00
[2024-11-19T13:26:51.276+0530] {processor.py:183} INFO - Processing /home/sigmoid/Desktop/Personal_Ml/airflow_poc/airflow_env/lib/python3.8/site-packages/airflow/example_dags/example_branch_day_of_week_operator.py took 0.073 seconds
[2024-11-19T13:28:59.600+0530] {processor.py:161} INFO - Started process (PID=36316) to work on /home/sigmoid/Desktop/Personal_Ml/airflow_poc/airflow_env/lib/python3.8/site-packages/airflow/example_dags/example_branch_day_of_week_operator.py
[2024-11-19T13:28:59.601+0530] {processor.py:830} INFO - Processing file /home/sigmoid/Desktop/Personal_Ml/airflow_poc/airflow_env/lib/python3.8/site-packages/airflow/example_dags/example_branch_day_of_week_operator.py for tasks to queue
[2024-11-19T13:28:59.602+0530] {logging_mixin.py:188} INFO - [2024-11-19T13:28:59.601+0530] {dagbag.py:540} INFO - Filling up the DagBag from /home/sigmoid/Desktop/Personal_Ml/airflow_poc/airflow_env/lib/python3.8/site-packages/airflow/example_dags/example_branch_day_of_week_operator.py
[2024-11-19T13:28:59.613+0530] {processor.py:840} INFO - DAG(s) 'example_weekday_branch_operator' retrieved from /home/sigmoid/Desktop/Personal_Ml/airflow_poc/airflow_env/lib/python3.8/site-packages/airflow/example_dags/example_branch_day_of_week_operator.py
[2024-11-19T13:28:59.634+0530] {logging_mixin.py:188} INFO - [2024-11-19T13:28:59.634+0530] {dag.py:3047} INFO - Sync 1 DAGs
[2024-11-19T13:28:59.666+0530] {logging_mixin.py:188} INFO - [2024-11-19T13:28:59.665+0530] {dag.py:3834} INFO - Setting next_dagrun for example_weekday_branch_operator to 2024-11-18 00:00:00+00:00, run_after=2024-11-19 00:00:00+00:00
[2024-11-19T13:28:59.694+0530] {processor.py:183} INFO - Processing /home/sigmoid/Desktop/Personal_Ml/airflow_poc/airflow_env/lib/python3.8/site-packages/airflow/example_dags/example_branch_day_of_week_operator.py took 0.097 seconds
[2024-11-19T13:30:19.402+0530] {processor.py:161} INFO - Started process (PID=36409) to work on /home/sigmoid/Desktop/Personal_Ml/airflow_poc/airflow_env/lib/python3.8/site-packages/airflow/example_dags/example_branch_day_of_week_operator.py
[2024-11-19T13:30:19.403+0530] {processor.py:830} INFO - Processing file /home/sigmoid/Desktop/Personal_Ml/airflow_poc/airflow_env/lib/python3.8/site-packages/airflow/example_dags/example_branch_day_of_week_operator.py for tasks to queue
[2024-11-19T13:30:19.404+0530] {logging_mixin.py:188} INFO - [2024-11-19T13:30:19.404+0530] {dagbag.py:540} INFO - Filling up the DagBag from /home/sigmoid/Desktop/Personal_Ml/airflow_poc/airflow_env/lib/python3.8/site-packages/airflow/example_dags/example_branch_day_of_week_operator.py
[2024-11-19T13:30:19.417+0530] {processor.py:840} INFO - DAG(s) 'example_weekday_branch_operator' retrieved from /home/sigmoid/Desktop/Personal_Ml/airflow_poc/airflow_env/lib/python3.8/site-packages/airflow/example_dags/example_branch_day_of_week_operator.py
[2024-11-19T13:30:19.440+0530] {logging_mixin.py:188} INFO - [2024-11-19T13:30:19.439+0530] {dag.py:3047} INFO - Sync 1 DAGs
[2024-11-19T13:30:19.468+0530] {logging_mixin.py:188} INFO - [2024-11-19T13:30:19.467+0530] {dag.py:3834} INFO - Setting next_dagrun for example_weekday_branch_operator to 2024-11-18 00:00:00+00:00, run_after=2024-11-19 00:00:00+00:00
[2024-11-19T13:30:19.493+0530] {processor.py:183} INFO - Processing /home/sigmoid/Desktop/Personal_Ml/airflow_poc/airflow_env/lib/python3.8/site-packages/airflow/example_dags/example_branch_day_of_week_operator.py took 0.094 seconds
[2024-11-19T13:31:13.687+0530] {processor.py:161} INFO - Started process (PID=36483) to work on /home/sigmoid/Desktop/Personal_Ml/airflow_poc/airflow_env/lib/python3.8/site-packages/airflow/example_dags/example_branch_day_of_week_operator.py
[2024-11-19T13:31:13.688+0530] {processor.py:830} INFO - Processing file /home/sigmoid/Desktop/Personal_Ml/airflow_poc/airflow_env/lib/python3.8/site-packages/airflow/example_dags/example_branch_day_of_week_operator.py for tasks to queue
[2024-11-19T13:31:13.689+0530] {logging_mixin.py:188} INFO - [2024-11-19T13:31:13.688+0530] {dagbag.py:540} INFO - Filling up the DagBag from /home/sigmoid/Desktop/Personal_Ml/airflow_poc/airflow_env/lib/python3.8/site-packages/airflow/example_dags/example_branch_day_of_week_operator.py
[2024-11-19T13:31:13.697+0530] {processor.py:840} INFO - DAG(s) 'example_weekday_branch_operator' retrieved from /home/sigmoid/Desktop/Personal_Ml/airflow_poc/airflow_env/lib/python3.8/site-packages/airflow/example_dags/example_branch_day_of_week_operator.py
[2024-11-19T13:31:13.715+0530] {logging_mixin.py:188} INFO - [2024-11-19T13:31:13.714+0530] {dag.py:3047} INFO - Sync 1 DAGs
[2024-11-19T13:31:13.736+0530] {logging_mixin.py:188} INFO - [2024-11-19T13:31:13.736+0530] {dag.py:3834} INFO - Setting next_dagrun for example_weekday_branch_operator to 2024-11-18 00:00:00+00:00, run_after=2024-11-19 00:00:00+00:00
[2024-11-19T13:31:13.768+0530] {processor.py:183} INFO - Processing /home/sigmoid/Desktop/Personal_Ml/airflow_poc/airflow_env/lib/python3.8/site-packages/airflow/example_dags/example_branch_day_of_week_operator.py took 0.085 seconds
[2024-11-19T13:32:17.253+0530] {processor.py:161} INFO - Started process (PID=36822) to work on /home/sigmoid/Desktop/Personal_Ml/airflow_poc/airflow_env/lib/python3.8/site-packages/airflow/example_dags/example_branch_day_of_week_operator.py
[2024-11-19T13:32:17.254+0530] {processor.py:830} INFO - Processing file /home/sigmoid/Desktop/Personal_Ml/airflow_poc/airflow_env/lib/python3.8/site-packages/airflow/example_dags/example_branch_day_of_week_operator.py for tasks to queue
[2024-11-19T13:32:17.255+0530] {logging_mixin.py:188} INFO - [2024-11-19T13:32:17.255+0530] {dagbag.py:540} INFO - Filling up the DagBag from /home/sigmoid/Desktop/Personal_Ml/airflow_poc/airflow_env/lib/python3.8/site-packages/airflow/example_dags/example_branch_day_of_week_operator.py
[2024-11-19T13:32:17.263+0530] {processor.py:840} INFO - DAG(s) 'example_weekday_branch_operator' retrieved from /home/sigmoid/Desktop/Personal_Ml/airflow_poc/airflow_env/lib/python3.8/site-packages/airflow/example_dags/example_branch_day_of_week_operator.py
[2024-11-19T13:32:17.281+0530] {logging_mixin.py:188} INFO - [2024-11-19T13:32:17.281+0530] {dag.py:3047} INFO - Sync 1 DAGs
[2024-11-19T13:32:17.302+0530] {logging_mixin.py:188} INFO - [2024-11-19T13:32:17.302+0530] {dag.py:3834} INFO - Setting next_dagrun for example_weekday_branch_operator to 2024-11-18 00:00:00+00:00, run_after=2024-11-19 00:00:00+00:00
[2024-11-19T13:32:17.333+0530] {processor.py:183} INFO - Processing /home/sigmoid/Desktop/Personal_Ml/airflow_poc/airflow_env/lib/python3.8/site-packages/airflow/example_dags/example_branch_day_of_week_operator.py took 0.083 seconds
[2024-11-19T13:33:15.872+0530] {processor.py:161} INFO - Started process (PID=36900) to work on /home/sigmoid/Desktop/Personal_Ml/airflow_poc/airflow_env/lib/python3.8/site-packages/airflow/example_dags/example_branch_day_of_week_operator.py
[2024-11-19T13:33:15.873+0530] {processor.py:830} INFO - Processing file /home/sigmoid/Desktop/Personal_Ml/airflow_poc/airflow_env/lib/python3.8/site-packages/airflow/example_dags/example_branch_day_of_week_operator.py for tasks to queue
[2024-11-19T13:33:15.874+0530] {logging_mixin.py:188} INFO - [2024-11-19T13:33:15.873+0530] {dagbag.py:540} INFO - Filling up the DagBag from /home/sigmoid/Desktop/Personal_Ml/airflow_poc/airflow_env/lib/python3.8/site-packages/airflow/example_dags/example_branch_day_of_week_operator.py
[2024-11-19T13:33:15.882+0530] {processor.py:840} INFO - DAG(s) 'example_weekday_branch_operator' retrieved from /home/sigmoid/Desktop/Personal_Ml/airflow_poc/airflow_env/lib/python3.8/site-packages/airflow/example_dags/example_branch_day_of_week_operator.py
[2024-11-19T13:33:15.900+0530] {logging_mixin.py:188} INFO - [2024-11-19T13:33:15.900+0530] {dag.py:3047} INFO - Sync 1 DAGs
[2024-11-19T13:33:15.922+0530] {logging_mixin.py:188} INFO - [2024-11-19T13:33:15.922+0530] {dag.py:3834} INFO - Setting next_dagrun for example_weekday_branch_operator to 2024-11-18 00:00:00+00:00, run_after=2024-11-19 00:00:00+00:00
[2024-11-19T13:33:15.943+0530] {processor.py:183} INFO - Processing /home/sigmoid/Desktop/Personal_Ml/airflow_poc/airflow_env/lib/python3.8/site-packages/airflow/example_dags/example_branch_day_of_week_operator.py took 0.075 seconds
[2024-11-19T13:41:54.309+0530] {processor.py:161} INFO - Started process (PID=37280) to work on /home/sigmoid/Desktop/Personal_Ml/airflow_poc/airflow_env/lib/python3.8/site-packages/airflow/example_dags/example_branch_day_of_week_operator.py
[2024-11-19T13:41:54.310+0530] {processor.py:830} INFO - Processing file /home/sigmoid/Desktop/Personal_Ml/airflow_poc/airflow_env/lib/python3.8/site-packages/airflow/example_dags/example_branch_day_of_week_operator.py for tasks to queue
[2024-11-19T13:41:54.311+0530] {logging_mixin.py:188} INFO - [2024-11-19T13:41:54.311+0530] {dagbag.py:540} INFO - Filling up the DagBag from /home/sigmoid/Desktop/Personal_Ml/airflow_poc/airflow_env/lib/python3.8/site-packages/airflow/example_dags/example_branch_day_of_week_operator.py
[2024-11-19T13:41:54.320+0530] {processor.py:840} INFO - DAG(s) 'example_weekday_branch_operator' retrieved from /home/sigmoid/Desktop/Personal_Ml/airflow_poc/airflow_env/lib/python3.8/site-packages/airflow/example_dags/example_branch_day_of_week_operator.py
[2024-11-19T13:41:54.338+0530] {logging_mixin.py:188} INFO - [2024-11-19T13:41:54.337+0530] {dag.py:3047} INFO - Sync 1 DAGs
[2024-11-19T13:41:54.359+0530] {logging_mixin.py:188} INFO - [2024-11-19T13:41:54.359+0530] {dag.py:3834} INFO - Setting next_dagrun for example_weekday_branch_operator to 2024-11-18 00:00:00+00:00, run_after=2024-11-19 00:00:00+00:00
[2024-11-19T13:41:54.379+0530] {processor.py:183} INFO - Processing /home/sigmoid/Desktop/Personal_Ml/airflow_poc/airflow_env/lib/python3.8/site-packages/airflow/example_dags/example_branch_day_of_week_operator.py took 0.073 seconds
[2024-11-19T13:42:56.840+0530] {processor.py:161} INFO - Started process (PID=37358) to work on /home/sigmoid/Desktop/Personal_Ml/airflow_poc/airflow_env/lib/python3.8/site-packages/airflow/example_dags/example_branch_day_of_week_operator.py
[2024-11-19T13:42:56.842+0530] {processor.py:830} INFO - Processing file /home/sigmoid/Desktop/Personal_Ml/airflow_poc/airflow_env/lib/python3.8/site-packages/airflow/example_dags/example_branch_day_of_week_operator.py for tasks to queue
[2024-11-19T13:42:56.842+0530] {logging_mixin.py:188} INFO - [2024-11-19T13:42:56.842+0530] {dagbag.py:540} INFO - Filling up the DagBag from /home/sigmoid/Desktop/Personal_Ml/airflow_poc/airflow_env/lib/python3.8/site-packages/airflow/example_dags/example_branch_day_of_week_operator.py
[2024-11-19T13:42:56.851+0530] {processor.py:840} INFO - DAG(s) 'example_weekday_branch_operator' retrieved from /home/sigmoid/Desktop/Personal_Ml/airflow_poc/airflow_env/lib/python3.8/site-packages/airflow/example_dags/example_branch_day_of_week_operator.py
[2024-11-19T13:42:56.868+0530] {logging_mixin.py:188} INFO - [2024-11-19T13:42:56.867+0530] {dag.py:3047} INFO - Sync 1 DAGs
[2024-11-19T13:42:56.889+0530] {logging_mixin.py:188} INFO - [2024-11-19T13:42:56.889+0530] {dag.py:3834} INFO - Setting next_dagrun for example_weekday_branch_operator to 2024-11-18 00:00:00+00:00, run_after=2024-11-19 00:00:00+00:00
[2024-11-19T13:42:56.911+0530] {processor.py:183} INFO - Processing /home/sigmoid/Desktop/Personal_Ml/airflow_poc/airflow_env/lib/python3.8/site-packages/airflow/example_dags/example_branch_day_of_week_operator.py took 0.074 seconds
[2024-11-19T13:44:02.042+0530] {processor.py:161} INFO - Started process (PID=37433) to work on /home/sigmoid/Desktop/Personal_Ml/airflow_poc/airflow_env/lib/python3.8/site-packages/airflow/example_dags/example_branch_day_of_week_operator.py
[2024-11-19T13:44:02.043+0530] {processor.py:830} INFO - Processing file /home/sigmoid/Desktop/Personal_Ml/airflow_poc/airflow_env/lib/python3.8/site-packages/airflow/example_dags/example_branch_day_of_week_operator.py for tasks to queue
[2024-11-19T13:44:02.044+0530] {logging_mixin.py:188} INFO - [2024-11-19T13:44:02.043+0530] {dagbag.py:540} INFO - Filling up the DagBag from /home/sigmoid/Desktop/Personal_Ml/airflow_poc/airflow_env/lib/python3.8/site-packages/airflow/example_dags/example_branch_day_of_week_operator.py
[2024-11-19T13:44:02.052+0530] {processor.py:840} INFO - DAG(s) 'example_weekday_branch_operator' retrieved from /home/sigmoid/Desktop/Personal_Ml/airflow_poc/airflow_env/lib/python3.8/site-packages/airflow/example_dags/example_branch_day_of_week_operator.py
[2024-11-19T13:44:02.069+0530] {logging_mixin.py:188} INFO - [2024-11-19T13:44:02.069+0530] {dag.py:3047} INFO - Sync 1 DAGs
[2024-11-19T13:44:02.091+0530] {logging_mixin.py:188} INFO - [2024-11-19T13:44:02.091+0530] {dag.py:3834} INFO - Setting next_dagrun for example_weekday_branch_operator to 2024-11-18 00:00:00+00:00, run_after=2024-11-19 00:00:00+00:00
[2024-11-19T13:44:02.111+0530] {processor.py:183} INFO - Processing /home/sigmoid/Desktop/Personal_Ml/airflow_poc/airflow_env/lib/python3.8/site-packages/airflow/example_dags/example_branch_day_of_week_operator.py took 0.072 seconds
[2024-11-19T13:45:03.076+0530] {processor.py:161} INFO - Started process (PID=37511) to work on /home/sigmoid/Desktop/Personal_Ml/airflow_poc/airflow_env/lib/python3.8/site-packages/airflow/example_dags/example_branch_day_of_week_operator.py
[2024-11-19T13:45:03.078+0530] {processor.py:830} INFO - Processing file /home/sigmoid/Desktop/Personal_Ml/airflow_poc/airflow_env/lib/python3.8/site-packages/airflow/example_dags/example_branch_day_of_week_operator.py for tasks to queue
[2024-11-19T13:45:03.078+0530] {logging_mixin.py:188} INFO - [2024-11-19T13:45:03.078+0530] {dagbag.py:540} INFO - Filling up the DagBag from /home/sigmoid/Desktop/Personal_Ml/airflow_poc/airflow_env/lib/python3.8/site-packages/airflow/example_dags/example_branch_day_of_week_operator.py
[2024-11-19T13:45:03.086+0530] {processor.py:840} INFO - DAG(s) 'example_weekday_branch_operator' retrieved from /home/sigmoid/Desktop/Personal_Ml/airflow_poc/airflow_env/lib/python3.8/site-packages/airflow/example_dags/example_branch_day_of_week_operator.py
[2024-11-19T13:45:03.104+0530] {logging_mixin.py:188} INFO - [2024-11-19T13:45:03.103+0530] {dag.py:3047} INFO - Sync 1 DAGs
[2024-11-19T13:45:03.126+0530] {logging_mixin.py:188} INFO - [2024-11-19T13:45:03.125+0530] {dag.py:3834} INFO - Setting next_dagrun for example_weekday_branch_operator to 2024-11-18 00:00:00+00:00, run_after=2024-11-19 00:00:00+00:00
[2024-11-19T13:45:03.145+0530] {processor.py:183} INFO - Processing /home/sigmoid/Desktop/Personal_Ml/airflow_poc/airflow_env/lib/python3.8/site-packages/airflow/example_dags/example_branch_day_of_week_operator.py took 0.072 seconds
[2024-11-19T13:46:07.250+0530] {processor.py:161} INFO - Started process (PID=37584) to work on /home/sigmoid/Desktop/Personal_Ml/airflow_poc/airflow_env/lib/python3.8/site-packages/airflow/example_dags/example_branch_day_of_week_operator.py
[2024-11-19T13:46:07.251+0530] {processor.py:830} INFO - Processing file /home/sigmoid/Desktop/Personal_Ml/airflow_poc/airflow_env/lib/python3.8/site-packages/airflow/example_dags/example_branch_day_of_week_operator.py for tasks to queue
[2024-11-19T13:46:07.252+0530] {logging_mixin.py:188} INFO - [2024-11-19T13:46:07.252+0530] {dagbag.py:540} INFO - Filling up the DagBag from /home/sigmoid/Desktop/Personal_Ml/airflow_poc/airflow_env/lib/python3.8/site-packages/airflow/example_dags/example_branch_day_of_week_operator.py
[2024-11-19T13:46:07.260+0530] {processor.py:840} INFO - DAG(s) 'example_weekday_branch_operator' retrieved from /home/sigmoid/Desktop/Personal_Ml/airflow_poc/airflow_env/lib/python3.8/site-packages/airflow/example_dags/example_branch_day_of_week_operator.py
[2024-11-19T13:46:07.277+0530] {logging_mixin.py:188} INFO - [2024-11-19T13:46:07.277+0530] {dag.py:3047} INFO - Sync 1 DAGs
[2024-11-19T13:46:07.307+0530] {logging_mixin.py:188} INFO - [2024-11-19T13:46:07.306+0530] {dag.py:3834} INFO - Setting next_dagrun for example_weekday_branch_operator to 2024-11-18 00:00:00+00:00, run_after=2024-11-19 00:00:00+00:00
[2024-11-19T13:46:07.333+0530] {processor.py:183} INFO - Processing /home/sigmoid/Desktop/Personal_Ml/airflow_poc/airflow_env/lib/python3.8/site-packages/airflow/example_dags/example_branch_day_of_week_operator.py took 0.086 seconds
[2024-11-19T13:47:11.958+0530] {processor.py:161} INFO - Started process (PID=37919) to work on /home/sigmoid/Desktop/Personal_Ml/airflow_poc/airflow_env/lib/python3.8/site-packages/airflow/example_dags/example_branch_day_of_week_operator.py
[2024-11-19T13:47:11.959+0530] {processor.py:830} INFO - Processing file /home/sigmoid/Desktop/Personal_Ml/airflow_poc/airflow_env/lib/python3.8/site-packages/airflow/example_dags/example_branch_day_of_week_operator.py for tasks to queue
[2024-11-19T13:47:11.960+0530] {logging_mixin.py:188} INFO - [2024-11-19T13:47:11.960+0530] {dagbag.py:540} INFO - Filling up the DagBag from /home/sigmoid/Desktop/Personal_Ml/airflow_poc/airflow_env/lib/python3.8/site-packages/airflow/example_dags/example_branch_day_of_week_operator.py
[2024-11-19T13:47:11.968+0530] {processor.py:840} INFO - DAG(s) 'example_weekday_branch_operator' retrieved from /home/sigmoid/Desktop/Personal_Ml/airflow_poc/airflow_env/lib/python3.8/site-packages/airflow/example_dags/example_branch_day_of_week_operator.py
[2024-11-19T13:47:11.985+0530] {logging_mixin.py:188} INFO - [2024-11-19T13:47:11.985+0530] {dag.py:3047} INFO - Sync 1 DAGs
[2024-11-19T13:47:12.007+0530] {logging_mixin.py:188} INFO - [2024-11-19T13:47:12.007+0530] {dag.py:3834} INFO - Setting next_dagrun for example_weekday_branch_operator to 2024-11-18 00:00:00+00:00, run_after=2024-11-19 00:00:00+00:00
[2024-11-19T13:47:12.027+0530] {processor.py:183} INFO - Processing /home/sigmoid/Desktop/Personal_Ml/airflow_poc/airflow_env/lib/python3.8/site-packages/airflow/example_dags/example_branch_day_of_week_operator.py took 0.072 seconds
[2024-11-19T13:48:10.986+0530] {processor.py:161} INFO - Started process (PID=37991) to work on /home/sigmoid/Desktop/Personal_Ml/airflow_poc/airflow_env/lib/python3.8/site-packages/airflow/example_dags/example_branch_day_of_week_operator.py
[2024-11-19T13:48:10.988+0530] {processor.py:830} INFO - Processing file /home/sigmoid/Desktop/Personal_Ml/airflow_poc/airflow_env/lib/python3.8/site-packages/airflow/example_dags/example_branch_day_of_week_operator.py for tasks to queue
[2024-11-19T13:48:10.988+0530] {logging_mixin.py:188} INFO - [2024-11-19T13:48:10.988+0530] {dagbag.py:540} INFO - Filling up the DagBag from /home/sigmoid/Desktop/Personal_Ml/airflow_poc/airflow_env/lib/python3.8/site-packages/airflow/example_dags/example_branch_day_of_week_operator.py
[2024-11-19T13:48:10.997+0530] {processor.py:840} INFO - DAG(s) 'example_weekday_branch_operator' retrieved from /home/sigmoid/Desktop/Personal_Ml/airflow_poc/airflow_env/lib/python3.8/site-packages/airflow/example_dags/example_branch_day_of_week_operator.py
[2024-11-19T13:48:11.014+0530] {logging_mixin.py:188} INFO - [2024-11-19T13:48:11.014+0530] {dag.py:3047} INFO - Sync 1 DAGs
[2024-11-19T13:48:11.037+0530] {logging_mixin.py:188} INFO - [2024-11-19T13:48:11.036+0530] {dag.py:3834} INFO - Setting next_dagrun for example_weekday_branch_operator to 2024-11-18 00:00:00+00:00, run_after=2024-11-19 00:00:00+00:00
[2024-11-19T13:48:11.056+0530] {processor.py:183} INFO - Processing /home/sigmoid/Desktop/Personal_Ml/airflow_poc/airflow_env/lib/python3.8/site-packages/airflow/example_dags/example_branch_day_of_week_operator.py took 0.073 seconds
[2024-11-19T13:49:11.122+0530] {processor.py:161} INFO - Started process (PID=38067) to work on /home/sigmoid/Desktop/Personal_Ml/airflow_poc/airflow_env/lib/python3.8/site-packages/airflow/example_dags/example_branch_day_of_week_operator.py
[2024-11-19T13:49:11.123+0530] {processor.py:830} INFO - Processing file /home/sigmoid/Desktop/Personal_Ml/airflow_poc/airflow_env/lib/python3.8/site-packages/airflow/example_dags/example_branch_day_of_week_operator.py for tasks to queue
[2024-11-19T13:49:11.124+0530] {logging_mixin.py:188} INFO - [2024-11-19T13:49:11.124+0530] {dagbag.py:540} INFO - Filling up the DagBag from /home/sigmoid/Desktop/Personal_Ml/airflow_poc/airflow_env/lib/python3.8/site-packages/airflow/example_dags/example_branch_day_of_week_operator.py
[2024-11-19T13:49:11.132+0530] {processor.py:840} INFO - DAG(s) 'example_weekday_branch_operator' retrieved from /home/sigmoid/Desktop/Personal_Ml/airflow_poc/airflow_env/lib/python3.8/site-packages/airflow/example_dags/example_branch_day_of_week_operator.py
[2024-11-19T13:49:11.150+0530] {logging_mixin.py:188} INFO - [2024-11-19T13:49:11.150+0530] {dag.py:3047} INFO - Sync 1 DAGs
[2024-11-19T13:49:11.172+0530] {logging_mixin.py:188} INFO - [2024-11-19T13:49:11.172+0530] {dag.py:3834} INFO - Setting next_dagrun for example_weekday_branch_operator to 2024-11-18 00:00:00+00:00, run_after=2024-11-19 00:00:00+00:00
[2024-11-19T13:49:11.193+0530] {processor.py:183} INFO - Processing /home/sigmoid/Desktop/Personal_Ml/airflow_poc/airflow_env/lib/python3.8/site-packages/airflow/example_dags/example_branch_day_of_week_operator.py took 0.074 seconds
[2024-11-19T13:50:06.437+0530] {processor.py:161} INFO - Started process (PID=38134) to work on /home/sigmoid/Desktop/Personal_Ml/airflow_poc/airflow_env/lib/python3.8/site-packages/airflow/example_dags/example_branch_day_of_week_operator.py
[2024-11-19T13:50:06.438+0530] {processor.py:830} INFO - Processing file /home/sigmoid/Desktop/Personal_Ml/airflow_poc/airflow_env/lib/python3.8/site-packages/airflow/example_dags/example_branch_day_of_week_operator.py for tasks to queue
[2024-11-19T13:50:06.439+0530] {logging_mixin.py:188} INFO - [2024-11-19T13:50:06.439+0530] {dagbag.py:540} INFO - Filling up the DagBag from /home/sigmoid/Desktop/Personal_Ml/airflow_poc/airflow_env/lib/python3.8/site-packages/airflow/example_dags/example_branch_day_of_week_operator.py
[2024-11-19T13:50:06.447+0530] {processor.py:840} INFO - DAG(s) 'example_weekday_branch_operator' retrieved from /home/sigmoid/Desktop/Personal_Ml/airflow_poc/airflow_env/lib/python3.8/site-packages/airflow/example_dags/example_branch_day_of_week_operator.py
[2024-11-19T13:50:06.464+0530] {logging_mixin.py:188} INFO - [2024-11-19T13:50:06.464+0530] {dag.py:3047} INFO - Sync 1 DAGs
[2024-11-19T13:50:06.486+0530] {logging_mixin.py:188} INFO - [2024-11-19T13:50:06.486+0530] {dag.py:3834} INFO - Setting next_dagrun for example_weekday_branch_operator to 2024-11-18 00:00:00+00:00, run_after=2024-11-19 00:00:00+00:00
[2024-11-19T13:50:06.516+0530] {processor.py:183} INFO - Processing /home/sigmoid/Desktop/Personal_Ml/airflow_poc/airflow_env/lib/python3.8/site-packages/airflow/example_dags/example_branch_day_of_week_operator.py took 0.082 seconds
[2024-11-19T13:51:09.237+0530] {processor.py:161} INFO - Started process (PID=38210) to work on /home/sigmoid/Desktop/Personal_Ml/airflow_poc/airflow_env/lib/python3.8/site-packages/airflow/example_dags/example_branch_day_of_week_operator.py
[2024-11-19T13:51:09.238+0530] {processor.py:830} INFO - Processing file /home/sigmoid/Desktop/Personal_Ml/airflow_poc/airflow_env/lib/python3.8/site-packages/airflow/example_dags/example_branch_day_of_week_operator.py for tasks to queue
[2024-11-19T13:51:09.239+0530] {logging_mixin.py:188} INFO - [2024-11-19T13:51:09.239+0530] {dagbag.py:540} INFO - Filling up the DagBag from /home/sigmoid/Desktop/Personal_Ml/airflow_poc/airflow_env/lib/python3.8/site-packages/airflow/example_dags/example_branch_day_of_week_operator.py
[2024-11-19T13:51:09.247+0530] {processor.py:840} INFO - DAG(s) 'example_weekday_branch_operator' retrieved from /home/sigmoid/Desktop/Personal_Ml/airflow_poc/airflow_env/lib/python3.8/site-packages/airflow/example_dags/example_branch_day_of_week_operator.py
[2024-11-19T13:51:09.265+0530] {logging_mixin.py:188} INFO - [2024-11-19T13:51:09.264+0530] {dag.py:3047} INFO - Sync 1 DAGs
[2024-11-19T13:51:09.286+0530] {logging_mixin.py:188} INFO - [2024-11-19T13:51:09.286+0530] {dag.py:3834} INFO - Setting next_dagrun for example_weekday_branch_operator to 2024-11-18 00:00:00+00:00, run_after=2024-11-19 00:00:00+00:00
[2024-11-19T13:51:09.317+0530] {processor.py:183} INFO - Processing /home/sigmoid/Desktop/Personal_Ml/airflow_poc/airflow_env/lib/python3.8/site-packages/airflow/example_dags/example_branch_day_of_week_operator.py took 0.083 seconds
[2024-11-19T13:52:11.445+0530] {processor.py:161} INFO - Started process (PID=38286) to work on /home/sigmoid/Desktop/Personal_Ml/airflow_poc/airflow_env/lib/python3.8/site-packages/airflow/example_dags/example_branch_day_of_week_operator.py
[2024-11-19T13:52:11.446+0530] {processor.py:830} INFO - Processing file /home/sigmoid/Desktop/Personal_Ml/airflow_poc/airflow_env/lib/python3.8/site-packages/airflow/example_dags/example_branch_day_of_week_operator.py for tasks to queue
[2024-11-19T13:52:11.447+0530] {logging_mixin.py:188} INFO - [2024-11-19T13:52:11.446+0530] {dagbag.py:540} INFO - Filling up the DagBag from /home/sigmoid/Desktop/Personal_Ml/airflow_poc/airflow_env/lib/python3.8/site-packages/airflow/example_dags/example_branch_day_of_week_operator.py
[2024-11-19T13:52:11.455+0530] {processor.py:840} INFO - DAG(s) 'example_weekday_branch_operator' retrieved from /home/sigmoid/Desktop/Personal_Ml/airflow_poc/airflow_env/lib/python3.8/site-packages/airflow/example_dags/example_branch_day_of_week_operator.py
[2024-11-19T13:52:11.472+0530] {logging_mixin.py:188} INFO - [2024-11-19T13:52:11.472+0530] {dag.py:3047} INFO - Sync 1 DAGs
[2024-11-19T13:52:11.495+0530] {logging_mixin.py:188} INFO - [2024-11-19T13:52:11.494+0530] {dag.py:3834} INFO - Setting next_dagrun for example_weekday_branch_operator to 2024-11-18 00:00:00+00:00, run_after=2024-11-19 00:00:00+00:00
[2024-11-19T13:52:11.515+0530] {processor.py:183} INFO - Processing /home/sigmoid/Desktop/Personal_Ml/airflow_poc/airflow_env/lib/python3.8/site-packages/airflow/example_dags/example_branch_day_of_week_operator.py took 0.073 seconds
[2024-11-19T13:53:12.850+0530] {processor.py:161} INFO - Started process (PID=38364) to work on /home/sigmoid/Desktop/Personal_Ml/airflow_poc/airflow_env/lib/python3.8/site-packages/airflow/example_dags/example_branch_day_of_week_operator.py
[2024-11-19T13:53:12.851+0530] {processor.py:830} INFO - Processing file /home/sigmoid/Desktop/Personal_Ml/airflow_poc/airflow_env/lib/python3.8/site-packages/airflow/example_dags/example_branch_day_of_week_operator.py for tasks to queue
[2024-11-19T13:53:12.852+0530] {logging_mixin.py:188} INFO - [2024-11-19T13:53:12.852+0530] {dagbag.py:540} INFO - Filling up the DagBag from /home/sigmoid/Desktop/Personal_Ml/airflow_poc/airflow_env/lib/python3.8/site-packages/airflow/example_dags/example_branch_day_of_week_operator.py
[2024-11-19T13:53:12.860+0530] {processor.py:840} INFO - DAG(s) 'example_weekday_branch_operator' retrieved from /home/sigmoid/Desktop/Personal_Ml/airflow_poc/airflow_env/lib/python3.8/site-packages/airflow/example_dags/example_branch_day_of_week_operator.py
[2024-11-19T13:53:12.878+0530] {logging_mixin.py:188} INFO - [2024-11-19T13:53:12.878+0530] {dag.py:3047} INFO - Sync 1 DAGs
[2024-11-19T13:53:12.900+0530] {logging_mixin.py:188} INFO - [2024-11-19T13:53:12.899+0530] {dag.py:3834} INFO - Setting next_dagrun for example_weekday_branch_operator to 2024-11-18 00:00:00+00:00, run_after=2024-11-19 00:00:00+00:00
[2024-11-19T13:53:12.920+0530] {processor.py:183} INFO - Processing /home/sigmoid/Desktop/Personal_Ml/airflow_poc/airflow_env/lib/python3.8/site-packages/airflow/example_dags/example_branch_day_of_week_operator.py took 0.073 seconds
[2024-11-19T14:30:57.248+0530] {processor.py:161} INFO - Started process (PID=54665) to work on /home/sigmoid/Desktop/Personal_Ml/airflow_poc/airflow_env/lib/python3.8/site-packages/airflow/example_dags/example_branch_day_of_week_operator.py
[2024-11-19T14:30:57.249+0530] {processor.py:830} INFO - Processing file /home/sigmoid/Desktop/Personal_Ml/airflow_poc/airflow_env/lib/python3.8/site-packages/airflow/example_dags/example_branch_day_of_week_operator.py for tasks to queue
[2024-11-19T14:30:57.250+0530] {logging_mixin.py:188} INFO - [2024-11-19T14:30:57.249+0530] {dagbag.py:540} INFO - Filling up the DagBag from /home/sigmoid/Desktop/Personal_Ml/airflow_poc/airflow_env/lib/python3.8/site-packages/airflow/example_dags/example_branch_day_of_week_operator.py
[2024-11-19T14:30:57.258+0530] {processor.py:840} INFO - DAG(s) 'example_weekday_branch_operator' retrieved from /home/sigmoid/Desktop/Personal_Ml/airflow_poc/airflow_env/lib/python3.8/site-packages/airflow/example_dags/example_branch_day_of_week_operator.py
[2024-11-19T14:30:57.275+0530] {logging_mixin.py:188} INFO - [2024-11-19T14:30:57.275+0530] {dag.py:3047} INFO - Sync 1 DAGs
[2024-11-19T14:30:57.297+0530] {logging_mixin.py:188} INFO - [2024-11-19T14:30:57.296+0530] {dag.py:3834} INFO - Setting next_dagrun for example_weekday_branch_operator to 2024-11-18 00:00:00+00:00, run_after=2024-11-19 00:00:00+00:00
[2024-11-19T14:30:57.317+0530] {processor.py:183} INFO - Processing /home/sigmoid/Desktop/Personal_Ml/airflow_poc/airflow_env/lib/python3.8/site-packages/airflow/example_dags/example_branch_day_of_week_operator.py took 0.073 seconds
[2024-11-19T14:32:06.132+0530] {processor.py:161} INFO - Started process (PID=55049) to work on /home/sigmoid/Desktop/Personal_Ml/airflow_poc/airflow_env/lib/python3.8/site-packages/airflow/example_dags/example_branch_day_of_week_operator.py
[2024-11-19T14:32:06.133+0530] {processor.py:830} INFO - Processing file /home/sigmoid/Desktop/Personal_Ml/airflow_poc/airflow_env/lib/python3.8/site-packages/airflow/example_dags/example_branch_day_of_week_operator.py for tasks to queue
[2024-11-19T14:32:06.134+0530] {logging_mixin.py:188} INFO - [2024-11-19T14:32:06.134+0530] {dagbag.py:540} INFO - Filling up the DagBag from /home/sigmoid/Desktop/Personal_Ml/airflow_poc/airflow_env/lib/python3.8/site-packages/airflow/example_dags/example_branch_day_of_week_operator.py
[2024-11-19T14:32:06.142+0530] {processor.py:840} INFO - DAG(s) 'example_weekday_branch_operator' retrieved from /home/sigmoid/Desktop/Personal_Ml/airflow_poc/airflow_env/lib/python3.8/site-packages/airflow/example_dags/example_branch_day_of_week_operator.py
[2024-11-19T14:32:06.160+0530] {logging_mixin.py:188} INFO - [2024-11-19T14:32:06.160+0530] {dag.py:3047} INFO - Sync 1 DAGs
[2024-11-19T14:32:06.181+0530] {logging_mixin.py:188} INFO - [2024-11-19T14:32:06.181+0530] {dag.py:3834} INFO - Setting next_dagrun for example_weekday_branch_operator to 2024-11-18 00:00:00+00:00, run_after=2024-11-19 00:00:00+00:00
[2024-11-19T14:32:06.212+0530] {processor.py:183} INFO - Processing /home/sigmoid/Desktop/Personal_Ml/airflow_poc/airflow_env/lib/python3.8/site-packages/airflow/example_dags/example_branch_day_of_week_operator.py took 0.083 seconds
[2024-11-19T14:33:08.444+0530] {processor.py:161} INFO - Started process (PID=55125) to work on /home/sigmoid/Desktop/Personal_Ml/airflow_poc/airflow_env/lib/python3.8/site-packages/airflow/example_dags/example_branch_day_of_week_operator.py
[2024-11-19T14:33:08.445+0530] {processor.py:830} INFO - Processing file /home/sigmoid/Desktop/Personal_Ml/airflow_poc/airflow_env/lib/python3.8/site-packages/airflow/example_dags/example_branch_day_of_week_operator.py for tasks to queue
[2024-11-19T14:33:08.446+0530] {logging_mixin.py:188} INFO - [2024-11-19T14:33:08.446+0530] {dagbag.py:540} INFO - Filling up the DagBag from /home/sigmoid/Desktop/Personal_Ml/airflow_poc/airflow_env/lib/python3.8/site-packages/airflow/example_dags/example_branch_day_of_week_operator.py
[2024-11-19T14:33:08.464+0530] {processor.py:840} INFO - DAG(s) 'example_weekday_branch_operator' retrieved from /home/sigmoid/Desktop/Personal_Ml/airflow_poc/airflow_env/lib/python3.8/site-packages/airflow/example_dags/example_branch_day_of_week_operator.py
[2024-11-19T14:33:08.504+0530] {logging_mixin.py:188} INFO - [2024-11-19T14:33:08.503+0530] {dag.py:3047} INFO - Sync 1 DAGs
[2024-11-19T14:33:08.546+0530] {logging_mixin.py:188} INFO - [2024-11-19T14:33:08.546+0530] {dag.py:3834} INFO - Setting next_dagrun for example_weekday_branch_operator to 2024-11-18 00:00:00+00:00, run_after=2024-11-19 00:00:00+00:00
[2024-11-19T14:33:08.574+0530] {processor.py:183} INFO - Processing /home/sigmoid/Desktop/Personal_Ml/airflow_poc/airflow_env/lib/python3.8/site-packages/airflow/example_dags/example_branch_day_of_week_operator.py took 0.133 seconds
[2024-11-19T14:34:14.554+0530] {processor.py:161} INFO - Started process (PID=55208) to work on /home/sigmoid/Desktop/Personal_Ml/airflow_poc/airflow_env/lib/python3.8/site-packages/airflow/example_dags/example_branch_day_of_week_operator.py
[2024-11-19T14:34:14.555+0530] {processor.py:830} INFO - Processing file /home/sigmoid/Desktop/Personal_Ml/airflow_poc/airflow_env/lib/python3.8/site-packages/airflow/example_dags/example_branch_day_of_week_operator.py for tasks to queue
[2024-11-19T14:34:14.556+0530] {logging_mixin.py:188} INFO - [2024-11-19T14:34:14.556+0530] {dagbag.py:540} INFO - Filling up the DagBag from /home/sigmoid/Desktop/Personal_Ml/airflow_poc/airflow_env/lib/python3.8/site-packages/airflow/example_dags/example_branch_day_of_week_operator.py
[2024-11-19T14:34:14.564+0530] {processor.py:840} INFO - DAG(s) 'example_weekday_branch_operator' retrieved from /home/sigmoid/Desktop/Personal_Ml/airflow_poc/airflow_env/lib/python3.8/site-packages/airflow/example_dags/example_branch_day_of_week_operator.py
[2024-11-19T14:34:14.582+0530] {logging_mixin.py:188} INFO - [2024-11-19T14:34:14.582+0530] {dag.py:3047} INFO - Sync 1 DAGs
[2024-11-19T14:34:14.604+0530] {logging_mixin.py:188} INFO - [2024-11-19T14:34:14.603+0530] {dag.py:3834} INFO - Setting next_dagrun for example_weekday_branch_operator to 2024-11-18 00:00:00+00:00, run_after=2024-11-19 00:00:00+00:00
[2024-11-19T14:34:14.634+0530] {processor.py:183} INFO - Processing /home/sigmoid/Desktop/Personal_Ml/airflow_poc/airflow_env/lib/python3.8/site-packages/airflow/example_dags/example_branch_day_of_week_operator.py took 0.084 seconds
[2024-11-19T14:35:20.790+0530] {processor.py:161} INFO - Started process (PID=55330) to work on /home/sigmoid/Desktop/Personal_Ml/airflow_poc/airflow_env/lib/python3.8/site-packages/airflow/example_dags/example_branch_day_of_week_operator.py
[2024-11-19T14:35:20.791+0530] {processor.py:830} INFO - Processing file /home/sigmoid/Desktop/Personal_Ml/airflow_poc/airflow_env/lib/python3.8/site-packages/airflow/example_dags/example_branch_day_of_week_operator.py for tasks to queue
[2024-11-19T14:35:20.792+0530] {logging_mixin.py:188} INFO - [2024-11-19T14:35:20.792+0530] {dagbag.py:540} INFO - Filling up the DagBag from /home/sigmoid/Desktop/Personal_Ml/airflow_poc/airflow_env/lib/python3.8/site-packages/airflow/example_dags/example_branch_day_of_week_operator.py
[2024-11-19T14:35:20.801+0530] {processor.py:840} INFO - DAG(s) 'example_weekday_branch_operator' retrieved from /home/sigmoid/Desktop/Personal_Ml/airflow_poc/airflow_env/lib/python3.8/site-packages/airflow/example_dags/example_branch_day_of_week_operator.py
[2024-11-19T14:35:20.818+0530] {logging_mixin.py:188} INFO - [2024-11-19T14:35:20.818+0530] {dag.py:3047} INFO - Sync 1 DAGs
[2024-11-19T14:35:20.844+0530] {logging_mixin.py:188} INFO - [2024-11-19T14:35:20.844+0530] {dag.py:3834} INFO - Setting next_dagrun for example_weekday_branch_operator to 2024-11-18 00:00:00+00:00, run_after=2024-11-19 00:00:00+00:00
[2024-11-19T14:35:20.871+0530] {processor.py:183} INFO - Processing /home/sigmoid/Desktop/Personal_Ml/airflow_poc/airflow_env/lib/python3.8/site-packages/airflow/example_dags/example_branch_day_of_week_operator.py took 0.084 seconds
[2024-11-19T14:36:24.665+0530] {processor.py:161} INFO - Started process (PID=55409) to work on /home/sigmoid/Desktop/Personal_Ml/airflow_poc/airflow_env/lib/python3.8/site-packages/airflow/example_dags/example_branch_day_of_week_operator.py
[2024-11-19T14:36:24.667+0530] {processor.py:830} INFO - Processing file /home/sigmoid/Desktop/Personal_Ml/airflow_poc/airflow_env/lib/python3.8/site-packages/airflow/example_dags/example_branch_day_of_week_operator.py for tasks to queue
[2024-11-19T14:36:24.668+0530] {logging_mixin.py:188} INFO - [2024-11-19T14:36:24.668+0530] {dagbag.py:540} INFO - Filling up the DagBag from /home/sigmoid/Desktop/Personal_Ml/airflow_poc/airflow_env/lib/python3.8/site-packages/airflow/example_dags/example_branch_day_of_week_operator.py
[2024-11-19T14:36:24.678+0530] {processor.py:840} INFO - DAG(s) 'example_weekday_branch_operator' retrieved from /home/sigmoid/Desktop/Personal_Ml/airflow_poc/airflow_env/lib/python3.8/site-packages/airflow/example_dags/example_branch_day_of_week_operator.py
[2024-11-19T14:36:24.700+0530] {logging_mixin.py:188} INFO - [2024-11-19T14:36:24.699+0530] {dag.py:3047} INFO - Sync 1 DAGs
[2024-11-19T14:36:24.725+0530] {logging_mixin.py:188} INFO - [2024-11-19T14:36:24.724+0530] {dag.py:3834} INFO - Setting next_dagrun for example_weekday_branch_operator to 2024-11-18 00:00:00+00:00, run_after=2024-11-19 00:00:00+00:00
[2024-11-19T14:36:24.752+0530] {processor.py:183} INFO - Processing /home/sigmoid/Desktop/Personal_Ml/airflow_poc/airflow_env/lib/python3.8/site-packages/airflow/example_dags/example_branch_day_of_week_operator.py took 0.091 seconds
[2024-11-19T14:37:32.723+0530] {processor.py:161} INFO - Started process (PID=55611) to work on /home/sigmoid/Desktop/Personal_Ml/airflow_poc/airflow_env/lib/python3.8/site-packages/airflow/example_dags/example_branch_day_of_week_operator.py
[2024-11-19T14:37:32.726+0530] {processor.py:830} INFO - Processing file /home/sigmoid/Desktop/Personal_Ml/airflow_poc/airflow_env/lib/python3.8/site-packages/airflow/example_dags/example_branch_day_of_week_operator.py for tasks to queue
[2024-11-19T14:37:32.727+0530] {logging_mixin.py:188} INFO - [2024-11-19T14:37:32.727+0530] {dagbag.py:540} INFO - Filling up the DagBag from /home/sigmoid/Desktop/Personal_Ml/airflow_poc/airflow_env/lib/python3.8/site-packages/airflow/example_dags/example_branch_day_of_week_operator.py
[2024-11-19T14:37:32.736+0530] {processor.py:840} INFO - DAG(s) 'example_weekday_branch_operator' retrieved from /home/sigmoid/Desktop/Personal_Ml/airflow_poc/airflow_env/lib/python3.8/site-packages/airflow/example_dags/example_branch_day_of_week_operator.py
[2024-11-19T14:37:32.756+0530] {logging_mixin.py:188} INFO - [2024-11-19T14:37:32.756+0530] {dag.py:3047} INFO - Sync 1 DAGs
[2024-11-19T14:37:32.793+0530] {logging_mixin.py:188} INFO - [2024-11-19T14:37:32.792+0530] {dag.py:3834} INFO - Setting next_dagrun for example_weekday_branch_operator to 2024-11-18 00:00:00+00:00, run_after=2024-11-19 00:00:00+00:00
[2024-11-19T14:37:32.828+0530] {processor.py:183} INFO - Processing /home/sigmoid/Desktop/Personal_Ml/airflow_poc/airflow_env/lib/python3.8/site-packages/airflow/example_dags/example_branch_day_of_week_operator.py took 0.110 seconds
