[2024-11-19T12:44:19.849+0530] {processor.py:161} INFO - Started process (PID=29804) to work on /home/sigmoid/Desktop/Personal_Ml/airflow_poc/airflow_env/lib/python3.8/site-packages/airflow/example_dags/example_bash_operator.py
[2024-11-19T12:44:19.850+0530] {processor.py:830} INFO - Processing file /home/sigmoid/Desktop/Personal_Ml/airflow_poc/airflow_env/lib/python3.8/site-packages/airflow/example_dags/example_bash_operator.py for tasks to queue
[2024-11-19T12:44:19.852+0530] {logging_mixin.py:188} INFO - [2024-11-19T12:44:19.851+0530] {dagbag.py:540} INFO - Filling up the DagBag from /home/sigmoid/Desktop/Personal_Ml/airflow_poc/airflow_env/lib/python3.8/site-packages/airflow/example_dags/example_bash_operator.py
[2024-11-19T12:44:19.871+0530] {processor.py:840} INFO - DAG(s) 'example_bash_operator' retrieved from /home/sigmoid/Desktop/Personal_Ml/airflow_poc/airflow_env/lib/python3.8/site-packages/airflow/example_dags/example_bash_operator.py
[2024-11-19T12:44:20.044+0530] {logging_mixin.py:188} INFO - [2024-11-19T12:44:20.044+0530] {dag.py:3047} INFO - Sync 1 DAGs
[2024-11-19T12:44:20.102+0530] {logging_mixin.py:188} INFO - [2024-11-19T12:44:20.101+0530] {dag.py:3834} INFO - Setting next_dagrun for example_bash_operator to 2024-11-18 00:00:00+00:00, run_after=2024-11-19 00:00:00+00:00
[2024-11-19T12:44:20.132+0530] {processor.py:183} INFO - Processing /home/sigmoid/Desktop/Personal_Ml/airflow_poc/airflow_env/lib/python3.8/site-packages/airflow/example_dags/example_bash_operator.py took 0.288 seconds
[2024-11-19T12:45:39.123+0530] {processor.py:161} INFO - Started process (PID=29952) to work on /home/sigmoid/Desktop/Personal_Ml/airflow_poc/airflow_env/lib/python3.8/site-packages/airflow/example_dags/example_bash_operator.py
[2024-11-19T12:45:39.124+0530] {processor.py:830} INFO - Processing file /home/sigmoid/Desktop/Personal_Ml/airflow_poc/airflow_env/lib/python3.8/site-packages/airflow/example_dags/example_bash_operator.py for tasks to queue
[2024-11-19T12:45:39.127+0530] {logging_mixin.py:188} INFO - [2024-11-19T12:45:39.126+0530] {dagbag.py:540} INFO - Filling up the DagBag from /home/sigmoid/Desktop/Personal_Ml/airflow_poc/airflow_env/lib/python3.8/site-packages/airflow/example_dags/example_bash_operator.py
[2024-11-19T12:45:39.154+0530] {processor.py:840} INFO - DAG(s) 'example_bash_operator' retrieved from /home/sigmoid/Desktop/Personal_Ml/airflow_poc/airflow_env/lib/python3.8/site-packages/airflow/example_dags/example_bash_operator.py
[2024-11-19T12:45:39.213+0530] {logging_mixin.py:188} INFO - [2024-11-19T12:45:39.213+0530] {dag.py:3047} INFO - Sync 1 DAGs
[2024-11-19T12:45:39.254+0530] {logging_mixin.py:188} INFO - [2024-11-19T12:45:39.254+0530] {dag.py:3834} INFO - Setting next_dagrun for example_bash_operator to 2024-11-18 00:00:00+00:00, run_after=2024-11-19 00:00:00+00:00
[2024-11-19T12:45:39.281+0530] {processor.py:183} INFO - Processing /home/sigmoid/Desktop/Personal_Ml/airflow_poc/airflow_env/lib/python3.8/site-packages/airflow/example_dags/example_bash_operator.py took 0.162 seconds
[2024-11-19T12:46:52.601+0530] {processor.py:161} INFO - Started process (PID=30685) to work on /home/sigmoid/Desktop/Personal_Ml/airflow_poc/airflow_env/lib/python3.8/site-packages/airflow/example_dags/example_bash_operator.py
[2024-11-19T12:46:52.602+0530] {processor.py:830} INFO - Processing file /home/sigmoid/Desktop/Personal_Ml/airflow_poc/airflow_env/lib/python3.8/site-packages/airflow/example_dags/example_bash_operator.py for tasks to queue
[2024-11-19T12:46:52.603+0530] {logging_mixin.py:188} INFO - [2024-11-19T12:46:52.603+0530] {dagbag.py:540} INFO - Filling up the DagBag from /home/sigmoid/Desktop/Personal_Ml/airflow_poc/airflow_env/lib/python3.8/site-packages/airflow/example_dags/example_bash_operator.py
[2024-11-19T12:46:52.618+0530] {processor.py:840} INFO - DAG(s) 'example_bash_operator' retrieved from /home/sigmoid/Desktop/Personal_Ml/airflow_poc/airflow_env/lib/python3.8/site-packages/airflow/example_dags/example_bash_operator.py
[2024-11-19T12:46:52.654+0530] {logging_mixin.py:188} INFO - [2024-11-19T12:46:52.653+0530] {dag.py:3047} INFO - Sync 1 DAGs
[2024-11-19T12:46:52.680+0530] {logging_mixin.py:188} INFO - [2024-11-19T12:46:52.679+0530] {dag.py:3834} INFO - Setting next_dagrun for example_bash_operator to 2024-11-18 00:00:00+00:00, run_after=2024-11-19 00:00:00+00:00
[2024-11-19T12:46:52.706+0530] {processor.py:183} INFO - Processing /home/sigmoid/Desktop/Personal_Ml/airflow_poc/airflow_env/lib/python3.8/site-packages/airflow/example_dags/example_bash_operator.py took 0.109 seconds
[2024-11-19T12:48:02.654+0530] {processor.py:161} INFO - Started process (PID=30858) to work on /home/sigmoid/Desktop/Personal_Ml/airflow_poc/airflow_env/lib/python3.8/site-packages/airflow/example_dags/example_bash_operator.py
[2024-11-19T12:48:02.656+0530] {processor.py:830} INFO - Processing file /home/sigmoid/Desktop/Personal_Ml/airflow_poc/airflow_env/lib/python3.8/site-packages/airflow/example_dags/example_bash_operator.py for tasks to queue
[2024-11-19T12:48:02.658+0530] {logging_mixin.py:188} INFO - [2024-11-19T12:48:02.657+0530] {dagbag.py:540} INFO - Filling up the DagBag from /home/sigmoid/Desktop/Personal_Ml/airflow_poc/airflow_env/lib/python3.8/site-packages/airflow/example_dags/example_bash_operator.py
[2024-11-19T12:48:02.684+0530] {processor.py:840} INFO - DAG(s) 'example_bash_operator' retrieved from /home/sigmoid/Desktop/Personal_Ml/airflow_poc/airflow_env/lib/python3.8/site-packages/airflow/example_dags/example_bash_operator.py
[2024-11-19T12:48:02.743+0530] {logging_mixin.py:188} INFO - [2024-11-19T12:48:02.743+0530] {dag.py:3047} INFO - Sync 1 DAGs
[2024-11-19T12:48:02.789+0530] {logging_mixin.py:188} INFO - [2024-11-19T12:48:02.789+0530] {dag.py:3834} INFO - Setting next_dagrun for example_bash_operator to 2024-11-18 00:00:00+00:00, run_after=2024-11-19 00:00:00+00:00
[2024-11-19T12:48:02.819+0530] {processor.py:183} INFO - Processing /home/sigmoid/Desktop/Personal_Ml/airflow_poc/airflow_env/lib/python3.8/site-packages/airflow/example_dags/example_bash_operator.py took 0.170 seconds
[2024-11-19T12:49:30.132+0530] {processor.py:161} INFO - Started process (PID=31082) to work on /home/sigmoid/Desktop/Personal_Ml/airflow_poc/airflow_env/lib/python3.8/site-packages/airflow/example_dags/example_bash_operator.py
[2024-11-19T12:49:30.133+0530] {processor.py:830} INFO - Processing file /home/sigmoid/Desktop/Personal_Ml/airflow_poc/airflow_env/lib/python3.8/site-packages/airflow/example_dags/example_bash_operator.py for tasks to queue
[2024-11-19T12:49:30.134+0530] {logging_mixin.py:188} INFO - [2024-11-19T12:49:30.134+0530] {dagbag.py:540} INFO - Filling up the DagBag from /home/sigmoid/Desktop/Personal_Ml/airflow_poc/airflow_env/lib/python3.8/site-packages/airflow/example_dags/example_bash_operator.py
[2024-11-19T12:49:30.151+0530] {processor.py:840} INFO - DAG(s) 'example_bash_operator' retrieved from /home/sigmoid/Desktop/Personal_Ml/airflow_poc/airflow_env/lib/python3.8/site-packages/airflow/example_dags/example_bash_operator.py
[2024-11-19T12:49:30.185+0530] {logging_mixin.py:188} INFO - [2024-11-19T12:49:30.185+0530] {dag.py:3047} INFO - Sync 1 DAGs
[2024-11-19T12:49:30.214+0530] {logging_mixin.py:188} INFO - [2024-11-19T12:49:30.213+0530] {dag.py:3834} INFO - Setting next_dagrun for example_bash_operator to 2024-11-18 00:00:00+00:00, run_after=2024-11-19 00:00:00+00:00
[2024-11-19T12:49:30.248+0530] {processor.py:183} INFO - Processing /home/sigmoid/Desktop/Personal_Ml/airflow_poc/airflow_env/lib/python3.8/site-packages/airflow/example_dags/example_bash_operator.py took 0.119 seconds
[2024-11-19T12:50:37.585+0530] {processor.py:161} INFO - Started process (PID=31256) to work on /home/sigmoid/Desktop/Personal_Ml/airflow_poc/airflow_env/lib/python3.8/site-packages/airflow/example_dags/example_bash_operator.py
[2024-11-19T12:50:37.587+0530] {processor.py:830} INFO - Processing file /home/sigmoid/Desktop/Personal_Ml/airflow_poc/airflow_env/lib/python3.8/site-packages/airflow/example_dags/example_bash_operator.py for tasks to queue
[2024-11-19T12:50:37.589+0530] {logging_mixin.py:188} INFO - [2024-11-19T12:50:37.588+0530] {dagbag.py:540} INFO - Filling up the DagBag from /home/sigmoid/Desktop/Personal_Ml/airflow_poc/airflow_env/lib/python3.8/site-packages/airflow/example_dags/example_bash_operator.py
[2024-11-19T12:50:37.615+0530] {processor.py:840} INFO - DAG(s) 'example_bash_operator' retrieved from /home/sigmoid/Desktop/Personal_Ml/airflow_poc/airflow_env/lib/python3.8/site-packages/airflow/example_dags/example_bash_operator.py
[2024-11-19T12:50:37.675+0530] {logging_mixin.py:188} INFO - [2024-11-19T12:50:37.675+0530] {dag.py:3047} INFO - Sync 1 DAGs
[2024-11-19T12:50:37.722+0530] {logging_mixin.py:188} INFO - [2024-11-19T12:50:37.722+0530] {dag.py:3834} INFO - Setting next_dagrun for example_bash_operator to 2024-11-18 00:00:00+00:00, run_after=2024-11-19 00:00:00+00:00
[2024-11-19T12:50:37.754+0530] {processor.py:183} INFO - Processing /home/sigmoid/Desktop/Personal_Ml/airflow_poc/airflow_env/lib/python3.8/site-packages/airflow/example_dags/example_bash_operator.py took 0.175 seconds
[2024-11-19T12:51:41.175+0530] {processor.py:161} INFO - Started process (PID=31389) to work on /home/sigmoid/Desktop/Personal_Ml/airflow_poc/airflow_env/lib/python3.8/site-packages/airflow/example_dags/example_bash_operator.py
[2024-11-19T12:51:41.176+0530] {processor.py:830} INFO - Processing file /home/sigmoid/Desktop/Personal_Ml/airflow_poc/airflow_env/lib/python3.8/site-packages/airflow/example_dags/example_bash_operator.py for tasks to queue
[2024-11-19T12:51:41.178+0530] {logging_mixin.py:188} INFO - [2024-11-19T12:51:41.177+0530] {dagbag.py:540} INFO - Filling up the DagBag from /home/sigmoid/Desktop/Personal_Ml/airflow_poc/airflow_env/lib/python3.8/site-packages/airflow/example_dags/example_bash_operator.py
[2024-11-19T12:51:41.193+0530] {processor.py:840} INFO - DAG(s) 'example_bash_operator' retrieved from /home/sigmoid/Desktop/Personal_Ml/airflow_poc/airflow_env/lib/python3.8/site-packages/airflow/example_dags/example_bash_operator.py
[2024-11-19T12:51:41.224+0530] {logging_mixin.py:188} INFO - [2024-11-19T12:51:41.223+0530] {dag.py:3047} INFO - Sync 1 DAGs
[2024-11-19T12:51:41.249+0530] {logging_mixin.py:188} INFO - [2024-11-19T12:51:41.249+0530] {dag.py:3834} INFO - Setting next_dagrun for example_bash_operator to 2024-11-18 00:00:00+00:00, run_after=2024-11-19 00:00:00+00:00
[2024-11-19T12:51:41.272+0530] {processor.py:183} INFO - Processing /home/sigmoid/Desktop/Personal_Ml/airflow_poc/airflow_env/lib/python3.8/site-packages/airflow/example_dags/example_bash_operator.py took 0.100 seconds
[2024-11-19T12:52:41.418+0530] {processor.py:161} INFO - Started process (PID=31531) to work on /home/sigmoid/Desktop/Personal_Ml/airflow_poc/airflow_env/lib/python3.8/site-packages/airflow/example_dags/example_bash_operator.py
[2024-11-19T12:52:41.420+0530] {processor.py:830} INFO - Processing file /home/sigmoid/Desktop/Personal_Ml/airflow_poc/airflow_env/lib/python3.8/site-packages/airflow/example_dags/example_bash_operator.py for tasks to queue
[2024-11-19T12:52:41.421+0530] {logging_mixin.py:188} INFO - [2024-11-19T12:52:41.421+0530] {dagbag.py:540} INFO - Filling up the DagBag from /home/sigmoid/Desktop/Personal_Ml/airflow_poc/airflow_env/lib/python3.8/site-packages/airflow/example_dags/example_bash_operator.py
[2024-11-19T12:52:41.442+0530] {processor.py:840} INFO - DAG(s) 'example_bash_operator' retrieved from /home/sigmoid/Desktop/Personal_Ml/airflow_poc/airflow_env/lib/python3.8/site-packages/airflow/example_dags/example_bash_operator.py
[2024-11-19T12:52:41.482+0530] {logging_mixin.py:188} INFO - [2024-11-19T12:52:41.482+0530] {dag.py:3047} INFO - Sync 1 DAGs
[2024-11-19T12:52:41.513+0530] {logging_mixin.py:188} INFO - [2024-11-19T12:52:41.512+0530] {dag.py:3834} INFO - Setting next_dagrun for example_bash_operator to 2024-11-18 00:00:00+00:00, run_after=2024-11-19 00:00:00+00:00
[2024-11-19T12:52:41.549+0530] {processor.py:183} INFO - Processing /home/sigmoid/Desktop/Personal_Ml/airflow_poc/airflow_env/lib/python3.8/site-packages/airflow/example_dags/example_bash_operator.py took 0.135 seconds
[2024-11-19T12:53:47.515+0530] {processor.py:161} INFO - Started process (PID=31654) to work on /home/sigmoid/Desktop/Personal_Ml/airflow_poc/airflow_env/lib/python3.8/site-packages/airflow/example_dags/example_bash_operator.py
[2024-11-19T12:53:47.517+0530] {processor.py:830} INFO - Processing file /home/sigmoid/Desktop/Personal_Ml/airflow_poc/airflow_env/lib/python3.8/site-packages/airflow/example_dags/example_bash_operator.py for tasks to queue
[2024-11-19T12:53:47.519+0530] {logging_mixin.py:188} INFO - [2024-11-19T12:53:47.519+0530] {dagbag.py:540} INFO - Filling up the DagBag from /home/sigmoid/Desktop/Personal_Ml/airflow_poc/airflow_env/lib/python3.8/site-packages/airflow/example_dags/example_bash_operator.py
[2024-11-19T12:53:47.548+0530] {processor.py:840} INFO - DAG(s) 'example_bash_operator' retrieved from /home/sigmoid/Desktop/Personal_Ml/airflow_poc/airflow_env/lib/python3.8/site-packages/airflow/example_dags/example_bash_operator.py
[2024-11-19T12:53:47.593+0530] {logging_mixin.py:188} INFO - [2024-11-19T12:53:47.593+0530] {dag.py:3047} INFO - Sync 1 DAGs
[2024-11-19T12:53:47.627+0530] {logging_mixin.py:188} INFO - [2024-11-19T12:53:47.626+0530] {dag.py:3834} INFO - Setting next_dagrun for example_bash_operator to 2024-11-18 00:00:00+00:00, run_after=2024-11-19 00:00:00+00:00
[2024-11-19T12:53:47.659+0530] {processor.py:183} INFO - Processing /home/sigmoid/Desktop/Personal_Ml/airflow_poc/airflow_env/lib/python3.8/site-packages/airflow/example_dags/example_bash_operator.py took 0.150 seconds
[2024-11-19T12:54:52.633+0530] {processor.py:161} INFO - Started process (PID=31803) to work on /home/sigmoid/Desktop/Personal_Ml/airflow_poc/airflow_env/lib/python3.8/site-packages/airflow/example_dags/example_bash_operator.py
[2024-11-19T12:54:52.634+0530] {processor.py:830} INFO - Processing file /home/sigmoid/Desktop/Personal_Ml/airflow_poc/airflow_env/lib/python3.8/site-packages/airflow/example_dags/example_bash_operator.py for tasks to queue
[2024-11-19T12:54:52.636+0530] {logging_mixin.py:188} INFO - [2024-11-19T12:54:52.635+0530] {dagbag.py:540} INFO - Filling up the DagBag from /home/sigmoid/Desktop/Personal_Ml/airflow_poc/airflow_env/lib/python3.8/site-packages/airflow/example_dags/example_bash_operator.py
[2024-11-19T12:54:52.663+0530] {processor.py:840} INFO - DAG(s) 'example_bash_operator' retrieved from /home/sigmoid/Desktop/Personal_Ml/airflow_poc/airflow_env/lib/python3.8/site-packages/airflow/example_dags/example_bash_operator.py
[2024-11-19T12:54:52.723+0530] {logging_mixin.py:188} INFO - [2024-11-19T12:54:52.723+0530] {dag.py:3047} INFO - Sync 1 DAGs
[2024-11-19T12:54:52.771+0530] {logging_mixin.py:188} INFO - [2024-11-19T12:54:52.770+0530] {dag.py:3834} INFO - Setting next_dagrun for example_bash_operator to 2024-11-18 00:00:00+00:00, run_after=2024-11-19 00:00:00+00:00
[2024-11-19T12:54:52.816+0530] {processor.py:183} INFO - Processing /home/sigmoid/Desktop/Personal_Ml/airflow_poc/airflow_env/lib/python3.8/site-packages/airflow/example_dags/example_bash_operator.py took 0.189 seconds
[2024-11-19T12:55:54.824+0530] {processor.py:161} INFO - Started process (PID=32051) to work on /home/sigmoid/Desktop/Personal_Ml/airflow_poc/airflow_env/lib/python3.8/site-packages/airflow/example_dags/example_bash_operator.py
[2024-11-19T12:55:54.825+0530] {processor.py:830} INFO - Processing file /home/sigmoid/Desktop/Personal_Ml/airflow_poc/airflow_env/lib/python3.8/site-packages/airflow/example_dags/example_bash_operator.py for tasks to queue
[2024-11-19T12:55:54.826+0530] {logging_mixin.py:188} INFO - [2024-11-19T12:55:54.826+0530] {dagbag.py:540} INFO - Filling up the DagBag from /home/sigmoid/Desktop/Personal_Ml/airflow_poc/airflow_env/lib/python3.8/site-packages/airflow/example_dags/example_bash_operator.py
[2024-11-19T12:55:54.840+0530] {processor.py:840} INFO - DAG(s) 'example_bash_operator' retrieved from /home/sigmoid/Desktop/Personal_Ml/airflow_poc/airflow_env/lib/python3.8/site-packages/airflow/example_dags/example_bash_operator.py
[2024-11-19T12:55:54.866+0530] {logging_mixin.py:188} INFO - [2024-11-19T12:55:54.866+0530] {dag.py:3047} INFO - Sync 1 DAGs
[2024-11-19T12:55:54.889+0530] {logging_mixin.py:188} INFO - [2024-11-19T12:55:54.889+0530] {dag.py:3834} INFO - Setting next_dagrun for example_bash_operator to 2024-11-18 00:00:00+00:00, run_after=2024-11-19 00:00:00+00:00
[2024-11-19T12:55:54.922+0530] {processor.py:183} INFO - Processing /home/sigmoid/Desktop/Personal_Ml/airflow_poc/airflow_env/lib/python3.8/site-packages/airflow/example_dags/example_bash_operator.py took 0.101 seconds
[2024-11-19T12:56:52.973+0530] {processor.py:161} INFO - Started process (PID=32126) to work on /home/sigmoid/Desktop/Personal_Ml/airflow_poc/airflow_env/lib/python3.8/site-packages/airflow/example_dags/example_bash_operator.py
[2024-11-19T12:56:52.974+0530] {processor.py:830} INFO - Processing file /home/sigmoid/Desktop/Personal_Ml/airflow_poc/airflow_env/lib/python3.8/site-packages/airflow/example_dags/example_bash_operator.py for tasks to queue
[2024-11-19T12:56:52.976+0530] {logging_mixin.py:188} INFO - [2024-11-19T12:56:52.976+0530] {dagbag.py:540} INFO - Filling up the DagBag from /home/sigmoid/Desktop/Personal_Ml/airflow_poc/airflow_env/lib/python3.8/site-packages/airflow/example_dags/example_bash_operator.py
[2024-11-19T12:56:53.003+0530] {processor.py:840} INFO - DAG(s) 'example_bash_operator' retrieved from /home/sigmoid/Desktop/Personal_Ml/airflow_poc/airflow_env/lib/python3.8/site-packages/airflow/example_dags/example_bash_operator.py
[2024-11-19T12:56:53.030+0530] {logging_mixin.py:188} INFO - [2024-11-19T12:56:53.030+0530] {dag.py:3047} INFO - Sync 1 DAGs
[2024-11-19T12:56:53.052+0530] {logging_mixin.py:188} INFO - [2024-11-19T12:56:53.052+0530] {dag.py:3834} INFO - Setting next_dagrun for example_bash_operator to 2024-11-18 00:00:00+00:00, run_after=2024-11-19 00:00:00+00:00
[2024-11-19T12:56:53.072+0530] {processor.py:183} INFO - Processing /home/sigmoid/Desktop/Personal_Ml/airflow_poc/airflow_env/lib/python3.8/site-packages/airflow/example_dags/example_bash_operator.py took 0.105 seconds
[2024-11-19T12:57:47.486+0530] {processor.py:161} INFO - Started process (PID=32189) to work on /home/sigmoid/Desktop/Personal_Ml/airflow_poc/airflow_env/lib/python3.8/site-packages/airflow/example_dags/example_bash_operator.py
[2024-11-19T12:57:47.487+0530] {processor.py:830} INFO - Processing file /home/sigmoid/Desktop/Personal_Ml/airflow_poc/airflow_env/lib/python3.8/site-packages/airflow/example_dags/example_bash_operator.py for tasks to queue
[2024-11-19T12:57:47.488+0530] {logging_mixin.py:188} INFO - [2024-11-19T12:57:47.488+0530] {dagbag.py:540} INFO - Filling up the DagBag from /home/sigmoid/Desktop/Personal_Ml/airflow_poc/airflow_env/lib/python3.8/site-packages/airflow/example_dags/example_bash_operator.py
[2024-11-19T12:57:47.501+0530] {processor.py:840} INFO - DAG(s) 'example_bash_operator' retrieved from /home/sigmoid/Desktop/Personal_Ml/airflow_poc/airflow_env/lib/python3.8/site-packages/airflow/example_dags/example_bash_operator.py
[2024-11-19T12:57:47.526+0530] {logging_mixin.py:188} INFO - [2024-11-19T12:57:47.525+0530] {dag.py:3047} INFO - Sync 1 DAGs
[2024-11-19T12:57:47.547+0530] {logging_mixin.py:188} INFO - [2024-11-19T12:57:47.547+0530] {dag.py:3834} INFO - Setting next_dagrun for example_bash_operator to 2024-11-18 00:00:00+00:00, run_after=2024-11-19 00:00:00+00:00
[2024-11-19T12:57:47.569+0530] {processor.py:183} INFO - Processing /home/sigmoid/Desktop/Personal_Ml/airflow_poc/airflow_env/lib/python3.8/site-packages/airflow/example_dags/example_bash_operator.py took 0.087 seconds
[2024-11-19T12:58:42.035+0530] {processor.py:161} INFO - Started process (PID=32253) to work on /home/sigmoid/Desktop/Personal_Ml/airflow_poc/airflow_env/lib/python3.8/site-packages/airflow/example_dags/example_bash_operator.py
[2024-11-19T12:58:42.036+0530] {processor.py:830} INFO - Processing file /home/sigmoid/Desktop/Personal_Ml/airflow_poc/airflow_env/lib/python3.8/site-packages/airflow/example_dags/example_bash_operator.py for tasks to queue
[2024-11-19T12:58:42.037+0530] {logging_mixin.py:188} INFO - [2024-11-19T12:58:42.037+0530] {dagbag.py:540} INFO - Filling up the DagBag from /home/sigmoid/Desktop/Personal_Ml/airflow_poc/airflow_env/lib/python3.8/site-packages/airflow/example_dags/example_bash_operator.py
[2024-11-19T12:58:42.050+0530] {processor.py:840} INFO - DAG(s) 'example_bash_operator' retrieved from /home/sigmoid/Desktop/Personal_Ml/airflow_poc/airflow_env/lib/python3.8/site-packages/airflow/example_dags/example_bash_operator.py
[2024-11-19T12:58:42.075+0530] {logging_mixin.py:188} INFO - [2024-11-19T12:58:42.075+0530] {dag.py:3047} INFO - Sync 1 DAGs
[2024-11-19T12:58:42.097+0530] {logging_mixin.py:188} INFO - [2024-11-19T12:58:42.096+0530] {dag.py:3834} INFO - Setting next_dagrun for example_bash_operator to 2024-11-18 00:00:00+00:00, run_after=2024-11-19 00:00:00+00:00
[2024-11-19T12:58:42.119+0530] {processor.py:183} INFO - Processing /home/sigmoid/Desktop/Personal_Ml/airflow_poc/airflow_env/lib/python3.8/site-packages/airflow/example_dags/example_bash_operator.py took 0.087 seconds
[2024-11-19T12:59:37.382+0530] {processor.py:161} INFO - Started process (PID=32437) to work on /home/sigmoid/Desktop/Personal_Ml/airflow_poc/airflow_env/lib/python3.8/site-packages/airflow/example_dags/example_bash_operator.py
[2024-11-19T12:59:37.384+0530] {processor.py:830} INFO - Processing file /home/sigmoid/Desktop/Personal_Ml/airflow_poc/airflow_env/lib/python3.8/site-packages/airflow/example_dags/example_bash_operator.py for tasks to queue
[2024-11-19T12:59:37.385+0530] {logging_mixin.py:188} INFO - [2024-11-19T12:59:37.384+0530] {dagbag.py:540} INFO - Filling up the DagBag from /home/sigmoid/Desktop/Personal_Ml/airflow_poc/airflow_env/lib/python3.8/site-packages/airflow/example_dags/example_bash_operator.py
[2024-11-19T12:59:37.398+0530] {processor.py:840} INFO - DAG(s) 'example_bash_operator' retrieved from /home/sigmoid/Desktop/Personal_Ml/airflow_poc/airflow_env/lib/python3.8/site-packages/airflow/example_dags/example_bash_operator.py
[2024-11-19T12:59:37.436+0530] {logging_mixin.py:188} INFO - [2024-11-19T12:59:37.436+0530] {dag.py:3047} INFO - Sync 1 DAGs
[2024-11-19T12:59:37.458+0530] {logging_mixin.py:188} INFO - [2024-11-19T12:59:37.458+0530] {dag.py:3834} INFO - Setting next_dagrun for example_bash_operator to 2024-11-18 00:00:00+00:00, run_after=2024-11-19 00:00:00+00:00
[2024-11-19T12:59:37.483+0530] {processor.py:183} INFO - Processing /home/sigmoid/Desktop/Personal_Ml/airflow_poc/airflow_env/lib/python3.8/site-packages/airflow/example_dags/example_bash_operator.py took 0.104 seconds
[2024-11-19T13:00:33.267+0530] {processor.py:161} INFO - Started process (PID=32538) to work on /home/sigmoid/Desktop/Personal_Ml/airflow_poc/airflow_env/lib/python3.8/site-packages/airflow/example_dags/example_bash_operator.py
[2024-11-19T13:00:33.268+0530] {processor.py:830} INFO - Processing file /home/sigmoid/Desktop/Personal_Ml/airflow_poc/airflow_env/lib/python3.8/site-packages/airflow/example_dags/example_bash_operator.py for tasks to queue
[2024-11-19T13:00:33.269+0530] {logging_mixin.py:188} INFO - [2024-11-19T13:00:33.269+0530] {dagbag.py:540} INFO - Filling up the DagBag from /home/sigmoid/Desktop/Personal_Ml/airflow_poc/airflow_env/lib/python3.8/site-packages/airflow/example_dags/example_bash_operator.py
[2024-11-19T13:00:33.281+0530] {processor.py:840} INFO - DAG(s) 'example_bash_operator' retrieved from /home/sigmoid/Desktop/Personal_Ml/airflow_poc/airflow_env/lib/python3.8/site-packages/airflow/example_dags/example_bash_operator.py
[2024-11-19T13:00:33.307+0530] {logging_mixin.py:188} INFO - [2024-11-19T13:00:33.307+0530] {dag.py:3047} INFO - Sync 1 DAGs
[2024-11-19T13:00:33.329+0530] {logging_mixin.py:188} INFO - [2024-11-19T13:00:33.329+0530] {dag.py:3834} INFO - Setting next_dagrun for example_bash_operator to 2024-11-18 00:00:00+00:00, run_after=2024-11-19 00:00:00+00:00
[2024-11-19T13:00:33.350+0530] {processor.py:183} INFO - Processing /home/sigmoid/Desktop/Personal_Ml/airflow_poc/airflow_env/lib/python3.8/site-packages/airflow/example_dags/example_bash_operator.py took 0.086 seconds
[2024-11-19T13:01:28.281+0530] {processor.py:161} INFO - Started process (PID=32894) to work on /home/sigmoid/Desktop/Personal_Ml/airflow_poc/airflow_env/lib/python3.8/site-packages/airflow/example_dags/example_bash_operator.py
[2024-11-19T13:01:28.283+0530] {processor.py:830} INFO - Processing file /home/sigmoid/Desktop/Personal_Ml/airflow_poc/airflow_env/lib/python3.8/site-packages/airflow/example_dags/example_bash_operator.py for tasks to queue
[2024-11-19T13:01:28.285+0530] {logging_mixin.py:188} INFO - [2024-11-19T13:01:28.284+0530] {dagbag.py:540} INFO - Filling up the DagBag from /home/sigmoid/Desktop/Personal_Ml/airflow_poc/airflow_env/lib/python3.8/site-packages/airflow/example_dags/example_bash_operator.py
[2024-11-19T13:01:28.312+0530] {processor.py:840} INFO - DAG(s) 'example_bash_operator' retrieved from /home/sigmoid/Desktop/Personal_Ml/airflow_poc/airflow_env/lib/python3.8/site-packages/airflow/example_dags/example_bash_operator.py
[2024-11-19T13:01:28.370+0530] {logging_mixin.py:188} INFO - [2024-11-19T13:01:28.370+0530] {dag.py:3047} INFO - Sync 1 DAGs
[2024-11-19T13:01:28.415+0530] {logging_mixin.py:188} INFO - [2024-11-19T13:01:28.414+0530] {dag.py:3834} INFO - Setting next_dagrun for example_bash_operator to 2024-11-18 00:00:00+00:00, run_after=2024-11-19 00:00:00+00:00
[2024-11-19T13:01:28.454+0530] {processor.py:183} INFO - Processing /home/sigmoid/Desktop/Personal_Ml/airflow_poc/airflow_env/lib/python3.8/site-packages/airflow/example_dags/example_bash_operator.py took 0.179 seconds
[2024-11-19T13:02:28.503+0530] {processor.py:161} INFO - Started process (PID=32990) to work on /home/sigmoid/Desktop/Personal_Ml/airflow_poc/airflow_env/lib/python3.8/site-packages/airflow/example_dags/example_bash_operator.py
[2024-11-19T13:02:28.504+0530] {processor.py:830} INFO - Processing file /home/sigmoid/Desktop/Personal_Ml/airflow_poc/airflow_env/lib/python3.8/site-packages/airflow/example_dags/example_bash_operator.py for tasks to queue
[2024-11-19T13:02:28.505+0530] {logging_mixin.py:188} INFO - [2024-11-19T13:02:28.505+0530] {dagbag.py:540} INFO - Filling up the DagBag from /home/sigmoid/Desktop/Personal_Ml/airflow_poc/airflow_env/lib/python3.8/site-packages/airflow/example_dags/example_bash_operator.py
[2024-11-19T13:02:28.519+0530] {processor.py:840} INFO - DAG(s) 'example_bash_operator' retrieved from /home/sigmoid/Desktop/Personal_Ml/airflow_poc/airflow_env/lib/python3.8/site-packages/airflow/example_dags/example_bash_operator.py
[2024-11-19T13:02:28.546+0530] {logging_mixin.py:188} INFO - [2024-11-19T13:02:28.546+0530] {dag.py:3047} INFO - Sync 1 DAGs
[2024-11-19T13:02:28.572+0530] {logging_mixin.py:188} INFO - [2024-11-19T13:02:28.572+0530] {dag.py:3834} INFO - Setting next_dagrun for example_bash_operator to 2024-11-18 00:00:00+00:00, run_after=2024-11-19 00:00:00+00:00
[2024-11-19T13:02:28.601+0530] {processor.py:183} INFO - Processing /home/sigmoid/Desktop/Personal_Ml/airflow_poc/airflow_env/lib/python3.8/site-packages/airflow/example_dags/example_bash_operator.py took 0.102 seconds
[2024-11-19T13:03:27.443+0530] {processor.py:161} INFO - Started process (PID=33057) to work on /home/sigmoid/Desktop/Personal_Ml/airflow_poc/airflow_env/lib/python3.8/site-packages/airflow/example_dags/example_bash_operator.py
[2024-11-19T13:03:27.446+0530] {processor.py:830} INFO - Processing file /home/sigmoid/Desktop/Personal_Ml/airflow_poc/airflow_env/lib/python3.8/site-packages/airflow/example_dags/example_bash_operator.py for tasks to queue
[2024-11-19T13:03:27.448+0530] {logging_mixin.py:188} INFO - [2024-11-19T13:03:27.447+0530] {dagbag.py:540} INFO - Filling up the DagBag from /home/sigmoid/Desktop/Personal_Ml/airflow_poc/airflow_env/lib/python3.8/site-packages/airflow/example_dags/example_bash_operator.py
[2024-11-19T13:03:27.474+0530] {processor.py:840} INFO - DAG(s) 'example_bash_operator' retrieved from /home/sigmoid/Desktop/Personal_Ml/airflow_poc/airflow_env/lib/python3.8/site-packages/airflow/example_dags/example_bash_operator.py
[2024-11-19T13:03:27.545+0530] {logging_mixin.py:188} INFO - [2024-11-19T13:03:27.544+0530] {dag.py:3047} INFO - Sync 1 DAGs
[2024-11-19T13:03:27.598+0530] {logging_mixin.py:188} INFO - [2024-11-19T13:03:27.597+0530] {dag.py:3834} INFO - Setting next_dagrun for example_bash_operator to 2024-11-18 00:00:00+00:00, run_after=2024-11-19 00:00:00+00:00
[2024-11-19T13:03:27.621+0530] {processor.py:183} INFO - Processing /home/sigmoid/Desktop/Personal_Ml/airflow_poc/airflow_env/lib/python3.8/site-packages/airflow/example_dags/example_bash_operator.py took 0.182 seconds
[2024-11-19T13:04:27.704+0530] {processor.py:161} INFO - Started process (PID=33130) to work on /home/sigmoid/Desktop/Personal_Ml/airflow_poc/airflow_env/lib/python3.8/site-packages/airflow/example_dags/example_bash_operator.py
[2024-11-19T13:04:27.705+0530] {processor.py:830} INFO - Processing file /home/sigmoid/Desktop/Personal_Ml/airflow_poc/airflow_env/lib/python3.8/site-packages/airflow/example_dags/example_bash_operator.py for tasks to queue
[2024-11-19T13:04:27.706+0530] {logging_mixin.py:188} INFO - [2024-11-19T13:04:27.705+0530] {dagbag.py:540} INFO - Filling up the DagBag from /home/sigmoid/Desktop/Personal_Ml/airflow_poc/airflow_env/lib/python3.8/site-packages/airflow/example_dags/example_bash_operator.py
[2024-11-19T13:04:27.718+0530] {processor.py:840} INFO - DAG(s) 'example_bash_operator' retrieved from /home/sigmoid/Desktop/Personal_Ml/airflow_poc/airflow_env/lib/python3.8/site-packages/airflow/example_dags/example_bash_operator.py
[2024-11-19T13:04:27.743+0530] {logging_mixin.py:188} INFO - [2024-11-19T13:04:27.742+0530] {dag.py:3047} INFO - Sync 1 DAGs
[2024-11-19T13:04:27.765+0530] {logging_mixin.py:188} INFO - [2024-11-19T13:04:27.764+0530] {dag.py:3834} INFO - Setting next_dagrun for example_bash_operator to 2024-11-18 00:00:00+00:00, run_after=2024-11-19 00:00:00+00:00
[2024-11-19T13:04:27.786+0530] {processor.py:183} INFO - Processing /home/sigmoid/Desktop/Personal_Ml/airflow_poc/airflow_env/lib/python3.8/site-packages/airflow/example_dags/example_bash_operator.py took 0.085 seconds
[2024-11-19T13:05:28.679+0530] {processor.py:161} INFO - Started process (PID=33196) to work on /home/sigmoid/Desktop/Personal_Ml/airflow_poc/airflow_env/lib/python3.8/site-packages/airflow/example_dags/example_bash_operator.py
[2024-11-19T13:05:28.683+0530] {processor.py:830} INFO - Processing file /home/sigmoid/Desktop/Personal_Ml/airflow_poc/airflow_env/lib/python3.8/site-packages/airflow/example_dags/example_bash_operator.py for tasks to queue
[2024-11-19T13:05:28.686+0530] {logging_mixin.py:188} INFO - [2024-11-19T13:05:28.684+0530] {dagbag.py:540} INFO - Filling up the DagBag from /home/sigmoid/Desktop/Personal_Ml/airflow_poc/airflow_env/lib/python3.8/site-packages/airflow/example_dags/example_bash_operator.py
[2024-11-19T13:05:28.716+0530] {processor.py:840} INFO - DAG(s) 'example_bash_operator' retrieved from /home/sigmoid/Desktop/Personal_Ml/airflow_poc/airflow_env/lib/python3.8/site-packages/airflow/example_dags/example_bash_operator.py
[2024-11-19T13:05:28.786+0530] {logging_mixin.py:188} INFO - [2024-11-19T13:05:28.785+0530] {dag.py:3047} INFO - Sync 1 DAGs
[2024-11-19T13:05:28.839+0530] {logging_mixin.py:188} INFO - [2024-11-19T13:05:28.838+0530] {dag.py:3834} INFO - Setting next_dagrun for example_bash_operator to 2024-11-18 00:00:00+00:00, run_after=2024-11-19 00:00:00+00:00
[2024-11-19T13:05:28.884+0530] {processor.py:183} INFO - Processing /home/sigmoid/Desktop/Personal_Ml/airflow_poc/airflow_env/lib/python3.8/site-packages/airflow/example_dags/example_bash_operator.py took 0.211 seconds
[2024-11-19T13:06:29.853+0530] {processor.py:161} INFO - Started process (PID=33263) to work on /home/sigmoid/Desktop/Personal_Ml/airflow_poc/airflow_env/lib/python3.8/site-packages/airflow/example_dags/example_bash_operator.py
[2024-11-19T13:06:29.860+0530] {processor.py:830} INFO - Processing file /home/sigmoid/Desktop/Personal_Ml/airflow_poc/airflow_env/lib/python3.8/site-packages/airflow/example_dags/example_bash_operator.py for tasks to queue
[2024-11-19T13:06:29.861+0530] {logging_mixin.py:188} INFO - [2024-11-19T13:06:29.860+0530] {dagbag.py:540} INFO - Filling up the DagBag from /home/sigmoid/Desktop/Personal_Ml/airflow_poc/airflow_env/lib/python3.8/site-packages/airflow/example_dags/example_bash_operator.py
[2024-11-19T13:06:29.879+0530] {processor.py:840} INFO - DAG(s) 'example_bash_operator' retrieved from /home/sigmoid/Desktop/Personal_Ml/airflow_poc/airflow_env/lib/python3.8/site-packages/airflow/example_dags/example_bash_operator.py
[2024-11-19T13:06:29.908+0530] {logging_mixin.py:188} INFO - [2024-11-19T13:06:29.908+0530] {dag.py:3047} INFO - Sync 1 DAGs
[2024-11-19T13:06:29.945+0530] {logging_mixin.py:188} INFO - [2024-11-19T13:06:29.945+0530] {dag.py:3834} INFO - Setting next_dagrun for example_bash_operator to 2024-11-18 00:00:00+00:00, run_after=2024-11-19 00:00:00+00:00
[2024-11-19T13:06:29.975+0530] {processor.py:183} INFO - Processing /home/sigmoid/Desktop/Personal_Ml/airflow_poc/airflow_env/lib/python3.8/site-packages/airflow/example_dags/example_bash_operator.py took 0.126 seconds
[2024-11-19T13:07:29.398+0530] {processor.py:161} INFO - Started process (PID=33333) to work on /home/sigmoid/Desktop/Personal_Ml/airflow_poc/airflow_env/lib/python3.8/site-packages/airflow/example_dags/example_bash_operator.py
[2024-11-19T13:07:29.399+0530] {processor.py:830} INFO - Processing file /home/sigmoid/Desktop/Personal_Ml/airflow_poc/airflow_env/lib/python3.8/site-packages/airflow/example_dags/example_bash_operator.py for tasks to queue
[2024-11-19T13:07:29.400+0530] {logging_mixin.py:188} INFO - [2024-11-19T13:07:29.400+0530] {dagbag.py:540} INFO - Filling up the DagBag from /home/sigmoid/Desktop/Personal_Ml/airflow_poc/airflow_env/lib/python3.8/site-packages/airflow/example_dags/example_bash_operator.py
[2024-11-19T13:07:29.413+0530] {processor.py:840} INFO - DAG(s) 'example_bash_operator' retrieved from /home/sigmoid/Desktop/Personal_Ml/airflow_poc/airflow_env/lib/python3.8/site-packages/airflow/example_dags/example_bash_operator.py
[2024-11-19T13:07:29.443+0530] {logging_mixin.py:188} INFO - [2024-11-19T13:07:29.443+0530] {dag.py:3047} INFO - Sync 1 DAGs
[2024-11-19T13:07:29.468+0530] {logging_mixin.py:188} INFO - [2024-11-19T13:07:29.467+0530] {dag.py:3834} INFO - Setting next_dagrun for example_bash_operator to 2024-11-18 00:00:00+00:00, run_after=2024-11-19 00:00:00+00:00
[2024-11-19T13:07:29.488+0530] {processor.py:183} INFO - Processing /home/sigmoid/Desktop/Personal_Ml/airflow_poc/airflow_env/lib/python3.8/site-packages/airflow/example_dags/example_bash_operator.py took 0.093 seconds
[2024-11-19T13:08:25.458+0530] {processor.py:161} INFO - Started process (PID=33398) to work on /home/sigmoid/Desktop/Personal_Ml/airflow_poc/airflow_env/lib/python3.8/site-packages/airflow/example_dags/example_bash_operator.py
[2024-11-19T13:08:25.460+0530] {processor.py:830} INFO - Processing file /home/sigmoid/Desktop/Personal_Ml/airflow_poc/airflow_env/lib/python3.8/site-packages/airflow/example_dags/example_bash_operator.py for tasks to queue
[2024-11-19T13:08:25.460+0530] {logging_mixin.py:188} INFO - [2024-11-19T13:08:25.460+0530] {dagbag.py:540} INFO - Filling up the DagBag from /home/sigmoid/Desktop/Personal_Ml/airflow_poc/airflow_env/lib/python3.8/site-packages/airflow/example_dags/example_bash_operator.py
[2024-11-19T13:08:25.473+0530] {processor.py:840} INFO - DAG(s) 'example_bash_operator' retrieved from /home/sigmoid/Desktop/Personal_Ml/airflow_poc/airflow_env/lib/python3.8/site-packages/airflow/example_dags/example_bash_operator.py
[2024-11-19T13:08:25.498+0530] {logging_mixin.py:188} INFO - [2024-11-19T13:08:25.498+0530] {dag.py:3047} INFO - Sync 1 DAGs
[2024-11-19T13:08:25.521+0530] {logging_mixin.py:188} INFO - [2024-11-19T13:08:25.521+0530] {dag.py:3834} INFO - Setting next_dagrun for example_bash_operator to 2024-11-18 00:00:00+00:00, run_after=2024-11-19 00:00:00+00:00
[2024-11-19T13:08:25.541+0530] {processor.py:183} INFO - Processing /home/sigmoid/Desktop/Personal_Ml/airflow_poc/airflow_env/lib/python3.8/site-packages/airflow/example_dags/example_bash_operator.py took 0.086 seconds
[2024-11-19T13:12:26.134+0530] {processor.py:161} INFO - Started process (PID=33597) to work on /home/sigmoid/Desktop/Personal_Ml/airflow_poc/airflow_env/lib/python3.8/site-packages/airflow/example_dags/example_bash_operator.py
[2024-11-19T13:12:26.144+0530] {processor.py:830} INFO - Processing file /home/sigmoid/Desktop/Personal_Ml/airflow_poc/airflow_env/lib/python3.8/site-packages/airflow/example_dags/example_bash_operator.py for tasks to queue
[2024-11-19T13:12:26.146+0530] {logging_mixin.py:188} INFO - [2024-11-19T13:12:26.145+0530] {dagbag.py:540} INFO - Filling up the DagBag from /home/sigmoid/Desktop/Personal_Ml/airflow_poc/airflow_env/lib/python3.8/site-packages/airflow/example_dags/example_bash_operator.py
[2024-11-19T13:12:26.187+0530] {processor.py:840} INFO - DAG(s) 'example_bash_operator' retrieved from /home/sigmoid/Desktop/Personal_Ml/airflow_poc/airflow_env/lib/python3.8/site-packages/airflow/example_dags/example_bash_operator.py
[2024-11-19T13:12:26.271+0530] {logging_mixin.py:188} INFO - [2024-11-19T13:12:26.270+0530] {dag.py:3047} INFO - Sync 1 DAGs
[2024-11-19T13:12:26.345+0530] {logging_mixin.py:188} INFO - [2024-11-19T13:12:26.344+0530] {dag.py:3834} INFO - Setting next_dagrun for example_bash_operator to 2024-11-18 00:00:00+00:00, run_after=2024-11-19 00:00:00+00:00
[2024-11-19T13:12:26.453+0530] {processor.py:183} INFO - Processing /home/sigmoid/Desktop/Personal_Ml/airflow_poc/airflow_env/lib/python3.8/site-packages/airflow/example_dags/example_bash_operator.py took 0.324 seconds
[2024-11-19T13:13:37.278+0530] {processor.py:161} INFO - Started process (PID=33843) to work on /home/sigmoid/Desktop/Personal_Ml/airflow_poc/airflow_env/lib/python3.8/site-packages/airflow/example_dags/example_bash_operator.py
[2024-11-19T13:13:37.279+0530] {processor.py:830} INFO - Processing file /home/sigmoid/Desktop/Personal_Ml/airflow_poc/airflow_env/lib/python3.8/site-packages/airflow/example_dags/example_bash_operator.py for tasks to queue
[2024-11-19T13:13:37.281+0530] {logging_mixin.py:188} INFO - [2024-11-19T13:13:37.280+0530] {dagbag.py:540} INFO - Filling up the DagBag from /home/sigmoid/Desktop/Personal_Ml/airflow_poc/airflow_env/lib/python3.8/site-packages/airflow/example_dags/example_bash_operator.py
[2024-11-19T13:13:37.301+0530] {processor.py:840} INFO - DAG(s) 'example_bash_operator' retrieved from /home/sigmoid/Desktop/Personal_Ml/airflow_poc/airflow_env/lib/python3.8/site-packages/airflow/example_dags/example_bash_operator.py
[2024-11-19T13:13:37.360+0530] {logging_mixin.py:188} INFO - [2024-11-19T13:13:37.360+0530] {dag.py:3047} INFO - Sync 1 DAGs
[2024-11-19T13:13:37.396+0530] {logging_mixin.py:188} INFO - [2024-11-19T13:13:37.395+0530] {dag.py:3834} INFO - Setting next_dagrun for example_bash_operator to 2024-11-18 00:00:00+00:00, run_after=2024-11-19 00:00:00+00:00
[2024-11-19T13:13:37.440+0530] {processor.py:183} INFO - Processing /home/sigmoid/Desktop/Personal_Ml/airflow_poc/airflow_env/lib/python3.8/site-packages/airflow/example_dags/example_bash_operator.py took 0.167 seconds
[2024-11-19T13:15:04.816+0530] {processor.py:161} INFO - Started process (PID=34262) to work on /home/sigmoid/Desktop/Personal_Ml/airflow_poc/airflow_env/lib/python3.8/site-packages/airflow/example_dags/example_bash_operator.py
[2024-11-19T13:15:04.818+0530] {processor.py:830} INFO - Processing file /home/sigmoid/Desktop/Personal_Ml/airflow_poc/airflow_env/lib/python3.8/site-packages/airflow/example_dags/example_bash_operator.py for tasks to queue
[2024-11-19T13:15:04.820+0530] {logging_mixin.py:188} INFO - [2024-11-19T13:15:04.819+0530] {dagbag.py:540} INFO - Filling up the DagBag from /home/sigmoid/Desktop/Personal_Ml/airflow_poc/airflow_env/lib/python3.8/site-packages/airflow/example_dags/example_bash_operator.py
[2024-11-19T13:15:04.839+0530] {processor.py:840} INFO - DAG(s) 'example_bash_operator' retrieved from /home/sigmoid/Desktop/Personal_Ml/airflow_poc/airflow_env/lib/python3.8/site-packages/airflow/example_dags/example_bash_operator.py
[2024-11-19T13:15:04.876+0530] {logging_mixin.py:188} INFO - [2024-11-19T13:15:04.875+0530] {dag.py:3047} INFO - Sync 1 DAGs
[2024-11-19T13:15:04.910+0530] {logging_mixin.py:188} INFO - [2024-11-19T13:15:04.909+0530] {dag.py:3834} INFO - Setting next_dagrun for example_bash_operator to 2024-11-18 00:00:00+00:00, run_after=2024-11-19 00:00:00+00:00
[2024-11-19T13:15:04.946+0530] {processor.py:183} INFO - Processing /home/sigmoid/Desktop/Personal_Ml/airflow_poc/airflow_env/lib/python3.8/site-packages/airflow/example_dags/example_bash_operator.py took 0.133 seconds
[2024-11-19T13:16:38.446+0530] {processor.py:161} INFO - Started process (PID=35148) to work on /home/sigmoid/Desktop/Personal_Ml/airflow_poc/airflow_env/lib/python3.8/site-packages/airflow/example_dags/example_bash_operator.py
[2024-11-19T13:16:38.448+0530] {processor.py:830} INFO - Processing file /home/sigmoid/Desktop/Personal_Ml/airflow_poc/airflow_env/lib/python3.8/site-packages/airflow/example_dags/example_bash_operator.py for tasks to queue
[2024-11-19T13:16:38.449+0530] {logging_mixin.py:188} INFO - [2024-11-19T13:16:38.448+0530] {dagbag.py:540} INFO - Filling up the DagBag from /home/sigmoid/Desktop/Personal_Ml/airflow_poc/airflow_env/lib/python3.8/site-packages/airflow/example_dags/example_bash_operator.py
[2024-11-19T13:16:38.465+0530] {processor.py:840} INFO - DAG(s) 'example_bash_operator' retrieved from /home/sigmoid/Desktop/Personal_Ml/airflow_poc/airflow_env/lib/python3.8/site-packages/airflow/example_dags/example_bash_operator.py
[2024-11-19T13:16:38.497+0530] {logging_mixin.py:188} INFO - [2024-11-19T13:16:38.497+0530] {dag.py:3047} INFO - Sync 1 DAGs
[2024-11-19T13:16:38.522+0530] {logging_mixin.py:188} INFO - [2024-11-19T13:16:38.521+0530] {dag.py:3834} INFO - Setting next_dagrun for example_bash_operator to 2024-11-18 00:00:00+00:00, run_after=2024-11-19 00:00:00+00:00
[2024-11-19T13:16:38.553+0530] {processor.py:183} INFO - Processing /home/sigmoid/Desktop/Personal_Ml/airflow_poc/airflow_env/lib/python3.8/site-packages/airflow/example_dags/example_bash_operator.py took 0.111 seconds
[2024-11-19T13:17:42.699+0530] {processor.py:161} INFO - Started process (PID=35267) to work on /home/sigmoid/Desktop/Personal_Ml/airflow_poc/airflow_env/lib/python3.8/site-packages/airflow/example_dags/example_bash_operator.py
[2024-11-19T13:17:42.701+0530] {processor.py:830} INFO - Processing file /home/sigmoid/Desktop/Personal_Ml/airflow_poc/airflow_env/lib/python3.8/site-packages/airflow/example_dags/example_bash_operator.py for tasks to queue
[2024-11-19T13:17:42.702+0530] {logging_mixin.py:188} INFO - [2024-11-19T13:17:42.701+0530] {dagbag.py:540} INFO - Filling up the DagBag from /home/sigmoid/Desktop/Personal_Ml/airflow_poc/airflow_env/lib/python3.8/site-packages/airflow/example_dags/example_bash_operator.py
[2024-11-19T13:17:42.722+0530] {processor.py:840} INFO - DAG(s) 'example_bash_operator' retrieved from /home/sigmoid/Desktop/Personal_Ml/airflow_poc/airflow_env/lib/python3.8/site-packages/airflow/example_dags/example_bash_operator.py
[2024-11-19T13:17:42.759+0530] {logging_mixin.py:188} INFO - [2024-11-19T13:17:42.758+0530] {dag.py:3047} INFO - Sync 1 DAGs
[2024-11-19T13:17:42.792+0530] {logging_mixin.py:188} INFO - [2024-11-19T13:17:42.791+0530] {dag.py:3834} INFO - Setting next_dagrun for example_bash_operator to 2024-11-18 00:00:00+00:00, run_after=2024-11-19 00:00:00+00:00
[2024-11-19T13:17:42.818+0530] {processor.py:183} INFO - Processing /home/sigmoid/Desktop/Personal_Ml/airflow_poc/airflow_env/lib/python3.8/site-packages/airflow/example_dags/example_bash_operator.py took 0.124 seconds
[2024-11-19T13:18:55.767+0530] {processor.py:161} INFO - Started process (PID=35353) to work on /home/sigmoid/Desktop/Personal_Ml/airflow_poc/airflow_env/lib/python3.8/site-packages/airflow/example_dags/example_bash_operator.py
[2024-11-19T13:18:55.768+0530] {processor.py:830} INFO - Processing file /home/sigmoid/Desktop/Personal_Ml/airflow_poc/airflow_env/lib/python3.8/site-packages/airflow/example_dags/example_bash_operator.py for tasks to queue
[2024-11-19T13:18:55.769+0530] {logging_mixin.py:188} INFO - [2024-11-19T13:18:55.769+0530] {dagbag.py:540} INFO - Filling up the DagBag from /home/sigmoid/Desktop/Personal_Ml/airflow_poc/airflow_env/lib/python3.8/site-packages/airflow/example_dags/example_bash_operator.py
[2024-11-19T13:18:55.782+0530] {processor.py:840} INFO - DAG(s) 'example_bash_operator' retrieved from /home/sigmoid/Desktop/Personal_Ml/airflow_poc/airflow_env/lib/python3.8/site-packages/airflow/example_dags/example_bash_operator.py
[2024-11-19T13:18:55.808+0530] {logging_mixin.py:188} INFO - [2024-11-19T13:18:55.808+0530] {dag.py:3047} INFO - Sync 1 DAGs
[2024-11-19T13:18:55.830+0530] {logging_mixin.py:188} INFO - [2024-11-19T13:18:55.830+0530] {dag.py:3834} INFO - Setting next_dagrun for example_bash_operator to 2024-11-18 00:00:00+00:00, run_after=2024-11-19 00:00:00+00:00
[2024-11-19T13:18:55.854+0530] {processor.py:183} INFO - Processing /home/sigmoid/Desktop/Personal_Ml/airflow_poc/airflow_env/lib/python3.8/site-packages/airflow/example_dags/example_bash_operator.py took 0.090 seconds
[2024-11-19T13:20:02.021+0530] {processor.py:161} INFO - Started process (PID=35489) to work on /home/sigmoid/Desktop/Personal_Ml/airflow_poc/airflow_env/lib/python3.8/site-packages/airflow/example_dags/example_bash_operator.py
[2024-11-19T13:20:02.023+0530] {processor.py:830} INFO - Processing file /home/sigmoid/Desktop/Personal_Ml/airflow_poc/airflow_env/lib/python3.8/site-packages/airflow/example_dags/example_bash_operator.py for tasks to queue
[2024-11-19T13:20:02.024+0530] {logging_mixin.py:188} INFO - [2024-11-19T13:20:02.024+0530] {dagbag.py:540} INFO - Filling up the DagBag from /home/sigmoid/Desktop/Personal_Ml/airflow_poc/airflow_env/lib/python3.8/site-packages/airflow/example_dags/example_bash_operator.py
[2024-11-19T13:20:02.052+0530] {processor.py:840} INFO - DAG(s) 'example_bash_operator' retrieved from /home/sigmoid/Desktop/Personal_Ml/airflow_poc/airflow_env/lib/python3.8/site-packages/airflow/example_dags/example_bash_operator.py
[2024-11-19T13:20:02.119+0530] {logging_mixin.py:188} INFO - [2024-11-19T13:20:02.119+0530] {dag.py:3047} INFO - Sync 1 DAGs
[2024-11-19T13:20:02.173+0530] {logging_mixin.py:188} INFO - [2024-11-19T13:20:02.173+0530] {dag.py:3834} INFO - Setting next_dagrun for example_bash_operator to 2024-11-18 00:00:00+00:00, run_after=2024-11-19 00:00:00+00:00
[2024-11-19T13:20:02.212+0530] {processor.py:183} INFO - Processing /home/sigmoid/Desktop/Personal_Ml/airflow_poc/airflow_env/lib/python3.8/site-packages/airflow/example_dags/example_bash_operator.py took 0.198 seconds
[2024-11-19T13:21:11.389+0530] {processor.py:161} INFO - Started process (PID=35654) to work on /home/sigmoid/Desktop/Personal_Ml/airflow_poc/airflow_env/lib/python3.8/site-packages/airflow/example_dags/example_bash_operator.py
[2024-11-19T13:21:11.390+0530] {processor.py:830} INFO - Processing file /home/sigmoid/Desktop/Personal_Ml/airflow_poc/airflow_env/lib/python3.8/site-packages/airflow/example_dags/example_bash_operator.py for tasks to queue
[2024-11-19T13:21:11.391+0530] {logging_mixin.py:188} INFO - [2024-11-19T13:21:11.391+0530] {dagbag.py:540} INFO - Filling up the DagBag from /home/sigmoid/Desktop/Personal_Ml/airflow_poc/airflow_env/lib/python3.8/site-packages/airflow/example_dags/example_bash_operator.py
[2024-11-19T13:21:11.405+0530] {processor.py:840} INFO - DAG(s) 'example_bash_operator' retrieved from /home/sigmoid/Desktop/Personal_Ml/airflow_poc/airflow_env/lib/python3.8/site-packages/airflow/example_dags/example_bash_operator.py
[2024-11-19T13:21:11.432+0530] {logging_mixin.py:188} INFO - [2024-11-19T13:21:11.431+0530] {dag.py:3047} INFO - Sync 1 DAGs
[2024-11-19T13:21:11.455+0530] {logging_mixin.py:188} INFO - [2024-11-19T13:21:11.454+0530] {dag.py:3834} INFO - Setting next_dagrun for example_bash_operator to 2024-11-18 00:00:00+00:00, run_after=2024-11-19 00:00:00+00:00
[2024-11-19T13:21:11.478+0530] {processor.py:183} INFO - Processing /home/sigmoid/Desktop/Personal_Ml/airflow_poc/airflow_env/lib/python3.8/site-packages/airflow/example_dags/example_bash_operator.py took 0.092 seconds
[2024-11-19T13:22:16.953+0530] {processor.py:161} INFO - Started process (PID=35755) to work on /home/sigmoid/Desktop/Personal_Ml/airflow_poc/airflow_env/lib/python3.8/site-packages/airflow/example_dags/example_bash_operator.py
[2024-11-19T13:22:16.954+0530] {processor.py:830} INFO - Processing file /home/sigmoid/Desktop/Personal_Ml/airflow_poc/airflow_env/lib/python3.8/site-packages/airflow/example_dags/example_bash_operator.py for tasks to queue
[2024-11-19T13:22:16.955+0530] {logging_mixin.py:188} INFO - [2024-11-19T13:22:16.955+0530] {dagbag.py:540} INFO - Filling up the DagBag from /home/sigmoid/Desktop/Personal_Ml/airflow_poc/airflow_env/lib/python3.8/site-packages/airflow/example_dags/example_bash_operator.py
[2024-11-19T13:22:16.967+0530] {processor.py:840} INFO - DAG(s) 'example_bash_operator' retrieved from /home/sigmoid/Desktop/Personal_Ml/airflow_poc/airflow_env/lib/python3.8/site-packages/airflow/example_dags/example_bash_operator.py
[2024-11-19T13:22:16.993+0530] {logging_mixin.py:188} INFO - [2024-11-19T13:22:16.993+0530] {dag.py:3047} INFO - Sync 1 DAGs
[2024-11-19T13:22:17.014+0530] {logging_mixin.py:188} INFO - [2024-11-19T13:22:17.014+0530] {dag.py:3834} INFO - Setting next_dagrun for example_bash_operator to 2024-11-18 00:00:00+00:00, run_after=2024-11-19 00:00:00+00:00
[2024-11-19T13:22:17.035+0530] {processor.py:183} INFO - Processing /home/sigmoid/Desktop/Personal_Ml/airflow_poc/airflow_env/lib/python3.8/site-packages/airflow/example_dags/example_bash_operator.py took 0.085 seconds
[2024-11-19T13:24:08.808+0530] {processor.py:161} INFO - Started process (PID=35937) to work on /home/sigmoid/Desktop/Personal_Ml/airflow_poc/airflow_env/lib/python3.8/site-packages/airflow/example_dags/example_bash_operator.py
[2024-11-19T13:24:08.810+0530] {processor.py:830} INFO - Processing file /home/sigmoid/Desktop/Personal_Ml/airflow_poc/airflow_env/lib/python3.8/site-packages/airflow/example_dags/example_bash_operator.py for tasks to queue
[2024-11-19T13:24:08.811+0530] {logging_mixin.py:188} INFO - [2024-11-19T13:24:08.811+0530] {dagbag.py:540} INFO - Filling up the DagBag from /home/sigmoid/Desktop/Personal_Ml/airflow_poc/airflow_env/lib/python3.8/site-packages/airflow/example_dags/example_bash_operator.py
[2024-11-19T13:24:08.827+0530] {processor.py:840} INFO - DAG(s) 'example_bash_operator' retrieved from /home/sigmoid/Desktop/Personal_Ml/airflow_poc/airflow_env/lib/python3.8/site-packages/airflow/example_dags/example_bash_operator.py
[2024-11-19T13:24:08.860+0530] {logging_mixin.py:188} INFO - [2024-11-19T13:24:08.860+0530] {dag.py:3047} INFO - Sync 1 DAGs
[2024-11-19T13:24:08.887+0530] {logging_mixin.py:188} INFO - [2024-11-19T13:24:08.887+0530] {dag.py:3834} INFO - Setting next_dagrun for example_bash_operator to 2024-11-18 00:00:00+00:00, run_after=2024-11-19 00:00:00+00:00
[2024-11-19T13:24:08.923+0530] {processor.py:183} INFO - Processing /home/sigmoid/Desktop/Personal_Ml/airflow_poc/airflow_env/lib/python3.8/site-packages/airflow/example_dags/example_bash_operator.py took 0.121 seconds
[2024-11-19T13:25:16.553+0530] {processor.py:161} INFO - Started process (PID=36012) to work on /home/sigmoid/Desktop/Personal_Ml/airflow_poc/airflow_env/lib/python3.8/site-packages/airflow/example_dags/example_bash_operator.py
[2024-11-19T13:25:16.556+0530] {processor.py:830} INFO - Processing file /home/sigmoid/Desktop/Personal_Ml/airflow_poc/airflow_env/lib/python3.8/site-packages/airflow/example_dags/example_bash_operator.py for tasks to queue
[2024-11-19T13:25:16.558+0530] {logging_mixin.py:188} INFO - [2024-11-19T13:25:16.557+0530] {dagbag.py:540} INFO - Filling up the DagBag from /home/sigmoid/Desktop/Personal_Ml/airflow_poc/airflow_env/lib/python3.8/site-packages/airflow/example_dags/example_bash_operator.py
[2024-11-19T13:25:16.573+0530] {processor.py:840} INFO - DAG(s) 'example_bash_operator' retrieved from /home/sigmoid/Desktop/Personal_Ml/airflow_poc/airflow_env/lib/python3.8/site-packages/airflow/example_dags/example_bash_operator.py
[2024-11-19T13:25:16.604+0530] {logging_mixin.py:188} INFO - [2024-11-19T13:25:16.604+0530] {dag.py:3047} INFO - Sync 1 DAGs
[2024-11-19T13:25:16.633+0530] {logging_mixin.py:188} INFO - [2024-11-19T13:25:16.633+0530] {dag.py:3834} INFO - Setting next_dagrun for example_bash_operator to 2024-11-18 00:00:00+00:00, run_after=2024-11-19 00:00:00+00:00
[2024-11-19T13:25:16.661+0530] {processor.py:183} INFO - Processing /home/sigmoid/Desktop/Personal_Ml/airflow_poc/airflow_env/lib/python3.8/site-packages/airflow/example_dags/example_bash_operator.py took 0.111 seconds
[2024-11-19T13:26:52.887+0530] {processor.py:161} INFO - Started process (PID=36152) to work on /home/sigmoid/Desktop/Personal_Ml/airflow_poc/airflow_env/lib/python3.8/site-packages/airflow/example_dags/example_bash_operator.py
[2024-11-19T13:26:52.888+0530] {processor.py:830} INFO - Processing file /home/sigmoid/Desktop/Personal_Ml/airflow_poc/airflow_env/lib/python3.8/site-packages/airflow/example_dags/example_bash_operator.py for tasks to queue
[2024-11-19T13:26:52.889+0530] {logging_mixin.py:188} INFO - [2024-11-19T13:26:52.889+0530] {dagbag.py:540} INFO - Filling up the DagBag from /home/sigmoid/Desktop/Personal_Ml/airflow_poc/airflow_env/lib/python3.8/site-packages/airflow/example_dags/example_bash_operator.py
[2024-11-19T13:26:52.902+0530] {processor.py:840} INFO - DAG(s) 'example_bash_operator' retrieved from /home/sigmoid/Desktop/Personal_Ml/airflow_poc/airflow_env/lib/python3.8/site-packages/airflow/example_dags/example_bash_operator.py
[2024-11-19T13:26:52.928+0530] {logging_mixin.py:188} INFO - [2024-11-19T13:26:52.927+0530] {dag.py:3047} INFO - Sync 1 DAGs
[2024-11-19T13:26:52.949+0530] {logging_mixin.py:188} INFO - [2024-11-19T13:26:52.949+0530] {dag.py:3834} INFO - Setting next_dagrun for example_bash_operator to 2024-11-18 00:00:00+00:00, run_after=2024-11-19 00:00:00+00:00
[2024-11-19T13:26:52.970+0530] {processor.py:183} INFO - Processing /home/sigmoid/Desktop/Personal_Ml/airflow_poc/airflow_env/lib/python3.8/site-packages/airflow/example_dags/example_bash_operator.py took 0.087 seconds
[2024-11-19T13:29:00.135+0530] {processor.py:161} INFO - Started process (PID=36318) to work on /home/sigmoid/Desktop/Personal_Ml/airflow_poc/airflow_env/lib/python3.8/site-packages/airflow/example_dags/example_bash_operator.py
[2024-11-19T13:29:00.139+0530] {processor.py:830} INFO - Processing file /home/sigmoid/Desktop/Personal_Ml/airflow_poc/airflow_env/lib/python3.8/site-packages/airflow/example_dags/example_bash_operator.py for tasks to queue
[2024-11-19T13:29:00.141+0530] {logging_mixin.py:188} INFO - [2024-11-19T13:29:00.141+0530] {dagbag.py:540} INFO - Filling up the DagBag from /home/sigmoid/Desktop/Personal_Ml/airflow_poc/airflow_env/lib/python3.8/site-packages/airflow/example_dags/example_bash_operator.py
[2024-11-19T13:29:00.162+0530] {processor.py:840} INFO - DAG(s) 'example_bash_operator' retrieved from /home/sigmoid/Desktop/Personal_Ml/airflow_poc/airflow_env/lib/python3.8/site-packages/airflow/example_dags/example_bash_operator.py
[2024-11-19T13:29:00.196+0530] {logging_mixin.py:188} INFO - [2024-11-19T13:29:00.196+0530] {dag.py:3047} INFO - Sync 1 DAGs
[2024-11-19T13:29:00.224+0530] {logging_mixin.py:188} INFO - [2024-11-19T13:29:00.224+0530] {dag.py:3834} INFO - Setting next_dagrun for example_bash_operator to 2024-11-18 00:00:00+00:00, run_after=2024-11-19 00:00:00+00:00
[2024-11-19T13:29:00.251+0530] {processor.py:183} INFO - Processing /home/sigmoid/Desktop/Personal_Ml/airflow_poc/airflow_env/lib/python3.8/site-packages/airflow/example_dags/example_bash_operator.py took 0.121 seconds
[2024-11-19T13:30:20.903+0530] {processor.py:161} INFO - Started process (PID=36411) to work on /home/sigmoid/Desktop/Personal_Ml/airflow_poc/airflow_env/lib/python3.8/site-packages/airflow/example_dags/example_bash_operator.py
[2024-11-19T13:30:20.904+0530] {processor.py:830} INFO - Processing file /home/sigmoid/Desktop/Personal_Ml/airflow_poc/airflow_env/lib/python3.8/site-packages/airflow/example_dags/example_bash_operator.py for tasks to queue
[2024-11-19T13:30:20.905+0530] {logging_mixin.py:188} INFO - [2024-11-19T13:30:20.905+0530] {dagbag.py:540} INFO - Filling up the DagBag from /home/sigmoid/Desktop/Personal_Ml/airflow_poc/airflow_env/lib/python3.8/site-packages/airflow/example_dags/example_bash_operator.py
[2024-11-19T13:30:20.920+0530] {processor.py:840} INFO - DAG(s) 'example_bash_operator' retrieved from /home/sigmoid/Desktop/Personal_Ml/airflow_poc/airflow_env/lib/python3.8/site-packages/airflow/example_dags/example_bash_operator.py
[2024-11-19T13:30:20.952+0530] {logging_mixin.py:188} INFO - [2024-11-19T13:30:20.951+0530] {dag.py:3047} INFO - Sync 1 DAGs
[2024-11-19T13:30:20.979+0530] {logging_mixin.py:188} INFO - [2024-11-19T13:30:20.978+0530] {dag.py:3834} INFO - Setting next_dagrun for example_bash_operator to 2024-11-18 00:00:00+00:00, run_after=2024-11-19 00:00:00+00:00
[2024-11-19T13:30:21.005+0530] {processor.py:183} INFO - Processing /home/sigmoid/Desktop/Personal_Ml/airflow_poc/airflow_env/lib/python3.8/site-packages/airflow/example_dags/example_bash_operator.py took 0.106 seconds
[2024-11-19T13:31:33.368+0530] {processor.py:161} INFO - Started process (PID=36758) to work on /home/sigmoid/Desktop/Personal_Ml/airflow_poc/airflow_env/lib/python3.8/site-packages/airflow/example_dags/example_bash_operator.py
[2024-11-19T13:31:33.369+0530] {processor.py:830} INFO - Processing file /home/sigmoid/Desktop/Personal_Ml/airflow_poc/airflow_env/lib/python3.8/site-packages/airflow/example_dags/example_bash_operator.py for tasks to queue
[2024-11-19T13:31:33.370+0530] {logging_mixin.py:188} INFO - [2024-11-19T13:31:33.369+0530] {dagbag.py:540} INFO - Filling up the DagBag from /home/sigmoid/Desktop/Personal_Ml/airflow_poc/airflow_env/lib/python3.8/site-packages/airflow/example_dags/example_bash_operator.py
[2024-11-19T13:31:33.382+0530] {processor.py:840} INFO - DAG(s) 'example_bash_operator' retrieved from /home/sigmoid/Desktop/Personal_Ml/airflow_poc/airflow_env/lib/python3.8/site-packages/airflow/example_dags/example_bash_operator.py
[2024-11-19T13:31:33.408+0530] {logging_mixin.py:188} INFO - [2024-11-19T13:31:33.407+0530] {dag.py:3047} INFO - Sync 1 DAGs
[2024-11-19T13:31:33.429+0530] {logging_mixin.py:188} INFO - [2024-11-19T13:31:33.429+0530] {dag.py:3834} INFO - Setting next_dagrun for example_bash_operator to 2024-11-18 00:00:00+00:00, run_after=2024-11-19 00:00:00+00:00
[2024-11-19T13:31:33.459+0530] {processor.py:183} INFO - Processing /home/sigmoid/Desktop/Personal_Ml/airflow_poc/airflow_env/lib/python3.8/site-packages/airflow/example_dags/example_bash_operator.py took 0.094 seconds
[2024-11-19T13:32:37.304+0530] {processor.py:161} INFO - Started process (PID=36853) to work on /home/sigmoid/Desktop/Personal_Ml/airflow_poc/airflow_env/lib/python3.8/site-packages/airflow/example_dags/example_bash_operator.py
[2024-11-19T13:32:37.305+0530] {processor.py:830} INFO - Processing file /home/sigmoid/Desktop/Personal_Ml/airflow_poc/airflow_env/lib/python3.8/site-packages/airflow/example_dags/example_bash_operator.py for tasks to queue
[2024-11-19T13:32:37.306+0530] {logging_mixin.py:188} INFO - [2024-11-19T13:32:37.306+0530] {dagbag.py:540} INFO - Filling up the DagBag from /home/sigmoid/Desktop/Personal_Ml/airflow_poc/airflow_env/lib/python3.8/site-packages/airflow/example_dags/example_bash_operator.py
[2024-11-19T13:32:37.320+0530] {processor.py:840} INFO - DAG(s) 'example_bash_operator' retrieved from /home/sigmoid/Desktop/Personal_Ml/airflow_poc/airflow_env/lib/python3.8/site-packages/airflow/example_dags/example_bash_operator.py
[2024-11-19T13:32:37.346+0530] {logging_mixin.py:188} INFO - [2024-11-19T13:32:37.345+0530] {dag.py:3047} INFO - Sync 1 DAGs
[2024-11-19T13:32:37.367+0530] {logging_mixin.py:188} INFO - [2024-11-19T13:32:37.367+0530] {dag.py:3834} INFO - Setting next_dagrun for example_bash_operator to 2024-11-18 00:00:00+00:00, run_after=2024-11-19 00:00:00+00:00
[2024-11-19T13:32:37.388+0530] {processor.py:183} INFO - Processing /home/sigmoid/Desktop/Personal_Ml/airflow_poc/airflow_env/lib/python3.8/site-packages/airflow/example_dags/example_bash_operator.py took 0.088 seconds
[2024-11-19T13:33:35.297+0530] {processor.py:161} INFO - Started process (PID=36926) to work on /home/sigmoid/Desktop/Personal_Ml/airflow_poc/airflow_env/lib/python3.8/site-packages/airflow/example_dags/example_bash_operator.py
[2024-11-19T13:33:35.298+0530] {processor.py:830} INFO - Processing file /home/sigmoid/Desktop/Personal_Ml/airflow_poc/airflow_env/lib/python3.8/site-packages/airflow/example_dags/example_bash_operator.py for tasks to queue
[2024-11-19T13:33:35.299+0530] {logging_mixin.py:188} INFO - [2024-11-19T13:33:35.298+0530] {dagbag.py:540} INFO - Filling up the DagBag from /home/sigmoid/Desktop/Personal_Ml/airflow_poc/airflow_env/lib/python3.8/site-packages/airflow/example_dags/example_bash_operator.py
[2024-11-19T13:33:35.311+0530] {processor.py:840} INFO - DAG(s) 'example_bash_operator' retrieved from /home/sigmoid/Desktop/Personal_Ml/airflow_poc/airflow_env/lib/python3.8/site-packages/airflow/example_dags/example_bash_operator.py
[2024-11-19T13:33:35.336+0530] {logging_mixin.py:188} INFO - [2024-11-19T13:33:35.336+0530] {dag.py:3047} INFO - Sync 1 DAGs
[2024-11-19T13:33:35.358+0530] {logging_mixin.py:188} INFO - [2024-11-19T13:33:35.358+0530] {dag.py:3834} INFO - Setting next_dagrun for example_bash_operator to 2024-11-18 00:00:00+00:00, run_after=2024-11-19 00:00:00+00:00
[2024-11-19T13:33:35.387+0530] {processor.py:183} INFO - Processing /home/sigmoid/Desktop/Personal_Ml/airflow_poc/airflow_env/lib/python3.8/site-packages/airflow/example_dags/example_bash_operator.py took 0.094 seconds
[2024-11-19T13:41:55.916+0530] {processor.py:161} INFO - Started process (PID=37282) to work on /home/sigmoid/Desktop/Personal_Ml/airflow_poc/airflow_env/lib/python3.8/site-packages/airflow/example_dags/example_bash_operator.py
[2024-11-19T13:41:55.917+0530] {processor.py:830} INFO - Processing file /home/sigmoid/Desktop/Personal_Ml/airflow_poc/airflow_env/lib/python3.8/site-packages/airflow/example_dags/example_bash_operator.py for tasks to queue
[2024-11-19T13:41:55.918+0530] {logging_mixin.py:188} INFO - [2024-11-19T13:41:55.917+0530] {dagbag.py:540} INFO - Filling up the DagBag from /home/sigmoid/Desktop/Personal_Ml/airflow_poc/airflow_env/lib/python3.8/site-packages/airflow/example_dags/example_bash_operator.py
[2024-11-19T13:41:55.930+0530] {processor.py:840} INFO - DAG(s) 'example_bash_operator' retrieved from /home/sigmoid/Desktop/Personal_Ml/airflow_poc/airflow_env/lib/python3.8/site-packages/airflow/example_dags/example_bash_operator.py
[2024-11-19T13:41:55.956+0530] {logging_mixin.py:188} INFO - [2024-11-19T13:41:55.956+0530] {dag.py:3047} INFO - Sync 1 DAGs
[2024-11-19T13:41:55.977+0530] {logging_mixin.py:188} INFO - [2024-11-19T13:41:55.977+0530] {dag.py:3834} INFO - Setting next_dagrun for example_bash_operator to 2024-11-18 00:00:00+00:00, run_after=2024-11-19 00:00:00+00:00
[2024-11-19T13:41:55.997+0530] {processor.py:183} INFO - Processing /home/sigmoid/Desktop/Personal_Ml/airflow_poc/airflow_env/lib/python3.8/site-packages/airflow/example_dags/example_bash_operator.py took 0.085 seconds
[2024-11-19T13:42:58.671+0530] {processor.py:161} INFO - Started process (PID=37360) to work on /home/sigmoid/Desktop/Personal_Ml/airflow_poc/airflow_env/lib/python3.8/site-packages/airflow/example_dags/example_bash_operator.py
[2024-11-19T13:42:58.672+0530] {processor.py:830} INFO - Processing file /home/sigmoid/Desktop/Personal_Ml/airflow_poc/airflow_env/lib/python3.8/site-packages/airflow/example_dags/example_bash_operator.py for tasks to queue
[2024-11-19T13:42:58.674+0530] {logging_mixin.py:188} INFO - [2024-11-19T13:42:58.673+0530] {dagbag.py:540} INFO - Filling up the DagBag from /home/sigmoid/Desktop/Personal_Ml/airflow_poc/airflow_env/lib/python3.8/site-packages/airflow/example_dags/example_bash_operator.py
[2024-11-19T13:42:58.686+0530] {processor.py:840} INFO - DAG(s) 'example_bash_operator' retrieved from /home/sigmoid/Desktop/Personal_Ml/airflow_poc/airflow_env/lib/python3.8/site-packages/airflow/example_dags/example_bash_operator.py
[2024-11-19T13:42:58.712+0530] {logging_mixin.py:188} INFO - [2024-11-19T13:42:58.712+0530] {dag.py:3047} INFO - Sync 1 DAGs
[2024-11-19T13:42:58.733+0530] {logging_mixin.py:188} INFO - [2024-11-19T13:42:58.733+0530] {dag.py:3834} INFO - Setting next_dagrun for example_bash_operator to 2024-11-18 00:00:00+00:00, run_after=2024-11-19 00:00:00+00:00
[2024-11-19T13:42:58.754+0530] {processor.py:183} INFO - Processing /home/sigmoid/Desktop/Personal_Ml/airflow_poc/airflow_env/lib/python3.8/site-packages/airflow/example_dags/example_bash_operator.py took 0.086 seconds
[2024-11-19T13:44:04.391+0530] {processor.py:161} INFO - Started process (PID=37436) to work on /home/sigmoid/Desktop/Personal_Ml/airflow_poc/airflow_env/lib/python3.8/site-packages/airflow/example_dags/example_bash_operator.py
[2024-11-19T13:44:04.393+0530] {processor.py:830} INFO - Processing file /home/sigmoid/Desktop/Personal_Ml/airflow_poc/airflow_env/lib/python3.8/site-packages/airflow/example_dags/example_bash_operator.py for tasks to queue
[2024-11-19T13:44:04.394+0530] {logging_mixin.py:188} INFO - [2024-11-19T13:44:04.394+0530] {dagbag.py:540} INFO - Filling up the DagBag from /home/sigmoid/Desktop/Personal_Ml/airflow_poc/airflow_env/lib/python3.8/site-packages/airflow/example_dags/example_bash_operator.py
[2024-11-19T13:44:04.410+0530] {processor.py:840} INFO - DAG(s) 'example_bash_operator' retrieved from /home/sigmoid/Desktop/Personal_Ml/airflow_poc/airflow_env/lib/python3.8/site-packages/airflow/example_dags/example_bash_operator.py
[2024-11-19T13:44:04.436+0530] {logging_mixin.py:188} INFO - [2024-11-19T13:44:04.436+0530] {dag.py:3047} INFO - Sync 1 DAGs
[2024-11-19T13:44:04.458+0530] {logging_mixin.py:188} INFO - [2024-11-19T13:44:04.458+0530] {dag.py:3834} INFO - Setting next_dagrun for example_bash_operator to 2024-11-18 00:00:00+00:00, run_after=2024-11-19 00:00:00+00:00
[2024-11-19T13:44:04.479+0530] {processor.py:183} INFO - Processing /home/sigmoid/Desktop/Personal_Ml/airflow_poc/airflow_env/lib/python3.8/site-packages/airflow/example_dags/example_bash_operator.py took 0.091 seconds
[2024-11-19T13:45:04.614+0530] {processor.py:161} INFO - Started process (PID=37513) to work on /home/sigmoid/Desktop/Personal_Ml/airflow_poc/airflow_env/lib/python3.8/site-packages/airflow/example_dags/example_bash_operator.py
[2024-11-19T13:45:04.615+0530] {processor.py:830} INFO - Processing file /home/sigmoid/Desktop/Personal_Ml/airflow_poc/airflow_env/lib/python3.8/site-packages/airflow/example_dags/example_bash_operator.py for tasks to queue
[2024-11-19T13:45:04.616+0530] {logging_mixin.py:188} INFO - [2024-11-19T13:45:04.616+0530] {dagbag.py:540} INFO - Filling up the DagBag from /home/sigmoid/Desktop/Personal_Ml/airflow_poc/airflow_env/lib/python3.8/site-packages/airflow/example_dags/example_bash_operator.py
[2024-11-19T13:45:04.629+0530] {processor.py:840} INFO - DAG(s) 'example_bash_operator' retrieved from /home/sigmoid/Desktop/Personal_Ml/airflow_poc/airflow_env/lib/python3.8/site-packages/airflow/example_dags/example_bash_operator.py
[2024-11-19T13:45:04.661+0530] {logging_mixin.py:188} INFO - [2024-11-19T13:45:04.661+0530] {dag.py:3047} INFO - Sync 1 DAGs
[2024-11-19T13:45:04.697+0530] {logging_mixin.py:188} INFO - [2024-11-19T13:45:04.697+0530] {dag.py:3834} INFO - Setting next_dagrun for example_bash_operator to 2024-11-18 00:00:00+00:00, run_after=2024-11-19 00:00:00+00:00
[2024-11-19T13:45:04.718+0530] {processor.py:183} INFO - Processing /home/sigmoid/Desktop/Personal_Ml/airflow_poc/airflow_env/lib/python3.8/site-packages/airflow/example_dags/example_bash_operator.py took 0.107 seconds
[2024-11-19T13:46:09.532+0530] {processor.py:161} INFO - Started process (PID=37587) to work on /home/sigmoid/Desktop/Personal_Ml/airflow_poc/airflow_env/lib/python3.8/site-packages/airflow/example_dags/example_bash_operator.py
[2024-11-19T13:46:09.533+0530] {processor.py:830} INFO - Processing file /home/sigmoid/Desktop/Personal_Ml/airflow_poc/airflow_env/lib/python3.8/site-packages/airflow/example_dags/example_bash_operator.py for tasks to queue
[2024-11-19T13:46:09.534+0530] {logging_mixin.py:188} INFO - [2024-11-19T13:46:09.534+0530] {dagbag.py:540} INFO - Filling up the DagBag from /home/sigmoid/Desktop/Personal_Ml/airflow_poc/airflow_env/lib/python3.8/site-packages/airflow/example_dags/example_bash_operator.py
[2024-11-19T13:46:09.546+0530] {processor.py:840} INFO - DAG(s) 'example_bash_operator' retrieved from /home/sigmoid/Desktop/Personal_Ml/airflow_poc/airflow_env/lib/python3.8/site-packages/airflow/example_dags/example_bash_operator.py
[2024-11-19T13:46:09.571+0530] {logging_mixin.py:188} INFO - [2024-11-19T13:46:09.571+0530] {dag.py:3047} INFO - Sync 1 DAGs
[2024-11-19T13:46:09.593+0530] {logging_mixin.py:188} INFO - [2024-11-19T13:46:09.593+0530] {dag.py:3834} INFO - Setting next_dagrun for example_bash_operator to 2024-11-18 00:00:00+00:00, run_after=2024-11-19 00:00:00+00:00
[2024-11-19T13:46:09.615+0530] {processor.py:183} INFO - Processing /home/sigmoid/Desktop/Personal_Ml/airflow_poc/airflow_env/lib/python3.8/site-packages/airflow/example_dags/example_bash_operator.py took 0.086 seconds
[2024-11-19T13:47:13.556+0530] {processor.py:161} INFO - Started process (PID=37921) to work on /home/sigmoid/Desktop/Personal_Ml/airflow_poc/airflow_env/lib/python3.8/site-packages/airflow/example_dags/example_bash_operator.py
[2024-11-19T13:47:13.557+0530] {processor.py:830} INFO - Processing file /home/sigmoid/Desktop/Personal_Ml/airflow_poc/airflow_env/lib/python3.8/site-packages/airflow/example_dags/example_bash_operator.py for tasks to queue
[2024-11-19T13:47:13.558+0530] {logging_mixin.py:188} INFO - [2024-11-19T13:47:13.558+0530] {dagbag.py:540} INFO - Filling up the DagBag from /home/sigmoid/Desktop/Personal_Ml/airflow_poc/airflow_env/lib/python3.8/site-packages/airflow/example_dags/example_bash_operator.py
[2024-11-19T13:47:13.570+0530] {processor.py:840} INFO - DAG(s) 'example_bash_operator' retrieved from /home/sigmoid/Desktop/Personal_Ml/airflow_poc/airflow_env/lib/python3.8/site-packages/airflow/example_dags/example_bash_operator.py
[2024-11-19T13:47:13.596+0530] {logging_mixin.py:188} INFO - [2024-11-19T13:47:13.596+0530] {dag.py:3047} INFO - Sync 1 DAGs
[2024-11-19T13:47:13.618+0530] {logging_mixin.py:188} INFO - [2024-11-19T13:47:13.618+0530] {dag.py:3834} INFO - Setting next_dagrun for example_bash_operator to 2024-11-18 00:00:00+00:00, run_after=2024-11-19 00:00:00+00:00
[2024-11-19T13:47:13.638+0530] {processor.py:183} INFO - Processing /home/sigmoid/Desktop/Personal_Ml/airflow_poc/airflow_env/lib/python3.8/site-packages/airflow/example_dags/example_bash_operator.py took 0.086 seconds
[2024-11-19T13:48:13.284+0530] {processor.py:161} INFO - Started process (PID=37993) to work on /home/sigmoid/Desktop/Personal_Ml/airflow_poc/airflow_env/lib/python3.8/site-packages/airflow/example_dags/example_bash_operator.py
[2024-11-19T13:48:13.285+0530] {processor.py:830} INFO - Processing file /home/sigmoid/Desktop/Personal_Ml/airflow_poc/airflow_env/lib/python3.8/site-packages/airflow/example_dags/example_bash_operator.py for tasks to queue
[2024-11-19T13:48:13.286+0530] {logging_mixin.py:188} INFO - [2024-11-19T13:48:13.286+0530] {dagbag.py:540} INFO - Filling up the DagBag from /home/sigmoid/Desktop/Personal_Ml/airflow_poc/airflow_env/lib/python3.8/site-packages/airflow/example_dags/example_bash_operator.py
[2024-11-19T13:48:13.298+0530] {processor.py:840} INFO - DAG(s) 'example_bash_operator' retrieved from /home/sigmoid/Desktop/Personal_Ml/airflow_poc/airflow_env/lib/python3.8/site-packages/airflow/example_dags/example_bash_operator.py
[2024-11-19T13:48:13.324+0530] {logging_mixin.py:188} INFO - [2024-11-19T13:48:13.323+0530] {dag.py:3047} INFO - Sync 1 DAGs
[2024-11-19T13:48:13.346+0530] {logging_mixin.py:188} INFO - [2024-11-19T13:48:13.345+0530] {dag.py:3834} INFO - Setting next_dagrun for example_bash_operator to 2024-11-18 00:00:00+00:00, run_after=2024-11-19 00:00:00+00:00
[2024-11-19T13:48:13.366+0530] {processor.py:183} INFO - Processing /home/sigmoid/Desktop/Personal_Ml/airflow_poc/airflow_env/lib/python3.8/site-packages/airflow/example_dags/example_bash_operator.py took 0.086 seconds
[2024-11-19T13:49:12.484+0530] {processor.py:161} INFO - Started process (PID=38069) to work on /home/sigmoid/Desktop/Personal_Ml/airflow_poc/airflow_env/lib/python3.8/site-packages/airflow/example_dags/example_bash_operator.py
[2024-11-19T13:49:12.485+0530] {processor.py:830} INFO - Processing file /home/sigmoid/Desktop/Personal_Ml/airflow_poc/airflow_env/lib/python3.8/site-packages/airflow/example_dags/example_bash_operator.py for tasks to queue
[2024-11-19T13:49:12.486+0530] {logging_mixin.py:188} INFO - [2024-11-19T13:49:12.485+0530] {dagbag.py:540} INFO - Filling up the DagBag from /home/sigmoid/Desktop/Personal_Ml/airflow_poc/airflow_env/lib/python3.8/site-packages/airflow/example_dags/example_bash_operator.py
[2024-11-19T13:49:12.498+0530] {processor.py:840} INFO - DAG(s) 'example_bash_operator' retrieved from /home/sigmoid/Desktop/Personal_Ml/airflow_poc/airflow_env/lib/python3.8/site-packages/airflow/example_dags/example_bash_operator.py
[2024-11-19T13:49:12.523+0530] {logging_mixin.py:188} INFO - [2024-11-19T13:49:12.523+0530] {dag.py:3047} INFO - Sync 1 DAGs
[2024-11-19T13:49:12.545+0530] {logging_mixin.py:188} INFO - [2024-11-19T13:49:12.544+0530] {dag.py:3834} INFO - Setting next_dagrun for example_bash_operator to 2024-11-18 00:00:00+00:00, run_after=2024-11-19 00:00:00+00:00
[2024-11-19T13:49:12.566+0530] {processor.py:183} INFO - Processing /home/sigmoid/Desktop/Personal_Ml/airflow_poc/airflow_env/lib/python3.8/site-packages/airflow/example_dags/example_bash_operator.py took 0.086 seconds
[2024-11-19T13:50:08.732+0530] {processor.py:161} INFO - Started process (PID=38136) to work on /home/sigmoid/Desktop/Personal_Ml/airflow_poc/airflow_env/lib/python3.8/site-packages/airflow/example_dags/example_bash_operator.py
[2024-11-19T13:50:08.733+0530] {processor.py:830} INFO - Processing file /home/sigmoid/Desktop/Personal_Ml/airflow_poc/airflow_env/lib/python3.8/site-packages/airflow/example_dags/example_bash_operator.py for tasks to queue
[2024-11-19T13:50:08.734+0530] {logging_mixin.py:188} INFO - [2024-11-19T13:50:08.733+0530] {dagbag.py:540} INFO - Filling up the DagBag from /home/sigmoid/Desktop/Personal_Ml/airflow_poc/airflow_env/lib/python3.8/site-packages/airflow/example_dags/example_bash_operator.py
[2024-11-19T13:50:08.746+0530] {processor.py:840} INFO - DAG(s) 'example_bash_operator' retrieved from /home/sigmoid/Desktop/Personal_Ml/airflow_poc/airflow_env/lib/python3.8/site-packages/airflow/example_dags/example_bash_operator.py
[2024-11-19T13:50:08.771+0530] {logging_mixin.py:188} INFO - [2024-11-19T13:50:08.771+0530] {dag.py:3047} INFO - Sync 1 DAGs
[2024-11-19T13:50:08.792+0530] {logging_mixin.py:188} INFO - [2024-11-19T13:50:08.792+0530] {dag.py:3834} INFO - Setting next_dagrun for example_bash_operator to 2024-11-18 00:00:00+00:00, run_after=2024-11-19 00:00:00+00:00
[2024-11-19T13:50:08.822+0530] {processor.py:183} INFO - Processing /home/sigmoid/Desktop/Personal_Ml/airflow_poc/airflow_env/lib/python3.8/site-packages/airflow/example_dags/example_bash_operator.py took 0.094 seconds
[2024-11-19T13:51:11.532+0530] {processor.py:161} INFO - Started process (PID=38212) to work on /home/sigmoid/Desktop/Personal_Ml/airflow_poc/airflow_env/lib/python3.8/site-packages/airflow/example_dags/example_bash_operator.py
[2024-11-19T13:51:11.533+0530] {processor.py:830} INFO - Processing file /home/sigmoid/Desktop/Personal_Ml/airflow_poc/airflow_env/lib/python3.8/site-packages/airflow/example_dags/example_bash_operator.py for tasks to queue
[2024-11-19T13:51:11.534+0530] {logging_mixin.py:188} INFO - [2024-11-19T13:51:11.534+0530] {dagbag.py:540} INFO - Filling up the DagBag from /home/sigmoid/Desktop/Personal_Ml/airflow_poc/airflow_env/lib/python3.8/site-packages/airflow/example_dags/example_bash_operator.py
[2024-11-19T13:51:11.546+0530] {processor.py:840} INFO - DAG(s) 'example_bash_operator' retrieved from /home/sigmoid/Desktop/Personal_Ml/airflow_poc/airflow_env/lib/python3.8/site-packages/airflow/example_dags/example_bash_operator.py
[2024-11-19T13:51:11.572+0530] {logging_mixin.py:188} INFO - [2024-11-19T13:51:11.571+0530] {dag.py:3047} INFO - Sync 1 DAGs
[2024-11-19T13:51:11.593+0530] {logging_mixin.py:188} INFO - [2024-11-19T13:51:11.592+0530] {dag.py:3834} INFO - Setting next_dagrun for example_bash_operator to 2024-11-18 00:00:00+00:00, run_after=2024-11-19 00:00:00+00:00
[2024-11-19T13:51:11.623+0530] {processor.py:183} INFO - Processing /home/sigmoid/Desktop/Personal_Ml/airflow_poc/airflow_env/lib/python3.8/site-packages/airflow/example_dags/example_bash_operator.py took 0.094 seconds
[2024-11-19T13:52:12.826+0530] {processor.py:161} INFO - Started process (PID=38289) to work on /home/sigmoid/Desktop/Personal_Ml/airflow_poc/airflow_env/lib/python3.8/site-packages/airflow/example_dags/example_bash_operator.py
[2024-11-19T13:52:12.827+0530] {processor.py:830} INFO - Processing file /home/sigmoid/Desktop/Personal_Ml/airflow_poc/airflow_env/lib/python3.8/site-packages/airflow/example_dags/example_bash_operator.py for tasks to queue
[2024-11-19T13:52:12.828+0530] {logging_mixin.py:188} INFO - [2024-11-19T13:52:12.828+0530] {dagbag.py:540} INFO - Filling up the DagBag from /home/sigmoid/Desktop/Personal_Ml/airflow_poc/airflow_env/lib/python3.8/site-packages/airflow/example_dags/example_bash_operator.py
[2024-11-19T13:52:12.840+0530] {processor.py:840} INFO - DAG(s) 'example_bash_operator' retrieved from /home/sigmoid/Desktop/Personal_Ml/airflow_poc/airflow_env/lib/python3.8/site-packages/airflow/example_dags/example_bash_operator.py
[2024-11-19T13:52:12.866+0530] {logging_mixin.py:188} INFO - [2024-11-19T13:52:12.866+0530] {dag.py:3047} INFO - Sync 1 DAGs
[2024-11-19T13:52:12.887+0530] {logging_mixin.py:188} INFO - [2024-11-19T13:52:12.887+0530] {dag.py:3834} INFO - Setting next_dagrun for example_bash_operator to 2024-11-18 00:00:00+00:00, run_after=2024-11-19 00:00:00+00:00
[2024-11-19T13:52:12.909+0530] {processor.py:183} INFO - Processing /home/sigmoid/Desktop/Personal_Ml/airflow_poc/airflow_env/lib/python3.8/site-packages/airflow/example_dags/example_bash_operator.py took 0.086 seconds
[2024-11-19T13:53:14.471+0530] {processor.py:161} INFO - Started process (PID=38366) to work on /home/sigmoid/Desktop/Personal_Ml/airflow_poc/airflow_env/lib/python3.8/site-packages/airflow/example_dags/example_bash_operator.py
[2024-11-19T13:53:14.473+0530] {processor.py:830} INFO - Processing file /home/sigmoid/Desktop/Personal_Ml/airflow_poc/airflow_env/lib/python3.8/site-packages/airflow/example_dags/example_bash_operator.py for tasks to queue
[2024-11-19T13:53:14.474+0530] {logging_mixin.py:188} INFO - [2024-11-19T13:53:14.473+0530] {dagbag.py:540} INFO - Filling up the DagBag from /home/sigmoid/Desktop/Personal_Ml/airflow_poc/airflow_env/lib/python3.8/site-packages/airflow/example_dags/example_bash_operator.py
[2024-11-19T13:53:14.486+0530] {processor.py:840} INFO - DAG(s) 'example_bash_operator' retrieved from /home/sigmoid/Desktop/Personal_Ml/airflow_poc/airflow_env/lib/python3.8/site-packages/airflow/example_dags/example_bash_operator.py
[2024-11-19T13:53:14.512+0530] {logging_mixin.py:188} INFO - [2024-11-19T13:53:14.511+0530] {dag.py:3047} INFO - Sync 1 DAGs
[2024-11-19T13:53:14.533+0530] {logging_mixin.py:188} INFO - [2024-11-19T13:53:14.533+0530] {dag.py:3834} INFO - Setting next_dagrun for example_bash_operator to 2024-11-18 00:00:00+00:00, run_after=2024-11-19 00:00:00+00:00
[2024-11-19T13:53:14.554+0530] {processor.py:183} INFO - Processing /home/sigmoid/Desktop/Personal_Ml/airflow_poc/airflow_env/lib/python3.8/site-packages/airflow/example_dags/example_bash_operator.py took 0.086 seconds
[2024-11-19T14:30:59.232+0530] {processor.py:161} INFO - Started process (PID=54667) to work on /home/sigmoid/Desktop/Personal_Ml/airflow_poc/airflow_env/lib/python3.8/site-packages/airflow/example_dags/example_bash_operator.py
[2024-11-19T14:30:59.233+0530] {processor.py:830} INFO - Processing file /home/sigmoid/Desktop/Personal_Ml/airflow_poc/airflow_env/lib/python3.8/site-packages/airflow/example_dags/example_bash_operator.py for tasks to queue
[2024-11-19T14:30:59.235+0530] {logging_mixin.py:188} INFO - [2024-11-19T14:30:59.234+0530] {dagbag.py:540} INFO - Filling up the DagBag from /home/sigmoid/Desktop/Personal_Ml/airflow_poc/airflow_env/lib/python3.8/site-packages/airflow/example_dags/example_bash_operator.py
[2024-11-19T14:30:59.248+0530] {processor.py:840} INFO - DAG(s) 'example_bash_operator' retrieved from /home/sigmoid/Desktop/Personal_Ml/airflow_poc/airflow_env/lib/python3.8/site-packages/airflow/example_dags/example_bash_operator.py
[2024-11-19T14:30:59.274+0530] {logging_mixin.py:188} INFO - [2024-11-19T14:30:59.274+0530] {dag.py:3047} INFO - Sync 1 DAGs
[2024-11-19T14:30:59.297+0530] {logging_mixin.py:188} INFO - [2024-11-19T14:30:59.297+0530] {dag.py:3834} INFO - Setting next_dagrun for example_bash_operator to 2024-11-18 00:00:00+00:00, run_after=2024-11-19 00:00:00+00:00
[2024-11-19T14:30:59.328+0530] {processor.py:183} INFO - Processing /home/sigmoid/Desktop/Personal_Ml/airflow_poc/airflow_env/lib/python3.8/site-packages/airflow/example_dags/example_bash_operator.py took 0.099 seconds
[2024-11-19T14:32:08.427+0530] {processor.py:161} INFO - Started process (PID=55051) to work on /home/sigmoid/Desktop/Personal_Ml/airflow_poc/airflow_env/lib/python3.8/site-packages/airflow/example_dags/example_bash_operator.py
[2024-11-19T14:32:08.429+0530] {processor.py:830} INFO - Processing file /home/sigmoid/Desktop/Personal_Ml/airflow_poc/airflow_env/lib/python3.8/site-packages/airflow/example_dags/example_bash_operator.py for tasks to queue
[2024-11-19T14:32:08.430+0530] {logging_mixin.py:188} INFO - [2024-11-19T14:32:08.429+0530] {dagbag.py:540} INFO - Filling up the DagBag from /home/sigmoid/Desktop/Personal_Ml/airflow_poc/airflow_env/lib/python3.8/site-packages/airflow/example_dags/example_bash_operator.py
[2024-11-19T14:32:08.442+0530] {processor.py:840} INFO - DAG(s) 'example_bash_operator' retrieved from /home/sigmoid/Desktop/Personal_Ml/airflow_poc/airflow_env/lib/python3.8/site-packages/airflow/example_dags/example_bash_operator.py
[2024-11-19T14:32:08.468+0530] {logging_mixin.py:188} INFO - [2024-11-19T14:32:08.468+0530] {dag.py:3047} INFO - Sync 1 DAGs
[2024-11-19T14:32:08.489+0530] {logging_mixin.py:188} INFO - [2024-11-19T14:32:08.489+0530] {dag.py:3834} INFO - Setting next_dagrun for example_bash_operator to 2024-11-18 00:00:00+00:00, run_after=2024-11-19 00:00:00+00:00
[2024-11-19T14:32:08.519+0530] {processor.py:183} INFO - Processing /home/sigmoid/Desktop/Personal_Ml/airflow_poc/airflow_env/lib/python3.8/site-packages/airflow/example_dags/example_bash_operator.py took 0.094 seconds
[2024-11-19T14:33:10.974+0530] {processor.py:161} INFO - Started process (PID=55127) to work on /home/sigmoid/Desktop/Personal_Ml/airflow_poc/airflow_env/lib/python3.8/site-packages/airflow/example_dags/example_bash_operator.py
[2024-11-19T14:33:10.976+0530] {processor.py:830} INFO - Processing file /home/sigmoid/Desktop/Personal_Ml/airflow_poc/airflow_env/lib/python3.8/site-packages/airflow/example_dags/example_bash_operator.py for tasks to queue
[2024-11-19T14:33:10.977+0530] {logging_mixin.py:188} INFO - [2024-11-19T14:33:10.976+0530] {dagbag.py:540} INFO - Filling up the DagBag from /home/sigmoid/Desktop/Personal_Ml/airflow_poc/airflow_env/lib/python3.8/site-packages/airflow/example_dags/example_bash_operator.py
[2024-11-19T14:33:10.993+0530] {processor.py:840} INFO - DAG(s) 'example_bash_operator' retrieved from /home/sigmoid/Desktop/Personal_Ml/airflow_poc/airflow_env/lib/python3.8/site-packages/airflow/example_dags/example_bash_operator.py
[2024-11-19T14:33:11.027+0530] {logging_mixin.py:188} INFO - [2024-11-19T14:33:11.027+0530] {dag.py:3047} INFO - Sync 1 DAGs
[2024-11-19T14:33:11.055+0530] {logging_mixin.py:188} INFO - [2024-11-19T14:33:11.054+0530] {dag.py:3834} INFO - Setting next_dagrun for example_bash_operator to 2024-11-18 00:00:00+00:00, run_after=2024-11-19 00:00:00+00:00
[2024-11-19T14:33:11.083+0530] {processor.py:183} INFO - Processing /home/sigmoid/Desktop/Personal_Ml/airflow_poc/airflow_env/lib/python3.8/site-packages/airflow/example_dags/example_bash_operator.py took 0.114 seconds
[2024-11-19T14:34:16.117+0530] {processor.py:161} INFO - Started process (PID=55210) to work on /home/sigmoid/Desktop/Personal_Ml/airflow_poc/airflow_env/lib/python3.8/site-packages/airflow/example_dags/example_bash_operator.py
[2024-11-19T14:34:16.119+0530] {processor.py:830} INFO - Processing file /home/sigmoid/Desktop/Personal_Ml/airflow_poc/airflow_env/lib/python3.8/site-packages/airflow/example_dags/example_bash_operator.py for tasks to queue
[2024-11-19T14:34:16.120+0530] {logging_mixin.py:188} INFO - [2024-11-19T14:34:16.119+0530] {dagbag.py:540} INFO - Filling up the DagBag from /home/sigmoid/Desktop/Personal_Ml/airflow_poc/airflow_env/lib/python3.8/site-packages/airflow/example_dags/example_bash_operator.py
[2024-11-19T14:34:16.133+0530] {processor.py:840} INFO - DAG(s) 'example_bash_operator' retrieved from /home/sigmoid/Desktop/Personal_Ml/airflow_poc/airflow_env/lib/python3.8/site-packages/airflow/example_dags/example_bash_operator.py
[2024-11-19T14:34:16.159+0530] {logging_mixin.py:188} INFO - [2024-11-19T14:34:16.159+0530] {dag.py:3047} INFO - Sync 1 DAGs
[2024-11-19T14:34:16.181+0530] {logging_mixin.py:188} INFO - [2024-11-19T14:34:16.181+0530] {dag.py:3834} INFO - Setting next_dagrun for example_bash_operator to 2024-11-18 00:00:00+00:00, run_after=2024-11-19 00:00:00+00:00
[2024-11-19T14:34:16.203+0530] {processor.py:183} INFO - Processing /home/sigmoid/Desktop/Personal_Ml/airflow_poc/airflow_env/lib/python3.8/site-packages/airflow/example_dags/example_bash_operator.py took 0.088 seconds
[2024-11-19T14:35:23.114+0530] {processor.py:161} INFO - Started process (PID=55332) to work on /home/sigmoid/Desktop/Personal_Ml/airflow_poc/airflow_env/lib/python3.8/site-packages/airflow/example_dags/example_bash_operator.py
[2024-11-19T14:35:23.116+0530] {processor.py:830} INFO - Processing file /home/sigmoid/Desktop/Personal_Ml/airflow_poc/airflow_env/lib/python3.8/site-packages/airflow/example_dags/example_bash_operator.py for tasks to queue
[2024-11-19T14:35:23.116+0530] {logging_mixin.py:188} INFO - [2024-11-19T14:35:23.116+0530] {dagbag.py:540} INFO - Filling up the DagBag from /home/sigmoid/Desktop/Personal_Ml/airflow_poc/airflow_env/lib/python3.8/site-packages/airflow/example_dags/example_bash_operator.py
[2024-11-19T14:35:23.129+0530] {processor.py:840} INFO - DAG(s) 'example_bash_operator' retrieved from /home/sigmoid/Desktop/Personal_Ml/airflow_poc/airflow_env/lib/python3.8/site-packages/airflow/example_dags/example_bash_operator.py
[2024-11-19T14:35:23.154+0530] {logging_mixin.py:188} INFO - [2024-11-19T14:35:23.154+0530] {dag.py:3047} INFO - Sync 1 DAGs
[2024-11-19T14:35:23.176+0530] {logging_mixin.py:188} INFO - [2024-11-19T14:35:23.175+0530] {dag.py:3834} INFO - Setting next_dagrun for example_bash_operator to 2024-11-18 00:00:00+00:00, run_after=2024-11-19 00:00:00+00:00
[2024-11-19T14:35:23.196+0530] {processor.py:183} INFO - Processing /home/sigmoid/Desktop/Personal_Ml/airflow_poc/airflow_env/lib/python3.8/site-packages/airflow/example_dags/example_bash_operator.py took 0.085 seconds
[2024-11-19T14:36:26.133+0530] {processor.py:161} INFO - Started process (PID=55411) to work on /home/sigmoid/Desktop/Personal_Ml/airflow_poc/airflow_env/lib/python3.8/site-packages/airflow/example_dags/example_bash_operator.py
[2024-11-19T14:36:26.134+0530] {processor.py:830} INFO - Processing file /home/sigmoid/Desktop/Personal_Ml/airflow_poc/airflow_env/lib/python3.8/site-packages/airflow/example_dags/example_bash_operator.py for tasks to queue
[2024-11-19T14:36:26.135+0530] {logging_mixin.py:188} INFO - [2024-11-19T14:36:26.135+0530] {dagbag.py:540} INFO - Filling up the DagBag from /home/sigmoid/Desktop/Personal_Ml/airflow_poc/airflow_env/lib/python3.8/site-packages/airflow/example_dags/example_bash_operator.py
[2024-11-19T14:36:26.148+0530] {processor.py:840} INFO - DAG(s) 'example_bash_operator' retrieved from /home/sigmoid/Desktop/Personal_Ml/airflow_poc/airflow_env/lib/python3.8/site-packages/airflow/example_dags/example_bash_operator.py
[2024-11-19T14:36:26.173+0530] {logging_mixin.py:188} INFO - [2024-11-19T14:36:26.173+0530] {dag.py:3047} INFO - Sync 1 DAGs
[2024-11-19T14:36:26.194+0530] {logging_mixin.py:188} INFO - [2024-11-19T14:36:26.194+0530] {dag.py:3834} INFO - Setting next_dagrun for example_bash_operator to 2024-11-18 00:00:00+00:00, run_after=2024-11-19 00:00:00+00:00
[2024-11-19T14:36:26.229+0530] {processor.py:183} INFO - Processing /home/sigmoid/Desktop/Personal_Ml/airflow_poc/airflow_env/lib/python3.8/site-packages/airflow/example_dags/example_bash_operator.py took 0.100 seconds
[2024-11-19T14:37:34.340+0530] {processor.py:161} INFO - Started process (PID=55613) to work on /home/sigmoid/Desktop/Personal_Ml/airflow_poc/airflow_env/lib/python3.8/site-packages/airflow/example_dags/example_bash_operator.py
[2024-11-19T14:37:34.341+0530] {processor.py:830} INFO - Processing file /home/sigmoid/Desktop/Personal_Ml/airflow_poc/airflow_env/lib/python3.8/site-packages/airflow/example_dags/example_bash_operator.py for tasks to queue
[2024-11-19T14:37:34.342+0530] {logging_mixin.py:188} INFO - [2024-11-19T14:37:34.341+0530] {dagbag.py:540} INFO - Filling up the DagBag from /home/sigmoid/Desktop/Personal_Ml/airflow_poc/airflow_env/lib/python3.8/site-packages/airflow/example_dags/example_bash_operator.py
[2024-11-19T14:37:34.354+0530] {processor.py:840} INFO - DAG(s) 'example_bash_operator' retrieved from /home/sigmoid/Desktop/Personal_Ml/airflow_poc/airflow_env/lib/python3.8/site-packages/airflow/example_dags/example_bash_operator.py
[2024-11-19T14:37:34.379+0530] {logging_mixin.py:188} INFO - [2024-11-19T14:37:34.379+0530] {dag.py:3047} INFO - Sync 1 DAGs
[2024-11-19T14:37:34.401+0530] {logging_mixin.py:188} INFO - [2024-11-19T14:37:34.401+0530] {dag.py:3834} INFO - Setting next_dagrun for example_bash_operator to 2024-11-18 00:00:00+00:00, run_after=2024-11-19 00:00:00+00:00
[2024-11-19T14:37:34.425+0530] {processor.py:183} INFO - Processing /home/sigmoid/Desktop/Personal_Ml/airflow_poc/airflow_env/lib/python3.8/site-packages/airflow/example_dags/example_bash_operator.py took 0.089 seconds
