[2024-11-19T12:44:18.372+0530] {processor.py:161} INFO - Started process (PID=29803) to work on /home/sigmoid/Desktop/Personal_Ml/airflow_poc/airflow_env/lib/python3.8/site-packages/airflow/example_dags/example_branch_labels.py
[2024-11-19T12:44:18.378+0530] {processor.py:830} INFO - Processing file /home/sigmoid/Desktop/Personal_Ml/airflow_poc/airflow_env/lib/python3.8/site-packages/airflow/example_dags/example_branch_labels.py for tasks to queue
[2024-11-19T12:44:18.380+0530] {logging_mixin.py:188} INFO - [2024-11-19T12:44:18.379+0530] {dagbag.py:540} INFO - Filling up the DagBag from /home/sigmoid/Desktop/Personal_Ml/airflow_poc/airflow_env/lib/python3.8/site-packages/airflow/example_dags/example_branch_labels.py
[2024-11-19T12:44:18.392+0530] {processor.py:840} INFO - DAG(s) 'example_branch_labels' retrieved from /home/sigmoid/Desktop/Personal_Ml/airflow_poc/airflow_env/lib/python3.8/site-packages/airflow/example_dags/example_branch_labels.py
[2024-11-19T12:44:18.571+0530] {logging_mixin.py:188} INFO - [2024-11-19T12:44:18.571+0530] {dag.py:3047} INFO - Sync 1 DAGs
[2024-11-19T12:44:18.614+0530] {logging_mixin.py:188} INFO - [2024-11-19T12:44:18.613+0530] {dag.py:3834} INFO - Setting next_dagrun for example_branch_labels to 2024-11-18 00:00:00+00:00, run_after=2024-11-19 00:00:00+00:00
[2024-11-19T12:44:18.654+0530] {processor.py:183} INFO - Processing /home/sigmoid/Desktop/Personal_Ml/airflow_poc/airflow_env/lib/python3.8/site-packages/airflow/example_dags/example_branch_labels.py took 0.289 seconds
[2024-11-19T12:45:37.965+0530] {processor.py:161} INFO - Started process (PID=29951) to work on /home/sigmoid/Desktop/Personal_Ml/airflow_poc/airflow_env/lib/python3.8/site-packages/airflow/example_dags/example_branch_labels.py
[2024-11-19T12:45:37.966+0530] {processor.py:830} INFO - Processing file /home/sigmoid/Desktop/Personal_Ml/airflow_poc/airflow_env/lib/python3.8/site-packages/airflow/example_dags/example_branch_labels.py for tasks to queue
[2024-11-19T12:45:37.967+0530] {logging_mixin.py:188} INFO - [2024-11-19T12:45:37.966+0530] {dagbag.py:540} INFO - Filling up the DagBag from /home/sigmoid/Desktop/Personal_Ml/airflow_poc/airflow_env/lib/python3.8/site-packages/airflow/example_dags/example_branch_labels.py
[2024-11-19T12:45:37.977+0530] {processor.py:840} INFO - DAG(s) 'example_branch_labels' retrieved from /home/sigmoid/Desktop/Personal_Ml/airflow_poc/airflow_env/lib/python3.8/site-packages/airflow/example_dags/example_branch_labels.py
[2024-11-19T12:45:38.000+0530] {logging_mixin.py:188} INFO - [2024-11-19T12:45:38.000+0530] {dag.py:3047} INFO - Sync 1 DAGs
[2024-11-19T12:45:38.028+0530] {logging_mixin.py:188} INFO - [2024-11-19T12:45:38.028+0530] {dag.py:3834} INFO - Setting next_dagrun for example_branch_labels to 2024-11-18 00:00:00+00:00, run_after=2024-11-19 00:00:00+00:00
[2024-11-19T12:45:38.054+0530] {processor.py:183} INFO - Processing /home/sigmoid/Desktop/Personal_Ml/airflow_poc/airflow_env/lib/python3.8/site-packages/airflow/example_dags/example_branch_labels.py took 0.093 seconds
[2024-11-19T12:46:51.354+0530] {processor.py:161} INFO - Started process (PID=30681) to work on /home/sigmoid/Desktop/Personal_Ml/airflow_poc/airflow_env/lib/python3.8/site-packages/airflow/example_dags/example_branch_labels.py
[2024-11-19T12:46:51.356+0530] {processor.py:830} INFO - Processing file /home/sigmoid/Desktop/Personal_Ml/airflow_poc/airflow_env/lib/python3.8/site-packages/airflow/example_dags/example_branch_labels.py for tasks to queue
[2024-11-19T12:46:51.357+0530] {logging_mixin.py:188} INFO - [2024-11-19T12:46:51.356+0530] {dagbag.py:540} INFO - Filling up the DagBag from /home/sigmoid/Desktop/Personal_Ml/airflow_poc/airflow_env/lib/python3.8/site-packages/airflow/example_dags/example_branch_labels.py
[2024-11-19T12:46:51.372+0530] {processor.py:840} INFO - DAG(s) 'example_branch_labels' retrieved from /home/sigmoid/Desktop/Personal_Ml/airflow_poc/airflow_env/lib/python3.8/site-packages/airflow/example_dags/example_branch_labels.py
[2024-11-19T12:46:51.399+0530] {logging_mixin.py:188} INFO - [2024-11-19T12:46:51.398+0530] {dag.py:3047} INFO - Sync 1 DAGs
[2024-11-19T12:46:51.431+0530] {logging_mixin.py:188} INFO - [2024-11-19T12:46:51.430+0530] {dag.py:3834} INFO - Setting next_dagrun for example_branch_labels to 2024-11-18 00:00:00+00:00, run_after=2024-11-19 00:00:00+00:00
[2024-11-19T12:46:51.462+0530] {processor.py:183} INFO - Processing /home/sigmoid/Desktop/Personal_Ml/airflow_poc/airflow_env/lib/python3.8/site-packages/airflow/example_dags/example_branch_labels.py took 0.112 seconds
[2024-11-19T12:48:01.406+0530] {processor.py:161} INFO - Started process (PID=30857) to work on /home/sigmoid/Desktop/Personal_Ml/airflow_poc/airflow_env/lib/python3.8/site-packages/airflow/example_dags/example_branch_labels.py
[2024-11-19T12:48:01.407+0530] {processor.py:830} INFO - Processing file /home/sigmoid/Desktop/Personal_Ml/airflow_poc/airflow_env/lib/python3.8/site-packages/airflow/example_dags/example_branch_labels.py for tasks to queue
[2024-11-19T12:48:01.409+0530] {logging_mixin.py:188} INFO - [2024-11-19T12:48:01.408+0530] {dagbag.py:540} INFO - Filling up the DagBag from /home/sigmoid/Desktop/Personal_Ml/airflow_poc/airflow_env/lib/python3.8/site-packages/airflow/example_dags/example_branch_labels.py
[2024-11-19T12:48:01.426+0530] {processor.py:840} INFO - DAG(s) 'example_branch_labels' retrieved from /home/sigmoid/Desktop/Personal_Ml/airflow_poc/airflow_env/lib/python3.8/site-packages/airflow/example_dags/example_branch_labels.py
[2024-11-19T12:48:01.463+0530] {logging_mixin.py:188} INFO - [2024-11-19T12:48:01.462+0530] {dag.py:3047} INFO - Sync 1 DAGs
[2024-11-19T12:48:01.509+0530] {logging_mixin.py:188} INFO - [2024-11-19T12:48:01.509+0530] {dag.py:3834} INFO - Setting next_dagrun for example_branch_labels to 2024-11-18 00:00:00+00:00, run_after=2024-11-19 00:00:00+00:00
[2024-11-19T12:48:01.538+0530] {processor.py:183} INFO - Processing /home/sigmoid/Desktop/Personal_Ml/airflow_poc/airflow_env/lib/python3.8/site-packages/airflow/example_dags/example_branch_labels.py took 0.138 seconds
[2024-11-19T12:49:28.896+0530] {processor.py:161} INFO - Started process (PID=31079) to work on /home/sigmoid/Desktop/Personal_Ml/airflow_poc/airflow_env/lib/python3.8/site-packages/airflow/example_dags/example_branch_labels.py
[2024-11-19T12:49:28.897+0530] {processor.py:830} INFO - Processing file /home/sigmoid/Desktop/Personal_Ml/airflow_poc/airflow_env/lib/python3.8/site-packages/airflow/example_dags/example_branch_labels.py for tasks to queue
[2024-11-19T12:49:28.899+0530] {logging_mixin.py:188} INFO - [2024-11-19T12:49:28.898+0530] {dagbag.py:540} INFO - Filling up the DagBag from /home/sigmoid/Desktop/Personal_Ml/airflow_poc/airflow_env/lib/python3.8/site-packages/airflow/example_dags/example_branch_labels.py
[2024-11-19T12:49:28.917+0530] {processor.py:840} INFO - DAG(s) 'example_branch_labels' retrieved from /home/sigmoid/Desktop/Personal_Ml/airflow_poc/airflow_env/lib/python3.8/site-packages/airflow/example_dags/example_branch_labels.py
[2024-11-19T12:49:28.953+0530] {logging_mixin.py:188} INFO - [2024-11-19T12:49:28.953+0530] {dag.py:3047} INFO - Sync 1 DAGs
[2024-11-19T12:49:29.001+0530] {logging_mixin.py:188} INFO - [2024-11-19T12:49:29.000+0530] {dag.py:3834} INFO - Setting next_dagrun for example_branch_labels to 2024-11-18 00:00:00+00:00, run_after=2024-11-19 00:00:00+00:00
[2024-11-19T12:49:29.039+0530] {processor.py:183} INFO - Processing /home/sigmoid/Desktop/Personal_Ml/airflow_poc/airflow_env/lib/python3.8/site-packages/airflow/example_dags/example_branch_labels.py took 0.149 seconds
[2024-11-19T12:50:36.355+0530] {processor.py:161} INFO - Started process (PID=31255) to work on /home/sigmoid/Desktop/Personal_Ml/airflow_poc/airflow_env/lib/python3.8/site-packages/airflow/example_dags/example_branch_labels.py
[2024-11-19T12:50:36.357+0530] {processor.py:830} INFO - Processing file /home/sigmoid/Desktop/Personal_Ml/airflow_poc/airflow_env/lib/python3.8/site-packages/airflow/example_dags/example_branch_labels.py for tasks to queue
[2024-11-19T12:50:36.358+0530] {logging_mixin.py:188} INFO - [2024-11-19T12:50:36.358+0530] {dagbag.py:540} INFO - Filling up the DagBag from /home/sigmoid/Desktop/Personal_Ml/airflow_poc/airflow_env/lib/python3.8/site-packages/airflow/example_dags/example_branch_labels.py
[2024-11-19T12:50:36.376+0530] {processor.py:840} INFO - DAG(s) 'example_branch_labels' retrieved from /home/sigmoid/Desktop/Personal_Ml/airflow_poc/airflow_env/lib/python3.8/site-packages/airflow/example_dags/example_branch_labels.py
[2024-11-19T12:50:36.413+0530] {logging_mixin.py:188} INFO - [2024-11-19T12:50:36.412+0530] {dag.py:3047} INFO - Sync 1 DAGs
[2024-11-19T12:50:36.459+0530] {logging_mixin.py:188} INFO - [2024-11-19T12:50:36.459+0530] {dag.py:3834} INFO - Setting next_dagrun for example_branch_labels to 2024-11-18 00:00:00+00:00, run_after=2024-11-19 00:00:00+00:00
[2024-11-19T12:50:36.487+0530] {processor.py:183} INFO - Processing /home/sigmoid/Desktop/Personal_Ml/airflow_poc/airflow_env/lib/python3.8/site-packages/airflow/example_dags/example_branch_labels.py took 0.138 seconds
[2024-11-19T12:51:39.921+0530] {processor.py:161} INFO - Started process (PID=31384) to work on /home/sigmoid/Desktop/Personal_Ml/airflow_poc/airflow_env/lib/python3.8/site-packages/airflow/example_dags/example_branch_labels.py
[2024-11-19T12:51:39.922+0530] {processor.py:830} INFO - Processing file /home/sigmoid/Desktop/Personal_Ml/airflow_poc/airflow_env/lib/python3.8/site-packages/airflow/example_dags/example_branch_labels.py for tasks to queue
[2024-11-19T12:51:39.924+0530] {logging_mixin.py:188} INFO - [2024-11-19T12:51:39.923+0530] {dagbag.py:540} INFO - Filling up the DagBag from /home/sigmoid/Desktop/Personal_Ml/airflow_poc/airflow_env/lib/python3.8/site-packages/airflow/example_dags/example_branch_labels.py
[2024-11-19T12:51:39.941+0530] {processor.py:840} INFO - DAG(s) 'example_branch_labels' retrieved from /home/sigmoid/Desktop/Personal_Ml/airflow_poc/airflow_env/lib/python3.8/site-packages/airflow/example_dags/example_branch_labels.py
[2024-11-19T12:51:39.979+0530] {logging_mixin.py:188} INFO - [2024-11-19T12:51:39.978+0530] {dag.py:3047} INFO - Sync 1 DAGs
[2024-11-19T12:51:40.014+0530] {logging_mixin.py:188} INFO - [2024-11-19T12:51:40.013+0530] {dag.py:3834} INFO - Setting next_dagrun for example_branch_labels to 2024-11-18 00:00:00+00:00, run_after=2024-11-19 00:00:00+00:00
[2024-11-19T12:51:40.039+0530] {processor.py:183} INFO - Processing /home/sigmoid/Desktop/Personal_Ml/airflow_poc/airflow_env/lib/python3.8/site-packages/airflow/example_dags/example_branch_labels.py took 0.124 seconds
[2024-11-19T12:52:40.157+0530] {processor.py:161} INFO - Started process (PID=31530) to work on /home/sigmoid/Desktop/Personal_Ml/airflow_poc/airflow_env/lib/python3.8/site-packages/airflow/example_dags/example_branch_labels.py
[2024-11-19T12:52:40.159+0530] {processor.py:830} INFO - Processing file /home/sigmoid/Desktop/Personal_Ml/airflow_poc/airflow_env/lib/python3.8/site-packages/airflow/example_dags/example_branch_labels.py for tasks to queue
[2024-11-19T12:52:40.160+0530] {logging_mixin.py:188} INFO - [2024-11-19T12:52:40.159+0530] {dagbag.py:540} INFO - Filling up the DagBag from /home/sigmoid/Desktop/Personal_Ml/airflow_poc/airflow_env/lib/python3.8/site-packages/airflow/example_dags/example_branch_labels.py
[2024-11-19T12:52:40.171+0530] {processor.py:840} INFO - DAG(s) 'example_branch_labels' retrieved from /home/sigmoid/Desktop/Personal_Ml/airflow_poc/airflow_env/lib/python3.8/site-packages/airflow/example_dags/example_branch_labels.py
[2024-11-19T12:52:40.195+0530] {logging_mixin.py:188} INFO - [2024-11-19T12:52:40.195+0530] {dag.py:3047} INFO - Sync 1 DAGs
[2024-11-19T12:52:40.232+0530] {logging_mixin.py:188} INFO - [2024-11-19T12:52:40.231+0530] {dag.py:3834} INFO - Setting next_dagrun for example_branch_labels to 2024-11-18 00:00:00+00:00, run_after=2024-11-19 00:00:00+00:00
[2024-11-19T12:52:40.268+0530] {processor.py:183} INFO - Processing /home/sigmoid/Desktop/Personal_Ml/airflow_poc/airflow_env/lib/python3.8/site-packages/airflow/example_dags/example_branch_labels.py took 0.115 seconds
[2024-11-19T12:53:46.331+0530] {processor.py:161} INFO - Started process (PID=31651) to work on /home/sigmoid/Desktop/Personal_Ml/airflow_poc/airflow_env/lib/python3.8/site-packages/airflow/example_dags/example_branch_labels.py
[2024-11-19T12:53:46.333+0530] {processor.py:830} INFO - Processing file /home/sigmoid/Desktop/Personal_Ml/airflow_poc/airflow_env/lib/python3.8/site-packages/airflow/example_dags/example_branch_labels.py for tasks to queue
[2024-11-19T12:53:46.334+0530] {logging_mixin.py:188} INFO - [2024-11-19T12:53:46.333+0530] {dagbag.py:540} INFO - Filling up the DagBag from /home/sigmoid/Desktop/Personal_Ml/airflow_poc/airflow_env/lib/python3.8/site-packages/airflow/example_dags/example_branch_labels.py
[2024-11-19T12:53:46.342+0530] {processor.py:840} INFO - DAG(s) 'example_branch_labels' retrieved from /home/sigmoid/Desktop/Personal_Ml/airflow_poc/airflow_env/lib/python3.8/site-packages/airflow/example_dags/example_branch_labels.py
[2024-11-19T12:53:46.360+0530] {logging_mixin.py:188} INFO - [2024-11-19T12:53:46.360+0530] {dag.py:3047} INFO - Sync 1 DAGs
[2024-11-19T12:53:46.382+0530] {logging_mixin.py:188} INFO - [2024-11-19T12:53:46.382+0530] {dag.py:3834} INFO - Setting next_dagrun for example_branch_labels to 2024-11-18 00:00:00+00:00, run_after=2024-11-19 00:00:00+00:00
[2024-11-19T12:53:46.416+0530] {processor.py:183} INFO - Processing /home/sigmoid/Desktop/Personal_Ml/airflow_poc/airflow_env/lib/python3.8/site-packages/airflow/example_dags/example_branch_labels.py took 0.088 seconds
[2024-11-19T12:54:52.256+0530] {processor.py:161} INFO - Started process (PID=31802) to work on /home/sigmoid/Desktop/Personal_Ml/airflow_poc/airflow_env/lib/python3.8/site-packages/airflow/example_dags/example_branch_labels.py
[2024-11-19T12:54:52.257+0530] {processor.py:830} INFO - Processing file /home/sigmoid/Desktop/Personal_Ml/airflow_poc/airflow_env/lib/python3.8/site-packages/airflow/example_dags/example_branch_labels.py for tasks to queue
[2024-11-19T12:54:52.258+0530] {logging_mixin.py:188} INFO - [2024-11-19T12:54:52.258+0530] {dagbag.py:540} INFO - Filling up the DagBag from /home/sigmoid/Desktop/Personal_Ml/airflow_poc/airflow_env/lib/python3.8/site-packages/airflow/example_dags/example_branch_labels.py
[2024-11-19T12:54:52.267+0530] {processor.py:840} INFO - DAG(s) 'example_branch_labels' retrieved from /home/sigmoid/Desktop/Personal_Ml/airflow_poc/airflow_env/lib/python3.8/site-packages/airflow/example_dags/example_branch_labels.py
[2024-11-19T12:54:52.285+0530] {logging_mixin.py:188} INFO - [2024-11-19T12:54:52.285+0530] {dag.py:3047} INFO - Sync 1 DAGs
[2024-11-19T12:54:52.307+0530] {logging_mixin.py:188} INFO - [2024-11-19T12:54:52.307+0530] {dag.py:3834} INFO - Setting next_dagrun for example_branch_labels to 2024-11-18 00:00:00+00:00, run_after=2024-11-19 00:00:00+00:00
[2024-11-19T12:54:52.330+0530] {processor.py:183} INFO - Processing /home/sigmoid/Desktop/Personal_Ml/airflow_poc/airflow_env/lib/python3.8/site-packages/airflow/example_dags/example_branch_labels.py took 0.077 seconds
[2024-11-19T12:55:54.058+0530] {processor.py:161} INFO - Started process (PID=32050) to work on /home/sigmoid/Desktop/Personal_Ml/airflow_poc/airflow_env/lib/python3.8/site-packages/airflow/example_dags/example_branch_labels.py
[2024-11-19T12:55:54.059+0530] {processor.py:830} INFO - Processing file /home/sigmoid/Desktop/Personal_Ml/airflow_poc/airflow_env/lib/python3.8/site-packages/airflow/example_dags/example_branch_labels.py for tasks to queue
[2024-11-19T12:55:54.060+0530] {logging_mixin.py:188} INFO - [2024-11-19T12:55:54.060+0530] {dagbag.py:540} INFO - Filling up the DagBag from /home/sigmoid/Desktop/Personal_Ml/airflow_poc/airflow_env/lib/python3.8/site-packages/airflow/example_dags/example_branch_labels.py
[2024-11-19T12:55:54.068+0530] {processor.py:840} INFO - DAG(s) 'example_branch_labels' retrieved from /home/sigmoid/Desktop/Personal_Ml/airflow_poc/airflow_env/lib/python3.8/site-packages/airflow/example_dags/example_branch_labels.py
[2024-11-19T12:55:54.086+0530] {logging_mixin.py:188} INFO - [2024-11-19T12:55:54.086+0530] {dag.py:3047} INFO - Sync 1 DAGs
[2024-11-19T12:55:54.107+0530] {logging_mixin.py:188} INFO - [2024-11-19T12:55:54.107+0530] {dag.py:3834} INFO - Setting next_dagrun for example_branch_labels to 2024-11-18 00:00:00+00:00, run_after=2024-11-19 00:00:00+00:00
[2024-11-19T12:55:54.128+0530] {processor.py:183} INFO - Processing /home/sigmoid/Desktop/Personal_Ml/airflow_poc/airflow_env/lib/python3.8/site-packages/airflow/example_dags/example_branch_labels.py took 0.073 seconds
[2024-11-19T12:56:51.795+0530] {processor.py:161} INFO - Started process (PID=32125) to work on /home/sigmoid/Desktop/Personal_Ml/airflow_poc/airflow_env/lib/python3.8/site-packages/airflow/example_dags/example_branch_labels.py
[2024-11-19T12:56:51.796+0530] {processor.py:830} INFO - Processing file /home/sigmoid/Desktop/Personal_Ml/airflow_poc/airflow_env/lib/python3.8/site-packages/airflow/example_dags/example_branch_labels.py for tasks to queue
[2024-11-19T12:56:51.797+0530] {logging_mixin.py:188} INFO - [2024-11-19T12:56:51.797+0530] {dagbag.py:540} INFO - Filling up the DagBag from /home/sigmoid/Desktop/Personal_Ml/airflow_poc/airflow_env/lib/python3.8/site-packages/airflow/example_dags/example_branch_labels.py
[2024-11-19T12:56:51.805+0530] {processor.py:840} INFO - DAG(s) 'example_branch_labels' retrieved from /home/sigmoid/Desktop/Personal_Ml/airflow_poc/airflow_env/lib/python3.8/site-packages/airflow/example_dags/example_branch_labels.py
[2024-11-19T12:56:51.823+0530] {logging_mixin.py:188} INFO - [2024-11-19T12:56:51.823+0530] {dag.py:3047} INFO - Sync 1 DAGs
[2024-11-19T12:56:51.844+0530] {logging_mixin.py:188} INFO - [2024-11-19T12:56:51.844+0530] {dag.py:3834} INFO - Setting next_dagrun for example_branch_labels to 2024-11-18 00:00:00+00:00, run_after=2024-11-19 00:00:00+00:00
[2024-11-19T12:56:51.867+0530] {processor.py:183} INFO - Processing /home/sigmoid/Desktop/Personal_Ml/airflow_poc/airflow_env/lib/python3.8/site-packages/airflow/example_dags/example_branch_labels.py took 0.075 seconds
[2024-11-19T12:57:46.340+0530] {processor.py:161} INFO - Started process (PID=32188) to work on /home/sigmoid/Desktop/Personal_Ml/airflow_poc/airflow_env/lib/python3.8/site-packages/airflow/example_dags/example_branch_labels.py
[2024-11-19T12:57:46.342+0530] {processor.py:830} INFO - Processing file /home/sigmoid/Desktop/Personal_Ml/airflow_poc/airflow_env/lib/python3.8/site-packages/airflow/example_dags/example_branch_labels.py for tasks to queue
[2024-11-19T12:57:46.342+0530] {logging_mixin.py:188} INFO - [2024-11-19T12:57:46.342+0530] {dagbag.py:540} INFO - Filling up the DagBag from /home/sigmoid/Desktop/Personal_Ml/airflow_poc/airflow_env/lib/python3.8/site-packages/airflow/example_dags/example_branch_labels.py
[2024-11-19T12:57:46.351+0530] {processor.py:840} INFO - DAG(s) 'example_branch_labels' retrieved from /home/sigmoid/Desktop/Personal_Ml/airflow_poc/airflow_env/lib/python3.8/site-packages/airflow/example_dags/example_branch_labels.py
[2024-11-19T12:57:46.368+0530] {logging_mixin.py:188} INFO - [2024-11-19T12:57:46.368+0530] {dag.py:3047} INFO - Sync 1 DAGs
[2024-11-19T12:57:46.390+0530] {logging_mixin.py:188} INFO - [2024-11-19T12:57:46.390+0530] {dag.py:3834} INFO - Setting next_dagrun for example_branch_labels to 2024-11-18 00:00:00+00:00, run_after=2024-11-19 00:00:00+00:00
[2024-11-19T12:57:46.421+0530] {processor.py:183} INFO - Processing /home/sigmoid/Desktop/Personal_Ml/airflow_poc/airflow_env/lib/python3.8/site-packages/airflow/example_dags/example_branch_labels.py took 0.084 seconds
[2024-11-19T12:58:40.884+0530] {processor.py:161} INFO - Started process (PID=32251) to work on /home/sigmoid/Desktop/Personal_Ml/airflow_poc/airflow_env/lib/python3.8/site-packages/airflow/example_dags/example_branch_labels.py
[2024-11-19T12:58:40.885+0530] {processor.py:830} INFO - Processing file /home/sigmoid/Desktop/Personal_Ml/airflow_poc/airflow_env/lib/python3.8/site-packages/airflow/example_dags/example_branch_labels.py for tasks to queue
[2024-11-19T12:58:40.886+0530] {logging_mixin.py:188} INFO - [2024-11-19T12:58:40.886+0530] {dagbag.py:540} INFO - Filling up the DagBag from /home/sigmoid/Desktop/Personal_Ml/airflow_poc/airflow_env/lib/python3.8/site-packages/airflow/example_dags/example_branch_labels.py
[2024-11-19T12:58:40.894+0530] {processor.py:840} INFO - DAG(s) 'example_branch_labels' retrieved from /home/sigmoid/Desktop/Personal_Ml/airflow_poc/airflow_env/lib/python3.8/site-packages/airflow/example_dags/example_branch_labels.py
[2024-11-19T12:58:40.912+0530] {logging_mixin.py:188} INFO - [2024-11-19T12:58:40.912+0530] {dag.py:3047} INFO - Sync 1 DAGs
[2024-11-19T12:58:40.934+0530] {logging_mixin.py:188} INFO - [2024-11-19T12:58:40.933+0530] {dag.py:3834} INFO - Setting next_dagrun for example_branch_labels to 2024-11-18 00:00:00+00:00, run_after=2024-11-19 00:00:00+00:00
[2024-11-19T12:58:40.953+0530] {processor.py:183} INFO - Processing /home/sigmoid/Desktop/Personal_Ml/airflow_poc/airflow_env/lib/python3.8/site-packages/airflow/example_dags/example_branch_labels.py took 0.072 seconds
[2024-11-19T12:59:36.232+0530] {processor.py:161} INFO - Started process (PID=32434) to work on /home/sigmoid/Desktop/Personal_Ml/airflow_poc/airflow_env/lib/python3.8/site-packages/airflow/example_dags/example_branch_labels.py
[2024-11-19T12:59:36.233+0530] {processor.py:830} INFO - Processing file /home/sigmoid/Desktop/Personal_Ml/airflow_poc/airflow_env/lib/python3.8/site-packages/airflow/example_dags/example_branch_labels.py for tasks to queue
[2024-11-19T12:59:36.234+0530] {logging_mixin.py:188} INFO - [2024-11-19T12:59:36.233+0530] {dagbag.py:540} INFO - Filling up the DagBag from /home/sigmoid/Desktop/Personal_Ml/airflow_poc/airflow_env/lib/python3.8/site-packages/airflow/example_dags/example_branch_labels.py
[2024-11-19T12:59:36.242+0530] {processor.py:840} INFO - DAG(s) 'example_branch_labels' retrieved from /home/sigmoid/Desktop/Personal_Ml/airflow_poc/airflow_env/lib/python3.8/site-packages/airflow/example_dags/example_branch_labels.py
[2024-11-19T12:59:36.259+0530] {logging_mixin.py:188} INFO - [2024-11-19T12:59:36.259+0530] {dag.py:3047} INFO - Sync 1 DAGs
[2024-11-19T12:59:36.281+0530] {logging_mixin.py:188} INFO - [2024-11-19T12:59:36.280+0530] {dag.py:3834} INFO - Setting next_dagrun for example_branch_labels to 2024-11-18 00:00:00+00:00, run_after=2024-11-19 00:00:00+00:00
[2024-11-19T12:59:36.301+0530] {processor.py:183} INFO - Processing /home/sigmoid/Desktop/Personal_Ml/airflow_poc/airflow_env/lib/python3.8/site-packages/airflow/example_dags/example_branch_labels.py took 0.072 seconds
[2024-11-19T13:00:32.110+0530] {processor.py:161} INFO - Started process (PID=32536) to work on /home/sigmoid/Desktop/Personal_Ml/airflow_poc/airflow_env/lib/python3.8/site-packages/airflow/example_dags/example_branch_labels.py
[2024-11-19T13:00:32.111+0530] {processor.py:830} INFO - Processing file /home/sigmoid/Desktop/Personal_Ml/airflow_poc/airflow_env/lib/python3.8/site-packages/airflow/example_dags/example_branch_labels.py for tasks to queue
[2024-11-19T13:00:32.112+0530] {logging_mixin.py:188} INFO - [2024-11-19T13:00:32.111+0530] {dagbag.py:540} INFO - Filling up the DagBag from /home/sigmoid/Desktop/Personal_Ml/airflow_poc/airflow_env/lib/python3.8/site-packages/airflow/example_dags/example_branch_labels.py
[2024-11-19T13:00:32.120+0530] {processor.py:840} INFO - DAG(s) 'example_branch_labels' retrieved from /home/sigmoid/Desktop/Personal_Ml/airflow_poc/airflow_env/lib/python3.8/site-packages/airflow/example_dags/example_branch_labels.py
[2024-11-19T13:00:32.138+0530] {logging_mixin.py:188} INFO - [2024-11-19T13:00:32.138+0530] {dag.py:3047} INFO - Sync 1 DAGs
[2024-11-19T13:00:32.161+0530] {logging_mixin.py:188} INFO - [2024-11-19T13:00:32.161+0530] {dag.py:3834} INFO - Setting next_dagrun for example_branch_labels to 2024-11-18 00:00:00+00:00, run_after=2024-11-19 00:00:00+00:00
[2024-11-19T13:00:32.181+0530] {processor.py:183} INFO - Processing /home/sigmoid/Desktop/Personal_Ml/airflow_poc/airflow_env/lib/python3.8/site-packages/airflow/example_dags/example_branch_labels.py took 0.075 seconds
[2024-11-19T13:01:27.870+0530] {processor.py:161} INFO - Started process (PID=32893) to work on /home/sigmoid/Desktop/Personal_Ml/airflow_poc/airflow_env/lib/python3.8/site-packages/airflow/example_dags/example_branch_labels.py
[2024-11-19T13:01:27.871+0530] {processor.py:830} INFO - Processing file /home/sigmoid/Desktop/Personal_Ml/airflow_poc/airflow_env/lib/python3.8/site-packages/airflow/example_dags/example_branch_labels.py for tasks to queue
[2024-11-19T13:01:27.872+0530] {logging_mixin.py:188} INFO - [2024-11-19T13:01:27.872+0530] {dagbag.py:540} INFO - Filling up the DagBag from /home/sigmoid/Desktop/Personal_Ml/airflow_poc/airflow_env/lib/python3.8/site-packages/airflow/example_dags/example_branch_labels.py
[2024-11-19T13:01:27.881+0530] {processor.py:840} INFO - DAG(s) 'example_branch_labels' retrieved from /home/sigmoid/Desktop/Personal_Ml/airflow_poc/airflow_env/lib/python3.8/site-packages/airflow/example_dags/example_branch_labels.py
[2024-11-19T13:01:27.900+0530] {logging_mixin.py:188} INFO - [2024-11-19T13:01:27.900+0530] {dag.py:3047} INFO - Sync 1 DAGs
[2024-11-19T13:01:27.923+0530] {logging_mixin.py:188} INFO - [2024-11-19T13:01:27.923+0530] {dag.py:3834} INFO - Setting next_dagrun for example_branch_labels to 2024-11-18 00:00:00+00:00, run_after=2024-11-19 00:00:00+00:00
[2024-11-19T13:01:27.956+0530] {processor.py:183} INFO - Processing /home/sigmoid/Desktop/Personal_Ml/airflow_poc/airflow_env/lib/python3.8/site-packages/airflow/example_dags/example_branch_labels.py took 0.090 seconds
[2024-11-19T13:02:27.265+0530] {processor.py:161} INFO - Started process (PID=32989) to work on /home/sigmoid/Desktop/Personal_Ml/airflow_poc/airflow_env/lib/python3.8/site-packages/airflow/example_dags/example_branch_labels.py
[2024-11-19T13:02:27.272+0530] {processor.py:830} INFO - Processing file /home/sigmoid/Desktop/Personal_Ml/airflow_poc/airflow_env/lib/python3.8/site-packages/airflow/example_dags/example_branch_labels.py for tasks to queue
[2024-11-19T13:02:27.274+0530] {logging_mixin.py:188} INFO - [2024-11-19T13:02:27.274+0530] {dagbag.py:540} INFO - Filling up the DagBag from /home/sigmoid/Desktop/Personal_Ml/airflow_poc/airflow_env/lib/python3.8/site-packages/airflow/example_dags/example_branch_labels.py
[2024-11-19T13:02:27.293+0530] {processor.py:840} INFO - DAG(s) 'example_branch_labels' retrieved from /home/sigmoid/Desktop/Personal_Ml/airflow_poc/airflow_env/lib/python3.8/site-packages/airflow/example_dags/example_branch_labels.py
[2024-11-19T13:02:27.332+0530] {logging_mixin.py:188} INFO - [2024-11-19T13:02:27.332+0530] {dag.py:3047} INFO - Sync 1 DAGs
[2024-11-19T13:02:27.388+0530] {logging_mixin.py:188} INFO - [2024-11-19T13:02:27.387+0530] {dag.py:3834} INFO - Setting next_dagrun for example_branch_labels to 2024-11-18 00:00:00+00:00, run_after=2024-11-19 00:00:00+00:00
[2024-11-19T13:02:27.434+0530] {processor.py:183} INFO - Processing /home/sigmoid/Desktop/Personal_Ml/airflow_poc/airflow_env/lib/python3.8/site-packages/airflow/example_dags/example_branch_labels.py took 0.175 seconds
[2024-11-19T13:03:26.180+0530] {processor.py:161} INFO - Started process (PID=33056) to work on /home/sigmoid/Desktop/Personal_Ml/airflow_poc/airflow_env/lib/python3.8/site-packages/airflow/example_dags/example_branch_labels.py
[2024-11-19T13:03:26.181+0530] {processor.py:830} INFO - Processing file /home/sigmoid/Desktop/Personal_Ml/airflow_poc/airflow_env/lib/python3.8/site-packages/airflow/example_dags/example_branch_labels.py for tasks to queue
[2024-11-19T13:03:26.182+0530] {logging_mixin.py:188} INFO - [2024-11-19T13:03:26.182+0530] {dagbag.py:540} INFO - Filling up the DagBag from /home/sigmoid/Desktop/Personal_Ml/airflow_poc/airflow_env/lib/python3.8/site-packages/airflow/example_dags/example_branch_labels.py
[2024-11-19T13:03:26.194+0530] {processor.py:840} INFO - DAG(s) 'example_branch_labels' retrieved from /home/sigmoid/Desktop/Personal_Ml/airflow_poc/airflow_env/lib/python3.8/site-packages/airflow/example_dags/example_branch_labels.py
[2024-11-19T13:03:26.217+0530] {logging_mixin.py:188} INFO - [2024-11-19T13:03:26.217+0530] {dag.py:3047} INFO - Sync 1 DAGs
[2024-11-19T13:03:26.246+0530] {logging_mixin.py:188} INFO - [2024-11-19T13:03:26.245+0530] {dag.py:3834} INFO - Setting next_dagrun for example_branch_labels to 2024-11-18 00:00:00+00:00, run_after=2024-11-19 00:00:00+00:00
[2024-11-19T13:03:26.278+0530] {processor.py:183} INFO - Processing /home/sigmoid/Desktop/Personal_Ml/airflow_poc/airflow_env/lib/python3.8/site-packages/airflow/example_dags/example_branch_labels.py took 0.101 seconds
[2024-11-19T13:04:26.559+0530] {processor.py:161} INFO - Started process (PID=33129) to work on /home/sigmoid/Desktop/Personal_Ml/airflow_poc/airflow_env/lib/python3.8/site-packages/airflow/example_dags/example_branch_labels.py
[2024-11-19T13:04:26.561+0530] {processor.py:830} INFO - Processing file /home/sigmoid/Desktop/Personal_Ml/airflow_poc/airflow_env/lib/python3.8/site-packages/airflow/example_dags/example_branch_labels.py for tasks to queue
[2024-11-19T13:04:26.562+0530] {logging_mixin.py:188} INFO - [2024-11-19T13:04:26.561+0530] {dagbag.py:540} INFO - Filling up the DagBag from /home/sigmoid/Desktop/Personal_Ml/airflow_poc/airflow_env/lib/python3.8/site-packages/airflow/example_dags/example_branch_labels.py
[2024-11-19T13:04:26.572+0530] {processor.py:840} INFO - DAG(s) 'example_branch_labels' retrieved from /home/sigmoid/Desktop/Personal_Ml/airflow_poc/airflow_env/lib/python3.8/site-packages/airflow/example_dags/example_branch_labels.py
[2024-11-19T13:04:26.589+0530] {logging_mixin.py:188} INFO - [2024-11-19T13:04:26.589+0530] {dag.py:3047} INFO - Sync 1 DAGs
[2024-11-19T13:04:26.611+0530] {logging_mixin.py:188} INFO - [2024-11-19T13:04:26.611+0530] {dag.py:3834} INFO - Setting next_dagrun for example_branch_labels to 2024-11-18 00:00:00+00:00, run_after=2024-11-19 00:00:00+00:00
[2024-11-19T13:04:26.631+0530] {processor.py:183} INFO - Processing /home/sigmoid/Desktop/Personal_Ml/airflow_poc/airflow_env/lib/python3.8/site-packages/airflow/example_dags/example_branch_labels.py took 0.077 seconds
[2024-11-19T13:05:27.417+0530] {processor.py:161} INFO - Started process (PID=33195) to work on /home/sigmoid/Desktop/Personal_Ml/airflow_poc/airflow_env/lib/python3.8/site-packages/airflow/example_dags/example_branch_labels.py
[2024-11-19T13:05:27.420+0530] {processor.py:830} INFO - Processing file /home/sigmoid/Desktop/Personal_Ml/airflow_poc/airflow_env/lib/python3.8/site-packages/airflow/example_dags/example_branch_labels.py for tasks to queue
[2024-11-19T13:05:27.422+0530] {logging_mixin.py:188} INFO - [2024-11-19T13:05:27.421+0530] {dagbag.py:540} INFO - Filling up the DagBag from /home/sigmoid/Desktop/Personal_Ml/airflow_poc/airflow_env/lib/python3.8/site-packages/airflow/example_dags/example_branch_labels.py
[2024-11-19T13:05:27.440+0530] {processor.py:840} INFO - DAG(s) 'example_branch_labels' retrieved from /home/sigmoid/Desktop/Personal_Ml/airflow_poc/airflow_env/lib/python3.8/site-packages/airflow/example_dags/example_branch_labels.py
[2024-11-19T13:05:27.479+0530] {logging_mixin.py:188} INFO - [2024-11-19T13:05:27.479+0530] {dag.py:3047} INFO - Sync 1 DAGs
[2024-11-19T13:05:27.531+0530] {logging_mixin.py:188} INFO - [2024-11-19T13:05:27.530+0530] {dag.py:3834} INFO - Setting next_dagrun for example_branch_labels to 2024-11-18 00:00:00+00:00, run_after=2024-11-19 00:00:00+00:00
[2024-11-19T13:05:27.562+0530] {processor.py:183} INFO - Processing /home/sigmoid/Desktop/Personal_Ml/airflow_poc/airflow_env/lib/python3.8/site-packages/airflow/example_dags/example_branch_labels.py took 0.152 seconds
[2024-11-19T13:06:28.701+0530] {processor.py:161} INFO - Started process (PID=33262) to work on /home/sigmoid/Desktop/Personal_Ml/airflow_poc/airflow_env/lib/python3.8/site-packages/airflow/example_dags/example_branch_labels.py
[2024-11-19T13:06:28.702+0530] {processor.py:830} INFO - Processing file /home/sigmoid/Desktop/Personal_Ml/airflow_poc/airflow_env/lib/python3.8/site-packages/airflow/example_dags/example_branch_labels.py for tasks to queue
[2024-11-19T13:06:28.704+0530] {logging_mixin.py:188} INFO - [2024-11-19T13:06:28.703+0530] {dagbag.py:540} INFO - Filling up the DagBag from /home/sigmoid/Desktop/Personal_Ml/airflow_poc/airflow_env/lib/python3.8/site-packages/airflow/example_dags/example_branch_labels.py
[2024-11-19T13:06:28.712+0530] {processor.py:840} INFO - DAG(s) 'example_branch_labels' retrieved from /home/sigmoid/Desktop/Personal_Ml/airflow_poc/airflow_env/lib/python3.8/site-packages/airflow/example_dags/example_branch_labels.py
[2024-11-19T13:06:28.729+0530] {logging_mixin.py:188} INFO - [2024-11-19T13:06:28.729+0530] {dag.py:3047} INFO - Sync 1 DAGs
[2024-11-19T13:06:28.752+0530] {logging_mixin.py:188} INFO - [2024-11-19T13:06:28.752+0530] {dag.py:3834} INFO - Setting next_dagrun for example_branch_labels to 2024-11-18 00:00:00+00:00, run_after=2024-11-19 00:00:00+00:00
[2024-11-19T13:06:28.783+0530] {processor.py:183} INFO - Processing /home/sigmoid/Desktop/Personal_Ml/airflow_poc/airflow_env/lib/python3.8/site-packages/airflow/example_dags/example_branch_labels.py took 0.085 seconds
[2024-11-19T13:07:28.243+0530] {processor.py:161} INFO - Started process (PID=33332) to work on /home/sigmoid/Desktop/Personal_Ml/airflow_poc/airflow_env/lib/python3.8/site-packages/airflow/example_dags/example_branch_labels.py
[2024-11-19T13:07:28.244+0530] {processor.py:830} INFO - Processing file /home/sigmoid/Desktop/Personal_Ml/airflow_poc/airflow_env/lib/python3.8/site-packages/airflow/example_dags/example_branch_labels.py for tasks to queue
[2024-11-19T13:07:28.245+0530] {logging_mixin.py:188} INFO - [2024-11-19T13:07:28.244+0530] {dagbag.py:540} INFO - Filling up the DagBag from /home/sigmoid/Desktop/Personal_Ml/airflow_poc/airflow_env/lib/python3.8/site-packages/airflow/example_dags/example_branch_labels.py
[2024-11-19T13:07:28.253+0530] {processor.py:840} INFO - DAG(s) 'example_branch_labels' retrieved from /home/sigmoid/Desktop/Personal_Ml/airflow_poc/airflow_env/lib/python3.8/site-packages/airflow/example_dags/example_branch_labels.py
[2024-11-19T13:07:28.273+0530] {logging_mixin.py:188} INFO - [2024-11-19T13:07:28.273+0530] {dag.py:3047} INFO - Sync 1 DAGs
[2024-11-19T13:07:28.300+0530] {logging_mixin.py:188} INFO - [2024-11-19T13:07:28.300+0530] {dag.py:3834} INFO - Setting next_dagrun for example_branch_labels to 2024-11-18 00:00:00+00:00, run_after=2024-11-19 00:00:00+00:00
[2024-11-19T13:07:28.320+0530] {processor.py:183} INFO - Processing /home/sigmoid/Desktop/Personal_Ml/airflow_poc/airflow_env/lib/python3.8/site-packages/airflow/example_dags/example_branch_labels.py took 0.080 seconds
[2024-11-19T13:08:24.862+0530] {processor.py:161} INFO - Started process (PID=33397) to work on /home/sigmoid/Desktop/Personal_Ml/airflow_poc/airflow_env/lib/python3.8/site-packages/airflow/example_dags/example_branch_labels.py
[2024-11-19T13:08:24.863+0530] {processor.py:830} INFO - Processing file /home/sigmoid/Desktop/Personal_Ml/airflow_poc/airflow_env/lib/python3.8/site-packages/airflow/example_dags/example_branch_labels.py for tasks to queue
[2024-11-19T13:08:24.864+0530] {logging_mixin.py:188} INFO - [2024-11-19T13:08:24.864+0530] {dagbag.py:540} INFO - Filling up the DagBag from /home/sigmoid/Desktop/Personal_Ml/airflow_poc/airflow_env/lib/python3.8/site-packages/airflow/example_dags/example_branch_labels.py
[2024-11-19T13:08:24.873+0530] {processor.py:840} INFO - DAG(s) 'example_branch_labels' retrieved from /home/sigmoid/Desktop/Personal_Ml/airflow_poc/airflow_env/lib/python3.8/site-packages/airflow/example_dags/example_branch_labels.py
[2024-11-19T13:08:24.890+0530] {logging_mixin.py:188} INFO - [2024-11-19T13:08:24.890+0530] {dag.py:3047} INFO - Sync 1 DAGs
[2024-11-19T13:08:24.911+0530] {logging_mixin.py:188} INFO - [2024-11-19T13:08:24.911+0530] {dag.py:3834} INFO - Setting next_dagrun for example_branch_labels to 2024-11-18 00:00:00+00:00, run_after=2024-11-19 00:00:00+00:00
[2024-11-19T13:08:24.932+0530] {processor.py:183} INFO - Processing /home/sigmoid/Desktop/Personal_Ml/airflow_poc/airflow_env/lib/python3.8/site-packages/airflow/example_dags/example_branch_labels.py took 0.074 seconds
[2024-11-19T13:12:24.590+0530] {processor.py:161} INFO - Started process (PID=33596) to work on /home/sigmoid/Desktop/Personal_Ml/airflow_poc/airflow_env/lib/python3.8/site-packages/airflow/example_dags/example_branch_labels.py
[2024-11-19T13:12:24.592+0530] {processor.py:830} INFO - Processing file /home/sigmoid/Desktop/Personal_Ml/airflow_poc/airflow_env/lib/python3.8/site-packages/airflow/example_dags/example_branch_labels.py for tasks to queue
[2024-11-19T13:12:24.593+0530] {logging_mixin.py:188} INFO - [2024-11-19T13:12:24.593+0530] {dagbag.py:540} INFO - Filling up the DagBag from /home/sigmoid/Desktop/Personal_Ml/airflow_poc/airflow_env/lib/python3.8/site-packages/airflow/example_dags/example_branch_labels.py
[2024-11-19T13:12:24.603+0530] {processor.py:840} INFO - DAG(s) 'example_branch_labels' retrieved from /home/sigmoid/Desktop/Personal_Ml/airflow_poc/airflow_env/lib/python3.8/site-packages/airflow/example_dags/example_branch_labels.py
[2024-11-19T13:12:24.621+0530] {logging_mixin.py:188} INFO - [2024-11-19T13:12:24.620+0530] {dag.py:3047} INFO - Sync 1 DAGs
[2024-11-19T13:12:24.643+0530] {logging_mixin.py:188} INFO - [2024-11-19T13:12:24.642+0530] {dag.py:3834} INFO - Setting next_dagrun for example_branch_labels to 2024-11-18 00:00:00+00:00, run_after=2024-11-19 00:00:00+00:00
[2024-11-19T13:12:24.827+0530] {processor.py:183} INFO - Processing /home/sigmoid/Desktop/Personal_Ml/airflow_poc/airflow_env/lib/python3.8/site-packages/airflow/example_dags/example_branch_labels.py took 0.240 seconds
[2024-11-19T13:13:36.030+0530] {processor.py:161} INFO - Started process (PID=33842) to work on /home/sigmoid/Desktop/Personal_Ml/airflow_poc/airflow_env/lib/python3.8/site-packages/airflow/example_dags/example_branch_labels.py
[2024-11-19T13:13:36.032+0530] {processor.py:830} INFO - Processing file /home/sigmoid/Desktop/Personal_Ml/airflow_poc/airflow_env/lib/python3.8/site-packages/airflow/example_dags/example_branch_labels.py for tasks to queue
[2024-11-19T13:13:36.033+0530] {logging_mixin.py:188} INFO - [2024-11-19T13:13:36.032+0530] {dagbag.py:540} INFO - Filling up the DagBag from /home/sigmoid/Desktop/Personal_Ml/airflow_poc/airflow_env/lib/python3.8/site-packages/airflow/example_dags/example_branch_labels.py
[2024-11-19T13:13:36.049+0530] {processor.py:840} INFO - DAG(s) 'example_branch_labels' retrieved from /home/sigmoid/Desktop/Personal_Ml/airflow_poc/airflow_env/lib/python3.8/site-packages/airflow/example_dags/example_branch_labels.py
[2024-11-19T13:13:36.073+0530] {logging_mixin.py:188} INFO - [2024-11-19T13:13:36.073+0530] {dag.py:3047} INFO - Sync 1 DAGs
[2024-11-19T13:13:36.112+0530] {logging_mixin.py:188} INFO - [2024-11-19T13:13:36.112+0530] {dag.py:3834} INFO - Setting next_dagrun for example_branch_labels to 2024-11-18 00:00:00+00:00, run_after=2024-11-19 00:00:00+00:00
[2024-11-19T13:13:36.149+0530] {processor.py:183} INFO - Processing /home/sigmoid/Desktop/Personal_Ml/airflow_poc/airflow_env/lib/python3.8/site-packages/airflow/example_dags/example_branch_labels.py took 0.126 seconds
[2024-11-19T13:14:37.114+0530] {processor.py:161} INFO - Started process (PID=34104) to work on /home/sigmoid/Desktop/Personal_Ml/airflow_poc/airflow_env/lib/python3.8/site-packages/airflow/example_dags/example_branch_labels.py
[2024-11-19T13:14:37.116+0530] {processor.py:830} INFO - Processing file /home/sigmoid/Desktop/Personal_Ml/airflow_poc/airflow_env/lib/python3.8/site-packages/airflow/example_dags/example_branch_labels.py for tasks to queue
[2024-11-19T13:14:37.117+0530] {logging_mixin.py:188} INFO - [2024-11-19T13:14:37.117+0530] {dagbag.py:540} INFO - Filling up the DagBag from /home/sigmoid/Desktop/Personal_Ml/airflow_poc/airflow_env/lib/python3.8/site-packages/airflow/example_dags/example_branch_labels.py
[2024-11-19T13:14:37.127+0530] {processor.py:840} INFO - DAG(s) 'example_branch_labels' retrieved from /home/sigmoid/Desktop/Personal_Ml/airflow_poc/airflow_env/lib/python3.8/site-packages/airflow/example_dags/example_branch_labels.py
[2024-11-19T13:14:37.147+0530] {logging_mixin.py:188} INFO - [2024-11-19T13:14:37.147+0530] {dag.py:3047} INFO - Sync 1 DAGs
[2024-11-19T13:14:37.179+0530] {logging_mixin.py:188} INFO - [2024-11-19T13:14:37.179+0530] {dag.py:3834} INFO - Setting next_dagrun for example_branch_labels to 2024-11-18 00:00:00+00:00, run_after=2024-11-19 00:00:00+00:00
[2024-11-19T13:14:37.200+0530] {processor.py:183} INFO - Processing /home/sigmoid/Desktop/Personal_Ml/airflow_poc/airflow_env/lib/python3.8/site-packages/airflow/example_dags/example_branch_labels.py took 0.090 seconds
[2024-11-19T13:15:32.179+0530] {processor.py:161} INFO - Started process (PID=34432) to work on /home/sigmoid/Desktop/Personal_Ml/airflow_poc/airflow_env/lib/python3.8/site-packages/airflow/example_dags/example_branch_labels.py
[2024-11-19T13:15:32.182+0530] {processor.py:830} INFO - Processing file /home/sigmoid/Desktop/Personal_Ml/airflow_poc/airflow_env/lib/python3.8/site-packages/airflow/example_dags/example_branch_labels.py for tasks to queue
[2024-11-19T13:15:32.183+0530] {logging_mixin.py:188} INFO - [2024-11-19T13:15:32.183+0530] {dagbag.py:540} INFO - Filling up the DagBag from /home/sigmoid/Desktop/Personal_Ml/airflow_poc/airflow_env/lib/python3.8/site-packages/airflow/example_dags/example_branch_labels.py
[2024-11-19T13:15:32.199+0530] {processor.py:840} INFO - DAG(s) 'example_branch_labels' retrieved from /home/sigmoid/Desktop/Personal_Ml/airflow_poc/airflow_env/lib/python3.8/site-packages/airflow/example_dags/example_branch_labels.py
[2024-11-19T13:15:32.262+0530] {logging_mixin.py:188} INFO - [2024-11-19T13:15:32.261+0530] {dag.py:3047} INFO - Sync 1 DAGs
[2024-11-19T13:15:32.287+0530] {logging_mixin.py:188} INFO - [2024-11-19T13:15:32.286+0530] {dag.py:3834} INFO - Setting next_dagrun for example_branch_labels to 2024-11-18 00:00:00+00:00, run_after=2024-11-19 00:00:00+00:00
[2024-11-19T13:15:32.314+0530] {processor.py:183} INFO - Processing /home/sigmoid/Desktop/Personal_Ml/airflow_poc/airflow_env/lib/python3.8/site-packages/airflow/example_dags/example_branch_labels.py took 0.142 seconds
[2024-11-19T13:16:37.045+0530] {processor.py:161} INFO - Started process (PID=35146) to work on /home/sigmoid/Desktop/Personal_Ml/airflow_poc/airflow_env/lib/python3.8/site-packages/airflow/example_dags/example_branch_labels.py
[2024-11-19T13:16:37.046+0530] {processor.py:830} INFO - Processing file /home/sigmoid/Desktop/Personal_Ml/airflow_poc/airflow_env/lib/python3.8/site-packages/airflow/example_dags/example_branch_labels.py for tasks to queue
[2024-11-19T13:16:37.048+0530] {logging_mixin.py:188} INFO - [2024-11-19T13:16:37.047+0530] {dagbag.py:540} INFO - Filling up the DagBag from /home/sigmoid/Desktop/Personal_Ml/airflow_poc/airflow_env/lib/python3.8/site-packages/airflow/example_dags/example_branch_labels.py
[2024-11-19T13:16:37.060+0530] {processor.py:840} INFO - DAG(s) 'example_branch_labels' retrieved from /home/sigmoid/Desktop/Personal_Ml/airflow_poc/airflow_env/lib/python3.8/site-packages/airflow/example_dags/example_branch_labels.py
[2024-11-19T13:16:37.113+0530] {logging_mixin.py:188} INFO - [2024-11-19T13:16:37.113+0530] {dag.py:3047} INFO - Sync 1 DAGs
[2024-11-19T13:16:37.168+0530] {logging_mixin.py:188} INFO - [2024-11-19T13:16:37.168+0530] {dag.py:3834} INFO - Setting next_dagrun for example_branch_labels to 2024-11-18 00:00:00+00:00, run_after=2024-11-19 00:00:00+00:00
[2024-11-19T13:16:37.236+0530] {processor.py:183} INFO - Processing /home/sigmoid/Desktop/Personal_Ml/airflow_poc/airflow_env/lib/python3.8/site-packages/airflow/example_dags/example_branch_labels.py took 0.195 seconds
[2024-11-19T13:17:41.379+0530] {processor.py:161} INFO - Started process (PID=35266) to work on /home/sigmoid/Desktop/Personal_Ml/airflow_poc/airflow_env/lib/python3.8/site-packages/airflow/example_dags/example_branch_labels.py
[2024-11-19T13:17:41.381+0530] {processor.py:830} INFO - Processing file /home/sigmoid/Desktop/Personal_Ml/airflow_poc/airflow_env/lib/python3.8/site-packages/airflow/example_dags/example_branch_labels.py for tasks to queue
[2024-11-19T13:17:41.384+0530] {logging_mixin.py:188} INFO - [2024-11-19T13:17:41.383+0530] {dagbag.py:540} INFO - Filling up the DagBag from /home/sigmoid/Desktop/Personal_Ml/airflow_poc/airflow_env/lib/python3.8/site-packages/airflow/example_dags/example_branch_labels.py
[2024-11-19T13:17:41.399+0530] {processor.py:840} INFO - DAG(s) 'example_branch_labels' retrieved from /home/sigmoid/Desktop/Personal_Ml/airflow_poc/airflow_env/lib/python3.8/site-packages/airflow/example_dags/example_branch_labels.py
[2024-11-19T13:17:41.420+0530] {logging_mixin.py:188} INFO - [2024-11-19T13:17:41.420+0530] {dag.py:3047} INFO - Sync 1 DAGs
[2024-11-19T13:17:41.453+0530] {logging_mixin.py:188} INFO - [2024-11-19T13:17:41.453+0530] {dag.py:3834} INFO - Setting next_dagrun for example_branch_labels to 2024-11-18 00:00:00+00:00, run_after=2024-11-19 00:00:00+00:00
[2024-11-19T13:17:41.490+0530] {processor.py:183} INFO - Processing /home/sigmoid/Desktop/Personal_Ml/airflow_poc/airflow_env/lib/python3.8/site-packages/airflow/example_dags/example_branch_labels.py took 0.115 seconds
[2024-11-19T13:18:33.949+0530] {processor.py:161} INFO - Started process (PID=35323) to work on /home/sigmoid/Desktop/Personal_Ml/airflow_poc/airflow_env/lib/python3.8/site-packages/airflow/example_dags/example_branch_labels.py
[2024-11-19T13:18:33.950+0530] {processor.py:830} INFO - Processing file /home/sigmoid/Desktop/Personal_Ml/airflow_poc/airflow_env/lib/python3.8/site-packages/airflow/example_dags/example_branch_labels.py for tasks to queue
[2024-11-19T13:18:33.951+0530] {logging_mixin.py:188} INFO - [2024-11-19T13:18:33.950+0530] {dagbag.py:540} INFO - Filling up the DagBag from /home/sigmoid/Desktop/Personal_Ml/airflow_poc/airflow_env/lib/python3.8/site-packages/airflow/example_dags/example_branch_labels.py
[2024-11-19T13:18:33.959+0530] {processor.py:840} INFO - DAG(s) 'example_branch_labels' retrieved from /home/sigmoid/Desktop/Personal_Ml/airflow_poc/airflow_env/lib/python3.8/site-packages/airflow/example_dags/example_branch_labels.py
[2024-11-19T13:18:33.978+0530] {logging_mixin.py:188} INFO - [2024-11-19T13:18:33.977+0530] {dag.py:3047} INFO - Sync 1 DAGs
[2024-11-19T13:18:34.001+0530] {logging_mixin.py:188} INFO - [2024-11-19T13:18:34.001+0530] {dag.py:3834} INFO - Setting next_dagrun for example_branch_labels to 2024-11-18 00:00:00+00:00, run_after=2024-11-19 00:00:00+00:00
[2024-11-19T13:18:34.022+0530] {processor.py:183} INFO - Processing /home/sigmoid/Desktop/Personal_Ml/airflow_poc/airflow_env/lib/python3.8/site-packages/airflow/example_dags/example_branch_labels.py took 0.077 seconds
[2024-11-19T13:19:41.176+0530] {processor.py:161} INFO - Started process (PID=35420) to work on /home/sigmoid/Desktop/Personal_Ml/airflow_poc/airflow_env/lib/python3.8/site-packages/airflow/example_dags/example_branch_labels.py
[2024-11-19T13:19:41.177+0530] {processor.py:830} INFO - Processing file /home/sigmoid/Desktop/Personal_Ml/airflow_poc/airflow_env/lib/python3.8/site-packages/airflow/example_dags/example_branch_labels.py for tasks to queue
[2024-11-19T13:19:41.178+0530] {logging_mixin.py:188} INFO - [2024-11-19T13:19:41.178+0530] {dagbag.py:540} INFO - Filling up the DagBag from /home/sigmoid/Desktop/Personal_Ml/airflow_poc/airflow_env/lib/python3.8/site-packages/airflow/example_dags/example_branch_labels.py
[2024-11-19T13:19:41.186+0530] {processor.py:840} INFO - DAG(s) 'example_branch_labels' retrieved from /home/sigmoid/Desktop/Personal_Ml/airflow_poc/airflow_env/lib/python3.8/site-packages/airflow/example_dags/example_branch_labels.py
[2024-11-19T13:19:41.204+0530] {logging_mixin.py:188} INFO - [2024-11-19T13:19:41.204+0530] {dag.py:3047} INFO - Sync 1 DAGs
[2024-11-19T13:19:41.226+0530] {logging_mixin.py:188} INFO - [2024-11-19T13:19:41.226+0530] {dag.py:3834} INFO - Setting next_dagrun for example_branch_labels to 2024-11-18 00:00:00+00:00, run_after=2024-11-19 00:00:00+00:00
[2024-11-19T13:19:41.249+0530] {processor.py:183} INFO - Processing /home/sigmoid/Desktop/Personal_Ml/airflow_poc/airflow_env/lib/python3.8/site-packages/airflow/example_dags/example_branch_labels.py took 0.077 seconds
[2024-11-19T13:20:53.212+0530] {processor.py:161} INFO - Started process (PID=35610) to work on /home/sigmoid/Desktop/Personal_Ml/airflow_poc/airflow_env/lib/python3.8/site-packages/airflow/example_dags/example_branch_labels.py
[2024-11-19T13:20:53.213+0530] {processor.py:830} INFO - Processing file /home/sigmoid/Desktop/Personal_Ml/airflow_poc/airflow_env/lib/python3.8/site-packages/airflow/example_dags/example_branch_labels.py for tasks to queue
[2024-11-19T13:20:53.214+0530] {logging_mixin.py:188} INFO - [2024-11-19T13:20:53.214+0530] {dagbag.py:540} INFO - Filling up the DagBag from /home/sigmoid/Desktop/Personal_Ml/airflow_poc/airflow_env/lib/python3.8/site-packages/airflow/example_dags/example_branch_labels.py
[2024-11-19T13:20:53.222+0530] {processor.py:840} INFO - DAG(s) 'example_branch_labels' retrieved from /home/sigmoid/Desktop/Personal_Ml/airflow_poc/airflow_env/lib/python3.8/site-packages/airflow/example_dags/example_branch_labels.py
[2024-11-19T13:20:53.241+0530] {logging_mixin.py:188} INFO - [2024-11-19T13:20:53.240+0530] {dag.py:3047} INFO - Sync 1 DAGs
[2024-11-19T13:20:53.262+0530] {logging_mixin.py:188} INFO - [2024-11-19T13:20:53.262+0530] {dag.py:3834} INFO - Setting next_dagrun for example_branch_labels to 2024-11-18 00:00:00+00:00, run_after=2024-11-19 00:00:00+00:00
[2024-11-19T13:20:53.284+0530] {processor.py:183} INFO - Processing /home/sigmoid/Desktop/Personal_Ml/airflow_poc/airflow_env/lib/python3.8/site-packages/airflow/example_dags/example_branch_labels.py took 0.076 seconds
[2024-11-19T13:21:58.083+0530] {processor.py:161} INFO - Started process (PID=35724) to work on /home/sigmoid/Desktop/Personal_Ml/airflow_poc/airflow_env/lib/python3.8/site-packages/airflow/example_dags/example_branch_labels.py
[2024-11-19T13:21:58.086+0530] {processor.py:830} INFO - Processing file /home/sigmoid/Desktop/Personal_Ml/airflow_poc/airflow_env/lib/python3.8/site-packages/airflow/example_dags/example_branch_labels.py for tasks to queue
[2024-11-19T13:21:58.089+0530] {logging_mixin.py:188} INFO - [2024-11-19T13:21:58.088+0530] {dagbag.py:540} INFO - Filling up the DagBag from /home/sigmoid/Desktop/Personal_Ml/airflow_poc/airflow_env/lib/python3.8/site-packages/airflow/example_dags/example_branch_labels.py
[2024-11-19T13:21:58.101+0530] {processor.py:840} INFO - DAG(s) 'example_branch_labels' retrieved from /home/sigmoid/Desktop/Personal_Ml/airflow_poc/airflow_env/lib/python3.8/site-packages/airflow/example_dags/example_branch_labels.py
[2024-11-19T13:21:58.119+0530] {logging_mixin.py:188} INFO - [2024-11-19T13:21:58.119+0530] {dag.py:3047} INFO - Sync 1 DAGs
[2024-11-19T13:21:58.140+0530] {logging_mixin.py:188} INFO - [2024-11-19T13:21:58.140+0530] {dag.py:3834} INFO - Setting next_dagrun for example_branch_labels to 2024-11-18 00:00:00+00:00, run_after=2024-11-19 00:00:00+00:00
[2024-11-19T13:21:58.160+0530] {processor.py:183} INFO - Processing /home/sigmoid/Desktop/Personal_Ml/airflow_poc/airflow_env/lib/python3.8/site-packages/airflow/example_dags/example_branch_labels.py took 0.087 seconds
[2024-11-19T13:24:07.497+0530] {processor.py:161} INFO - Started process (PID=35936) to work on /home/sigmoid/Desktop/Personal_Ml/airflow_poc/airflow_env/lib/python3.8/site-packages/airflow/example_dags/example_branch_labels.py
[2024-11-19T13:24:07.498+0530] {processor.py:830} INFO - Processing file /home/sigmoid/Desktop/Personal_Ml/airflow_poc/airflow_env/lib/python3.8/site-packages/airflow/example_dags/example_branch_labels.py for tasks to queue
[2024-11-19T13:24:07.499+0530] {logging_mixin.py:188} INFO - [2024-11-19T13:24:07.499+0530] {dagbag.py:540} INFO - Filling up the DagBag from /home/sigmoid/Desktop/Personal_Ml/airflow_poc/airflow_env/lib/python3.8/site-packages/airflow/example_dags/example_branch_labels.py
[2024-11-19T13:24:07.510+0530] {processor.py:840} INFO - DAG(s) 'example_branch_labels' retrieved from /home/sigmoid/Desktop/Personal_Ml/airflow_poc/airflow_env/lib/python3.8/site-packages/airflow/example_dags/example_branch_labels.py
[2024-11-19T13:24:07.532+0530] {logging_mixin.py:188} INFO - [2024-11-19T13:24:07.532+0530] {dag.py:3047} INFO - Sync 1 DAGs
[2024-11-19T13:24:07.561+0530] {logging_mixin.py:188} INFO - [2024-11-19T13:24:07.561+0530] {dag.py:3834} INFO - Setting next_dagrun for example_branch_labels to 2024-11-18 00:00:00+00:00, run_after=2024-11-19 00:00:00+00:00
[2024-11-19T13:24:07.595+0530] {processor.py:183} INFO - Processing /home/sigmoid/Desktop/Personal_Ml/airflow_poc/airflow_env/lib/python3.8/site-packages/airflow/example_dags/example_branch_labels.py took 0.102 seconds
[2024-11-19T13:25:15.382+0530] {processor.py:161} INFO - Started process (PID=36011) to work on /home/sigmoid/Desktop/Personal_Ml/airflow_poc/airflow_env/lib/python3.8/site-packages/airflow/example_dags/example_branch_labels.py
[2024-11-19T13:25:15.383+0530] {processor.py:830} INFO - Processing file /home/sigmoid/Desktop/Personal_Ml/airflow_poc/airflow_env/lib/python3.8/site-packages/airflow/example_dags/example_branch_labels.py for tasks to queue
[2024-11-19T13:25:15.384+0530] {logging_mixin.py:188} INFO - [2024-11-19T13:25:15.383+0530] {dagbag.py:540} INFO - Filling up the DagBag from /home/sigmoid/Desktop/Personal_Ml/airflow_poc/airflow_env/lib/python3.8/site-packages/airflow/example_dags/example_branch_labels.py
[2024-11-19T13:25:15.394+0530] {processor.py:840} INFO - DAG(s) 'example_branch_labels' retrieved from /home/sigmoid/Desktop/Personal_Ml/airflow_poc/airflow_env/lib/python3.8/site-packages/airflow/example_dags/example_branch_labels.py
[2024-11-19T13:25:15.417+0530] {logging_mixin.py:188} INFO - [2024-11-19T13:25:15.416+0530] {dag.py:3047} INFO - Sync 1 DAGs
[2024-11-19T13:25:15.444+0530] {logging_mixin.py:188} INFO - [2024-11-19T13:25:15.444+0530] {dag.py:3834} INFO - Setting next_dagrun for example_branch_labels to 2024-11-18 00:00:00+00:00, run_after=2024-11-19 00:00:00+00:00
[2024-11-19T13:25:15.469+0530] {processor.py:183} INFO - Processing /home/sigmoid/Desktop/Personal_Ml/airflow_poc/airflow_env/lib/python3.8/site-packages/airflow/example_dags/example_branch_labels.py took 0.091 seconds
[2024-11-19T13:26:52.012+0530] {processor.py:161} INFO - Started process (PID=36151) to work on /home/sigmoid/Desktop/Personal_Ml/airflow_poc/airflow_env/lib/python3.8/site-packages/airflow/example_dags/example_branch_labels.py
[2024-11-19T13:26:52.013+0530] {processor.py:830} INFO - Processing file /home/sigmoid/Desktop/Personal_Ml/airflow_poc/airflow_env/lib/python3.8/site-packages/airflow/example_dags/example_branch_labels.py for tasks to queue
[2024-11-19T13:26:52.014+0530] {logging_mixin.py:188} INFO - [2024-11-19T13:26:52.014+0530] {dagbag.py:540} INFO - Filling up the DagBag from /home/sigmoid/Desktop/Personal_Ml/airflow_poc/airflow_env/lib/python3.8/site-packages/airflow/example_dags/example_branch_labels.py
[2024-11-19T13:26:52.023+0530] {processor.py:840} INFO - DAG(s) 'example_branch_labels' retrieved from /home/sigmoid/Desktop/Personal_Ml/airflow_poc/airflow_env/lib/python3.8/site-packages/airflow/example_dags/example_branch_labels.py
[2024-11-19T13:26:52.041+0530] {logging_mixin.py:188} INFO - [2024-11-19T13:26:52.040+0530] {dag.py:3047} INFO - Sync 1 DAGs
[2024-11-19T13:26:52.063+0530] {logging_mixin.py:188} INFO - [2024-11-19T13:26:52.063+0530] {dag.py:3834} INFO - Setting next_dagrun for example_branch_labels to 2024-11-18 00:00:00+00:00, run_after=2024-11-19 00:00:00+00:00
[2024-11-19T13:26:52.084+0530] {processor.py:183} INFO - Processing /home/sigmoid/Desktop/Personal_Ml/airflow_poc/airflow_env/lib/python3.8/site-packages/airflow/example_dags/example_branch_labels.py took 0.075 seconds
[2024-11-19T13:28:59.942+0530] {processor.py:161} INFO - Started process (PID=36317) to work on /home/sigmoid/Desktop/Personal_Ml/airflow_poc/airflow_env/lib/python3.8/site-packages/airflow/example_dags/example_branch_labels.py
[2024-11-19T13:28:59.943+0530] {processor.py:830} INFO - Processing file /home/sigmoid/Desktop/Personal_Ml/airflow_poc/airflow_env/lib/python3.8/site-packages/airflow/example_dags/example_branch_labels.py for tasks to queue
[2024-11-19T13:28:59.944+0530] {logging_mixin.py:188} INFO - [2024-11-19T13:28:59.944+0530] {dagbag.py:540} INFO - Filling up the DagBag from /home/sigmoid/Desktop/Personal_Ml/airflow_poc/airflow_env/lib/python3.8/site-packages/airflow/example_dags/example_branch_labels.py
[2024-11-19T13:28:59.953+0530] {processor.py:840} INFO - DAG(s) 'example_branch_labels' retrieved from /home/sigmoid/Desktop/Personal_Ml/airflow_poc/airflow_env/lib/python3.8/site-packages/airflow/example_dags/example_branch_labels.py
[2024-11-19T13:28:59.977+0530] {logging_mixin.py:188} INFO - [2024-11-19T13:28:59.977+0530] {dag.py:3047} INFO - Sync 1 DAGs
[2024-11-19T13:29:00.003+0530] {logging_mixin.py:188} INFO - [2024-11-19T13:29:00.002+0530] {dag.py:3834} INFO - Setting next_dagrun for example_branch_labels to 2024-11-18 00:00:00+00:00, run_after=2024-11-19 00:00:00+00:00
[2024-11-19T13:29:00.032+0530] {processor.py:183} INFO - Processing /home/sigmoid/Desktop/Personal_Ml/airflow_poc/airflow_env/lib/python3.8/site-packages/airflow/example_dags/example_branch_labels.py took 0.094 seconds
[2024-11-19T13:30:19.578+0530] {processor.py:161} INFO - Started process (PID=36410) to work on /home/sigmoid/Desktop/Personal_Ml/airflow_poc/airflow_env/lib/python3.8/site-packages/airflow/example_dags/example_branch_labels.py
[2024-11-19T13:30:19.580+0530] {processor.py:830} INFO - Processing file /home/sigmoid/Desktop/Personal_Ml/airflow_poc/airflow_env/lib/python3.8/site-packages/airflow/example_dags/example_branch_labels.py for tasks to queue
[2024-11-19T13:30:19.581+0530] {logging_mixin.py:188} INFO - [2024-11-19T13:30:19.581+0530] {dagbag.py:540} INFO - Filling up the DagBag from /home/sigmoid/Desktop/Personal_Ml/airflow_poc/airflow_env/lib/python3.8/site-packages/airflow/example_dags/example_branch_labels.py
[2024-11-19T13:30:19.590+0530] {processor.py:840} INFO - DAG(s) 'example_branch_labels' retrieved from /home/sigmoid/Desktop/Personal_Ml/airflow_poc/airflow_env/lib/python3.8/site-packages/airflow/example_dags/example_branch_labels.py
[2024-11-19T13:30:19.615+0530] {logging_mixin.py:188} INFO - [2024-11-19T13:30:19.615+0530] {dag.py:3047} INFO - Sync 1 DAGs
[2024-11-19T13:30:19.640+0530] {logging_mixin.py:188} INFO - [2024-11-19T13:30:19.640+0530] {dag.py:3834} INFO - Setting next_dagrun for example_branch_labels to 2024-11-18 00:00:00+00:00, run_after=2024-11-19 00:00:00+00:00
[2024-11-19T13:30:19.674+0530] {processor.py:183} INFO - Processing /home/sigmoid/Desktop/Personal_Ml/airflow_poc/airflow_env/lib/python3.8/site-packages/airflow/example_dags/example_branch_labels.py took 0.101 seconds
[2024-11-19T13:31:14.826+0530] {processor.py:161} INFO - Started process (PID=36486) to work on /home/sigmoid/Desktop/Personal_Ml/airflow_poc/airflow_env/lib/python3.8/site-packages/airflow/example_dags/example_branch_labels.py
[2024-11-19T13:31:14.828+0530] {processor.py:830} INFO - Processing file /home/sigmoid/Desktop/Personal_Ml/airflow_poc/airflow_env/lib/python3.8/site-packages/airflow/example_dags/example_branch_labels.py for tasks to queue
[2024-11-19T13:31:14.829+0530] {logging_mixin.py:188} INFO - [2024-11-19T13:31:14.828+0530] {dagbag.py:540} INFO - Filling up the DagBag from /home/sigmoid/Desktop/Personal_Ml/airflow_poc/airflow_env/lib/python3.8/site-packages/airflow/example_dags/example_branch_labels.py
[2024-11-19T13:31:14.837+0530] {processor.py:840} INFO - DAG(s) 'example_branch_labels' retrieved from /home/sigmoid/Desktop/Personal_Ml/airflow_poc/airflow_env/lib/python3.8/site-packages/airflow/example_dags/example_branch_labels.py
[2024-11-19T13:31:14.855+0530] {logging_mixin.py:188} INFO - [2024-11-19T13:31:14.854+0530] {dag.py:3047} INFO - Sync 1 DAGs
[2024-11-19T13:31:14.876+0530] {logging_mixin.py:188} INFO - [2024-11-19T13:31:14.876+0530] {dag.py:3834} INFO - Setting next_dagrun for example_branch_labels to 2024-11-18 00:00:00+00:00, run_after=2024-11-19 00:00:00+00:00
[2024-11-19T13:31:14.906+0530] {processor.py:183} INFO - Processing /home/sigmoid/Desktop/Personal_Ml/airflow_poc/airflow_env/lib/python3.8/site-packages/airflow/example_dags/example_branch_labels.py took 0.083 seconds
[2024-11-19T13:32:17.962+0530] {processor.py:161} INFO - Started process (PID=36823) to work on /home/sigmoid/Desktop/Personal_Ml/airflow_poc/airflow_env/lib/python3.8/site-packages/airflow/example_dags/example_branch_labels.py
[2024-11-19T13:32:17.963+0530] {processor.py:830} INFO - Processing file /home/sigmoid/Desktop/Personal_Ml/airflow_poc/airflow_env/lib/python3.8/site-packages/airflow/example_dags/example_branch_labels.py for tasks to queue
[2024-11-19T13:32:17.964+0530] {logging_mixin.py:188} INFO - [2024-11-19T13:32:17.964+0530] {dagbag.py:540} INFO - Filling up the DagBag from /home/sigmoid/Desktop/Personal_Ml/airflow_poc/airflow_env/lib/python3.8/site-packages/airflow/example_dags/example_branch_labels.py
[2024-11-19T13:32:17.973+0530] {processor.py:840} INFO - DAG(s) 'example_branch_labels' retrieved from /home/sigmoid/Desktop/Personal_Ml/airflow_poc/airflow_env/lib/python3.8/site-packages/airflow/example_dags/example_branch_labels.py
[2024-11-19T13:32:17.991+0530] {logging_mixin.py:188} INFO - [2024-11-19T13:32:17.990+0530] {dag.py:3047} INFO - Sync 1 DAGs
[2024-11-19T13:32:18.012+0530] {logging_mixin.py:188} INFO - [2024-11-19T13:32:18.012+0530] {dag.py:3834} INFO - Setting next_dagrun for example_branch_labels to 2024-11-18 00:00:00+00:00, run_after=2024-11-19 00:00:00+00:00
[2024-11-19T13:32:18.032+0530] {processor.py:183} INFO - Processing /home/sigmoid/Desktop/Personal_Ml/airflow_poc/airflow_env/lib/python3.8/site-packages/airflow/example_dags/example_branch_labels.py took 0.073 seconds
[2024-11-19T13:33:17.020+0530] {processor.py:161} INFO - Started process (PID=36901) to work on /home/sigmoid/Desktop/Personal_Ml/airflow_poc/airflow_env/lib/python3.8/site-packages/airflow/example_dags/example_branch_labels.py
[2024-11-19T13:33:17.021+0530] {processor.py:830} INFO - Processing file /home/sigmoid/Desktop/Personal_Ml/airflow_poc/airflow_env/lib/python3.8/site-packages/airflow/example_dags/example_branch_labels.py for tasks to queue
[2024-11-19T13:33:17.022+0530] {logging_mixin.py:188} INFO - [2024-11-19T13:33:17.021+0530] {dagbag.py:540} INFO - Filling up the DagBag from /home/sigmoid/Desktop/Personal_Ml/airflow_poc/airflow_env/lib/python3.8/site-packages/airflow/example_dags/example_branch_labels.py
[2024-11-19T13:33:17.030+0530] {processor.py:840} INFO - DAG(s) 'example_branch_labels' retrieved from /home/sigmoid/Desktop/Personal_Ml/airflow_poc/airflow_env/lib/python3.8/site-packages/airflow/example_dags/example_branch_labels.py
[2024-11-19T13:33:17.047+0530] {logging_mixin.py:188} INFO - [2024-11-19T13:33:17.047+0530] {dag.py:3047} INFO - Sync 1 DAGs
[2024-11-19T13:33:17.068+0530] {logging_mixin.py:188} INFO - [2024-11-19T13:33:17.068+0530] {dag.py:3834} INFO - Setting next_dagrun for example_branch_labels to 2024-11-18 00:00:00+00:00, run_after=2024-11-19 00:00:00+00:00
[2024-11-19T13:33:17.088+0530] {processor.py:183} INFO - Processing /home/sigmoid/Desktop/Personal_Ml/airflow_poc/airflow_env/lib/python3.8/site-packages/airflow/example_dags/example_branch_labels.py took 0.071 seconds
[2024-11-19T13:41:55.463+0530] {processor.py:161} INFO - Started process (PID=37281) to work on /home/sigmoid/Desktop/Personal_Ml/airflow_poc/airflow_env/lib/python3.8/site-packages/airflow/example_dags/example_branch_labels.py
[2024-11-19T13:41:55.464+0530] {processor.py:830} INFO - Processing file /home/sigmoid/Desktop/Personal_Ml/airflow_poc/airflow_env/lib/python3.8/site-packages/airflow/example_dags/example_branch_labels.py for tasks to queue
[2024-11-19T13:41:55.465+0530] {logging_mixin.py:188} INFO - [2024-11-19T13:41:55.464+0530] {dagbag.py:540} INFO - Filling up the DagBag from /home/sigmoid/Desktop/Personal_Ml/airflow_poc/airflow_env/lib/python3.8/site-packages/airflow/example_dags/example_branch_labels.py
[2024-11-19T13:41:55.473+0530] {processor.py:840} INFO - DAG(s) 'example_branch_labels' retrieved from /home/sigmoid/Desktop/Personal_Ml/airflow_poc/airflow_env/lib/python3.8/site-packages/airflow/example_dags/example_branch_labels.py
[2024-11-19T13:41:55.490+0530] {logging_mixin.py:188} INFO - [2024-11-19T13:41:55.490+0530] {dag.py:3047} INFO - Sync 1 DAGs
[2024-11-19T13:41:55.512+0530] {logging_mixin.py:188} INFO - [2024-11-19T13:41:55.511+0530] {dag.py:3834} INFO - Setting next_dagrun for example_branch_labels to 2024-11-18 00:00:00+00:00, run_after=2024-11-19 00:00:00+00:00
[2024-11-19T13:41:55.533+0530] {processor.py:183} INFO - Processing /home/sigmoid/Desktop/Personal_Ml/airflow_poc/airflow_env/lib/python3.8/site-packages/airflow/example_dags/example_branch_labels.py took 0.074 seconds
[2024-11-19T13:42:57.519+0530] {processor.py:161} INFO - Started process (PID=37359) to work on /home/sigmoid/Desktop/Personal_Ml/airflow_poc/airflow_env/lib/python3.8/site-packages/airflow/example_dags/example_branch_labels.py
[2024-11-19T13:42:57.520+0530] {processor.py:830} INFO - Processing file /home/sigmoid/Desktop/Personal_Ml/airflow_poc/airflow_env/lib/python3.8/site-packages/airflow/example_dags/example_branch_labels.py for tasks to queue
[2024-11-19T13:42:57.521+0530] {logging_mixin.py:188} INFO - [2024-11-19T13:42:57.521+0530] {dagbag.py:540} INFO - Filling up the DagBag from /home/sigmoid/Desktop/Personal_Ml/airflow_poc/airflow_env/lib/python3.8/site-packages/airflow/example_dags/example_branch_labels.py
[2024-11-19T13:42:57.530+0530] {processor.py:840} INFO - DAG(s) 'example_branch_labels' retrieved from /home/sigmoid/Desktop/Personal_Ml/airflow_poc/airflow_env/lib/python3.8/site-packages/airflow/example_dags/example_branch_labels.py
[2024-11-19T13:42:57.547+0530] {logging_mixin.py:188} INFO - [2024-11-19T13:42:57.547+0530] {dag.py:3047} INFO - Sync 1 DAGs
[2024-11-19T13:42:57.569+0530] {logging_mixin.py:188} INFO - [2024-11-19T13:42:57.569+0530] {dag.py:3834} INFO - Setting next_dagrun for example_branch_labels to 2024-11-18 00:00:00+00:00, run_after=2024-11-19 00:00:00+00:00
[2024-11-19T13:42:57.598+0530] {processor.py:183} INFO - Processing /home/sigmoid/Desktop/Personal_Ml/airflow_poc/airflow_env/lib/python3.8/site-packages/airflow/example_dags/example_branch_labels.py took 0.082 seconds
[2024-11-19T13:44:03.204+0530] {processor.py:161} INFO - Started process (PID=37434) to work on /home/sigmoid/Desktop/Personal_Ml/airflow_poc/airflow_env/lib/python3.8/site-packages/airflow/example_dags/example_branch_labels.py
[2024-11-19T13:44:03.205+0530] {processor.py:830} INFO - Processing file /home/sigmoid/Desktop/Personal_Ml/airflow_poc/airflow_env/lib/python3.8/site-packages/airflow/example_dags/example_branch_labels.py for tasks to queue
[2024-11-19T13:44:03.206+0530] {logging_mixin.py:188} INFO - [2024-11-19T13:44:03.206+0530] {dagbag.py:540} INFO - Filling up the DagBag from /home/sigmoid/Desktop/Personal_Ml/airflow_poc/airflow_env/lib/python3.8/site-packages/airflow/example_dags/example_branch_labels.py
[2024-11-19T13:44:03.214+0530] {processor.py:840} INFO - DAG(s) 'example_branch_labels' retrieved from /home/sigmoid/Desktop/Personal_Ml/airflow_poc/airflow_env/lib/python3.8/site-packages/airflow/example_dags/example_branch_labels.py
[2024-11-19T13:44:03.232+0530] {logging_mixin.py:188} INFO - [2024-11-19T13:44:03.232+0530] {dag.py:3047} INFO - Sync 1 DAGs
[2024-11-19T13:44:03.254+0530] {logging_mixin.py:188} INFO - [2024-11-19T13:44:03.253+0530] {dag.py:3834} INFO - Setting next_dagrun for example_branch_labels to 2024-11-18 00:00:00+00:00, run_after=2024-11-19 00:00:00+00:00
[2024-11-19T13:44:03.273+0530] {processor.py:183} INFO - Processing /home/sigmoid/Desktop/Personal_Ml/airflow_poc/airflow_env/lib/python3.8/site-packages/airflow/example_dags/example_branch_labels.py took 0.072 seconds
[2024-11-19T13:45:04.235+0530] {processor.py:161} INFO - Started process (PID=37512) to work on /home/sigmoid/Desktop/Personal_Ml/airflow_poc/airflow_env/lib/python3.8/site-packages/airflow/example_dags/example_branch_labels.py
[2024-11-19T13:45:04.236+0530] {processor.py:830} INFO - Processing file /home/sigmoid/Desktop/Personal_Ml/airflow_poc/airflow_env/lib/python3.8/site-packages/airflow/example_dags/example_branch_labels.py for tasks to queue
[2024-11-19T13:45:04.237+0530] {logging_mixin.py:188} INFO - [2024-11-19T13:45:04.236+0530] {dagbag.py:540} INFO - Filling up the DagBag from /home/sigmoid/Desktop/Personal_Ml/airflow_poc/airflow_env/lib/python3.8/site-packages/airflow/example_dags/example_branch_labels.py
[2024-11-19T13:45:04.245+0530] {processor.py:840} INFO - DAG(s) 'example_branch_labels' retrieved from /home/sigmoid/Desktop/Personal_Ml/airflow_poc/airflow_env/lib/python3.8/site-packages/airflow/example_dags/example_branch_labels.py
[2024-11-19T13:45:04.262+0530] {logging_mixin.py:188} INFO - [2024-11-19T13:45:04.262+0530] {dag.py:3047} INFO - Sync 1 DAGs
[2024-11-19T13:45:04.284+0530] {logging_mixin.py:188} INFO - [2024-11-19T13:45:04.284+0530] {dag.py:3834} INFO - Setting next_dagrun for example_branch_labels to 2024-11-18 00:00:00+00:00, run_after=2024-11-19 00:00:00+00:00
[2024-11-19T13:45:04.304+0530] {processor.py:183} INFO - Processing /home/sigmoid/Desktop/Personal_Ml/airflow_poc/airflow_env/lib/python3.8/site-packages/airflow/example_dags/example_branch_labels.py took 0.072 seconds
[2024-11-19T13:46:08.394+0530] {processor.py:161} INFO - Started process (PID=37585) to work on /home/sigmoid/Desktop/Personal_Ml/airflow_poc/airflow_env/lib/python3.8/site-packages/airflow/example_dags/example_branch_labels.py
[2024-11-19T13:46:08.396+0530] {processor.py:830} INFO - Processing file /home/sigmoid/Desktop/Personal_Ml/airflow_poc/airflow_env/lib/python3.8/site-packages/airflow/example_dags/example_branch_labels.py for tasks to queue
[2024-11-19T13:46:08.397+0530] {logging_mixin.py:188} INFO - [2024-11-19T13:46:08.397+0530] {dagbag.py:540} INFO - Filling up the DagBag from /home/sigmoid/Desktop/Personal_Ml/airflow_poc/airflow_env/lib/python3.8/site-packages/airflow/example_dags/example_branch_labels.py
[2024-11-19T13:46:08.406+0530] {processor.py:840} INFO - DAG(s) 'example_branch_labels' retrieved from /home/sigmoid/Desktop/Personal_Ml/airflow_poc/airflow_env/lib/python3.8/site-packages/airflow/example_dags/example_branch_labels.py
[2024-11-19T13:46:08.426+0530] {logging_mixin.py:188} INFO - [2024-11-19T13:46:08.426+0530] {dag.py:3047} INFO - Sync 1 DAGs
[2024-11-19T13:46:08.448+0530] {logging_mixin.py:188} INFO - [2024-11-19T13:46:08.448+0530] {dag.py:3834} INFO - Setting next_dagrun for example_branch_labels to 2024-11-18 00:00:00+00:00, run_after=2024-11-19 00:00:00+00:00
[2024-11-19T13:46:08.468+0530] {processor.py:183} INFO - Processing /home/sigmoid/Desktop/Personal_Ml/airflow_poc/airflow_env/lib/python3.8/site-packages/airflow/example_dags/example_branch_labels.py took 0.079 seconds
[2024-11-19T13:47:12.387+0530] {processor.py:161} INFO - Started process (PID=37920) to work on /home/sigmoid/Desktop/Personal_Ml/airflow_poc/airflow_env/lib/python3.8/site-packages/airflow/example_dags/example_branch_labels.py
[2024-11-19T13:47:12.388+0530] {processor.py:830} INFO - Processing file /home/sigmoid/Desktop/Personal_Ml/airflow_poc/airflow_env/lib/python3.8/site-packages/airflow/example_dags/example_branch_labels.py for tasks to queue
[2024-11-19T13:47:12.389+0530] {logging_mixin.py:188} INFO - [2024-11-19T13:47:12.388+0530] {dagbag.py:540} INFO - Filling up the DagBag from /home/sigmoid/Desktop/Personal_Ml/airflow_poc/airflow_env/lib/python3.8/site-packages/airflow/example_dags/example_branch_labels.py
[2024-11-19T13:47:12.399+0530] {processor.py:840} INFO - DAG(s) 'example_branch_labels' retrieved from /home/sigmoid/Desktop/Personal_Ml/airflow_poc/airflow_env/lib/python3.8/site-packages/airflow/example_dags/example_branch_labels.py
[2024-11-19T13:47:12.418+0530] {logging_mixin.py:188} INFO - [2024-11-19T13:47:12.418+0530] {dag.py:3047} INFO - Sync 1 DAGs
[2024-11-19T13:47:12.440+0530] {logging_mixin.py:188} INFO - [2024-11-19T13:47:12.440+0530] {dag.py:3834} INFO - Setting next_dagrun for example_branch_labels to 2024-11-18 00:00:00+00:00, run_after=2024-11-19 00:00:00+00:00
[2024-11-19T13:47:12.460+0530] {processor.py:183} INFO - Processing /home/sigmoid/Desktop/Personal_Ml/airflow_poc/airflow_env/lib/python3.8/site-packages/airflow/example_dags/example_branch_labels.py took 0.076 seconds
[2024-11-19T13:48:12.127+0530] {processor.py:161} INFO - Started process (PID=37992) to work on /home/sigmoid/Desktop/Personal_Ml/airflow_poc/airflow_env/lib/python3.8/site-packages/airflow/example_dags/example_branch_labels.py
[2024-11-19T13:48:12.128+0530] {processor.py:830} INFO - Processing file /home/sigmoid/Desktop/Personal_Ml/airflow_poc/airflow_env/lib/python3.8/site-packages/airflow/example_dags/example_branch_labels.py for tasks to queue
[2024-11-19T13:48:12.129+0530] {logging_mixin.py:188} INFO - [2024-11-19T13:48:12.129+0530] {dagbag.py:540} INFO - Filling up the DagBag from /home/sigmoid/Desktop/Personal_Ml/airflow_poc/airflow_env/lib/python3.8/site-packages/airflow/example_dags/example_branch_labels.py
[2024-11-19T13:48:12.137+0530] {processor.py:840} INFO - DAG(s) 'example_branch_labels' retrieved from /home/sigmoid/Desktop/Personal_Ml/airflow_poc/airflow_env/lib/python3.8/site-packages/airflow/example_dags/example_branch_labels.py
[2024-11-19T13:48:12.155+0530] {logging_mixin.py:188} INFO - [2024-11-19T13:48:12.155+0530] {dag.py:3047} INFO - Sync 1 DAGs
[2024-11-19T13:48:12.178+0530] {logging_mixin.py:188} INFO - [2024-11-19T13:48:12.177+0530] {dag.py:3834} INFO - Setting next_dagrun for example_branch_labels to 2024-11-18 00:00:00+00:00, run_after=2024-11-19 00:00:00+00:00
[2024-11-19T13:48:12.198+0530] {processor.py:183} INFO - Processing /home/sigmoid/Desktop/Personal_Ml/airflow_poc/airflow_env/lib/python3.8/site-packages/airflow/example_dags/example_branch_labels.py took 0.074 seconds
[2024-11-19T13:49:12.262+0530] {processor.py:161} INFO - Started process (PID=38068) to work on /home/sigmoid/Desktop/Personal_Ml/airflow_poc/airflow_env/lib/python3.8/site-packages/airflow/example_dags/example_branch_labels.py
[2024-11-19T13:49:12.264+0530] {processor.py:830} INFO - Processing file /home/sigmoid/Desktop/Personal_Ml/airflow_poc/airflow_env/lib/python3.8/site-packages/airflow/example_dags/example_branch_labels.py for tasks to queue
[2024-11-19T13:49:12.265+0530] {logging_mixin.py:188} INFO - [2024-11-19T13:49:12.264+0530] {dagbag.py:540} INFO - Filling up the DagBag from /home/sigmoid/Desktop/Personal_Ml/airflow_poc/airflow_env/lib/python3.8/site-packages/airflow/example_dags/example_branch_labels.py
[2024-11-19T13:49:12.273+0530] {processor.py:840} INFO - DAG(s) 'example_branch_labels' retrieved from /home/sigmoid/Desktop/Personal_Ml/airflow_poc/airflow_env/lib/python3.8/site-packages/airflow/example_dags/example_branch_labels.py
[2024-11-19T13:49:12.290+0530] {logging_mixin.py:188} INFO - [2024-11-19T13:49:12.290+0530] {dag.py:3047} INFO - Sync 1 DAGs
[2024-11-19T13:49:12.312+0530] {logging_mixin.py:188} INFO - [2024-11-19T13:49:12.311+0530] {dag.py:3834} INFO - Setting next_dagrun for example_branch_labels to 2024-11-18 00:00:00+00:00, run_after=2024-11-19 00:00:00+00:00
[2024-11-19T13:49:12.332+0530] {processor.py:183} INFO - Processing /home/sigmoid/Desktop/Personal_Ml/airflow_poc/airflow_env/lib/python3.8/site-packages/airflow/example_dags/example_branch_labels.py took 0.073 seconds
[2024-11-19T13:50:07.584+0530] {processor.py:161} INFO - Started process (PID=38135) to work on /home/sigmoid/Desktop/Personal_Ml/airflow_poc/airflow_env/lib/python3.8/site-packages/airflow/example_dags/example_branch_labels.py
[2024-11-19T13:50:07.586+0530] {processor.py:830} INFO - Processing file /home/sigmoid/Desktop/Personal_Ml/airflow_poc/airflow_env/lib/python3.8/site-packages/airflow/example_dags/example_branch_labels.py for tasks to queue
[2024-11-19T13:50:07.587+0530] {logging_mixin.py:188} INFO - [2024-11-19T13:50:07.586+0530] {dagbag.py:540} INFO - Filling up the DagBag from /home/sigmoid/Desktop/Personal_Ml/airflow_poc/airflow_env/lib/python3.8/site-packages/airflow/example_dags/example_branch_labels.py
[2024-11-19T13:50:07.595+0530] {processor.py:840} INFO - DAG(s) 'example_branch_labels' retrieved from /home/sigmoid/Desktop/Personal_Ml/airflow_poc/airflow_env/lib/python3.8/site-packages/airflow/example_dags/example_branch_labels.py
[2024-11-19T13:50:07.612+0530] {logging_mixin.py:188} INFO - [2024-11-19T13:50:07.612+0530] {dag.py:3047} INFO - Sync 1 DAGs
[2024-11-19T13:50:07.633+0530] {logging_mixin.py:188} INFO - [2024-11-19T13:50:07.633+0530] {dag.py:3834} INFO - Setting next_dagrun for example_branch_labels to 2024-11-18 00:00:00+00:00, run_after=2024-11-19 00:00:00+00:00
[2024-11-19T13:50:07.654+0530] {processor.py:183} INFO - Processing /home/sigmoid/Desktop/Personal_Ml/airflow_poc/airflow_env/lib/python3.8/site-packages/airflow/example_dags/example_branch_labels.py took 0.073 seconds
[2024-11-19T13:51:10.384+0530] {processor.py:161} INFO - Started process (PID=38211) to work on /home/sigmoid/Desktop/Personal_Ml/airflow_poc/airflow_env/lib/python3.8/site-packages/airflow/example_dags/example_branch_labels.py
[2024-11-19T13:51:10.385+0530] {processor.py:830} INFO - Processing file /home/sigmoid/Desktop/Personal_Ml/airflow_poc/airflow_env/lib/python3.8/site-packages/airflow/example_dags/example_branch_labels.py for tasks to queue
[2024-11-19T13:51:10.386+0530] {logging_mixin.py:188} INFO - [2024-11-19T13:51:10.386+0530] {dagbag.py:540} INFO - Filling up the DagBag from /home/sigmoid/Desktop/Personal_Ml/airflow_poc/airflow_env/lib/python3.8/site-packages/airflow/example_dags/example_branch_labels.py
[2024-11-19T13:51:10.396+0530] {processor.py:840} INFO - DAG(s) 'example_branch_labels' retrieved from /home/sigmoid/Desktop/Personal_Ml/airflow_poc/airflow_env/lib/python3.8/site-packages/airflow/example_dags/example_branch_labels.py
[2024-11-19T13:51:10.415+0530] {logging_mixin.py:188} INFO - [2024-11-19T13:51:10.415+0530] {dag.py:3047} INFO - Sync 1 DAGs
[2024-11-19T13:51:10.436+0530] {logging_mixin.py:188} INFO - [2024-11-19T13:51:10.436+0530] {dag.py:3834} INFO - Setting next_dagrun for example_branch_labels to 2024-11-18 00:00:00+00:00, run_after=2024-11-19 00:00:00+00:00
[2024-11-19T13:51:10.456+0530] {processor.py:183} INFO - Processing /home/sigmoid/Desktop/Personal_Ml/airflow_poc/airflow_env/lib/python3.8/site-packages/airflow/example_dags/example_branch_labels.py took 0.076 seconds
[2024-11-19T13:52:11.681+0530] {processor.py:161} INFO - Started process (PID=38288) to work on /home/sigmoid/Desktop/Personal_Ml/airflow_poc/airflow_env/lib/python3.8/site-packages/airflow/example_dags/example_branch_labels.py
[2024-11-19T13:52:11.682+0530] {processor.py:830} INFO - Processing file /home/sigmoid/Desktop/Personal_Ml/airflow_poc/airflow_env/lib/python3.8/site-packages/airflow/example_dags/example_branch_labels.py for tasks to queue
[2024-11-19T13:52:11.683+0530] {logging_mixin.py:188} INFO - [2024-11-19T13:52:11.683+0530] {dagbag.py:540} INFO - Filling up the DagBag from /home/sigmoid/Desktop/Personal_Ml/airflow_poc/airflow_env/lib/python3.8/site-packages/airflow/example_dags/example_branch_labels.py
[2024-11-19T13:52:11.691+0530] {processor.py:840} INFO - DAG(s) 'example_branch_labels' retrieved from /home/sigmoid/Desktop/Personal_Ml/airflow_poc/airflow_env/lib/python3.8/site-packages/airflow/example_dags/example_branch_labels.py
[2024-11-19T13:52:11.709+0530] {logging_mixin.py:188} INFO - [2024-11-19T13:52:11.709+0530] {dag.py:3047} INFO - Sync 1 DAGs
[2024-11-19T13:52:11.732+0530] {logging_mixin.py:188} INFO - [2024-11-19T13:52:11.731+0530] {dag.py:3834} INFO - Setting next_dagrun for example_branch_labels to 2024-11-18 00:00:00+00:00, run_after=2024-11-19 00:00:00+00:00
[2024-11-19T13:52:11.753+0530] {processor.py:183} INFO - Processing /home/sigmoid/Desktop/Personal_Ml/airflow_poc/airflow_env/lib/python3.8/site-packages/airflow/example_dags/example_branch_labels.py took 0.075 seconds
[2024-11-19T13:53:13.324+0530] {processor.py:161} INFO - Started process (PID=38365) to work on /home/sigmoid/Desktop/Personal_Ml/airflow_poc/airflow_env/lib/python3.8/site-packages/airflow/example_dags/example_branch_labels.py
[2024-11-19T13:53:13.325+0530] {processor.py:830} INFO - Processing file /home/sigmoid/Desktop/Personal_Ml/airflow_poc/airflow_env/lib/python3.8/site-packages/airflow/example_dags/example_branch_labels.py for tasks to queue
[2024-11-19T13:53:13.326+0530] {logging_mixin.py:188} INFO - [2024-11-19T13:53:13.326+0530] {dagbag.py:540} INFO - Filling up the DagBag from /home/sigmoid/Desktop/Personal_Ml/airflow_poc/airflow_env/lib/python3.8/site-packages/airflow/example_dags/example_branch_labels.py
[2024-11-19T13:53:13.334+0530] {processor.py:840} INFO - DAG(s) 'example_branch_labels' retrieved from /home/sigmoid/Desktop/Personal_Ml/airflow_poc/airflow_env/lib/python3.8/site-packages/airflow/example_dags/example_branch_labels.py
[2024-11-19T13:53:13.352+0530] {logging_mixin.py:188} INFO - [2024-11-19T13:53:13.352+0530] {dag.py:3047} INFO - Sync 1 DAGs
[2024-11-19T13:53:13.374+0530] {logging_mixin.py:188} INFO - [2024-11-19T13:53:13.373+0530] {dag.py:3834} INFO - Setting next_dagrun for example_branch_labels to 2024-11-18 00:00:00+00:00, run_after=2024-11-19 00:00:00+00:00
[2024-11-19T13:53:13.395+0530] {processor.py:183} INFO - Processing /home/sigmoid/Desktop/Personal_Ml/airflow_poc/airflow_env/lib/python3.8/site-packages/airflow/example_dags/example_branch_labels.py took 0.074 seconds
[2024-11-19T14:30:58.388+0530] {processor.py:161} INFO - Started process (PID=54666) to work on /home/sigmoid/Desktop/Personal_Ml/airflow_poc/airflow_env/lib/python3.8/site-packages/airflow/example_dags/example_branch_labels.py
[2024-11-19T14:30:58.389+0530] {processor.py:830} INFO - Processing file /home/sigmoid/Desktop/Personal_Ml/airflow_poc/airflow_env/lib/python3.8/site-packages/airflow/example_dags/example_branch_labels.py for tasks to queue
[2024-11-19T14:30:58.390+0530] {logging_mixin.py:188} INFO - [2024-11-19T14:30:58.390+0530] {dagbag.py:540} INFO - Filling up the DagBag from /home/sigmoid/Desktop/Personal_Ml/airflow_poc/airflow_env/lib/python3.8/site-packages/airflow/example_dags/example_branch_labels.py
[2024-11-19T14:30:58.398+0530] {processor.py:840} INFO - DAG(s) 'example_branch_labels' retrieved from /home/sigmoid/Desktop/Personal_Ml/airflow_poc/airflow_env/lib/python3.8/site-packages/airflow/example_dags/example_branch_labels.py
[2024-11-19T14:30:58.416+0530] {logging_mixin.py:188} INFO - [2024-11-19T14:30:58.416+0530] {dag.py:3047} INFO - Sync 1 DAGs
[2024-11-19T14:30:58.438+0530] {logging_mixin.py:188} INFO - [2024-11-19T14:30:58.437+0530] {dag.py:3834} INFO - Setting next_dagrun for example_branch_labels to 2024-11-18 00:00:00+00:00, run_after=2024-11-19 00:00:00+00:00
[2024-11-19T14:30:58.467+0530] {processor.py:183} INFO - Processing /home/sigmoid/Desktop/Personal_Ml/airflow_poc/airflow_env/lib/python3.8/site-packages/airflow/example_dags/example_branch_labels.py took 0.082 seconds
[2024-11-19T14:32:07.288+0530] {processor.py:161} INFO - Started process (PID=55050) to work on /home/sigmoid/Desktop/Personal_Ml/airflow_poc/airflow_env/lib/python3.8/site-packages/airflow/example_dags/example_branch_labels.py
[2024-11-19T14:32:07.289+0530] {processor.py:830} INFO - Processing file /home/sigmoid/Desktop/Personal_Ml/airflow_poc/airflow_env/lib/python3.8/site-packages/airflow/example_dags/example_branch_labels.py for tasks to queue
[2024-11-19T14:32:07.290+0530] {logging_mixin.py:188} INFO - [2024-11-19T14:32:07.290+0530] {dagbag.py:540} INFO - Filling up the DagBag from /home/sigmoid/Desktop/Personal_Ml/airflow_poc/airflow_env/lib/python3.8/site-packages/airflow/example_dags/example_branch_labels.py
[2024-11-19T14:32:07.298+0530] {processor.py:840} INFO - DAG(s) 'example_branch_labels' retrieved from /home/sigmoid/Desktop/Personal_Ml/airflow_poc/airflow_env/lib/python3.8/site-packages/airflow/example_dags/example_branch_labels.py
[2024-11-19T14:32:07.316+0530] {logging_mixin.py:188} INFO - [2024-11-19T14:32:07.316+0530] {dag.py:3047} INFO - Sync 1 DAGs
[2024-11-19T14:32:07.338+0530] {logging_mixin.py:188} INFO - [2024-11-19T14:32:07.337+0530] {dag.py:3834} INFO - Setting next_dagrun for example_branch_labels to 2024-11-18 00:00:00+00:00, run_after=2024-11-19 00:00:00+00:00
[2024-11-19T14:32:07.358+0530] {processor.py:183} INFO - Processing /home/sigmoid/Desktop/Personal_Ml/airflow_poc/airflow_env/lib/python3.8/site-packages/airflow/example_dags/example_branch_labels.py took 0.074 seconds
[2024-11-19T14:33:09.713+0530] {processor.py:161} INFO - Started process (PID=55126) to work on /home/sigmoid/Desktop/Personal_Ml/airflow_poc/airflow_env/lib/python3.8/site-packages/airflow/example_dags/example_branch_labels.py
[2024-11-19T14:33:09.715+0530] {processor.py:830} INFO - Processing file /home/sigmoid/Desktop/Personal_Ml/airflow_poc/airflow_env/lib/python3.8/site-packages/airflow/example_dags/example_branch_labels.py for tasks to queue
[2024-11-19T14:33:09.717+0530] {logging_mixin.py:188} INFO - [2024-11-19T14:33:09.716+0530] {dagbag.py:540} INFO - Filling up the DagBag from /home/sigmoid/Desktop/Personal_Ml/airflow_poc/airflow_env/lib/python3.8/site-packages/airflow/example_dags/example_branch_labels.py
[2024-11-19T14:33:09.736+0530] {processor.py:840} INFO - DAG(s) 'example_branch_labels' retrieved from /home/sigmoid/Desktop/Personal_Ml/airflow_poc/airflow_env/lib/python3.8/site-packages/airflow/example_dags/example_branch_labels.py
[2024-11-19T14:33:09.778+0530] {logging_mixin.py:188} INFO - [2024-11-19T14:33:09.777+0530] {dag.py:3047} INFO - Sync 1 DAGs
[2024-11-19T14:33:09.827+0530] {logging_mixin.py:188} INFO - [2024-11-19T14:33:09.827+0530] {dag.py:3834} INFO - Setting next_dagrun for example_branch_labels to 2024-11-18 00:00:00+00:00, run_after=2024-11-19 00:00:00+00:00
[2024-11-19T14:33:09.869+0530] {processor.py:183} INFO - Processing /home/sigmoid/Desktop/Personal_Ml/airflow_poc/airflow_env/lib/python3.8/site-packages/airflow/example_dags/example_branch_labels.py took 0.160 seconds
[2024-11-19T14:34:14.966+0530] {processor.py:161} INFO - Started process (PID=55209) to work on /home/sigmoid/Desktop/Personal_Ml/airflow_poc/airflow_env/lib/python3.8/site-packages/airflow/example_dags/example_branch_labels.py
[2024-11-19T14:34:14.967+0530] {processor.py:830} INFO - Processing file /home/sigmoid/Desktop/Personal_Ml/airflow_poc/airflow_env/lib/python3.8/site-packages/airflow/example_dags/example_branch_labels.py for tasks to queue
[2024-11-19T14:34:14.968+0530] {logging_mixin.py:188} INFO - [2024-11-19T14:34:14.968+0530] {dagbag.py:540} INFO - Filling up the DagBag from /home/sigmoid/Desktop/Personal_Ml/airflow_poc/airflow_env/lib/python3.8/site-packages/airflow/example_dags/example_branch_labels.py
[2024-11-19T14:34:14.976+0530] {processor.py:840} INFO - DAG(s) 'example_branch_labels' retrieved from /home/sigmoid/Desktop/Personal_Ml/airflow_poc/airflow_env/lib/python3.8/site-packages/airflow/example_dags/example_branch_labels.py
[2024-11-19T14:34:14.994+0530] {logging_mixin.py:188} INFO - [2024-11-19T14:34:14.994+0530] {dag.py:3047} INFO - Sync 1 DAGs
[2024-11-19T14:34:15.015+0530] {logging_mixin.py:188} INFO - [2024-11-19T14:34:15.015+0530] {dag.py:3834} INFO - Setting next_dagrun for example_branch_labels to 2024-11-18 00:00:00+00:00, run_after=2024-11-19 00:00:00+00:00
[2024-11-19T14:34:15.045+0530] {processor.py:183} INFO - Processing /home/sigmoid/Desktop/Personal_Ml/airflow_poc/airflow_env/lib/python3.8/site-packages/airflow/example_dags/example_branch_labels.py took 0.082 seconds
[2024-11-19T14:35:21.959+0530] {processor.py:161} INFO - Started process (PID=55331) to work on /home/sigmoid/Desktop/Personal_Ml/airflow_poc/airflow_env/lib/python3.8/site-packages/airflow/example_dags/example_branch_labels.py
[2024-11-19T14:35:21.960+0530] {processor.py:830} INFO - Processing file /home/sigmoid/Desktop/Personal_Ml/airflow_poc/airflow_env/lib/python3.8/site-packages/airflow/example_dags/example_branch_labels.py for tasks to queue
[2024-11-19T14:35:21.961+0530] {logging_mixin.py:188} INFO - [2024-11-19T14:35:21.960+0530] {dagbag.py:540} INFO - Filling up the DagBag from /home/sigmoid/Desktop/Personal_Ml/airflow_poc/airflow_env/lib/python3.8/site-packages/airflow/example_dags/example_branch_labels.py
[2024-11-19T14:35:21.969+0530] {processor.py:840} INFO - DAG(s) 'example_branch_labels' retrieved from /home/sigmoid/Desktop/Personal_Ml/airflow_poc/airflow_env/lib/python3.8/site-packages/airflow/example_dags/example_branch_labels.py
[2024-11-19T14:35:21.987+0530] {logging_mixin.py:188} INFO - [2024-11-19T14:35:21.986+0530] {dag.py:3047} INFO - Sync 1 DAGs
[2024-11-19T14:35:22.008+0530] {logging_mixin.py:188} INFO - [2024-11-19T14:35:22.008+0530] {dag.py:3834} INFO - Setting next_dagrun for example_branch_labels to 2024-11-18 00:00:00+00:00, run_after=2024-11-19 00:00:00+00:00
[2024-11-19T14:35:22.030+0530] {processor.py:183} INFO - Processing /home/sigmoid/Desktop/Personal_Ml/airflow_poc/airflow_env/lib/python3.8/site-packages/airflow/example_dags/example_branch_labels.py took 0.075 seconds
[2024-11-19T14:36:25.818+0530] {processor.py:161} INFO - Started process (PID=55410) to work on /home/sigmoid/Desktop/Personal_Ml/airflow_poc/airflow_env/lib/python3.8/site-packages/airflow/example_dags/example_branch_labels.py
[2024-11-19T14:36:25.819+0530] {processor.py:830} INFO - Processing file /home/sigmoid/Desktop/Personal_Ml/airflow_poc/airflow_env/lib/python3.8/site-packages/airflow/example_dags/example_branch_labels.py for tasks to queue
[2024-11-19T14:36:25.820+0530] {logging_mixin.py:188} INFO - [2024-11-19T14:36:25.820+0530] {dagbag.py:540} INFO - Filling up the DagBag from /home/sigmoid/Desktop/Personal_Ml/airflow_poc/airflow_env/lib/python3.8/site-packages/airflow/example_dags/example_branch_labels.py
[2024-11-19T14:36:25.828+0530] {processor.py:840} INFO - DAG(s) 'example_branch_labels' retrieved from /home/sigmoid/Desktop/Personal_Ml/airflow_poc/airflow_env/lib/python3.8/site-packages/airflow/example_dags/example_branch_labels.py
[2024-11-19T14:36:25.847+0530] {logging_mixin.py:188} INFO - [2024-11-19T14:36:25.846+0530] {dag.py:3047} INFO - Sync 1 DAGs
[2024-11-19T14:36:25.868+0530] {logging_mixin.py:188} INFO - [2024-11-19T14:36:25.868+0530] {dag.py:3834} INFO - Setting next_dagrun for example_branch_labels to 2024-11-18 00:00:00+00:00, run_after=2024-11-19 00:00:00+00:00
[2024-11-19T14:36:25.898+0530] {processor.py:183} INFO - Processing /home/sigmoid/Desktop/Personal_Ml/airflow_poc/airflow_env/lib/python3.8/site-packages/airflow/example_dags/example_branch_labels.py took 0.083 seconds
[2024-11-19T14:37:33.188+0530] {processor.py:161} INFO - Started process (PID=55612) to work on /home/sigmoid/Desktop/Personal_Ml/airflow_poc/airflow_env/lib/python3.8/site-packages/airflow/example_dags/example_branch_labels.py
[2024-11-19T14:37:33.189+0530] {processor.py:830} INFO - Processing file /home/sigmoid/Desktop/Personal_Ml/airflow_poc/airflow_env/lib/python3.8/site-packages/airflow/example_dags/example_branch_labels.py for tasks to queue
[2024-11-19T14:37:33.190+0530] {logging_mixin.py:188} INFO - [2024-11-19T14:37:33.190+0530] {dagbag.py:540} INFO - Filling up the DagBag from /home/sigmoid/Desktop/Personal_Ml/airflow_poc/airflow_env/lib/python3.8/site-packages/airflow/example_dags/example_branch_labels.py
[2024-11-19T14:37:33.199+0530] {processor.py:840} INFO - DAG(s) 'example_branch_labels' retrieved from /home/sigmoid/Desktop/Personal_Ml/airflow_poc/airflow_env/lib/python3.8/site-packages/airflow/example_dags/example_branch_labels.py
[2024-11-19T14:37:33.217+0530] {logging_mixin.py:188} INFO - [2024-11-19T14:37:33.217+0530] {dag.py:3047} INFO - Sync 1 DAGs
[2024-11-19T14:37:33.240+0530] {logging_mixin.py:188} INFO - [2024-11-19T14:37:33.240+0530] {dag.py:3834} INFO - Setting next_dagrun for example_branch_labels to 2024-11-18 00:00:00+00:00, run_after=2024-11-19 00:00:00+00:00
[2024-11-19T14:37:33.260+0530] {processor.py:183} INFO - Processing /home/sigmoid/Desktop/Personal_Ml/airflow_poc/airflow_env/lib/python3.8/site-packages/airflow/example_dags/example_branch_labels.py took 0.075 seconds
