[2024-11-19T12:44:09.572+0530] {processor.py:161} INFO - Started process (PID=29777) to work on /home/sigmoid/Desktop/Personal_Ml/airflow_poc/airflow_env/lib/python3.8/site-packages/airflow/example_dags/example_latest_only.py
[2024-11-19T12:44:09.573+0530] {processor.py:830} INFO - Processing file /home/sigmoid/Desktop/Personal_Ml/airflow_poc/airflow_env/lib/python3.8/site-packages/airflow/example_dags/example_latest_only.py for tasks to queue
[2024-11-19T12:44:09.593+0530] {logging_mixin.py:188} INFO - [2024-11-19T12:44:09.574+0530] {dagbag.py:540} INFO - Filling up the DagBag from /home/sigmoid/Desktop/Personal_Ml/airflow_poc/airflow_env/lib/python3.8/site-packages/airflow/example_dags/example_latest_only.py
[2024-11-19T12:44:09.607+0530] {processor.py:840} INFO - DAG(s) 'latest_only' retrieved from /home/sigmoid/Desktop/Personal_Ml/airflow_poc/airflow_env/lib/python3.8/site-packages/airflow/example_dags/example_latest_only.py
[2024-11-19T12:44:09.976+0530] {logging_mixin.py:188} INFO - [2024-11-19T12:44:09.975+0530] {dag.py:3047} INFO - Sync 1 DAGs
[2024-11-19T12:44:10.028+0530] {logging_mixin.py:188} INFO - [2024-11-19T12:44:10.027+0530] {dag.py:3834} INFO - Setting next_dagrun for latest_only to 2024-11-19 00:00:00+00:00, run_after=2024-11-19 04:00:00+00:00
[2024-11-19T12:44:10.091+0530] {processor.py:183} INFO - Processing /home/sigmoid/Desktop/Personal_Ml/airflow_poc/airflow_env/lib/python3.8/site-packages/airflow/example_dags/example_latest_only.py took 0.549 seconds
[2024-11-19T12:45:31.529+0530] {processor.py:161} INFO - Started process (PID=29935) to work on /home/sigmoid/Desktop/Personal_Ml/airflow_poc/airflow_env/lib/python3.8/site-packages/airflow/example_dags/example_latest_only.py
[2024-11-19T12:45:31.530+0530] {processor.py:830} INFO - Processing file /home/sigmoid/Desktop/Personal_Ml/airflow_poc/airflow_env/lib/python3.8/site-packages/airflow/example_dags/example_latest_only.py for tasks to queue
[2024-11-19T12:45:31.531+0530] {logging_mixin.py:188} INFO - [2024-11-19T12:45:31.530+0530] {dagbag.py:540} INFO - Filling up the DagBag from /home/sigmoid/Desktop/Personal_Ml/airflow_poc/airflow_env/lib/python3.8/site-packages/airflow/example_dags/example_latest_only.py
[2024-11-19T12:45:31.538+0530] {processor.py:840} INFO - DAG(s) 'latest_only' retrieved from /home/sigmoid/Desktop/Personal_Ml/airflow_poc/airflow_env/lib/python3.8/site-packages/airflow/example_dags/example_latest_only.py
[2024-11-19T12:45:31.556+0530] {logging_mixin.py:188} INFO - [2024-11-19T12:45:31.556+0530] {dag.py:3047} INFO - Sync 1 DAGs
[2024-11-19T12:45:31.578+0530] {logging_mixin.py:188} INFO - [2024-11-19T12:45:31.578+0530] {dag.py:3834} INFO - Setting next_dagrun for latest_only to 2024-11-19 00:00:00+00:00, run_after=2024-11-19 04:00:00+00:00
[2024-11-19T12:45:31.603+0530] {processor.py:183} INFO - Processing /home/sigmoid/Desktop/Personal_Ml/airflow_poc/airflow_env/lib/python3.8/site-packages/airflow/example_dags/example_latest_only.py took 0.077 seconds
[2024-11-19T12:46:26.583+0530] {processor.py:161} INFO - Started process (PID=30546) to work on /home/sigmoid/Desktop/Personal_Ml/airflow_poc/airflow_env/lib/python3.8/site-packages/airflow/example_dags/example_latest_only.py
[2024-11-19T12:46:26.584+0530] {processor.py:830} INFO - Processing file /home/sigmoid/Desktop/Personal_Ml/airflow_poc/airflow_env/lib/python3.8/site-packages/airflow/example_dags/example_latest_only.py for tasks to queue
[2024-11-19T12:46:26.586+0530] {logging_mixin.py:188} INFO - [2024-11-19T12:46:26.585+0530] {dagbag.py:540} INFO - Filling up the DagBag from /home/sigmoid/Desktop/Personal_Ml/airflow_poc/airflow_env/lib/python3.8/site-packages/airflow/example_dags/example_latest_only.py
[2024-11-19T12:46:26.596+0530] {processor.py:840} INFO - DAG(s) 'latest_only' retrieved from /home/sigmoid/Desktop/Personal_Ml/airflow_poc/airflow_env/lib/python3.8/site-packages/airflow/example_dags/example_latest_only.py
[2024-11-19T12:46:26.626+0530] {logging_mixin.py:188} INFO - [2024-11-19T12:46:26.626+0530] {dag.py:3047} INFO - Sync 1 DAGs
[2024-11-19T12:46:26.667+0530] {logging_mixin.py:188} INFO - [2024-11-19T12:46:26.667+0530] {dag.py:3834} INFO - Setting next_dagrun for latest_only to 2024-11-19 00:00:00+00:00, run_after=2024-11-19 04:00:00+00:00
[2024-11-19T12:46:26.694+0530] {processor.py:183} INFO - Processing /home/sigmoid/Desktop/Personal_Ml/airflow_poc/airflow_env/lib/python3.8/site-packages/airflow/example_dags/example_latest_only.py took 0.117 seconds
[2024-11-19T12:47:37.991+0530] {processor.py:161} INFO - Started process (PID=30812) to work on /home/sigmoid/Desktop/Personal_Ml/airflow_poc/airflow_env/lib/python3.8/site-packages/airflow/example_dags/example_latest_only.py
[2024-11-19T12:47:37.992+0530] {processor.py:830} INFO - Processing file /home/sigmoid/Desktop/Personal_Ml/airflow_poc/airflow_env/lib/python3.8/site-packages/airflow/example_dags/example_latest_only.py for tasks to queue
[2024-11-19T12:47:37.993+0530] {logging_mixin.py:188} INFO - [2024-11-19T12:47:37.993+0530] {dagbag.py:540} INFO - Filling up the DagBag from /home/sigmoid/Desktop/Personal_Ml/airflow_poc/airflow_env/lib/python3.8/site-packages/airflow/example_dags/example_latest_only.py
[2024-11-19T12:47:38.000+0530] {processor.py:840} INFO - DAG(s) 'latest_only' retrieved from /home/sigmoid/Desktop/Personal_Ml/airflow_poc/airflow_env/lib/python3.8/site-packages/airflow/example_dags/example_latest_only.py
[2024-11-19T12:47:38.020+0530] {logging_mixin.py:188} INFO - [2024-11-19T12:47:38.020+0530] {dag.py:3047} INFO - Sync 1 DAGs
[2024-11-19T12:47:38.047+0530] {logging_mixin.py:188} INFO - [2024-11-19T12:47:38.047+0530] {dag.py:3834} INFO - Setting next_dagrun for latest_only to 2024-11-19 00:00:00+00:00, run_after=2024-11-19 04:00:00+00:00
[2024-11-19T12:47:38.073+0530] {processor.py:183} INFO - Processing /home/sigmoid/Desktop/Personal_Ml/airflow_poc/airflow_env/lib/python3.8/site-packages/airflow/example_dags/example_latest_only.py took 0.085 seconds
[2024-11-19T12:49:22.315+0530] {processor.py:161} INFO - Started process (PID=31068) to work on /home/sigmoid/Desktop/Personal_Ml/airflow_poc/airflow_env/lib/python3.8/site-packages/airflow/example_dags/example_latest_only.py
[2024-11-19T12:49:22.317+0530] {processor.py:830} INFO - Processing file /home/sigmoid/Desktop/Personal_Ml/airflow_poc/airflow_env/lib/python3.8/site-packages/airflow/example_dags/example_latest_only.py for tasks to queue
[2024-11-19T12:49:22.318+0530] {logging_mixin.py:188} INFO - [2024-11-19T12:49:22.318+0530] {dagbag.py:540} INFO - Filling up the DagBag from /home/sigmoid/Desktop/Personal_Ml/airflow_poc/airflow_env/lib/python3.8/site-packages/airflow/example_dags/example_latest_only.py
[2024-11-19T12:49:22.329+0530] {processor.py:840} INFO - DAG(s) 'latest_only' retrieved from /home/sigmoid/Desktop/Personal_Ml/airflow_poc/airflow_env/lib/python3.8/site-packages/airflow/example_dags/example_latest_only.py
[2024-11-19T12:49:22.360+0530] {logging_mixin.py:188} INFO - [2024-11-19T12:49:22.360+0530] {dag.py:3047} INFO - Sync 1 DAGs
[2024-11-19T12:49:22.404+0530] {logging_mixin.py:188} INFO - [2024-11-19T12:49:22.403+0530] {dag.py:3834} INFO - Setting next_dagrun for latest_only to 2024-11-19 00:00:00+00:00, run_after=2024-11-19 04:00:00+00:00
[2024-11-19T12:49:22.444+0530] {processor.py:183} INFO - Processing /home/sigmoid/Desktop/Personal_Ml/airflow_poc/airflow_env/lib/python3.8/site-packages/airflow/example_dags/example_latest_only.py took 0.135 seconds
[2024-11-19T12:50:13.971+0530] {processor.py:161} INFO - Started process (PID=31197) to work on /home/sigmoid/Desktop/Personal_Ml/airflow_poc/airflow_env/lib/python3.8/site-packages/airflow/example_dags/example_latest_only.py
[2024-11-19T12:50:13.973+0530] {processor.py:830} INFO - Processing file /home/sigmoid/Desktop/Personal_Ml/airflow_poc/airflow_env/lib/python3.8/site-packages/airflow/example_dags/example_latest_only.py for tasks to queue
[2024-11-19T12:50:13.974+0530] {logging_mixin.py:188} INFO - [2024-11-19T12:50:13.973+0530] {dagbag.py:540} INFO - Filling up the DagBag from /home/sigmoid/Desktop/Personal_Ml/airflow_poc/airflow_env/lib/python3.8/site-packages/airflow/example_dags/example_latest_only.py
[2024-11-19T12:50:13.980+0530] {processor.py:840} INFO - DAG(s) 'latest_only' retrieved from /home/sigmoid/Desktop/Personal_Ml/airflow_poc/airflow_env/lib/python3.8/site-packages/airflow/example_dags/example_latest_only.py
[2024-11-19T12:50:13.996+0530] {logging_mixin.py:188} INFO - [2024-11-19T12:50:13.996+0530] {dag.py:3047} INFO - Sync 1 DAGs
[2024-11-19T12:50:14.018+0530] {logging_mixin.py:188} INFO - [2024-11-19T12:50:14.018+0530] {dag.py:3834} INFO - Setting next_dagrun for latest_only to 2024-11-19 00:00:00+00:00, run_after=2024-11-19 04:00:00+00:00
[2024-11-19T12:50:14.041+0530] {processor.py:183} INFO - Processing /home/sigmoid/Desktop/Personal_Ml/airflow_poc/airflow_env/lib/python3.8/site-packages/airflow/example_dags/example_latest_only.py took 0.073 seconds
[2024-11-19T12:51:18.621+0530] {processor.py:161} INFO - Started process (PID=31336) to work on /home/sigmoid/Desktop/Personal_Ml/airflow_poc/airflow_env/lib/python3.8/site-packages/airflow/example_dags/example_latest_only.py
[2024-11-19T12:51:18.622+0530] {processor.py:830} INFO - Processing file /home/sigmoid/Desktop/Personal_Ml/airflow_poc/airflow_env/lib/python3.8/site-packages/airflow/example_dags/example_latest_only.py for tasks to queue
[2024-11-19T12:51:18.623+0530] {logging_mixin.py:188} INFO - [2024-11-19T12:51:18.623+0530] {dagbag.py:540} INFO - Filling up the DagBag from /home/sigmoid/Desktop/Personal_Ml/airflow_poc/airflow_env/lib/python3.8/site-packages/airflow/example_dags/example_latest_only.py
[2024-11-19T12:51:18.631+0530] {processor.py:840} INFO - DAG(s) 'latest_only' retrieved from /home/sigmoid/Desktop/Personal_Ml/airflow_poc/airflow_env/lib/python3.8/site-packages/airflow/example_dags/example_latest_only.py
[2024-11-19T12:51:18.651+0530] {logging_mixin.py:188} INFO - [2024-11-19T12:51:18.651+0530] {dag.py:3047} INFO - Sync 1 DAGs
[2024-11-19T12:51:18.691+0530] {logging_mixin.py:188} INFO - [2024-11-19T12:51:18.691+0530] {dag.py:3834} INFO - Setting next_dagrun for latest_only to 2024-11-19 00:00:00+00:00, run_after=2024-11-19 04:00:00+00:00
[2024-11-19T12:51:18.735+0530] {processor.py:183} INFO - Processing /home/sigmoid/Desktop/Personal_Ml/airflow_poc/airflow_env/lib/python3.8/site-packages/airflow/example_dags/example_latest_only.py took 0.118 seconds
[2024-11-19T12:52:19.846+0530] {processor.py:161} INFO - Started process (PID=31477) to work on /home/sigmoid/Desktop/Personal_Ml/airflow_poc/airflow_env/lib/python3.8/site-packages/airflow/example_dags/example_latest_only.py
[2024-11-19T12:52:19.847+0530] {processor.py:830} INFO - Processing file /home/sigmoid/Desktop/Personal_Ml/airflow_poc/airflow_env/lib/python3.8/site-packages/airflow/example_dags/example_latest_only.py for tasks to queue
[2024-11-19T12:52:19.848+0530] {logging_mixin.py:188} INFO - [2024-11-19T12:52:19.848+0530] {dagbag.py:540} INFO - Filling up the DagBag from /home/sigmoid/Desktop/Personal_Ml/airflow_poc/airflow_env/lib/python3.8/site-packages/airflow/example_dags/example_latest_only.py
[2024-11-19T12:52:19.853+0530] {processor.py:840} INFO - DAG(s) 'latest_only' retrieved from /home/sigmoid/Desktop/Personal_Ml/airflow_poc/airflow_env/lib/python3.8/site-packages/airflow/example_dags/example_latest_only.py
[2024-11-19T12:52:19.869+0530] {logging_mixin.py:188} INFO - [2024-11-19T12:52:19.869+0530] {dag.py:3047} INFO - Sync 1 DAGs
[2024-11-19T12:52:19.890+0530] {logging_mixin.py:188} INFO - [2024-11-19T12:52:19.890+0530] {dag.py:3834} INFO - Setting next_dagrun for latest_only to 2024-11-19 00:00:00+00:00, run_after=2024-11-19 04:00:00+00:00
[2024-11-19T12:52:19.911+0530] {processor.py:183} INFO - Processing /home/sigmoid/Desktop/Personal_Ml/airflow_poc/airflow_env/lib/python3.8/site-packages/airflow/example_dags/example_latest_only.py took 0.068 seconds
[2024-11-19T12:53:23.709+0530] {processor.py:161} INFO - Started process (PID=31608) to work on /home/sigmoid/Desktop/Personal_Ml/airflow_poc/airflow_env/lib/python3.8/site-packages/airflow/example_dags/example_latest_only.py
[2024-11-19T12:53:23.711+0530] {processor.py:830} INFO - Processing file /home/sigmoid/Desktop/Personal_Ml/airflow_poc/airflow_env/lib/python3.8/site-packages/airflow/example_dags/example_latest_only.py for tasks to queue
[2024-11-19T12:53:23.713+0530] {logging_mixin.py:188} INFO - [2024-11-19T12:53:23.712+0530] {dagbag.py:540} INFO - Filling up the DagBag from /home/sigmoid/Desktop/Personal_Ml/airflow_poc/airflow_env/lib/python3.8/site-packages/airflow/example_dags/example_latest_only.py
[2024-11-19T12:53:23.723+0530] {processor.py:840} INFO - DAG(s) 'latest_only' retrieved from /home/sigmoid/Desktop/Personal_Ml/airflow_poc/airflow_env/lib/python3.8/site-packages/airflow/example_dags/example_latest_only.py
[2024-11-19T12:53:23.755+0530] {logging_mixin.py:188} INFO - [2024-11-19T12:53:23.754+0530] {dag.py:3047} INFO - Sync 1 DAGs
[2024-11-19T12:53:23.797+0530] {logging_mixin.py:188} INFO - [2024-11-19T12:53:23.797+0530] {dag.py:3834} INFO - Setting next_dagrun for latest_only to 2024-11-19 00:00:00+00:00, run_after=2024-11-19 04:00:00+00:00
[2024-11-19T12:53:23.837+0530] {processor.py:183} INFO - Processing /home/sigmoid/Desktop/Personal_Ml/airflow_poc/airflow_env/lib/python3.8/site-packages/airflow/example_dags/example_latest_only.py took 0.134 seconds
[2024-11-19T12:54:28.193+0530] {processor.py:161} INFO - Started process (PID=31735) to work on /home/sigmoid/Desktop/Personal_Ml/airflow_poc/airflow_env/lib/python3.8/site-packages/airflow/example_dags/example_latest_only.py
[2024-11-19T12:54:28.194+0530] {processor.py:830} INFO - Processing file /home/sigmoid/Desktop/Personal_Ml/airflow_poc/airflow_env/lib/python3.8/site-packages/airflow/example_dags/example_latest_only.py for tasks to queue
[2024-11-19T12:54:28.196+0530] {logging_mixin.py:188} INFO - [2024-11-19T12:54:28.195+0530] {dagbag.py:540} INFO - Filling up the DagBag from /home/sigmoid/Desktop/Personal_Ml/airflow_poc/airflow_env/lib/python3.8/site-packages/airflow/example_dags/example_latest_only.py
[2024-11-19T12:54:28.203+0530] {processor.py:840} INFO - DAG(s) 'latest_only' retrieved from /home/sigmoid/Desktop/Personal_Ml/airflow_poc/airflow_env/lib/python3.8/site-packages/airflow/example_dags/example_latest_only.py
[2024-11-19T12:54:28.228+0530] {logging_mixin.py:188} INFO - [2024-11-19T12:54:28.228+0530] {dag.py:3047} INFO - Sync 1 DAGs
[2024-11-19T12:54:28.263+0530] {logging_mixin.py:188} INFO - [2024-11-19T12:54:28.262+0530] {dag.py:3834} INFO - Setting next_dagrun for latest_only to 2024-11-19 00:00:00+00:00, run_after=2024-11-19 04:00:00+00:00
[2024-11-19T12:54:28.291+0530] {processor.py:183} INFO - Processing /home/sigmoid/Desktop/Personal_Ml/airflow_poc/airflow_env/lib/python3.8/site-packages/airflow/example_dags/example_latest_only.py took 0.102 seconds
[2024-11-19T12:55:34.009+0530] {processor.py:161} INFO - Started process (PID=32010) to work on /home/sigmoid/Desktop/Personal_Ml/airflow_poc/airflow_env/lib/python3.8/site-packages/airflow/example_dags/example_latest_only.py
[2024-11-19T12:55:34.010+0530] {processor.py:830} INFO - Processing file /home/sigmoid/Desktop/Personal_Ml/airflow_poc/airflow_env/lib/python3.8/site-packages/airflow/example_dags/example_latest_only.py for tasks to queue
[2024-11-19T12:55:34.011+0530] {logging_mixin.py:188} INFO - [2024-11-19T12:55:34.011+0530] {dagbag.py:540} INFO - Filling up the DagBag from /home/sigmoid/Desktop/Personal_Ml/airflow_poc/airflow_env/lib/python3.8/site-packages/airflow/example_dags/example_latest_only.py
[2024-11-19T12:55:34.017+0530] {processor.py:840} INFO - DAG(s) 'latest_only' retrieved from /home/sigmoid/Desktop/Personal_Ml/airflow_poc/airflow_env/lib/python3.8/site-packages/airflow/example_dags/example_latest_only.py
[2024-11-19T12:55:34.033+0530] {logging_mixin.py:188} INFO - [2024-11-19T12:55:34.032+0530] {dag.py:3047} INFO - Sync 1 DAGs
[2024-11-19T12:55:34.053+0530] {logging_mixin.py:188} INFO - [2024-11-19T12:55:34.053+0530] {dag.py:3834} INFO - Setting next_dagrun for latest_only to 2024-11-19 00:00:00+00:00, run_after=2024-11-19 04:00:00+00:00
[2024-11-19T12:55:34.074+0530] {processor.py:183} INFO - Processing /home/sigmoid/Desktop/Personal_Ml/airflow_poc/airflow_env/lib/python3.8/site-packages/airflow/example_dags/example_latest_only.py took 0.068 seconds
[2024-11-19T12:56:32.459+0530] {processor.py:161} INFO - Started process (PID=32098) to work on /home/sigmoid/Desktop/Personal_Ml/airflow_poc/airflow_env/lib/python3.8/site-packages/airflow/example_dags/example_latest_only.py
[2024-11-19T12:56:32.460+0530] {processor.py:830} INFO - Processing file /home/sigmoid/Desktop/Personal_Ml/airflow_poc/airflow_env/lib/python3.8/site-packages/airflow/example_dags/example_latest_only.py for tasks to queue
[2024-11-19T12:56:32.461+0530] {logging_mixin.py:188} INFO - [2024-11-19T12:56:32.461+0530] {dagbag.py:540} INFO - Filling up the DagBag from /home/sigmoid/Desktop/Personal_Ml/airflow_poc/airflow_env/lib/python3.8/site-packages/airflow/example_dags/example_latest_only.py
[2024-11-19T12:56:32.467+0530] {processor.py:840} INFO - DAG(s) 'latest_only' retrieved from /home/sigmoid/Desktop/Personal_Ml/airflow_poc/airflow_env/lib/python3.8/site-packages/airflow/example_dags/example_latest_only.py
[2024-11-19T12:56:32.484+0530] {logging_mixin.py:188} INFO - [2024-11-19T12:56:32.484+0530] {dag.py:3047} INFO - Sync 1 DAGs
[2024-11-19T12:56:32.506+0530] {logging_mixin.py:188} INFO - [2024-11-19T12:56:32.506+0530] {dag.py:3834} INFO - Setting next_dagrun for latest_only to 2024-11-19 00:00:00+00:00, run_after=2024-11-19 04:00:00+00:00
[2024-11-19T12:56:32.530+0530] {processor.py:183} INFO - Processing /home/sigmoid/Desktop/Personal_Ml/airflow_poc/airflow_env/lib/python3.8/site-packages/airflow/example_dags/example_latest_only.py took 0.075 seconds
[2024-11-19T12:57:27.415+0530] {processor.py:161} INFO - Started process (PID=32163) to work on /home/sigmoid/Desktop/Personal_Ml/airflow_poc/airflow_env/lib/python3.8/site-packages/airflow/example_dags/example_latest_only.py
[2024-11-19T12:57:27.416+0530] {processor.py:830} INFO - Processing file /home/sigmoid/Desktop/Personal_Ml/airflow_poc/airflow_env/lib/python3.8/site-packages/airflow/example_dags/example_latest_only.py for tasks to queue
[2024-11-19T12:57:27.417+0530] {logging_mixin.py:188} INFO - [2024-11-19T12:57:27.417+0530] {dagbag.py:540} INFO - Filling up the DagBag from /home/sigmoid/Desktop/Personal_Ml/airflow_poc/airflow_env/lib/python3.8/site-packages/airflow/example_dags/example_latest_only.py
[2024-11-19T12:57:27.423+0530] {processor.py:840} INFO - DAG(s) 'latest_only' retrieved from /home/sigmoid/Desktop/Personal_Ml/airflow_poc/airflow_env/lib/python3.8/site-packages/airflow/example_dags/example_latest_only.py
[2024-11-19T12:57:27.439+0530] {logging_mixin.py:188} INFO - [2024-11-19T12:57:27.438+0530] {dag.py:3047} INFO - Sync 1 DAGs
[2024-11-19T12:57:27.460+0530] {logging_mixin.py:188} INFO - [2024-11-19T12:57:27.460+0530] {dag.py:3834} INFO - Setting next_dagrun for latest_only to 2024-11-19 00:00:00+00:00, run_after=2024-11-19 04:00:00+00:00
[2024-11-19T12:57:27.480+0530] {processor.py:183} INFO - Processing /home/sigmoid/Desktop/Personal_Ml/airflow_poc/airflow_env/lib/python3.8/site-packages/airflow/example_dags/example_latest_only.py took 0.068 seconds
[2024-11-19T12:58:24.326+0530] {processor.py:161} INFO - Started process (PID=32227) to work on /home/sigmoid/Desktop/Personal_Ml/airflow_poc/airflow_env/lib/python3.8/site-packages/airflow/example_dags/example_latest_only.py
[2024-11-19T12:58:24.327+0530] {processor.py:830} INFO - Processing file /home/sigmoid/Desktop/Personal_Ml/airflow_poc/airflow_env/lib/python3.8/site-packages/airflow/example_dags/example_latest_only.py for tasks to queue
[2024-11-19T12:58:24.328+0530] {logging_mixin.py:188} INFO - [2024-11-19T12:58:24.328+0530] {dagbag.py:540} INFO - Filling up the DagBag from /home/sigmoid/Desktop/Personal_Ml/airflow_poc/airflow_env/lib/python3.8/site-packages/airflow/example_dags/example_latest_only.py
[2024-11-19T12:58:24.334+0530] {processor.py:840} INFO - DAG(s) 'latest_only' retrieved from /home/sigmoid/Desktop/Personal_Ml/airflow_poc/airflow_env/lib/python3.8/site-packages/airflow/example_dags/example_latest_only.py
[2024-11-19T12:58:24.350+0530] {logging_mixin.py:188} INFO - [2024-11-19T12:58:24.349+0530] {dag.py:3047} INFO - Sync 1 DAGs
[2024-11-19T12:58:24.370+0530] {logging_mixin.py:188} INFO - [2024-11-19T12:58:24.370+0530] {dag.py:3834} INFO - Setting next_dagrun for latest_only to 2024-11-19 00:00:00+00:00, run_after=2024-11-19 04:00:00+00:00
[2024-11-19T12:58:24.393+0530] {processor.py:183} INFO - Processing /home/sigmoid/Desktop/Personal_Ml/airflow_poc/airflow_env/lib/python3.8/site-packages/airflow/example_dags/example_latest_only.py took 0.070 seconds
[2024-11-19T12:59:15.205+0530] {processor.py:161} INFO - Started process (PID=32393) to work on /home/sigmoid/Desktop/Personal_Ml/airflow_poc/airflow_env/lib/python3.8/site-packages/airflow/example_dags/example_latest_only.py
[2024-11-19T12:59:15.206+0530] {processor.py:830} INFO - Processing file /home/sigmoid/Desktop/Personal_Ml/airflow_poc/airflow_env/lib/python3.8/site-packages/airflow/example_dags/example_latest_only.py for tasks to queue
[2024-11-19T12:59:15.207+0530] {logging_mixin.py:188} INFO - [2024-11-19T12:59:15.207+0530] {dagbag.py:540} INFO - Filling up the DagBag from /home/sigmoid/Desktop/Personal_Ml/airflow_poc/airflow_env/lib/python3.8/site-packages/airflow/example_dags/example_latest_only.py
[2024-11-19T12:59:15.214+0530] {processor.py:840} INFO - DAG(s) 'latest_only' retrieved from /home/sigmoid/Desktop/Personal_Ml/airflow_poc/airflow_env/lib/python3.8/site-packages/airflow/example_dags/example_latest_only.py
[2024-11-19T12:59:15.230+0530] {logging_mixin.py:188} INFO - [2024-11-19T12:59:15.230+0530] {dag.py:3047} INFO - Sync 1 DAGs
[2024-11-19T12:59:15.251+0530] {logging_mixin.py:188} INFO - [2024-11-19T12:59:15.251+0530] {dag.py:3834} INFO - Setting next_dagrun for latest_only to 2024-11-19 00:00:00+00:00, run_after=2024-11-19 04:00:00+00:00
[2024-11-19T12:59:15.282+0530] {processor.py:183} INFO - Processing /home/sigmoid/Desktop/Personal_Ml/airflow_poc/airflow_env/lib/python3.8/site-packages/airflow/example_dags/example_latest_only.py took 0.080 seconds
[2024-11-19T13:00:12.157+0530] {processor.py:161} INFO - Started process (PID=32502) to work on /home/sigmoid/Desktop/Personal_Ml/airflow_poc/airflow_env/lib/python3.8/site-packages/airflow/example_dags/example_latest_only.py
[2024-11-19T13:00:12.158+0530] {processor.py:830} INFO - Processing file /home/sigmoid/Desktop/Personal_Ml/airflow_poc/airflow_env/lib/python3.8/site-packages/airflow/example_dags/example_latest_only.py for tasks to queue
[2024-11-19T13:00:12.159+0530] {logging_mixin.py:188} INFO - [2024-11-19T13:00:12.159+0530] {dagbag.py:540} INFO - Filling up the DagBag from /home/sigmoid/Desktop/Personal_Ml/airflow_poc/airflow_env/lib/python3.8/site-packages/airflow/example_dags/example_latest_only.py
[2024-11-19T13:00:12.165+0530] {processor.py:840} INFO - DAG(s) 'latest_only' retrieved from /home/sigmoid/Desktop/Personal_Ml/airflow_poc/airflow_env/lib/python3.8/site-packages/airflow/example_dags/example_latest_only.py
[2024-11-19T13:00:12.183+0530] {logging_mixin.py:188} INFO - [2024-11-19T13:00:12.183+0530] {dag.py:3047} INFO - Sync 1 DAGs
[2024-11-19T13:00:12.210+0530] {logging_mixin.py:188} INFO - [2024-11-19T13:00:12.210+0530] {dag.py:3834} INFO - Setting next_dagrun for latest_only to 2024-11-19 00:00:00+00:00, run_after=2024-11-19 04:00:00+00:00
[2024-11-19T13:00:12.236+0530] {processor.py:183} INFO - Processing /home/sigmoid/Desktop/Personal_Ml/airflow_poc/airflow_env/lib/python3.8/site-packages/airflow/example_dags/example_latest_only.py took 0.082 seconds
[2024-11-19T13:01:07.157+0530] {processor.py:161} INFO - Started process (PID=32602) to work on /home/sigmoid/Desktop/Personal_Ml/airflow_poc/airflow_env/lib/python3.8/site-packages/airflow/example_dags/example_latest_only.py
[2024-11-19T13:01:07.158+0530] {processor.py:830} INFO - Processing file /home/sigmoid/Desktop/Personal_Ml/airflow_poc/airflow_env/lib/python3.8/site-packages/airflow/example_dags/example_latest_only.py for tasks to queue
[2024-11-19T13:01:07.160+0530] {logging_mixin.py:188} INFO - [2024-11-19T13:01:07.160+0530] {dagbag.py:540} INFO - Filling up the DagBag from /home/sigmoid/Desktop/Personal_Ml/airflow_poc/airflow_env/lib/python3.8/site-packages/airflow/example_dags/example_latest_only.py
[2024-11-19T13:01:07.167+0530] {processor.py:840} INFO - DAG(s) 'latest_only' retrieved from /home/sigmoid/Desktop/Personal_Ml/airflow_poc/airflow_env/lib/python3.8/site-packages/airflow/example_dags/example_latest_only.py
[2024-11-19T13:01:07.184+0530] {logging_mixin.py:188} INFO - [2024-11-19T13:01:07.184+0530] {dag.py:3047} INFO - Sync 1 DAGs
[2024-11-19T13:01:07.206+0530] {logging_mixin.py:188} INFO - [2024-11-19T13:01:07.205+0530] {dag.py:3834} INFO - Setting next_dagrun for latest_only to 2024-11-19 00:00:00+00:00, run_after=2024-11-19 04:00:00+00:00
[2024-11-19T13:01:07.243+0530] {processor.py:183} INFO - Processing /home/sigmoid/Desktop/Personal_Ml/airflow_poc/airflow_env/lib/python3.8/site-packages/airflow/example_dags/example_latest_only.py took 0.089 seconds
[2024-11-19T13:02:06.510+0530] {processor.py:161} INFO - Started process (PID=32967) to work on /home/sigmoid/Desktop/Personal_Ml/airflow_poc/airflow_env/lib/python3.8/site-packages/airflow/example_dags/example_latest_only.py
[2024-11-19T13:02:06.512+0530] {processor.py:830} INFO - Processing file /home/sigmoid/Desktop/Personal_Ml/airflow_poc/airflow_env/lib/python3.8/site-packages/airflow/example_dags/example_latest_only.py for tasks to queue
[2024-11-19T13:02:06.514+0530] {logging_mixin.py:188} INFO - [2024-11-19T13:02:06.514+0530] {dagbag.py:540} INFO - Filling up the DagBag from /home/sigmoid/Desktop/Personal_Ml/airflow_poc/airflow_env/lib/python3.8/site-packages/airflow/example_dags/example_latest_only.py
[2024-11-19T13:02:06.520+0530] {processor.py:840} INFO - DAG(s) 'latest_only' retrieved from /home/sigmoid/Desktop/Personal_Ml/airflow_poc/airflow_env/lib/python3.8/site-packages/airflow/example_dags/example_latest_only.py
[2024-11-19T13:02:06.540+0530] {logging_mixin.py:188} INFO - [2024-11-19T13:02:06.540+0530] {dag.py:3047} INFO - Sync 1 DAGs
[2024-11-19T13:02:06.571+0530] {logging_mixin.py:188} INFO - [2024-11-19T13:02:06.571+0530] {dag.py:3834} INFO - Setting next_dagrun for latest_only to 2024-11-19 00:00:00+00:00, run_after=2024-11-19 04:00:00+00:00
[2024-11-19T13:02:06.600+0530] {processor.py:183} INFO - Processing /home/sigmoid/Desktop/Personal_Ml/airflow_poc/airflow_env/lib/python3.8/site-packages/airflow/example_dags/example_latest_only.py took 0.095 seconds
[2024-11-19T13:03:03.900+0530] {processor.py:161} INFO - Started process (PID=33035) to work on /home/sigmoid/Desktop/Personal_Ml/airflow_poc/airflow_env/lib/python3.8/site-packages/airflow/example_dags/example_latest_only.py
[2024-11-19T13:03:03.901+0530] {processor.py:830} INFO - Processing file /home/sigmoid/Desktop/Personal_Ml/airflow_poc/airflow_env/lib/python3.8/site-packages/airflow/example_dags/example_latest_only.py for tasks to queue
[2024-11-19T13:03:03.903+0530] {logging_mixin.py:188} INFO - [2024-11-19T13:03:03.903+0530] {dagbag.py:540} INFO - Filling up the DagBag from /home/sigmoid/Desktop/Personal_Ml/airflow_poc/airflow_env/lib/python3.8/site-packages/airflow/example_dags/example_latest_only.py
[2024-11-19T13:03:03.912+0530] {processor.py:840} INFO - DAG(s) 'latest_only' retrieved from /home/sigmoid/Desktop/Personal_Ml/airflow_poc/airflow_env/lib/python3.8/site-packages/airflow/example_dags/example_latest_only.py
[2024-11-19T13:03:03.938+0530] {logging_mixin.py:188} INFO - [2024-11-19T13:03:03.937+0530] {dag.py:3047} INFO - Sync 1 DAGs
[2024-11-19T13:03:03.966+0530] {logging_mixin.py:188} INFO - [2024-11-19T13:03:03.966+0530] {dag.py:3834} INFO - Setting next_dagrun for latest_only to 2024-11-19 00:00:00+00:00, run_after=2024-11-19 04:00:00+00:00
[2024-11-19T13:03:03.999+0530] {processor.py:183} INFO - Processing /home/sigmoid/Desktop/Personal_Ml/airflow_poc/airflow_env/lib/python3.8/site-packages/airflow/example_dags/example_latest_only.py took 0.103 seconds
[2024-11-19T13:04:04.779+0530] {processor.py:161} INFO - Started process (PID=33104) to work on /home/sigmoid/Desktop/Personal_Ml/airflow_poc/airflow_env/lib/python3.8/site-packages/airflow/example_dags/example_latest_only.py
[2024-11-19T13:04:04.781+0530] {processor.py:830} INFO - Processing file /home/sigmoid/Desktop/Personal_Ml/airflow_poc/airflow_env/lib/python3.8/site-packages/airflow/example_dags/example_latest_only.py for tasks to queue
[2024-11-19T13:04:04.782+0530] {logging_mixin.py:188} INFO - [2024-11-19T13:04:04.782+0530] {dagbag.py:540} INFO - Filling up the DagBag from /home/sigmoid/Desktop/Personal_Ml/airflow_poc/airflow_env/lib/python3.8/site-packages/airflow/example_dags/example_latest_only.py
[2024-11-19T13:04:04.788+0530] {processor.py:840} INFO - DAG(s) 'latest_only' retrieved from /home/sigmoid/Desktop/Personal_Ml/airflow_poc/airflow_env/lib/python3.8/site-packages/airflow/example_dags/example_latest_only.py
[2024-11-19T13:04:04.804+0530] {logging_mixin.py:188} INFO - [2024-11-19T13:04:04.804+0530] {dag.py:3047} INFO - Sync 1 DAGs
[2024-11-19T13:04:04.825+0530] {logging_mixin.py:188} INFO - [2024-11-19T13:04:04.824+0530] {dag.py:3834} INFO - Setting next_dagrun for latest_only to 2024-11-19 00:00:00+00:00, run_after=2024-11-19 04:00:00+00:00
[2024-11-19T13:04:04.845+0530] {processor.py:183} INFO - Processing /home/sigmoid/Desktop/Personal_Ml/airflow_poc/airflow_env/lib/python3.8/site-packages/airflow/example_dags/example_latest_only.py took 0.071 seconds
[2024-11-19T13:05:04.465+0530] {processor.py:161} INFO - Started process (PID=33173) to work on /home/sigmoid/Desktop/Personal_Ml/airflow_poc/airflow_env/lib/python3.8/site-packages/airflow/example_dags/example_latest_only.py
[2024-11-19T13:05:04.466+0530] {processor.py:830} INFO - Processing file /home/sigmoid/Desktop/Personal_Ml/airflow_poc/airflow_env/lib/python3.8/site-packages/airflow/example_dags/example_latest_only.py for tasks to queue
[2024-11-19T13:05:04.467+0530] {logging_mixin.py:188} INFO - [2024-11-19T13:05:04.467+0530] {dagbag.py:540} INFO - Filling up the DagBag from /home/sigmoid/Desktop/Personal_Ml/airflow_poc/airflow_env/lib/python3.8/site-packages/airflow/example_dags/example_latest_only.py
[2024-11-19T13:05:04.473+0530] {processor.py:840} INFO - DAG(s) 'latest_only' retrieved from /home/sigmoid/Desktop/Personal_Ml/airflow_poc/airflow_env/lib/python3.8/site-packages/airflow/example_dags/example_latest_only.py
[2024-11-19T13:05:04.489+0530] {logging_mixin.py:188} INFO - [2024-11-19T13:05:04.488+0530] {dag.py:3047} INFO - Sync 1 DAGs
[2024-11-19T13:05:04.511+0530] {logging_mixin.py:188} INFO - [2024-11-19T13:05:04.511+0530] {dag.py:3834} INFO - Setting next_dagrun for latest_only to 2024-11-19 00:00:00+00:00, run_after=2024-11-19 04:00:00+00:00
[2024-11-19T13:05:04.531+0530] {processor.py:183} INFO - Processing /home/sigmoid/Desktop/Personal_Ml/airflow_poc/airflow_env/lib/python3.8/site-packages/airflow/example_dags/example_latest_only.py took 0.069 seconds
[2024-11-19T13:06:06.800+0530] {processor.py:161} INFO - Started process (PID=33240) to work on /home/sigmoid/Desktop/Personal_Ml/airflow_poc/airflow_env/lib/python3.8/site-packages/airflow/example_dags/example_latest_only.py
[2024-11-19T13:06:06.801+0530] {processor.py:830} INFO - Processing file /home/sigmoid/Desktop/Personal_Ml/airflow_poc/airflow_env/lib/python3.8/site-packages/airflow/example_dags/example_latest_only.py for tasks to queue
[2024-11-19T13:06:06.802+0530] {logging_mixin.py:188} INFO - [2024-11-19T13:06:06.802+0530] {dagbag.py:540} INFO - Filling up the DagBag from /home/sigmoid/Desktop/Personal_Ml/airflow_poc/airflow_env/lib/python3.8/site-packages/airflow/example_dags/example_latest_only.py
[2024-11-19T13:06:06.808+0530] {processor.py:840} INFO - DAG(s) 'latest_only' retrieved from /home/sigmoid/Desktop/Personal_Ml/airflow_poc/airflow_env/lib/python3.8/site-packages/airflow/example_dags/example_latest_only.py
[2024-11-19T13:06:06.824+0530] {logging_mixin.py:188} INFO - [2024-11-19T13:06:06.824+0530] {dag.py:3047} INFO - Sync 1 DAGs
[2024-11-19T13:06:06.844+0530] {logging_mixin.py:188} INFO - [2024-11-19T13:06:06.844+0530] {dag.py:3834} INFO - Setting next_dagrun for latest_only to 2024-11-19 00:00:00+00:00, run_after=2024-11-19 04:00:00+00:00
[2024-11-19T13:06:06.873+0530] {processor.py:183} INFO - Processing /home/sigmoid/Desktop/Personal_Ml/airflow_poc/airflow_env/lib/python3.8/site-packages/airflow/example_dags/example_latest_only.py took 0.076 seconds
[2024-11-19T13:07:07.838+0530] {processor.py:161} INFO - Started process (PID=33308) to work on /home/sigmoid/Desktop/Personal_Ml/airflow_poc/airflow_env/lib/python3.8/site-packages/airflow/example_dags/example_latest_only.py
[2024-11-19T13:07:07.839+0530] {processor.py:830} INFO - Processing file /home/sigmoid/Desktop/Personal_Ml/airflow_poc/airflow_env/lib/python3.8/site-packages/airflow/example_dags/example_latest_only.py for tasks to queue
[2024-11-19T13:07:07.840+0530] {logging_mixin.py:188} INFO - [2024-11-19T13:07:07.840+0530] {dagbag.py:540} INFO - Filling up the DagBag from /home/sigmoid/Desktop/Personal_Ml/airflow_poc/airflow_env/lib/python3.8/site-packages/airflow/example_dags/example_latest_only.py
[2024-11-19T13:07:07.846+0530] {processor.py:840} INFO - DAG(s) 'latest_only' retrieved from /home/sigmoid/Desktop/Personal_Ml/airflow_poc/airflow_env/lib/python3.8/site-packages/airflow/example_dags/example_latest_only.py
[2024-11-19T13:07:07.861+0530] {logging_mixin.py:188} INFO - [2024-11-19T13:07:07.861+0530] {dag.py:3047} INFO - Sync 1 DAGs
[2024-11-19T13:07:07.882+0530] {logging_mixin.py:188} INFO - [2024-11-19T13:07:07.882+0530] {dag.py:3834} INFO - Setting next_dagrun for latest_only to 2024-11-19 00:00:00+00:00, run_after=2024-11-19 04:00:00+00:00
[2024-11-19T13:07:07.911+0530] {processor.py:183} INFO - Processing /home/sigmoid/Desktop/Personal_Ml/airflow_poc/airflow_env/lib/python3.8/site-packages/airflow/example_dags/example_latest_only.py took 0.077 seconds
[2024-11-19T13:08:04.928+0530] {processor.py:161} INFO - Started process (PID=33377) to work on /home/sigmoid/Desktop/Personal_Ml/airflow_poc/airflow_env/lib/python3.8/site-packages/airflow/example_dags/example_latest_only.py
[2024-11-19T13:08:04.929+0530] {processor.py:830} INFO - Processing file /home/sigmoid/Desktop/Personal_Ml/airflow_poc/airflow_env/lib/python3.8/site-packages/airflow/example_dags/example_latest_only.py for tasks to queue
[2024-11-19T13:08:04.930+0530] {logging_mixin.py:188} INFO - [2024-11-19T13:08:04.929+0530] {dagbag.py:540} INFO - Filling up the DagBag from /home/sigmoid/Desktop/Personal_Ml/airflow_poc/airflow_env/lib/python3.8/site-packages/airflow/example_dags/example_latest_only.py
[2024-11-19T13:08:04.936+0530] {processor.py:840} INFO - DAG(s) 'latest_only' retrieved from /home/sigmoid/Desktop/Personal_Ml/airflow_poc/airflow_env/lib/python3.8/site-packages/airflow/example_dags/example_latest_only.py
[2024-11-19T13:08:04.951+0530] {logging_mixin.py:188} INFO - [2024-11-19T13:08:04.951+0530] {dag.py:3047} INFO - Sync 1 DAGs
[2024-11-19T13:08:04.972+0530] {logging_mixin.py:188} INFO - [2024-11-19T13:08:04.972+0530] {dag.py:3834} INFO - Setting next_dagrun for latest_only to 2024-11-19 00:00:00+00:00, run_after=2024-11-19 04:00:00+00:00
[2024-11-19T13:08:04.998+0530] {processor.py:183} INFO - Processing /home/sigmoid/Desktop/Personal_Ml/airflow_poc/airflow_env/lib/python3.8/site-packages/airflow/example_dags/example_latest_only.py took 0.074 seconds
[2024-11-19T13:12:16.345+0530] {processor.py:161} INFO - Started process (PID=33589) to work on /home/sigmoid/Desktop/Personal_Ml/airflow_poc/airflow_env/lib/python3.8/site-packages/airflow/example_dags/example_latest_only.py
[2024-11-19T13:12:16.346+0530] {processor.py:830} INFO - Processing file /home/sigmoid/Desktop/Personal_Ml/airflow_poc/airflow_env/lib/python3.8/site-packages/airflow/example_dags/example_latest_only.py for tasks to queue
[2024-11-19T13:12:16.347+0530] {logging_mixin.py:188} INFO - [2024-11-19T13:12:16.347+0530] {dagbag.py:540} INFO - Filling up the DagBag from /home/sigmoid/Desktop/Personal_Ml/airflow_poc/airflow_env/lib/python3.8/site-packages/airflow/example_dags/example_latest_only.py
[2024-11-19T13:12:16.355+0530] {processor.py:840} INFO - DAG(s) 'latest_only' retrieved from /home/sigmoid/Desktop/Personal_Ml/airflow_poc/airflow_env/lib/python3.8/site-packages/airflow/example_dags/example_latest_only.py
[2024-11-19T13:12:16.375+0530] {logging_mixin.py:188} INFO - [2024-11-19T13:12:16.375+0530] {dag.py:3047} INFO - Sync 1 DAGs
[2024-11-19T13:12:16.404+0530] {logging_mixin.py:188} INFO - [2024-11-19T13:12:16.403+0530] {dag.py:3834} INFO - Setting next_dagrun for latest_only to 2024-11-19 00:00:00+00:00, run_after=2024-11-19 04:00:00+00:00
[2024-11-19T13:12:16.640+0530] {processor.py:183} INFO - Processing /home/sigmoid/Desktop/Personal_Ml/airflow_poc/airflow_env/lib/python3.8/site-packages/airflow/example_dags/example_latest_only.py took 0.299 seconds
[2024-11-19T13:13:29.289+0530] {processor.py:161} INFO - Started process (PID=33788) to work on /home/sigmoid/Desktop/Personal_Ml/airflow_poc/airflow_env/lib/python3.8/site-packages/airflow/example_dags/example_latest_only.py
[2024-11-19T13:13:29.291+0530] {processor.py:830} INFO - Processing file /home/sigmoid/Desktop/Personal_Ml/airflow_poc/airflow_env/lib/python3.8/site-packages/airflow/example_dags/example_latest_only.py for tasks to queue
[2024-11-19T13:13:29.293+0530] {logging_mixin.py:188} INFO - [2024-11-19T13:13:29.292+0530] {dagbag.py:540} INFO - Filling up the DagBag from /home/sigmoid/Desktop/Personal_Ml/airflow_poc/airflow_env/lib/python3.8/site-packages/airflow/example_dags/example_latest_only.py
[2024-11-19T13:13:29.305+0530] {processor.py:840} INFO - DAG(s) 'latest_only' retrieved from /home/sigmoid/Desktop/Personal_Ml/airflow_poc/airflow_env/lib/python3.8/site-packages/airflow/example_dags/example_latest_only.py
[2024-11-19T13:13:29.336+0530] {logging_mixin.py:188} INFO - [2024-11-19T13:13:29.335+0530] {dag.py:3047} INFO - Sync 1 DAGs
[2024-11-19T13:13:29.385+0530] {logging_mixin.py:188} INFO - [2024-11-19T13:13:29.384+0530] {dag.py:3834} INFO - Setting next_dagrun for latest_only to 2024-11-19 00:00:00+00:00, run_after=2024-11-19 04:00:00+00:00
[2024-11-19T13:13:29.422+0530] {processor.py:183} INFO - Processing /home/sigmoid/Desktop/Personal_Ml/airflow_poc/airflow_env/lib/python3.8/site-packages/airflow/example_dags/example_latest_only.py took 0.138 seconds
[2024-11-19T13:14:30.698+0530] {processor.py:161} INFO - Started process (PID=34088) to work on /home/sigmoid/Desktop/Personal_Ml/airflow_poc/airflow_env/lib/python3.8/site-packages/airflow/example_dags/example_latest_only.py
[2024-11-19T13:14:30.700+0530] {processor.py:830} INFO - Processing file /home/sigmoid/Desktop/Personal_Ml/airflow_poc/airflow_env/lib/python3.8/site-packages/airflow/example_dags/example_latest_only.py for tasks to queue
[2024-11-19T13:14:30.701+0530] {logging_mixin.py:188} INFO - [2024-11-19T13:14:30.700+0530] {dagbag.py:540} INFO - Filling up the DagBag from /home/sigmoid/Desktop/Personal_Ml/airflow_poc/airflow_env/lib/python3.8/site-packages/airflow/example_dags/example_latest_only.py
[2024-11-19T13:14:30.708+0530] {processor.py:840} INFO - DAG(s) 'latest_only' retrieved from /home/sigmoid/Desktop/Personal_Ml/airflow_poc/airflow_env/lib/python3.8/site-packages/airflow/example_dags/example_latest_only.py
[2024-11-19T13:14:30.733+0530] {logging_mixin.py:188} INFO - [2024-11-19T13:14:30.733+0530] {dag.py:3047} INFO - Sync 1 DAGs
[2024-11-19T13:14:30.769+0530] {logging_mixin.py:188} INFO - [2024-11-19T13:14:30.769+0530] {dag.py:3834} INFO - Setting next_dagrun for latest_only to 2024-11-19 00:00:00+00:00, run_after=2024-11-19 04:00:00+00:00
[2024-11-19T13:14:30.801+0530] {processor.py:183} INFO - Processing /home/sigmoid/Desktop/Personal_Ml/airflow_poc/airflow_env/lib/python3.8/site-packages/airflow/example_dags/example_latest_only.py took 0.105 seconds
[2024-11-19T13:15:24.433+0530] {processor.py:161} INFO - Started process (PID=34373) to work on /home/sigmoid/Desktop/Personal_Ml/airflow_poc/airflow_env/lib/python3.8/site-packages/airflow/example_dags/example_latest_only.py
[2024-11-19T13:15:24.436+0530] {processor.py:830} INFO - Processing file /home/sigmoid/Desktop/Personal_Ml/airflow_poc/airflow_env/lib/python3.8/site-packages/airflow/example_dags/example_latest_only.py for tasks to queue
[2024-11-19T13:15:24.439+0530] {logging_mixin.py:188} INFO - [2024-11-19T13:15:24.438+0530] {dagbag.py:540} INFO - Filling up the DagBag from /home/sigmoid/Desktop/Personal_Ml/airflow_poc/airflow_env/lib/python3.8/site-packages/airflow/example_dags/example_latest_only.py
[2024-11-19T13:15:24.451+0530] {processor.py:840} INFO - DAG(s) 'latest_only' retrieved from /home/sigmoid/Desktop/Personal_Ml/airflow_poc/airflow_env/lib/python3.8/site-packages/airflow/example_dags/example_latest_only.py
[2024-11-19T13:15:24.489+0530] {logging_mixin.py:188} INFO - [2024-11-19T13:15:24.489+0530] {dag.py:3047} INFO - Sync 1 DAGs
[2024-11-19T13:15:24.536+0530] {logging_mixin.py:188} INFO - [2024-11-19T13:15:24.536+0530] {dag.py:3834} INFO - Setting next_dagrun for latest_only to 2024-11-19 00:00:00+00:00, run_after=2024-11-19 04:00:00+00:00
[2024-11-19T13:15:24.566+0530] {processor.py:183} INFO - Processing /home/sigmoid/Desktop/Personal_Ml/airflow_poc/airflow_env/lib/python3.8/site-packages/airflow/example_dags/example_latest_only.py took 0.139 seconds
[2024-11-19T13:16:30.402+0530] {processor.py:161} INFO - Started process (PID=35130) to work on /home/sigmoid/Desktop/Personal_Ml/airflow_poc/airflow_env/lib/python3.8/site-packages/airflow/example_dags/example_latest_only.py
[2024-11-19T13:16:30.403+0530] {processor.py:830} INFO - Processing file /home/sigmoid/Desktop/Personal_Ml/airflow_poc/airflow_env/lib/python3.8/site-packages/airflow/example_dags/example_latest_only.py for tasks to queue
[2024-11-19T13:16:30.405+0530] {logging_mixin.py:188} INFO - [2024-11-19T13:16:30.404+0530] {dagbag.py:540} INFO - Filling up the DagBag from /home/sigmoid/Desktop/Personal_Ml/airflow_poc/airflow_env/lib/python3.8/site-packages/airflow/example_dags/example_latest_only.py
[2024-11-19T13:16:30.412+0530] {processor.py:840} INFO - DAG(s) 'latest_only' retrieved from /home/sigmoid/Desktop/Personal_Ml/airflow_poc/airflow_env/lib/python3.8/site-packages/airflow/example_dags/example_latest_only.py
[2024-11-19T13:16:30.434+0530] {logging_mixin.py:188} INFO - [2024-11-19T13:16:30.434+0530] {dag.py:3047} INFO - Sync 1 DAGs
[2024-11-19T13:16:30.464+0530] {logging_mixin.py:188} INFO - [2024-11-19T13:16:30.463+0530] {dag.py:3834} INFO - Setting next_dagrun for latest_only to 2024-11-19 00:00:00+00:00, run_after=2024-11-19 04:00:00+00:00
[2024-11-19T13:16:30.500+0530] {processor.py:183} INFO - Processing /home/sigmoid/Desktop/Personal_Ml/airflow_poc/airflow_env/lib/python3.8/site-packages/airflow/example_dags/example_latest_only.py took 0.102 seconds
[2024-11-19T13:17:35.692+0530] {processor.py:161} INFO - Started process (PID=35260) to work on /home/sigmoid/Desktop/Personal_Ml/airflow_poc/airflow_env/lib/python3.8/site-packages/airflow/example_dags/example_latest_only.py
[2024-11-19T13:17:35.693+0530] {processor.py:830} INFO - Processing file /home/sigmoid/Desktop/Personal_Ml/airflow_poc/airflow_env/lib/python3.8/site-packages/airflow/example_dags/example_latest_only.py for tasks to queue
[2024-11-19T13:17:35.694+0530] {logging_mixin.py:188} INFO - [2024-11-19T13:17:35.694+0530] {dagbag.py:540} INFO - Filling up the DagBag from /home/sigmoid/Desktop/Personal_Ml/airflow_poc/airflow_env/lib/python3.8/site-packages/airflow/example_dags/example_latest_only.py
[2024-11-19T13:17:35.700+0530] {processor.py:840} INFO - DAG(s) 'latest_only' retrieved from /home/sigmoid/Desktop/Personal_Ml/airflow_poc/airflow_env/lib/python3.8/site-packages/airflow/example_dags/example_latest_only.py
[2024-11-19T13:17:35.717+0530] {logging_mixin.py:188} INFO - [2024-11-19T13:17:35.717+0530] {dag.py:3047} INFO - Sync 1 DAGs
[2024-11-19T13:17:35.738+0530] {logging_mixin.py:188} INFO - [2024-11-19T13:17:35.738+0530] {dag.py:3834} INFO - Setting next_dagrun for latest_only to 2024-11-19 00:00:00+00:00, run_after=2024-11-19 04:00:00+00:00
[2024-11-19T13:17:35.760+0530] {processor.py:183} INFO - Processing /home/sigmoid/Desktop/Personal_Ml/airflow_poc/airflow_env/lib/python3.8/site-packages/airflow/example_dags/example_latest_only.py took 0.071 seconds
[2024-11-19T13:18:27.603+0530] {processor.py:161} INFO - Started process (PID=35317) to work on /home/sigmoid/Desktop/Personal_Ml/airflow_poc/airflow_env/lib/python3.8/site-packages/airflow/example_dags/example_latest_only.py
[2024-11-19T13:18:27.604+0530] {processor.py:830} INFO - Processing file /home/sigmoid/Desktop/Personal_Ml/airflow_poc/airflow_env/lib/python3.8/site-packages/airflow/example_dags/example_latest_only.py for tasks to queue
[2024-11-19T13:18:27.605+0530] {logging_mixin.py:188} INFO - [2024-11-19T13:18:27.605+0530] {dagbag.py:540} INFO - Filling up the DagBag from /home/sigmoid/Desktop/Personal_Ml/airflow_poc/airflow_env/lib/python3.8/site-packages/airflow/example_dags/example_latest_only.py
[2024-11-19T13:18:27.611+0530] {processor.py:840} INFO - DAG(s) 'latest_only' retrieved from /home/sigmoid/Desktop/Personal_Ml/airflow_poc/airflow_env/lib/python3.8/site-packages/airflow/example_dags/example_latest_only.py
[2024-11-19T13:18:27.628+0530] {logging_mixin.py:188} INFO - [2024-11-19T13:18:27.628+0530] {dag.py:3047} INFO - Sync 1 DAGs
[2024-11-19T13:18:27.649+0530] {logging_mixin.py:188} INFO - [2024-11-19T13:18:27.649+0530] {dag.py:3834} INFO - Setting next_dagrun for latest_only to 2024-11-19 00:00:00+00:00, run_after=2024-11-19 04:00:00+00:00
[2024-11-19T13:18:27.670+0530] {processor.py:183} INFO - Processing /home/sigmoid/Desktop/Personal_Ml/airflow_poc/airflow_env/lib/python3.8/site-packages/airflow/example_dags/example_latest_only.py took 0.070 seconds
[2024-11-19T13:19:19.100+0530] {processor.py:161} INFO - Started process (PID=35386) to work on /home/sigmoid/Desktop/Personal_Ml/airflow_poc/airflow_env/lib/python3.8/site-packages/airflow/example_dags/example_latest_only.py
[2024-11-19T13:19:19.101+0530] {processor.py:830} INFO - Processing file /home/sigmoid/Desktop/Personal_Ml/airflow_poc/airflow_env/lib/python3.8/site-packages/airflow/example_dags/example_latest_only.py for tasks to queue
[2024-11-19T13:19:19.102+0530] {logging_mixin.py:188} INFO - [2024-11-19T13:19:19.102+0530] {dagbag.py:540} INFO - Filling up the DagBag from /home/sigmoid/Desktop/Personal_Ml/airflow_poc/airflow_env/lib/python3.8/site-packages/airflow/example_dags/example_latest_only.py
[2024-11-19T13:19:19.109+0530] {processor.py:840} INFO - DAG(s) 'latest_only' retrieved from /home/sigmoid/Desktop/Personal_Ml/airflow_poc/airflow_env/lib/python3.8/site-packages/airflow/example_dags/example_latest_only.py
[2024-11-19T13:19:19.127+0530] {logging_mixin.py:188} INFO - [2024-11-19T13:19:19.127+0530] {dag.py:3047} INFO - Sync 1 DAGs
[2024-11-19T13:19:19.149+0530] {logging_mixin.py:188} INFO - [2024-11-19T13:19:19.148+0530] {dag.py:3834} INFO - Setting next_dagrun for latest_only to 2024-11-19 00:00:00+00:00, run_after=2024-11-19 04:00:00+00:00
[2024-11-19T13:19:19.170+0530] {processor.py:183} INFO - Processing /home/sigmoid/Desktop/Personal_Ml/airflow_poc/airflow_env/lib/python3.8/site-packages/airflow/example_dags/example_latest_only.py took 0.074 seconds
[2024-11-19T13:20:28.924+0530] {processor.py:161} INFO - Started process (PID=35568) to work on /home/sigmoid/Desktop/Personal_Ml/airflow_poc/airflow_env/lib/python3.8/site-packages/airflow/example_dags/example_latest_only.py
[2024-11-19T13:20:28.925+0530] {processor.py:830} INFO - Processing file /home/sigmoid/Desktop/Personal_Ml/airflow_poc/airflow_env/lib/python3.8/site-packages/airflow/example_dags/example_latest_only.py for tasks to queue
[2024-11-19T13:20:28.926+0530] {logging_mixin.py:188} INFO - [2024-11-19T13:20:28.926+0530] {dagbag.py:540} INFO - Filling up the DagBag from /home/sigmoid/Desktop/Personal_Ml/airflow_poc/airflow_env/lib/python3.8/site-packages/airflow/example_dags/example_latest_only.py
[2024-11-19T13:20:28.932+0530] {processor.py:840} INFO - DAG(s) 'latest_only' retrieved from /home/sigmoid/Desktop/Personal_Ml/airflow_poc/airflow_env/lib/python3.8/site-packages/airflow/example_dags/example_latest_only.py
[2024-11-19T13:20:28.947+0530] {logging_mixin.py:188} INFO - [2024-11-19T13:20:28.947+0530] {dag.py:3047} INFO - Sync 1 DAGs
[2024-11-19T13:20:28.968+0530] {logging_mixin.py:188} INFO - [2024-11-19T13:20:28.967+0530] {dag.py:3834} INFO - Setting next_dagrun for latest_only to 2024-11-19 00:00:00+00:00, run_after=2024-11-19 04:00:00+00:00
[2024-11-19T13:20:28.989+0530] {processor.py:183} INFO - Processing /home/sigmoid/Desktop/Personal_Ml/airflow_poc/airflow_env/lib/python3.8/site-packages/airflow/example_dags/example_latest_only.py took 0.068 seconds
[2024-11-19T13:21:35.108+0530] {processor.py:161} INFO - Started process (PID=35684) to work on /home/sigmoid/Desktop/Personal_Ml/airflow_poc/airflow_env/lib/python3.8/site-packages/airflow/example_dags/example_latest_only.py
[2024-11-19T13:21:35.110+0530] {processor.py:830} INFO - Processing file /home/sigmoid/Desktop/Personal_Ml/airflow_poc/airflow_env/lib/python3.8/site-packages/airflow/example_dags/example_latest_only.py for tasks to queue
[2024-11-19T13:21:35.111+0530] {logging_mixin.py:188} INFO - [2024-11-19T13:21:35.111+0530] {dagbag.py:540} INFO - Filling up the DagBag from /home/sigmoid/Desktop/Personal_Ml/airflow_poc/airflow_env/lib/python3.8/site-packages/airflow/example_dags/example_latest_only.py
[2024-11-19T13:21:35.118+0530] {processor.py:840} INFO - DAG(s) 'latest_only' retrieved from /home/sigmoid/Desktop/Personal_Ml/airflow_poc/airflow_env/lib/python3.8/site-packages/airflow/example_dags/example_latest_only.py
[2024-11-19T13:21:35.146+0530] {logging_mixin.py:188} INFO - [2024-11-19T13:21:35.145+0530] {dag.py:3047} INFO - Sync 1 DAGs
[2024-11-19T13:21:35.199+0530] {logging_mixin.py:188} INFO - [2024-11-19T13:21:35.199+0530] {dag.py:3834} INFO - Setting next_dagrun for latest_only to 2024-11-19 00:00:00+00:00, run_after=2024-11-19 04:00:00+00:00
[2024-11-19T13:21:35.239+0530] {processor.py:183} INFO - Processing /home/sigmoid/Desktop/Personal_Ml/airflow_poc/airflow_env/lib/python3.8/site-packages/airflow/example_dags/example_latest_only.py took 0.136 seconds
[2024-11-19T13:22:41.019+0530] {processor.py:161} INFO - Started process (PID=35792) to work on /home/sigmoid/Desktop/Personal_Ml/airflow_poc/airflow_env/lib/python3.8/site-packages/airflow/example_dags/example_latest_only.py
[2024-11-19T13:22:41.020+0530] {processor.py:830} INFO - Processing file /home/sigmoid/Desktop/Personal_Ml/airflow_poc/airflow_env/lib/python3.8/site-packages/airflow/example_dags/example_latest_only.py for tasks to queue
[2024-11-19T13:22:41.021+0530] {logging_mixin.py:188} INFO - [2024-11-19T13:22:41.021+0530] {dagbag.py:540} INFO - Filling up the DagBag from /home/sigmoid/Desktop/Personal_Ml/airflow_poc/airflow_env/lib/python3.8/site-packages/airflow/example_dags/example_latest_only.py
[2024-11-19T13:22:41.028+0530] {processor.py:840} INFO - DAG(s) 'latest_only' retrieved from /home/sigmoid/Desktop/Personal_Ml/airflow_poc/airflow_env/lib/python3.8/site-packages/airflow/example_dags/example_latest_only.py
[2024-11-19T13:22:41.046+0530] {logging_mixin.py:188} INFO - [2024-11-19T13:22:41.046+0530] {dag.py:3047} INFO - Sync 1 DAGs
[2024-11-19T13:22:41.068+0530] {logging_mixin.py:188} INFO - [2024-11-19T13:22:41.067+0530] {dag.py:3834} INFO - Setting next_dagrun for latest_only to 2024-11-19 00:00:00+00:00, run_after=2024-11-19 04:00:00+00:00
[2024-11-19T13:22:41.090+0530] {processor.py:183} INFO - Processing /home/sigmoid/Desktop/Personal_Ml/airflow_poc/airflow_env/lib/python3.8/site-packages/airflow/example_dags/example_latest_only.py took 0.074 seconds
[2024-11-19T13:23:59.916+0530] {processor.py:161} INFO - Started process (PID=35929) to work on /home/sigmoid/Desktop/Personal_Ml/airflow_poc/airflow_env/lib/python3.8/site-packages/airflow/example_dags/example_latest_only.py
[2024-11-19T13:23:59.918+0530] {processor.py:830} INFO - Processing file /home/sigmoid/Desktop/Personal_Ml/airflow_poc/airflow_env/lib/python3.8/site-packages/airflow/example_dags/example_latest_only.py for tasks to queue
[2024-11-19T13:23:59.919+0530] {logging_mixin.py:188} INFO - [2024-11-19T13:23:59.918+0530] {dagbag.py:540} INFO - Filling up the DagBag from /home/sigmoid/Desktop/Personal_Ml/airflow_poc/airflow_env/lib/python3.8/site-packages/airflow/example_dags/example_latest_only.py
[2024-11-19T13:23:59.926+0530] {processor.py:840} INFO - DAG(s) 'latest_only' retrieved from /home/sigmoid/Desktop/Personal_Ml/airflow_poc/airflow_env/lib/python3.8/site-packages/airflow/example_dags/example_latest_only.py
[2024-11-19T13:23:59.944+0530] {logging_mixin.py:188} INFO - [2024-11-19T13:23:59.944+0530] {dag.py:3047} INFO - Sync 1 DAGs
[2024-11-19T13:23:59.972+0530] {logging_mixin.py:188} INFO - [2024-11-19T13:23:59.972+0530] {dag.py:3834} INFO - Setting next_dagrun for latest_only to 2024-11-19 00:00:00+00:00, run_after=2024-11-19 04:00:00+00:00
[2024-11-19T13:23:59.999+0530] {processor.py:183} INFO - Processing /home/sigmoid/Desktop/Personal_Ml/airflow_poc/airflow_env/lib/python3.8/site-packages/airflow/example_dags/example_latest_only.py took 0.088 seconds
[2024-11-19T13:25:09.690+0530] {processor.py:161} INFO - Started process (PID=36005) to work on /home/sigmoid/Desktop/Personal_Ml/airflow_poc/airflow_env/lib/python3.8/site-packages/airflow/example_dags/example_latest_only.py
[2024-11-19T13:25:09.692+0530] {processor.py:830} INFO - Processing file /home/sigmoid/Desktop/Personal_Ml/airflow_poc/airflow_env/lib/python3.8/site-packages/airflow/example_dags/example_latest_only.py for tasks to queue
[2024-11-19T13:25:09.699+0530] {logging_mixin.py:188} INFO - [2024-11-19T13:25:09.698+0530] {dagbag.py:540} INFO - Filling up the DagBag from /home/sigmoid/Desktop/Personal_Ml/airflow_poc/airflow_env/lib/python3.8/site-packages/airflow/example_dags/example_latest_only.py
[2024-11-19T13:25:09.710+0530] {processor.py:840} INFO - DAG(s) 'latest_only' retrieved from /home/sigmoid/Desktop/Personal_Ml/airflow_poc/airflow_env/lib/python3.8/site-packages/airflow/example_dags/example_latest_only.py
[2024-11-19T13:25:09.752+0530] {logging_mixin.py:188} INFO - [2024-11-19T13:25:09.752+0530] {dag.py:3047} INFO - Sync 1 DAGs
[2024-11-19T13:25:09.809+0530] {logging_mixin.py:188} INFO - [2024-11-19T13:25:09.808+0530] {dag.py:3834} INFO - Setting next_dagrun for latest_only to 2024-11-19 00:00:00+00:00, run_after=2024-11-19 04:00:00+00:00
[2024-11-19T13:25:09.854+0530] {processor.py:183} INFO - Processing /home/sigmoid/Desktop/Personal_Ml/airflow_poc/airflow_env/lib/python3.8/site-packages/airflow/example_dags/example_latest_only.py took 0.168 seconds
[2024-11-19T13:26:15.469+0530] {processor.py:161} INFO - Started process (PID=36093) to work on /home/sigmoid/Desktop/Personal_Ml/airflow_poc/airflow_env/lib/python3.8/site-packages/airflow/example_dags/example_latest_only.py
[2024-11-19T13:26:15.470+0530] {processor.py:830} INFO - Processing file /home/sigmoid/Desktop/Personal_Ml/airflow_poc/airflow_env/lib/python3.8/site-packages/airflow/example_dags/example_latest_only.py for tasks to queue
[2024-11-19T13:26:15.471+0530] {logging_mixin.py:188} INFO - [2024-11-19T13:26:15.471+0530] {dagbag.py:540} INFO - Filling up the DagBag from /home/sigmoid/Desktop/Personal_Ml/airflow_poc/airflow_env/lib/python3.8/site-packages/airflow/example_dags/example_latest_only.py
[2024-11-19T13:26:15.477+0530] {processor.py:840} INFO - DAG(s) 'latest_only' retrieved from /home/sigmoid/Desktop/Personal_Ml/airflow_poc/airflow_env/lib/python3.8/site-packages/airflow/example_dags/example_latest_only.py
[2024-11-19T13:26:15.493+0530] {logging_mixin.py:188} INFO - [2024-11-19T13:26:15.493+0530] {dag.py:3047} INFO - Sync 1 DAGs
[2024-11-19T13:26:15.515+0530] {logging_mixin.py:188} INFO - [2024-11-19T13:26:15.514+0530] {dag.py:3834} INFO - Setting next_dagrun for latest_only to 2024-11-19 00:00:00+00:00, run_after=2024-11-19 04:00:00+00:00
[2024-11-19T13:26:15.536+0530] {processor.py:183} INFO - Processing /home/sigmoid/Desktop/Personal_Ml/airflow_poc/airflow_env/lib/python3.8/site-packages/airflow/example_dags/example_latest_only.py took 0.070 seconds
[2024-11-19T13:27:12.882+0530] {processor.py:161} INFO - Started process (PID=36175) to work on /home/sigmoid/Desktop/Personal_Ml/airflow_poc/airflow_env/lib/python3.8/site-packages/airflow/example_dags/example_latest_only.py
[2024-11-19T13:27:12.883+0530] {processor.py:830} INFO - Processing file /home/sigmoid/Desktop/Personal_Ml/airflow_poc/airflow_env/lib/python3.8/site-packages/airflow/example_dags/example_latest_only.py for tasks to queue
[2024-11-19T13:27:12.884+0530] {logging_mixin.py:188} INFO - [2024-11-19T13:27:12.884+0530] {dagbag.py:540} INFO - Filling up the DagBag from /home/sigmoid/Desktop/Personal_Ml/airflow_poc/airflow_env/lib/python3.8/site-packages/airflow/example_dags/example_latest_only.py
[2024-11-19T13:27:12.890+0530] {processor.py:840} INFO - DAG(s) 'latest_only' retrieved from /home/sigmoid/Desktop/Personal_Ml/airflow_poc/airflow_env/lib/python3.8/site-packages/airflow/example_dags/example_latest_only.py
[2024-11-19T13:27:12.906+0530] {logging_mixin.py:188} INFO - [2024-11-19T13:27:12.906+0530] {dag.py:3047} INFO - Sync 1 DAGs
[2024-11-19T13:27:12.926+0530] {logging_mixin.py:188} INFO - [2024-11-19T13:27:12.926+0530] {dag.py:3834} INFO - Setting next_dagrun for latest_only to 2024-11-19 00:00:00+00:00, run_after=2024-11-19 04:00:00+00:00
[2024-11-19T13:27:12.949+0530] {processor.py:183} INFO - Processing /home/sigmoid/Desktop/Personal_Ml/airflow_poc/airflow_env/lib/python3.8/site-packages/airflow/example_dags/example_latest_only.py took 0.071 seconds
[2024-11-19T13:28:53.231+0530] {processor.py:161} INFO - Started process (PID=36311) to work on /home/sigmoid/Desktop/Personal_Ml/airflow_poc/airflow_env/lib/python3.8/site-packages/airflow/example_dags/example_latest_only.py
[2024-11-19T13:28:53.233+0530] {processor.py:830} INFO - Processing file /home/sigmoid/Desktop/Personal_Ml/airflow_poc/airflow_env/lib/python3.8/site-packages/airflow/example_dags/example_latest_only.py for tasks to queue
[2024-11-19T13:28:53.234+0530] {logging_mixin.py:188} INFO - [2024-11-19T13:28:53.234+0530] {dagbag.py:540} INFO - Filling up the DagBag from /home/sigmoid/Desktop/Personal_Ml/airflow_poc/airflow_env/lib/python3.8/site-packages/airflow/example_dags/example_latest_only.py
[2024-11-19T13:28:53.240+0530] {processor.py:840} INFO - DAG(s) 'latest_only' retrieved from /home/sigmoid/Desktop/Personal_Ml/airflow_poc/airflow_env/lib/python3.8/site-packages/airflow/example_dags/example_latest_only.py
[2024-11-19T13:28:53.263+0530] {logging_mixin.py:188} INFO - [2024-11-19T13:28:53.262+0530] {dag.py:3047} INFO - Sync 1 DAGs
[2024-11-19T13:28:53.290+0530] {logging_mixin.py:188} INFO - [2024-11-19T13:28:53.290+0530] {dag.py:3834} INFO - Setting next_dagrun for latest_only to 2024-11-19 00:00:00+00:00, run_after=2024-11-19 04:00:00+00:00
[2024-11-19T13:28:53.318+0530] {processor.py:183} INFO - Processing /home/sigmoid/Desktop/Personal_Ml/airflow_poc/airflow_env/lib/python3.8/site-packages/airflow/example_dags/example_latest_only.py took 0.093 seconds
[2024-11-19T13:29:50.808+0530] {processor.py:161} INFO - Started process (PID=36376) to work on /home/sigmoid/Desktop/Personal_Ml/airflow_poc/airflow_env/lib/python3.8/site-packages/airflow/example_dags/example_latest_only.py
[2024-11-19T13:29:50.810+0530] {processor.py:830} INFO - Processing file /home/sigmoid/Desktop/Personal_Ml/airflow_poc/airflow_env/lib/python3.8/site-packages/airflow/example_dags/example_latest_only.py for tasks to queue
[2024-11-19T13:29:50.812+0530] {logging_mixin.py:188} INFO - [2024-11-19T13:29:50.812+0530] {dagbag.py:540} INFO - Filling up the DagBag from /home/sigmoid/Desktop/Personal_Ml/airflow_poc/airflow_env/lib/python3.8/site-packages/airflow/example_dags/example_latest_only.py
[2024-11-19T13:29:50.824+0530] {processor.py:840} INFO - DAG(s) 'latest_only' retrieved from /home/sigmoid/Desktop/Personal_Ml/airflow_poc/airflow_env/lib/python3.8/site-packages/airflow/example_dags/example_latest_only.py
[2024-11-19T13:29:50.850+0530] {logging_mixin.py:188} INFO - [2024-11-19T13:29:50.850+0530] {dag.py:3047} INFO - Sync 1 DAGs
[2024-11-19T13:29:50.906+0530] {logging_mixin.py:188} INFO - [2024-11-19T13:29:50.903+0530] {dag.py:3834} INFO - Setting next_dagrun for latest_only to 2024-11-19 00:00:00+00:00, run_after=2024-11-19 04:00:00+00:00
[2024-11-19T13:29:50.966+0530] {processor.py:183} INFO - Processing /home/sigmoid/Desktop/Personal_Ml/airflow_poc/airflow_env/lib/python3.8/site-packages/airflow/example_dags/example_latest_only.py took 0.164 seconds
[2024-11-19T13:30:49.197+0530] {processor.py:161} INFO - Started process (PID=36452) to work on /home/sigmoid/Desktop/Personal_Ml/airflow_poc/airflow_env/lib/python3.8/site-packages/airflow/example_dags/example_latest_only.py
[2024-11-19T13:30:49.198+0530] {processor.py:830} INFO - Processing file /home/sigmoid/Desktop/Personal_Ml/airflow_poc/airflow_env/lib/python3.8/site-packages/airflow/example_dags/example_latest_only.py for tasks to queue
[2024-11-19T13:30:49.199+0530] {logging_mixin.py:188} INFO - [2024-11-19T13:30:49.199+0530] {dagbag.py:540} INFO - Filling up the DagBag from /home/sigmoid/Desktop/Personal_Ml/airflow_poc/airflow_env/lib/python3.8/site-packages/airflow/example_dags/example_latest_only.py
[2024-11-19T13:30:49.205+0530] {processor.py:840} INFO - DAG(s) 'latest_only' retrieved from /home/sigmoid/Desktop/Personal_Ml/airflow_poc/airflow_env/lib/python3.8/site-packages/airflow/example_dags/example_latest_only.py
[2024-11-19T13:30:49.221+0530] {logging_mixin.py:188} INFO - [2024-11-19T13:30:49.221+0530] {dag.py:3047} INFO - Sync 1 DAGs
[2024-11-19T13:30:49.241+0530] {logging_mixin.py:188} INFO - [2024-11-19T13:30:49.241+0530] {dag.py:3834} INFO - Setting next_dagrun for latest_only to 2024-11-19 04:00:00+00:00, run_after=2024-11-19 08:00:00+00:00
[2024-11-19T13:30:49.269+0530] {processor.py:183} INFO - Processing /home/sigmoid/Desktop/Personal_Ml/airflow_poc/airflow_env/lib/python3.8/site-packages/airflow/example_dags/example_latest_only.py took 0.075 seconds
[2024-11-19T13:31:53.554+0530] {processor.py:161} INFO - Started process (PID=36795) to work on /home/sigmoid/Desktop/Personal_Ml/airflow_poc/airflow_env/lib/python3.8/site-packages/airflow/example_dags/example_latest_only.py
[2024-11-19T13:31:53.555+0530] {processor.py:830} INFO - Processing file /home/sigmoid/Desktop/Personal_Ml/airflow_poc/airflow_env/lib/python3.8/site-packages/airflow/example_dags/example_latest_only.py for tasks to queue
[2024-11-19T13:31:53.556+0530] {logging_mixin.py:188} INFO - [2024-11-19T13:31:53.556+0530] {dagbag.py:540} INFO - Filling up the DagBag from /home/sigmoid/Desktop/Personal_Ml/airflow_poc/airflow_env/lib/python3.8/site-packages/airflow/example_dags/example_latest_only.py
[2024-11-19T13:31:53.562+0530] {processor.py:840} INFO - DAG(s) 'latest_only' retrieved from /home/sigmoid/Desktop/Personal_Ml/airflow_poc/airflow_env/lib/python3.8/site-packages/airflow/example_dags/example_latest_only.py
[2024-11-19T13:31:53.578+0530] {logging_mixin.py:188} INFO - [2024-11-19T13:31:53.578+0530] {dag.py:3047} INFO - Sync 1 DAGs
[2024-11-19T13:31:53.599+0530] {logging_mixin.py:188} INFO - [2024-11-19T13:31:53.598+0530] {dag.py:3834} INFO - Setting next_dagrun for latest_only to 2024-11-19 04:00:00+00:00, run_after=2024-11-19 08:00:00+00:00
[2024-11-19T13:31:53.630+0530] {processor.py:183} INFO - Processing /home/sigmoid/Desktop/Personal_Ml/airflow_poc/airflow_env/lib/python3.8/site-packages/airflow/example_dags/example_latest_only.py took 0.079 seconds
[2024-11-19T13:32:56.626+0530] {processor.py:161} INFO - Started process (PID=36875) to work on /home/sigmoid/Desktop/Personal_Ml/airflow_poc/airflow_env/lib/python3.8/site-packages/airflow/example_dags/example_latest_only.py
[2024-11-19T13:32:56.627+0530] {processor.py:830} INFO - Processing file /home/sigmoid/Desktop/Personal_Ml/airflow_poc/airflow_env/lib/python3.8/site-packages/airflow/example_dags/example_latest_only.py for tasks to queue
[2024-11-19T13:32:56.628+0530] {logging_mixin.py:188} INFO - [2024-11-19T13:32:56.627+0530] {dagbag.py:540} INFO - Filling up the DagBag from /home/sigmoid/Desktop/Personal_Ml/airflow_poc/airflow_env/lib/python3.8/site-packages/airflow/example_dags/example_latest_only.py
[2024-11-19T13:32:56.633+0530] {processor.py:840} INFO - DAG(s) 'latest_only' retrieved from /home/sigmoid/Desktop/Personal_Ml/airflow_poc/airflow_env/lib/python3.8/site-packages/airflow/example_dags/example_latest_only.py
[2024-11-19T13:32:56.652+0530] {logging_mixin.py:188} INFO - [2024-11-19T13:32:56.651+0530] {dag.py:3047} INFO - Sync 1 DAGs
[2024-11-19T13:32:56.673+0530] {logging_mixin.py:188} INFO - [2024-11-19T13:32:56.672+0530] {dag.py:3834} INFO - Setting next_dagrun for latest_only to 2024-11-19 04:00:00+00:00, run_after=2024-11-19 08:00:00+00:00
[2024-11-19T13:32:56.694+0530] {processor.py:183} INFO - Processing /home/sigmoid/Desktop/Personal_Ml/airflow_poc/airflow_env/lib/python3.8/site-packages/airflow/example_dags/example_latest_only.py took 0.071 seconds
[2024-11-19T13:33:54.261+0530] {processor.py:161} INFO - Started process (PID=36982) to work on /home/sigmoid/Desktop/Personal_Ml/airflow_poc/airflow_env/lib/python3.8/site-packages/airflow/example_dags/example_latest_only.py
[2024-11-19T13:33:54.262+0530] {processor.py:830} INFO - Processing file /home/sigmoid/Desktop/Personal_Ml/airflow_poc/airflow_env/lib/python3.8/site-packages/airflow/example_dags/example_latest_only.py for tasks to queue
[2024-11-19T13:33:54.263+0530] {logging_mixin.py:188} INFO - [2024-11-19T13:33:54.263+0530] {dagbag.py:540} INFO - Filling up the DagBag from /home/sigmoid/Desktop/Personal_Ml/airflow_poc/airflow_env/lib/python3.8/site-packages/airflow/example_dags/example_latest_only.py
[2024-11-19T13:33:54.269+0530] {processor.py:840} INFO - DAG(s) 'latest_only' retrieved from /home/sigmoid/Desktop/Personal_Ml/airflow_poc/airflow_env/lib/python3.8/site-packages/airflow/example_dags/example_latest_only.py
[2024-11-19T13:33:54.285+0530] {logging_mixin.py:188} INFO - [2024-11-19T13:33:54.284+0530] {dag.py:3047} INFO - Sync 1 DAGs
[2024-11-19T13:33:54.305+0530] {logging_mixin.py:188} INFO - [2024-11-19T13:33:54.305+0530] {dag.py:3834} INFO - Setting next_dagrun for latest_only to 2024-11-19 04:00:00+00:00, run_after=2024-11-19 08:00:00+00:00
[2024-11-19T13:33:54.326+0530] {processor.py:183} INFO - Processing /home/sigmoid/Desktop/Personal_Ml/airflow_poc/airflow_env/lib/python3.8/site-packages/airflow/example_dags/example_latest_only.py took 0.069 seconds
[2024-11-19T13:41:48.968+0530] {processor.py:161} INFO - Started process (PID=37275) to work on /home/sigmoid/Desktop/Personal_Ml/airflow_poc/airflow_env/lib/python3.8/site-packages/airflow/example_dags/example_latest_only.py
[2024-11-19T13:41:48.969+0530] {processor.py:830} INFO - Processing file /home/sigmoid/Desktop/Personal_Ml/airflow_poc/airflow_env/lib/python3.8/site-packages/airflow/example_dags/example_latest_only.py for tasks to queue
[2024-11-19T13:41:48.970+0530] {logging_mixin.py:188} INFO - [2024-11-19T13:41:48.970+0530] {dagbag.py:540} INFO - Filling up the DagBag from /home/sigmoid/Desktop/Personal_Ml/airflow_poc/airflow_env/lib/python3.8/site-packages/airflow/example_dags/example_latest_only.py
[2024-11-19T13:41:48.976+0530] {processor.py:840} INFO - DAG(s) 'latest_only' retrieved from /home/sigmoid/Desktop/Personal_Ml/airflow_poc/airflow_env/lib/python3.8/site-packages/airflow/example_dags/example_latest_only.py
[2024-11-19T13:41:48.992+0530] {logging_mixin.py:188} INFO - [2024-11-19T13:41:48.991+0530] {dag.py:3047} INFO - Sync 1 DAGs
[2024-11-19T13:41:49.013+0530] {logging_mixin.py:188} INFO - [2024-11-19T13:41:49.012+0530] {dag.py:3834} INFO - Setting next_dagrun for latest_only to 2024-11-19 04:00:00+00:00, run_after=2024-11-19 08:00:00+00:00
[2024-11-19T13:41:49.033+0530] {processor.py:183} INFO - Processing /home/sigmoid/Desktop/Personal_Ml/airflow_poc/airflow_env/lib/python3.8/site-packages/airflow/example_dags/example_latest_only.py took 0.068 seconds
[2024-11-19T13:42:51.809+0530] {processor.py:161} INFO - Started process (PID=37353) to work on /home/sigmoid/Desktop/Personal_Ml/airflow_poc/airflow_env/lib/python3.8/site-packages/airflow/example_dags/example_latest_only.py
[2024-11-19T13:42:51.810+0530] {processor.py:830} INFO - Processing file /home/sigmoid/Desktop/Personal_Ml/airflow_poc/airflow_env/lib/python3.8/site-packages/airflow/example_dags/example_latest_only.py for tasks to queue
[2024-11-19T13:42:51.811+0530] {logging_mixin.py:188} INFO - [2024-11-19T13:42:51.810+0530] {dagbag.py:540} INFO - Filling up the DagBag from /home/sigmoid/Desktop/Personal_Ml/airflow_poc/airflow_env/lib/python3.8/site-packages/airflow/example_dags/example_latest_only.py
[2024-11-19T13:42:51.817+0530] {processor.py:840} INFO - DAG(s) 'latest_only' retrieved from /home/sigmoid/Desktop/Personal_Ml/airflow_poc/airflow_env/lib/python3.8/site-packages/airflow/example_dags/example_latest_only.py
[2024-11-19T13:42:51.832+0530] {logging_mixin.py:188} INFO - [2024-11-19T13:42:51.832+0530] {dag.py:3047} INFO - Sync 1 DAGs
[2024-11-19T13:42:51.853+0530] {logging_mixin.py:188} INFO - [2024-11-19T13:42:51.853+0530] {dag.py:3834} INFO - Setting next_dagrun for latest_only to 2024-11-19 04:00:00+00:00, run_after=2024-11-19 08:00:00+00:00
[2024-11-19T13:42:51.873+0530] {processor.py:183} INFO - Processing /home/sigmoid/Desktop/Personal_Ml/airflow_poc/airflow_env/lib/python3.8/site-packages/airflow/example_dags/example_latest_only.py took 0.068 seconds
[2024-11-19T13:43:42.781+0530] {processor.py:161} INFO - Started process (PID=37414) to work on /home/sigmoid/Desktop/Personal_Ml/airflow_poc/airflow_env/lib/python3.8/site-packages/airflow/example_dags/example_latest_only.py
[2024-11-19T13:43:42.782+0530] {processor.py:830} INFO - Processing file /home/sigmoid/Desktop/Personal_Ml/airflow_poc/airflow_env/lib/python3.8/site-packages/airflow/example_dags/example_latest_only.py for tasks to queue
[2024-11-19T13:43:42.783+0530] {logging_mixin.py:188} INFO - [2024-11-19T13:43:42.783+0530] {dagbag.py:540} INFO - Filling up the DagBag from /home/sigmoid/Desktop/Personal_Ml/airflow_poc/airflow_env/lib/python3.8/site-packages/airflow/example_dags/example_latest_only.py
[2024-11-19T13:43:42.789+0530] {processor.py:840} INFO - DAG(s) 'latest_only' retrieved from /home/sigmoid/Desktop/Personal_Ml/airflow_poc/airflow_env/lib/python3.8/site-packages/airflow/example_dags/example_latest_only.py
[2024-11-19T13:43:42.805+0530] {logging_mixin.py:188} INFO - [2024-11-19T13:43:42.805+0530] {dag.py:3047} INFO - Sync 1 DAGs
[2024-11-19T13:43:42.825+0530] {logging_mixin.py:188} INFO - [2024-11-19T13:43:42.824+0530] {dag.py:3834} INFO - Setting next_dagrun for latest_only to 2024-11-19 04:00:00+00:00, run_after=2024-11-19 08:00:00+00:00
[2024-11-19T13:43:42.846+0530] {processor.py:183} INFO - Processing /home/sigmoid/Desktop/Personal_Ml/airflow_poc/airflow_env/lib/python3.8/site-packages/airflow/example_dags/example_latest_only.py took 0.068 seconds
[2024-11-19T13:44:45.199+0530] {processor.py:161} INFO - Started process (PID=37488) to work on /home/sigmoid/Desktop/Personal_Ml/airflow_poc/airflow_env/lib/python3.8/site-packages/airflow/example_dags/example_latest_only.py
[2024-11-19T13:44:45.200+0530] {processor.py:830} INFO - Processing file /home/sigmoid/Desktop/Personal_Ml/airflow_poc/airflow_env/lib/python3.8/site-packages/airflow/example_dags/example_latest_only.py for tasks to queue
[2024-11-19T13:44:45.201+0530] {logging_mixin.py:188} INFO - [2024-11-19T13:44:45.201+0530] {dagbag.py:540} INFO - Filling up the DagBag from /home/sigmoid/Desktop/Personal_Ml/airflow_poc/airflow_env/lib/python3.8/site-packages/airflow/example_dags/example_latest_only.py
[2024-11-19T13:44:45.207+0530] {processor.py:840} INFO - DAG(s) 'latest_only' retrieved from /home/sigmoid/Desktop/Personal_Ml/airflow_poc/airflow_env/lib/python3.8/site-packages/airflow/example_dags/example_latest_only.py
[2024-11-19T13:44:45.223+0530] {logging_mixin.py:188} INFO - [2024-11-19T13:44:45.223+0530] {dag.py:3047} INFO - Sync 1 DAGs
[2024-11-19T13:44:45.243+0530] {logging_mixin.py:188} INFO - [2024-11-19T13:44:45.243+0530] {dag.py:3834} INFO - Setting next_dagrun for latest_only to 2024-11-19 04:00:00+00:00, run_after=2024-11-19 08:00:00+00:00
[2024-11-19T13:44:45.266+0530] {processor.py:183} INFO - Processing /home/sigmoid/Desktop/Personal_Ml/airflow_poc/airflow_env/lib/python3.8/site-packages/airflow/example_dags/example_latest_only.py took 0.070 seconds
[2024-11-19T13:45:47.778+0530] {processor.py:161} INFO - Started process (PID=37565) to work on /home/sigmoid/Desktop/Personal_Ml/airflow_poc/airflow_env/lib/python3.8/site-packages/airflow/example_dags/example_latest_only.py
[2024-11-19T13:45:47.779+0530] {processor.py:830} INFO - Processing file /home/sigmoid/Desktop/Personal_Ml/airflow_poc/airflow_env/lib/python3.8/site-packages/airflow/example_dags/example_latest_only.py for tasks to queue
[2024-11-19T13:45:47.780+0530] {logging_mixin.py:188} INFO - [2024-11-19T13:45:47.779+0530] {dagbag.py:540} INFO - Filling up the DagBag from /home/sigmoid/Desktop/Personal_Ml/airflow_poc/airflow_env/lib/python3.8/site-packages/airflow/example_dags/example_latest_only.py
[2024-11-19T13:45:47.785+0530] {processor.py:840} INFO - DAG(s) 'latest_only' retrieved from /home/sigmoid/Desktop/Personal_Ml/airflow_poc/airflow_env/lib/python3.8/site-packages/airflow/example_dags/example_latest_only.py
[2024-11-19T13:45:47.801+0530] {logging_mixin.py:188} INFO - [2024-11-19T13:45:47.801+0530] {dag.py:3047} INFO - Sync 1 DAGs
[2024-11-19T13:45:47.821+0530] {logging_mixin.py:188} INFO - [2024-11-19T13:45:47.821+0530] {dag.py:3834} INFO - Setting next_dagrun for latest_only to 2024-11-19 04:00:00+00:00, run_after=2024-11-19 08:00:00+00:00
[2024-11-19T13:45:47.841+0530] {processor.py:183} INFO - Processing /home/sigmoid/Desktop/Personal_Ml/airflow_poc/airflow_env/lib/python3.8/site-packages/airflow/example_dags/example_latest_only.py took 0.067 seconds
[2024-11-19T13:46:53.034+0530] {processor.py:161} INFO - Started process (PID=37896) to work on /home/sigmoid/Desktop/Personal_Ml/airflow_poc/airflow_env/lib/python3.8/site-packages/airflow/example_dags/example_latest_only.py
[2024-11-19T13:46:53.035+0530] {processor.py:830} INFO - Processing file /home/sigmoid/Desktop/Personal_Ml/airflow_poc/airflow_env/lib/python3.8/site-packages/airflow/example_dags/example_latest_only.py for tasks to queue
[2024-11-19T13:46:53.036+0530] {logging_mixin.py:188} INFO - [2024-11-19T13:46:53.036+0530] {dagbag.py:540} INFO - Filling up the DagBag from /home/sigmoid/Desktop/Personal_Ml/airflow_poc/airflow_env/lib/python3.8/site-packages/airflow/example_dags/example_latest_only.py
[2024-11-19T13:46:53.042+0530] {processor.py:840} INFO - DAG(s) 'latest_only' retrieved from /home/sigmoid/Desktop/Personal_Ml/airflow_poc/airflow_env/lib/python3.8/site-packages/airflow/example_dags/example_latest_only.py
[2024-11-19T13:46:53.058+0530] {logging_mixin.py:188} INFO - [2024-11-19T13:46:53.058+0530] {dag.py:3047} INFO - Sync 1 DAGs
[2024-11-19T13:46:53.078+0530] {logging_mixin.py:188} INFO - [2024-11-19T13:46:53.078+0530] {dag.py:3834} INFO - Setting next_dagrun for latest_only to 2024-11-19 04:00:00+00:00, run_after=2024-11-19 08:00:00+00:00
[2024-11-19T13:46:53.099+0530] {processor.py:183} INFO - Processing /home/sigmoid/Desktop/Personal_Ml/airflow_poc/airflow_env/lib/python3.8/site-packages/airflow/example_dags/example_latest_only.py took 0.068 seconds
[2024-11-19T13:47:53.190+0530] {processor.py:161} INFO - Started process (PID=37971) to work on /home/sigmoid/Desktop/Personal_Ml/airflow_poc/airflow_env/lib/python3.8/site-packages/airflow/example_dags/example_latest_only.py
[2024-11-19T13:47:53.191+0530] {processor.py:830} INFO - Processing file /home/sigmoid/Desktop/Personal_Ml/airflow_poc/airflow_env/lib/python3.8/site-packages/airflow/example_dags/example_latest_only.py for tasks to queue
[2024-11-19T13:47:53.192+0530] {logging_mixin.py:188} INFO - [2024-11-19T13:47:53.192+0530] {dagbag.py:540} INFO - Filling up the DagBag from /home/sigmoid/Desktop/Personal_Ml/airflow_poc/airflow_env/lib/python3.8/site-packages/airflow/example_dags/example_latest_only.py
[2024-11-19T13:47:53.198+0530] {processor.py:840} INFO - DAG(s) 'latest_only' retrieved from /home/sigmoid/Desktop/Personal_Ml/airflow_poc/airflow_env/lib/python3.8/site-packages/airflow/example_dags/example_latest_only.py
[2024-11-19T13:47:53.214+0530] {logging_mixin.py:188} INFO - [2024-11-19T13:47:53.214+0530] {dag.py:3047} INFO - Sync 1 DAGs
[2024-11-19T13:47:53.234+0530] {logging_mixin.py:188} INFO - [2024-11-19T13:47:53.234+0530] {dag.py:3834} INFO - Setting next_dagrun for latest_only to 2024-11-19 04:00:00+00:00, run_after=2024-11-19 08:00:00+00:00
[2024-11-19T13:47:53.256+0530] {processor.py:183} INFO - Processing /home/sigmoid/Desktop/Personal_Ml/airflow_poc/airflow_env/lib/python3.8/site-packages/airflow/example_dags/example_latest_only.py took 0.069 seconds
[2024-11-19T13:48:54.035+0530] {processor.py:161} INFO - Started process (PID=38044) to work on /home/sigmoid/Desktop/Personal_Ml/airflow_poc/airflow_env/lib/python3.8/site-packages/airflow/example_dags/example_latest_only.py
[2024-11-19T13:48:54.036+0530] {processor.py:830} INFO - Processing file /home/sigmoid/Desktop/Personal_Ml/airflow_poc/airflow_env/lib/python3.8/site-packages/airflow/example_dags/example_latest_only.py for tasks to queue
[2024-11-19T13:48:54.037+0530] {logging_mixin.py:188} INFO - [2024-11-19T13:48:54.037+0530] {dagbag.py:540} INFO - Filling up the DagBag from /home/sigmoid/Desktop/Personal_Ml/airflow_poc/airflow_env/lib/python3.8/site-packages/airflow/example_dags/example_latest_only.py
[2024-11-19T13:48:54.043+0530] {processor.py:840} INFO - DAG(s) 'latest_only' retrieved from /home/sigmoid/Desktop/Personal_Ml/airflow_poc/airflow_env/lib/python3.8/site-packages/airflow/example_dags/example_latest_only.py
[2024-11-19T13:48:54.058+0530] {logging_mixin.py:188} INFO - [2024-11-19T13:48:54.058+0530] {dag.py:3047} INFO - Sync 1 DAGs
[2024-11-19T13:48:54.079+0530] {logging_mixin.py:188} INFO - [2024-11-19T13:48:54.079+0530] {dag.py:3834} INFO - Setting next_dagrun for latest_only to 2024-11-19 04:00:00+00:00, run_after=2024-11-19 08:00:00+00:00
[2024-11-19T13:48:54.099+0530] {processor.py:183} INFO - Processing /home/sigmoid/Desktop/Personal_Ml/airflow_poc/airflow_env/lib/python3.8/site-packages/airflow/example_dags/example_latest_only.py took 0.067 seconds
[2024-11-19T13:49:49.321+0530] {processor.py:161} INFO - Started process (PID=38116) to work on /home/sigmoid/Desktop/Personal_Ml/airflow_poc/airflow_env/lib/python3.8/site-packages/airflow/example_dags/example_latest_only.py
[2024-11-19T13:49:49.322+0530] {processor.py:830} INFO - Processing file /home/sigmoid/Desktop/Personal_Ml/airflow_poc/airflow_env/lib/python3.8/site-packages/airflow/example_dags/example_latest_only.py for tasks to queue
[2024-11-19T13:49:49.323+0530] {logging_mixin.py:188} INFO - [2024-11-19T13:49:49.323+0530] {dagbag.py:540} INFO - Filling up the DagBag from /home/sigmoid/Desktop/Personal_Ml/airflow_poc/airflow_env/lib/python3.8/site-packages/airflow/example_dags/example_latest_only.py
[2024-11-19T13:49:49.329+0530] {processor.py:840} INFO - DAG(s) 'latest_only' retrieved from /home/sigmoid/Desktop/Personal_Ml/airflow_poc/airflow_env/lib/python3.8/site-packages/airflow/example_dags/example_latest_only.py
[2024-11-19T13:49:49.345+0530] {logging_mixin.py:188} INFO - [2024-11-19T13:49:49.344+0530] {dag.py:3047} INFO - Sync 1 DAGs
[2024-11-19T13:49:49.365+0530] {logging_mixin.py:188} INFO - [2024-11-19T13:49:49.364+0530] {dag.py:3834} INFO - Setting next_dagrun for latest_only to 2024-11-19 04:00:00+00:00, run_after=2024-11-19 08:00:00+00:00
[2024-11-19T13:49:49.385+0530] {processor.py:183} INFO - Processing /home/sigmoid/Desktop/Personal_Ml/airflow_poc/airflow_env/lib/python3.8/site-packages/airflow/example_dags/example_latest_only.py took 0.067 seconds
[2024-11-19T13:50:49.490+0530] {processor.py:161} INFO - Started process (PID=38187) to work on /home/sigmoid/Desktop/Personal_Ml/airflow_poc/airflow_env/lib/python3.8/site-packages/airflow/example_dags/example_latest_only.py
[2024-11-19T13:50:49.491+0530] {processor.py:830} INFO - Processing file /home/sigmoid/Desktop/Personal_Ml/airflow_poc/airflow_env/lib/python3.8/site-packages/airflow/example_dags/example_latest_only.py for tasks to queue
[2024-11-19T13:50:49.492+0530] {logging_mixin.py:188} INFO - [2024-11-19T13:50:49.491+0530] {dagbag.py:540} INFO - Filling up the DagBag from /home/sigmoid/Desktop/Personal_Ml/airflow_poc/airflow_env/lib/python3.8/site-packages/airflow/example_dags/example_latest_only.py
[2024-11-19T13:50:49.497+0530] {processor.py:840} INFO - DAG(s) 'latest_only' retrieved from /home/sigmoid/Desktop/Personal_Ml/airflow_poc/airflow_env/lib/python3.8/site-packages/airflow/example_dags/example_latest_only.py
[2024-11-19T13:50:49.513+0530] {logging_mixin.py:188} INFO - [2024-11-19T13:50:49.513+0530] {dag.py:3047} INFO - Sync 1 DAGs
[2024-11-19T13:50:49.534+0530] {logging_mixin.py:188} INFO - [2024-11-19T13:50:49.534+0530] {dag.py:3834} INFO - Setting next_dagrun for latest_only to 2024-11-19 04:00:00+00:00, run_after=2024-11-19 08:00:00+00:00
[2024-11-19T13:50:49.554+0530] {processor.py:183} INFO - Processing /home/sigmoid/Desktop/Personal_Ml/airflow_poc/airflow_env/lib/python3.8/site-packages/airflow/example_dags/example_latest_only.py took 0.068 seconds
[2024-11-19T13:51:51.985+0530] {processor.py:161} INFO - Started process (PID=38265) to work on /home/sigmoid/Desktop/Personal_Ml/airflow_poc/airflow_env/lib/python3.8/site-packages/airflow/example_dags/example_latest_only.py
[2024-11-19T13:51:51.986+0530] {processor.py:830} INFO - Processing file /home/sigmoid/Desktop/Personal_Ml/airflow_poc/airflow_env/lib/python3.8/site-packages/airflow/example_dags/example_latest_only.py for tasks to queue
[2024-11-19T13:51:51.987+0530] {logging_mixin.py:188} INFO - [2024-11-19T13:51:51.987+0530] {dagbag.py:540} INFO - Filling up the DagBag from /home/sigmoid/Desktop/Personal_Ml/airflow_poc/airflow_env/lib/python3.8/site-packages/airflow/example_dags/example_latest_only.py
[2024-11-19T13:51:51.993+0530] {processor.py:840} INFO - DAG(s) 'latest_only' retrieved from /home/sigmoid/Desktop/Personal_Ml/airflow_poc/airflow_env/lib/python3.8/site-packages/airflow/example_dags/example_latest_only.py
[2024-11-19T13:51:52.008+0530] {logging_mixin.py:188} INFO - [2024-11-19T13:51:52.008+0530] {dag.py:3047} INFO - Sync 1 DAGs
[2024-11-19T13:51:52.029+0530] {logging_mixin.py:188} INFO - [2024-11-19T13:51:52.029+0530] {dag.py:3834} INFO - Setting next_dagrun for latest_only to 2024-11-19 04:00:00+00:00, run_after=2024-11-19 08:00:00+00:00
[2024-11-19T13:51:52.049+0530] {processor.py:183} INFO - Processing /home/sigmoid/Desktop/Personal_Ml/airflow_poc/airflow_env/lib/python3.8/site-packages/airflow/example_dags/example_latest_only.py took 0.067 seconds
[2024-11-19T13:52:53.875+0530] {processor.py:161} INFO - Started process (PID=38340) to work on /home/sigmoid/Desktop/Personal_Ml/airflow_poc/airflow_env/lib/python3.8/site-packages/airflow/example_dags/example_latest_only.py
[2024-11-19T13:52:53.876+0530] {processor.py:830} INFO - Processing file /home/sigmoid/Desktop/Personal_Ml/airflow_poc/airflow_env/lib/python3.8/site-packages/airflow/example_dags/example_latest_only.py for tasks to queue
[2024-11-19T13:52:53.877+0530] {logging_mixin.py:188} INFO - [2024-11-19T13:52:53.877+0530] {dagbag.py:540} INFO - Filling up the DagBag from /home/sigmoid/Desktop/Personal_Ml/airflow_poc/airflow_env/lib/python3.8/site-packages/airflow/example_dags/example_latest_only.py
[2024-11-19T13:52:53.882+0530] {processor.py:840} INFO - DAG(s) 'latest_only' retrieved from /home/sigmoid/Desktop/Personal_Ml/airflow_poc/airflow_env/lib/python3.8/site-packages/airflow/example_dags/example_latest_only.py
[2024-11-19T13:52:53.898+0530] {logging_mixin.py:188} INFO - [2024-11-19T13:52:53.898+0530] {dag.py:3047} INFO - Sync 1 DAGs
[2024-11-19T13:52:53.918+0530] {logging_mixin.py:188} INFO - [2024-11-19T13:52:53.918+0530] {dag.py:3834} INFO - Setting next_dagrun for latest_only to 2024-11-19 04:00:00+00:00, run_after=2024-11-19 08:00:00+00:00
[2024-11-19T13:52:53.938+0530] {processor.py:183} INFO - Processing /home/sigmoid/Desktop/Personal_Ml/airflow_poc/airflow_env/lib/python3.8/site-packages/airflow/example_dags/example_latest_only.py took 0.067 seconds
[2024-11-19T13:54:02.065+0530] {processor.py:161} INFO - Started process (PID=38468) to work on /home/sigmoid/Desktop/Personal_Ml/airflow_poc/airflow_env/lib/python3.8/site-packages/airflow/example_dags/example_latest_only.py
[2024-11-19T13:54:02.066+0530] {processor.py:830} INFO - Processing file /home/sigmoid/Desktop/Personal_Ml/airflow_poc/airflow_env/lib/python3.8/site-packages/airflow/example_dags/example_latest_only.py for tasks to queue
[2024-11-19T13:54:02.067+0530] {logging_mixin.py:188} INFO - [2024-11-19T13:54:02.067+0530] {dagbag.py:540} INFO - Filling up the DagBag from /home/sigmoid/Desktop/Personal_Ml/airflow_poc/airflow_env/lib/python3.8/site-packages/airflow/example_dags/example_latest_only.py
[2024-11-19T13:54:02.073+0530] {processor.py:840} INFO - DAG(s) 'latest_only' retrieved from /home/sigmoid/Desktop/Personal_Ml/airflow_poc/airflow_env/lib/python3.8/site-packages/airflow/example_dags/example_latest_only.py
[2024-11-19T13:54:02.091+0530] {logging_mixin.py:188} INFO - [2024-11-19T13:54:02.090+0530] {dag.py:3047} INFO - Sync 1 DAGs
[2024-11-19T13:54:02.112+0530] {logging_mixin.py:188} INFO - [2024-11-19T13:54:02.111+0530] {dag.py:3834} INFO - Setting next_dagrun for latest_only to 2024-11-19 04:00:00+00:00, run_after=2024-11-19 08:00:00+00:00
[2024-11-19T13:54:02.133+0530] {processor.py:183} INFO - Processing /home/sigmoid/Desktop/Personal_Ml/airflow_poc/airflow_env/lib/python3.8/site-packages/airflow/example_dags/example_latest_only.py took 0.071 seconds
[2024-11-19T14:30:51.963+0530] {processor.py:161} INFO - Started process (PID=54658) to work on /home/sigmoid/Desktop/Personal_Ml/airflow_poc/airflow_env/lib/python3.8/site-packages/airflow/example_dags/example_latest_only.py
[2024-11-19T14:30:51.965+0530] {processor.py:830} INFO - Processing file /home/sigmoid/Desktop/Personal_Ml/airflow_poc/airflow_env/lib/python3.8/site-packages/airflow/example_dags/example_latest_only.py for tasks to queue
[2024-11-19T14:30:51.967+0530] {logging_mixin.py:188} INFO - [2024-11-19T14:30:51.966+0530] {dagbag.py:540} INFO - Filling up the DagBag from /home/sigmoid/Desktop/Personal_Ml/airflow_poc/airflow_env/lib/python3.8/site-packages/airflow/example_dags/example_latest_only.py
[2024-11-19T14:30:51.982+0530] {processor.py:840} INFO - DAG(s) 'latest_only' retrieved from /home/sigmoid/Desktop/Personal_Ml/airflow_poc/airflow_env/lib/python3.8/site-packages/airflow/example_dags/example_latest_only.py
[2024-11-19T14:30:52.019+0530] {logging_mixin.py:188} INFO - [2024-11-19T14:30:52.019+0530] {dag.py:3047} INFO - Sync 1 DAGs
[2024-11-19T14:30:52.064+0530] {logging_mixin.py:188} INFO - [2024-11-19T14:30:52.063+0530] {dag.py:3834} INFO - Setting next_dagrun for latest_only to 2024-11-19 04:00:00+00:00, run_after=2024-11-19 08:00:00+00:00
[2024-11-19T14:30:52.112+0530] {processor.py:183} INFO - Processing /home/sigmoid/Desktop/Personal_Ml/airflow_poc/airflow_env/lib/python3.8/site-packages/airflow/example_dags/example_latest_only.py took 0.156 seconds
[2024-11-19T14:31:45.161+0530] {processor.py:161} INFO - Started process (PID=55018) to work on /home/sigmoid/Desktop/Personal_Ml/airflow_poc/airflow_env/lib/python3.8/site-packages/airflow/example_dags/example_latest_only.py
[2024-11-19T14:31:45.163+0530] {processor.py:830} INFO - Processing file /home/sigmoid/Desktop/Personal_Ml/airflow_poc/airflow_env/lib/python3.8/site-packages/airflow/example_dags/example_latest_only.py for tasks to queue
[2024-11-19T14:31:45.164+0530] {logging_mixin.py:188} INFO - [2024-11-19T14:31:45.164+0530] {dagbag.py:540} INFO - Filling up the DagBag from /home/sigmoid/Desktop/Personal_Ml/airflow_poc/airflow_env/lib/python3.8/site-packages/airflow/example_dags/example_latest_only.py
[2024-11-19T14:31:45.170+0530] {processor.py:840} INFO - DAG(s) 'latest_only' retrieved from /home/sigmoid/Desktop/Personal_Ml/airflow_poc/airflow_env/lib/python3.8/site-packages/airflow/example_dags/example_latest_only.py
[2024-11-19T14:31:45.187+0530] {logging_mixin.py:188} INFO - [2024-11-19T14:31:45.187+0530] {dag.py:3047} INFO - Sync 1 DAGs
[2024-11-19T14:31:45.209+0530] {logging_mixin.py:188} INFO - [2024-11-19T14:31:45.209+0530] {dag.py:3834} INFO - Setting next_dagrun for latest_only to 2024-11-19 04:00:00+00:00, run_after=2024-11-19 08:00:00+00:00
[2024-11-19T14:31:45.232+0530] {processor.py:183} INFO - Processing /home/sigmoid/Desktop/Personal_Ml/airflow_poc/airflow_env/lib/python3.8/site-packages/airflow/example_dags/example_latest_only.py took 0.074 seconds
[2024-11-19T14:32:49.963+0530] {processor.py:161} INFO - Started process (PID=55107) to work on /home/sigmoid/Desktop/Personal_Ml/airflow_poc/airflow_env/lib/python3.8/site-packages/airflow/example_dags/example_latest_only.py
[2024-11-19T14:32:49.964+0530] {processor.py:830} INFO - Processing file /home/sigmoid/Desktop/Personal_Ml/airflow_poc/airflow_env/lib/python3.8/site-packages/airflow/example_dags/example_latest_only.py for tasks to queue
[2024-11-19T14:32:49.965+0530] {logging_mixin.py:188} INFO - [2024-11-19T14:32:49.965+0530] {dagbag.py:540} INFO - Filling up the DagBag from /home/sigmoid/Desktop/Personal_Ml/airflow_poc/airflow_env/lib/python3.8/site-packages/airflow/example_dags/example_latest_only.py
[2024-11-19T14:32:49.971+0530] {processor.py:840} INFO - DAG(s) 'latest_only' retrieved from /home/sigmoid/Desktop/Personal_Ml/airflow_poc/airflow_env/lib/python3.8/site-packages/airflow/example_dags/example_latest_only.py
[2024-11-19T14:32:49.986+0530] {logging_mixin.py:188} INFO - [2024-11-19T14:32:49.986+0530] {dag.py:3047} INFO - Sync 1 DAGs
[2024-11-19T14:32:50.007+0530] {logging_mixin.py:188} INFO - [2024-11-19T14:32:50.007+0530] {dag.py:3834} INFO - Setting next_dagrun for latest_only to 2024-11-19 04:00:00+00:00, run_after=2024-11-19 08:00:00+00:00
[2024-11-19T14:32:50.028+0530] {processor.py:183} INFO - Processing /home/sigmoid/Desktop/Personal_Ml/airflow_poc/airflow_env/lib/python3.8/site-packages/airflow/example_dags/example_latest_only.py took 0.068 seconds
[2024-11-19T14:33:53.339+0530] {processor.py:161} INFO - Started process (PID=55182) to work on /home/sigmoid/Desktop/Personal_Ml/airflow_poc/airflow_env/lib/python3.8/site-packages/airflow/example_dags/example_latest_only.py
[2024-11-19T14:33:53.340+0530] {processor.py:830} INFO - Processing file /home/sigmoid/Desktop/Personal_Ml/airflow_poc/airflow_env/lib/python3.8/site-packages/airflow/example_dags/example_latest_only.py for tasks to queue
[2024-11-19T14:33:53.342+0530] {logging_mixin.py:188} INFO - [2024-11-19T14:33:53.342+0530] {dagbag.py:540} INFO - Filling up the DagBag from /home/sigmoid/Desktop/Personal_Ml/airflow_poc/airflow_env/lib/python3.8/site-packages/airflow/example_dags/example_latest_only.py
[2024-11-19T14:33:53.355+0530] {processor.py:840} INFO - DAG(s) 'latest_only' retrieved from /home/sigmoid/Desktop/Personal_Ml/airflow_poc/airflow_env/lib/python3.8/site-packages/airflow/example_dags/example_latest_only.py
[2024-11-19T14:33:53.394+0530] {logging_mixin.py:188} INFO - [2024-11-19T14:33:53.393+0530] {dag.py:3047} INFO - Sync 1 DAGs
[2024-11-19T14:33:53.441+0530] {logging_mixin.py:188} INFO - [2024-11-19T14:33:53.440+0530] {dag.py:3834} INFO - Setting next_dagrun for latest_only to 2024-11-19 04:00:00+00:00, run_after=2024-11-19 08:00:00+00:00
[2024-11-19T14:33:53.472+0530] {processor.py:183} INFO - Processing /home/sigmoid/Desktop/Personal_Ml/airflow_poc/airflow_env/lib/python3.8/site-packages/airflow/example_dags/example_latest_only.py took 0.139 seconds
[2024-11-19T14:35:00.209+0530] {processor.py:161} INFO - Started process (PID=55309) to work on /home/sigmoid/Desktop/Personal_Ml/airflow_poc/airflow_env/lib/python3.8/site-packages/airflow/example_dags/example_latest_only.py
[2024-11-19T14:35:00.210+0530] {processor.py:830} INFO - Processing file /home/sigmoid/Desktop/Personal_Ml/airflow_poc/airflow_env/lib/python3.8/site-packages/airflow/example_dags/example_latest_only.py for tasks to queue
[2024-11-19T14:35:00.211+0530] {logging_mixin.py:188} INFO - [2024-11-19T14:35:00.211+0530] {dagbag.py:540} INFO - Filling up the DagBag from /home/sigmoid/Desktop/Personal_Ml/airflow_poc/airflow_env/lib/python3.8/site-packages/airflow/example_dags/example_latest_only.py
[2024-11-19T14:35:00.218+0530] {processor.py:840} INFO - DAG(s) 'latest_only' retrieved from /home/sigmoid/Desktop/Personal_Ml/airflow_poc/airflow_env/lib/python3.8/site-packages/airflow/example_dags/example_latest_only.py
[2024-11-19T14:35:00.235+0530] {logging_mixin.py:188} INFO - [2024-11-19T14:35:00.235+0530] {dag.py:3047} INFO - Sync 1 DAGs
[2024-11-19T14:35:00.262+0530] {logging_mixin.py:188} INFO - [2024-11-19T14:35:00.261+0530] {dag.py:3834} INFO - Setting next_dagrun for latest_only to 2024-11-19 04:00:00+00:00, run_after=2024-11-19 08:00:00+00:00
[2024-11-19T14:35:00.288+0530] {processor.py:183} INFO - Processing /home/sigmoid/Desktop/Personal_Ml/airflow_poc/airflow_env/lib/python3.8/site-packages/airflow/example_dags/example_latest_only.py took 0.083 seconds
[2024-11-19T14:36:05.504+0530] {processor.py:161} INFO - Started process (PID=55385) to work on /home/sigmoid/Desktop/Personal_Ml/airflow_poc/airflow_env/lib/python3.8/site-packages/airflow/example_dags/example_latest_only.py
[2024-11-19T14:36:05.505+0530] {processor.py:830} INFO - Processing file /home/sigmoid/Desktop/Personal_Ml/airflow_poc/airflow_env/lib/python3.8/site-packages/airflow/example_dags/example_latest_only.py for tasks to queue
[2024-11-19T14:36:05.506+0530] {logging_mixin.py:188} INFO - [2024-11-19T14:36:05.506+0530] {dagbag.py:540} INFO - Filling up the DagBag from /home/sigmoid/Desktop/Personal_Ml/airflow_poc/airflow_env/lib/python3.8/site-packages/airflow/example_dags/example_latest_only.py
[2024-11-19T14:36:05.512+0530] {processor.py:840} INFO - DAG(s) 'latest_only' retrieved from /home/sigmoid/Desktop/Personal_Ml/airflow_poc/airflow_env/lib/python3.8/site-packages/airflow/example_dags/example_latest_only.py
[2024-11-19T14:36:05.534+0530] {logging_mixin.py:188} INFO - [2024-11-19T14:36:05.534+0530] {dag.py:3047} INFO - Sync 1 DAGs
[2024-11-19T14:36:05.560+0530] {logging_mixin.py:188} INFO - [2024-11-19T14:36:05.559+0530] {dag.py:3834} INFO - Setting next_dagrun for latest_only to 2024-11-19 04:00:00+00:00, run_after=2024-11-19 08:00:00+00:00
[2024-11-19T14:36:05.580+0530] {processor.py:183} INFO - Processing /home/sigmoid/Desktop/Personal_Ml/airflow_poc/airflow_env/lib/python3.8/site-packages/airflow/example_dags/example_latest_only.py took 0.078 seconds
[2024-11-19T14:37:12.169+0530] {processor.py:161} INFO - Started process (PID=55571) to work on /home/sigmoid/Desktop/Personal_Ml/airflow_poc/airflow_env/lib/python3.8/site-packages/airflow/example_dags/example_latest_only.py
[2024-11-19T14:37:12.171+0530] {processor.py:830} INFO - Processing file /home/sigmoid/Desktop/Personal_Ml/airflow_poc/airflow_env/lib/python3.8/site-packages/airflow/example_dags/example_latest_only.py for tasks to queue
[2024-11-19T14:37:12.173+0530] {logging_mixin.py:188} INFO - [2024-11-19T14:37:12.172+0530] {dagbag.py:540} INFO - Filling up the DagBag from /home/sigmoid/Desktop/Personal_Ml/airflow_poc/airflow_env/lib/python3.8/site-packages/airflow/example_dags/example_latest_only.py
[2024-11-19T14:37:12.184+0530] {processor.py:840} INFO - DAG(s) 'latest_only' retrieved from /home/sigmoid/Desktop/Personal_Ml/airflow_poc/airflow_env/lib/python3.8/site-packages/airflow/example_dags/example_latest_only.py
[2024-11-19T14:37:12.208+0530] {logging_mixin.py:188} INFO - [2024-11-19T14:37:12.208+0530] {dag.py:3047} INFO - Sync 1 DAGs
[2024-11-19T14:37:12.230+0530] {logging_mixin.py:188} INFO - [2024-11-19T14:37:12.230+0530] {dag.py:3834} INFO - Setting next_dagrun for latest_only to 2024-11-19 04:00:00+00:00, run_after=2024-11-19 08:00:00+00:00
[2024-11-19T14:37:12.262+0530] {processor.py:183} INFO - Processing /home/sigmoid/Desktop/Personal_Ml/airflow_poc/airflow_env/lib/python3.8/site-packages/airflow/example_dags/example_latest_only.py took 0.096 seconds
[2024-11-19T14:38:19.080+0530] {processor.py:161} INFO - Started process (PID=55706) to work on /home/sigmoid/Desktop/Personal_Ml/airflow_poc/airflow_env/lib/python3.8/site-packages/airflow/example_dags/example_latest_only.py
[2024-11-19T14:38:19.081+0530] {processor.py:830} INFO - Processing file /home/sigmoid/Desktop/Personal_Ml/airflow_poc/airflow_env/lib/python3.8/site-packages/airflow/example_dags/example_latest_only.py for tasks to queue
[2024-11-19T14:38:19.082+0530] {logging_mixin.py:188} INFO - [2024-11-19T14:38:19.081+0530] {dagbag.py:540} INFO - Filling up the DagBag from /home/sigmoid/Desktop/Personal_Ml/airflow_poc/airflow_env/lib/python3.8/site-packages/airflow/example_dags/example_latest_only.py
[2024-11-19T14:38:19.087+0530] {processor.py:840} INFO - DAG(s) 'latest_only' retrieved from /home/sigmoid/Desktop/Personal_Ml/airflow_poc/airflow_env/lib/python3.8/site-packages/airflow/example_dags/example_latest_only.py
[2024-11-19T14:38:19.103+0530] {logging_mixin.py:188} INFO - [2024-11-19T14:38:19.103+0530] {dag.py:3047} INFO - Sync 1 DAGs
[2024-11-19T14:38:19.127+0530] {logging_mixin.py:188} INFO - [2024-11-19T14:38:19.127+0530] {dag.py:3834} INFO - Setting next_dagrun for latest_only to 2024-11-19 04:00:00+00:00, run_after=2024-11-19 08:00:00+00:00
[2024-11-19T14:38:19.164+0530] {processor.py:183} INFO - Processing /home/sigmoid/Desktop/Personal_Ml/airflow_poc/airflow_env/lib/python3.8/site-packages/airflow/example_dags/example_latest_only.py took 0.088 seconds
