[2024-11-19T12:44:02.699+0530] {processor.py:161} INFO - Started process (PID=29770) to work on /home/sigmoid/Desktop/Personal_Ml/airflow_poc/airflow_env/lib/python3.8/site-packages/airflow/example_dags/example_sensors.py
[2024-11-19T12:44:02.700+0530] {processor.py:830} INFO - Processing file /home/sigmoid/Desktop/Personal_Ml/airflow_poc/airflow_env/lib/python3.8/site-packages/airflow/example_dags/example_sensors.py for tasks to queue
[2024-11-19T12:44:02.701+0530] {logging_mixin.py:188} INFO - [2024-11-19T12:44:02.701+0530] {dagbag.py:540} INFO - Filling up the DagBag from /home/sigmoid/Desktop/Personal_Ml/airflow_poc/airflow_env/lib/python3.8/site-packages/airflow/example_dags/example_sensors.py
[2024-11-19T12:44:02.714+0530] {processor.py:840} INFO - DAG(s) 'example_sensors' retrieved from /home/sigmoid/Desktop/Personal_Ml/airflow_poc/airflow_env/lib/python3.8/site-packages/airflow/example_dags/example_sensors.py
[2024-11-19T12:44:02.848+0530] {logging_mixin.py:188} INFO - [2024-11-19T12:44:02.848+0530] {dag.py:3047} INFO - Sync 1 DAGs
[2024-11-19T12:44:02.861+0530] {logging_mixin.py:188} INFO - [2024-11-19T12:44:02.861+0530] {dag.py:3834} INFO - Setting next_dagrun for example_sensors to None, run_after=None
[2024-11-19T12:44:02.888+0530] {processor.py:183} INFO - Processing /home/sigmoid/Desktop/Personal_Ml/airflow_poc/airflow_env/lib/python3.8/site-packages/airflow/example_dags/example_sensors.py took 0.193 seconds
[2024-11-19T12:45:25.099+0530] {processor.py:161} INFO - Started process (PID=29928) to work on /home/sigmoid/Desktop/Personal_Ml/airflow_poc/airflow_env/lib/python3.8/site-packages/airflow/example_dags/example_sensors.py
[2024-11-19T12:45:25.101+0530] {processor.py:830} INFO - Processing file /home/sigmoid/Desktop/Personal_Ml/airflow_poc/airflow_env/lib/python3.8/site-packages/airflow/example_dags/example_sensors.py for tasks to queue
[2024-11-19T12:45:25.101+0530] {logging_mixin.py:188} INFO - [2024-11-19T12:45:25.101+0530] {dagbag.py:540} INFO - Filling up the DagBag from /home/sigmoid/Desktop/Personal_Ml/airflow_poc/airflow_env/lib/python3.8/site-packages/airflow/example_dags/example_sensors.py
[2024-11-19T12:45:25.114+0530] {processor.py:840} INFO - DAG(s) 'example_sensors' retrieved from /home/sigmoid/Desktop/Personal_Ml/airflow_poc/airflow_env/lib/python3.8/site-packages/airflow/example_dags/example_sensors.py
[2024-11-19T12:45:25.141+0530] {logging_mixin.py:188} INFO - [2024-11-19T12:45:25.140+0530] {dag.py:3047} INFO - Sync 1 DAGs
[2024-11-19T12:45:25.156+0530] {logging_mixin.py:188} INFO - [2024-11-19T12:45:25.156+0530] {dag.py:3834} INFO - Setting next_dagrun for example_sensors to None, run_after=None
[2024-11-19T12:45:25.182+0530] {processor.py:183} INFO - Processing /home/sigmoid/Desktop/Personal_Ml/airflow_poc/airflow_env/lib/python3.8/site-packages/airflow/example_dags/example_sensors.py took 0.086 seconds
[2024-11-19T12:46:17.002+0530] {processor.py:161} INFO - Started process (PID=30434) to work on /home/sigmoid/Desktop/Personal_Ml/airflow_poc/airflow_env/lib/python3.8/site-packages/airflow/example_dags/example_sensors.py
[2024-11-19T12:46:17.018+0530] {processor.py:830} INFO - Processing file /home/sigmoid/Desktop/Personal_Ml/airflow_poc/airflow_env/lib/python3.8/site-packages/airflow/example_dags/example_sensors.py for tasks to queue
[2024-11-19T12:46:17.020+0530] {logging_mixin.py:188} INFO - [2024-11-19T12:46:17.019+0530] {dagbag.py:540} INFO - Filling up the DagBag from /home/sigmoid/Desktop/Personal_Ml/airflow_poc/airflow_env/lib/python3.8/site-packages/airflow/example_dags/example_sensors.py
[2024-11-19T12:46:17.233+0530] {processor.py:840} INFO - DAG(s) 'example_sensors' retrieved from /home/sigmoid/Desktop/Personal_Ml/airflow_poc/airflow_env/lib/python3.8/site-packages/airflow/example_dags/example_sensors.py
[2024-11-19T12:46:17.410+0530] {logging_mixin.py:188} INFO - [2024-11-19T12:46:17.395+0530] {dag.py:3047} INFO - Sync 1 DAGs
[2024-11-19T12:46:17.456+0530] {logging_mixin.py:188} INFO - [2024-11-19T12:46:17.450+0530] {dag.py:3834} INFO - Setting next_dagrun for example_sensors to None, run_after=None
[2024-11-19T12:46:17.543+0530] {processor.py:183} INFO - Processing /home/sigmoid/Desktop/Personal_Ml/airflow_poc/airflow_env/lib/python3.8/site-packages/airflow/example_dags/example_sensors.py took 0.559 seconds
[2024-11-19T12:47:13.574+0530] {processor.py:161} INFO - Started process (PID=30737) to work on /home/sigmoid/Desktop/Personal_Ml/airflow_poc/airflow_env/lib/python3.8/site-packages/airflow/example_dags/example_sensors.py
[2024-11-19T12:47:13.576+0530] {processor.py:830} INFO - Processing file /home/sigmoid/Desktop/Personal_Ml/airflow_poc/airflow_env/lib/python3.8/site-packages/airflow/example_dags/example_sensors.py for tasks to queue
[2024-11-19T12:47:13.578+0530] {logging_mixin.py:188} INFO - [2024-11-19T12:47:13.577+0530] {dagbag.py:540} INFO - Filling up the DagBag from /home/sigmoid/Desktop/Personal_Ml/airflow_poc/airflow_env/lib/python3.8/site-packages/airflow/example_dags/example_sensors.py
[2024-11-19T12:47:13.599+0530] {processor.py:840} INFO - DAG(s) 'example_sensors' retrieved from /home/sigmoid/Desktop/Personal_Ml/airflow_poc/airflow_env/lib/python3.8/site-packages/airflow/example_dags/example_sensors.py
[2024-11-19T12:47:13.645+0530] {logging_mixin.py:188} INFO - [2024-11-19T12:47:13.645+0530] {dag.py:3047} INFO - Sync 1 DAGs
[2024-11-19T12:47:13.674+0530] {logging_mixin.py:188} INFO - [2024-11-19T12:47:13.673+0530] {dag.py:3834} INFO - Setting next_dagrun for example_sensors to None, run_after=None
[2024-11-19T12:47:13.719+0530] {processor.py:183} INFO - Processing /home/sigmoid/Desktop/Personal_Ml/airflow_poc/airflow_env/lib/python3.8/site-packages/airflow/example_dags/example_sensors.py took 0.150 seconds
[2024-11-19T12:49:14.498+0530] {processor.py:161} INFO - Started process (PID=31053) to work on /home/sigmoid/Desktop/Personal_Ml/airflow_poc/airflow_env/lib/python3.8/site-packages/airflow/example_dags/example_sensors.py
[2024-11-19T12:49:14.499+0530] {processor.py:830} INFO - Processing file /home/sigmoid/Desktop/Personal_Ml/airflow_poc/airflow_env/lib/python3.8/site-packages/airflow/example_dags/example_sensors.py for tasks to queue
[2024-11-19T12:49:14.500+0530] {logging_mixin.py:188} INFO - [2024-11-19T12:49:14.500+0530] {dagbag.py:540} INFO - Filling up the DagBag from /home/sigmoid/Desktop/Personal_Ml/airflow_poc/airflow_env/lib/python3.8/site-packages/airflow/example_dags/example_sensors.py
[2024-11-19T12:49:14.516+0530] {processor.py:840} INFO - DAG(s) 'example_sensors' retrieved from /home/sigmoid/Desktop/Personal_Ml/airflow_poc/airflow_env/lib/python3.8/site-packages/airflow/example_dags/example_sensors.py
[2024-11-19T12:49:14.552+0530] {logging_mixin.py:188} INFO - [2024-11-19T12:49:14.552+0530] {dag.py:3047} INFO - Sync 1 DAGs
[2024-11-19T12:49:14.570+0530] {logging_mixin.py:188} INFO - [2024-11-19T12:49:14.569+0530] {dag.py:3834} INFO - Setting next_dagrun for example_sensors to None, run_after=None
[2024-11-19T12:49:14.595+0530] {processor.py:183} INFO - Processing /home/sigmoid/Desktop/Personal_Ml/airflow_poc/airflow_env/lib/python3.8/site-packages/airflow/example_dags/example_sensors.py took 0.102 seconds
[2024-11-19T12:50:06.528+0530] {processor.py:161} INFO - Started process (PID=31189) to work on /home/sigmoid/Desktop/Personal_Ml/airflow_poc/airflow_env/lib/python3.8/site-packages/airflow/example_dags/example_sensors.py
[2024-11-19T12:50:06.530+0530] {processor.py:830} INFO - Processing file /home/sigmoid/Desktop/Personal_Ml/airflow_poc/airflow_env/lib/python3.8/site-packages/airflow/example_dags/example_sensors.py for tasks to queue
[2024-11-19T12:50:06.531+0530] {logging_mixin.py:188} INFO - [2024-11-19T12:50:06.530+0530] {dagbag.py:540} INFO - Filling up the DagBag from /home/sigmoid/Desktop/Personal_Ml/airflow_poc/airflow_env/lib/python3.8/site-packages/airflow/example_dags/example_sensors.py
[2024-11-19T12:50:06.541+0530] {processor.py:840} INFO - DAG(s) 'example_sensors' retrieved from /home/sigmoid/Desktop/Personal_Ml/airflow_poc/airflow_env/lib/python3.8/site-packages/airflow/example_dags/example_sensors.py
[2024-11-19T12:50:06.563+0530] {logging_mixin.py:188} INFO - [2024-11-19T12:50:06.562+0530] {dag.py:3047} INFO - Sync 1 DAGs
[2024-11-19T12:50:06.575+0530] {logging_mixin.py:188} INFO - [2024-11-19T12:50:06.575+0530] {dag.py:3834} INFO - Setting next_dagrun for example_sensors to None, run_after=None
[2024-11-19T12:50:06.602+0530] {processor.py:183} INFO - Processing /home/sigmoid/Desktop/Personal_Ml/airflow_poc/airflow_env/lib/python3.8/site-packages/airflow/example_dags/example_sensors.py took 0.076 seconds
[2024-11-19T12:50:58.069+0530] {processor.py:161} INFO - Started process (PID=31291) to work on /home/sigmoid/Desktop/Personal_Ml/airflow_poc/airflow_env/lib/python3.8/site-packages/airflow/example_dags/example_sensors.py
[2024-11-19T12:50:58.070+0530] {processor.py:830} INFO - Processing file /home/sigmoid/Desktop/Personal_Ml/airflow_poc/airflow_env/lib/python3.8/site-packages/airflow/example_dags/example_sensors.py for tasks to queue
[2024-11-19T12:50:58.071+0530] {logging_mixin.py:188} INFO - [2024-11-19T12:50:58.070+0530] {dagbag.py:540} INFO - Filling up the DagBag from /home/sigmoid/Desktop/Personal_Ml/airflow_poc/airflow_env/lib/python3.8/site-packages/airflow/example_dags/example_sensors.py
[2024-11-19T12:50:58.084+0530] {processor.py:840} INFO - DAG(s) 'example_sensors' retrieved from /home/sigmoid/Desktop/Personal_Ml/airflow_poc/airflow_env/lib/python3.8/site-packages/airflow/example_dags/example_sensors.py
[2024-11-19T12:50:58.107+0530] {logging_mixin.py:188} INFO - [2024-11-19T12:50:58.107+0530] {dag.py:3047} INFO - Sync 1 DAGs
[2024-11-19T12:50:58.123+0530] {logging_mixin.py:188} INFO - [2024-11-19T12:50:58.122+0530] {dag.py:3834} INFO - Setting next_dagrun for example_sensors to None, run_after=None
[2024-11-19T12:50:58.157+0530] {processor.py:183} INFO - Processing /home/sigmoid/Desktop/Personal_Ml/airflow_poc/airflow_env/lib/python3.8/site-packages/airflow/example_dags/example_sensors.py took 0.092 seconds
[2024-11-19T12:52:00.749+0530] {processor.py:161} INFO - Started process (PID=31448) to work on /home/sigmoid/Desktop/Personal_Ml/airflow_poc/airflow_env/lib/python3.8/site-packages/airflow/example_dags/example_sensors.py
[2024-11-19T12:52:00.751+0530] {processor.py:830} INFO - Processing file /home/sigmoid/Desktop/Personal_Ml/airflow_poc/airflow_env/lib/python3.8/site-packages/airflow/example_dags/example_sensors.py for tasks to queue
[2024-11-19T12:52:00.752+0530] {logging_mixin.py:188} INFO - [2024-11-19T12:52:00.752+0530] {dagbag.py:540} INFO - Filling up the DagBag from /home/sigmoid/Desktop/Personal_Ml/airflow_poc/airflow_env/lib/python3.8/site-packages/airflow/example_dags/example_sensors.py
[2024-11-19T12:52:00.776+0530] {processor.py:840} INFO - DAG(s) 'example_sensors' retrieved from /home/sigmoid/Desktop/Personal_Ml/airflow_poc/airflow_env/lib/python3.8/site-packages/airflow/example_dags/example_sensors.py
[2024-11-19T12:52:00.807+0530] {logging_mixin.py:188} INFO - [2024-11-19T12:52:00.807+0530] {dag.py:3047} INFO - Sync 1 DAGs
[2024-11-19T12:52:00.825+0530] {logging_mixin.py:188} INFO - [2024-11-19T12:52:00.825+0530] {dag.py:3834} INFO - Setting next_dagrun for example_sensors to None, run_after=None
[2024-11-19T12:52:00.857+0530] {processor.py:183} INFO - Processing /home/sigmoid/Desktop/Personal_Ml/airflow_poc/airflow_env/lib/python3.8/site-packages/airflow/example_dags/example_sensors.py took 0.112 seconds
[2024-11-19T12:53:03.345+0530] {processor.py:161} INFO - Started process (PID=31574) to work on /home/sigmoid/Desktop/Personal_Ml/airflow_poc/airflow_env/lib/python3.8/site-packages/airflow/example_dags/example_sensors.py
[2024-11-19T12:53:03.347+0530] {processor.py:830} INFO - Processing file /home/sigmoid/Desktop/Personal_Ml/airflow_poc/airflow_env/lib/python3.8/site-packages/airflow/example_dags/example_sensors.py for tasks to queue
[2024-11-19T12:53:03.348+0530] {logging_mixin.py:188} INFO - [2024-11-19T12:53:03.348+0530] {dagbag.py:540} INFO - Filling up the DagBag from /home/sigmoid/Desktop/Personal_Ml/airflow_poc/airflow_env/lib/python3.8/site-packages/airflow/example_dags/example_sensors.py
[2024-11-19T12:53:03.369+0530] {processor.py:840} INFO - DAG(s) 'example_sensors' retrieved from /home/sigmoid/Desktop/Personal_Ml/airflow_poc/airflow_env/lib/python3.8/site-packages/airflow/example_dags/example_sensors.py
[2024-11-19T12:53:03.418+0530] {logging_mixin.py:188} INFO - [2024-11-19T12:53:03.417+0530] {dag.py:3047} INFO - Sync 1 DAGs
[2024-11-19T12:53:03.443+0530] {logging_mixin.py:188} INFO - [2024-11-19T12:53:03.443+0530] {dag.py:3834} INFO - Setting next_dagrun for example_sensors to None, run_after=None
[2024-11-19T12:53:03.484+0530] {processor.py:183} INFO - Processing /home/sigmoid/Desktop/Personal_Ml/airflow_poc/airflow_env/lib/python3.8/site-packages/airflow/example_dags/example_sensors.py took 0.145 seconds
[2024-11-19T12:54:07.319+0530] {processor.py:161} INFO - Started process (PID=31697) to work on /home/sigmoid/Desktop/Personal_Ml/airflow_poc/airflow_env/lib/python3.8/site-packages/airflow/example_dags/example_sensors.py
[2024-11-19T12:54:07.321+0530] {processor.py:830} INFO - Processing file /home/sigmoid/Desktop/Personal_Ml/airflow_poc/airflow_env/lib/python3.8/site-packages/airflow/example_dags/example_sensors.py for tasks to queue
[2024-11-19T12:54:07.322+0530] {logging_mixin.py:188} INFO - [2024-11-19T12:54:07.321+0530] {dagbag.py:540} INFO - Filling up the DagBag from /home/sigmoid/Desktop/Personal_Ml/airflow_poc/airflow_env/lib/python3.8/site-packages/airflow/example_dags/example_sensors.py
[2024-11-19T12:54:07.333+0530] {processor.py:840} INFO - DAG(s) 'example_sensors' retrieved from /home/sigmoid/Desktop/Personal_Ml/airflow_poc/airflow_env/lib/python3.8/site-packages/airflow/example_dags/example_sensors.py
[2024-11-19T12:54:07.369+0530] {logging_mixin.py:188} INFO - [2024-11-19T12:54:07.369+0530] {dag.py:3047} INFO - Sync 1 DAGs
[2024-11-19T12:54:07.388+0530] {logging_mixin.py:188} INFO - [2024-11-19T12:54:07.388+0530] {dag.py:3834} INFO - Setting next_dagrun for example_sensors to None, run_after=None
[2024-11-19T12:54:07.422+0530] {processor.py:183} INFO - Processing /home/sigmoid/Desktop/Personal_Ml/airflow_poc/airflow_env/lib/python3.8/site-packages/airflow/example_dags/example_sensors.py took 0.106 seconds
[2024-11-19T12:55:11.418+0530] {processor.py:161} INFO - Started process (PID=31919) to work on /home/sigmoid/Desktop/Personal_Ml/airflow_poc/airflow_env/lib/python3.8/site-packages/airflow/example_dags/example_sensors.py
[2024-11-19T12:55:11.419+0530] {processor.py:830} INFO - Processing file /home/sigmoid/Desktop/Personal_Ml/airflow_poc/airflow_env/lib/python3.8/site-packages/airflow/example_dags/example_sensors.py for tasks to queue
[2024-11-19T12:55:11.420+0530] {logging_mixin.py:188} INFO - [2024-11-19T12:55:11.420+0530] {dagbag.py:540} INFO - Filling up the DagBag from /home/sigmoid/Desktop/Personal_Ml/airflow_poc/airflow_env/lib/python3.8/site-packages/airflow/example_dags/example_sensors.py
[2024-11-19T12:55:11.430+0530] {processor.py:840} INFO - DAG(s) 'example_sensors' retrieved from /home/sigmoid/Desktop/Personal_Ml/airflow_poc/airflow_env/lib/python3.8/site-packages/airflow/example_dags/example_sensors.py
[2024-11-19T12:55:11.451+0530] {logging_mixin.py:188} INFO - [2024-11-19T12:55:11.451+0530] {dag.py:3047} INFO - Sync 1 DAGs
[2024-11-19T12:55:11.463+0530] {logging_mixin.py:188} INFO - [2024-11-19T12:55:11.463+0530] {dag.py:3834} INFO - Setting next_dagrun for example_sensors to None, run_after=None
[2024-11-19T12:55:11.484+0530] {processor.py:183} INFO - Processing /home/sigmoid/Desktop/Personal_Ml/airflow_poc/airflow_env/lib/python3.8/site-packages/airflow/example_dags/example_sensors.py took 0.069 seconds
[2024-11-19T12:56:11.691+0530] {processor.py:161} INFO - Started process (PID=32077) to work on /home/sigmoid/Desktop/Personal_Ml/airflow_poc/airflow_env/lib/python3.8/site-packages/airflow/example_dags/example_sensors.py
[2024-11-19T12:56:11.692+0530] {processor.py:830} INFO - Processing file /home/sigmoid/Desktop/Personal_Ml/airflow_poc/airflow_env/lib/python3.8/site-packages/airflow/example_dags/example_sensors.py for tasks to queue
[2024-11-19T12:56:11.694+0530] {logging_mixin.py:188} INFO - [2024-11-19T12:56:11.693+0530] {dagbag.py:540} INFO - Filling up the DagBag from /home/sigmoid/Desktop/Personal_Ml/airflow_poc/airflow_env/lib/python3.8/site-packages/airflow/example_dags/example_sensors.py
[2024-11-19T12:56:11.704+0530] {processor.py:840} INFO - DAG(s) 'example_sensors' retrieved from /home/sigmoid/Desktop/Personal_Ml/airflow_poc/airflow_env/lib/python3.8/site-packages/airflow/example_dags/example_sensors.py
[2024-11-19T12:56:11.725+0530] {logging_mixin.py:188} INFO - [2024-11-19T12:56:11.724+0530] {dag.py:3047} INFO - Sync 1 DAGs
[2024-11-19T12:56:11.738+0530] {logging_mixin.py:188} INFO - [2024-11-19T12:56:11.738+0530] {dag.py:3834} INFO - Setting next_dagrun for example_sensors to None, run_after=None
[2024-11-19T12:56:11.764+0530] {processor.py:183} INFO - Processing /home/sigmoid/Desktop/Personal_Ml/airflow_poc/airflow_env/lib/python3.8/site-packages/airflow/example_dags/example_sensors.py took 0.076 seconds
[2024-11-19T12:57:07.282+0530] {processor.py:161} INFO - Started process (PID=32142) to work on /home/sigmoid/Desktop/Personal_Ml/airflow_poc/airflow_env/lib/python3.8/site-packages/airflow/example_dags/example_sensors.py
[2024-11-19T12:57:07.283+0530] {processor.py:830} INFO - Processing file /home/sigmoid/Desktop/Personal_Ml/airflow_poc/airflow_env/lib/python3.8/site-packages/airflow/example_dags/example_sensors.py for tasks to queue
[2024-11-19T12:57:07.284+0530] {logging_mixin.py:188} INFO - [2024-11-19T12:57:07.284+0530] {dagbag.py:540} INFO - Filling up the DagBag from /home/sigmoid/Desktop/Personal_Ml/airflow_poc/airflow_env/lib/python3.8/site-packages/airflow/example_dags/example_sensors.py
[2024-11-19T12:57:07.294+0530] {processor.py:840} INFO - DAG(s) 'example_sensors' retrieved from /home/sigmoid/Desktop/Personal_Ml/airflow_poc/airflow_env/lib/python3.8/site-packages/airflow/example_dags/example_sensors.py
[2024-11-19T12:57:07.314+0530] {logging_mixin.py:188} INFO - [2024-11-19T12:57:07.314+0530] {dag.py:3047} INFO - Sync 1 DAGs
[2024-11-19T12:57:07.326+0530] {logging_mixin.py:188} INFO - [2024-11-19T12:57:07.325+0530] {dag.py:3834} INFO - Setting next_dagrun for example_sensors to None, run_after=None
[2024-11-19T12:57:07.346+0530] {processor.py:183} INFO - Processing /home/sigmoid/Desktop/Personal_Ml/airflow_poc/airflow_env/lib/python3.8/site-packages/airflow/example_dags/example_sensors.py took 0.067 seconds
[2024-11-19T12:58:03.693+0530] {processor.py:161} INFO - Started process (PID=32205) to work on /home/sigmoid/Desktop/Personal_Ml/airflow_poc/airflow_env/lib/python3.8/site-packages/airflow/example_dags/example_sensors.py
[2024-11-19T12:58:03.694+0530] {processor.py:830} INFO - Processing file /home/sigmoid/Desktop/Personal_Ml/airflow_poc/airflow_env/lib/python3.8/site-packages/airflow/example_dags/example_sensors.py for tasks to queue
[2024-11-19T12:58:03.695+0530] {logging_mixin.py:188} INFO - [2024-11-19T12:58:03.695+0530] {dagbag.py:540} INFO - Filling up the DagBag from /home/sigmoid/Desktop/Personal_Ml/airflow_poc/airflow_env/lib/python3.8/site-packages/airflow/example_dags/example_sensors.py
[2024-11-19T12:58:03.705+0530] {processor.py:840} INFO - DAG(s) 'example_sensors' retrieved from /home/sigmoid/Desktop/Personal_Ml/airflow_poc/airflow_env/lib/python3.8/site-packages/airflow/example_dags/example_sensors.py
[2024-11-19T12:58:03.726+0530] {logging_mixin.py:188} INFO - [2024-11-19T12:58:03.725+0530] {dag.py:3047} INFO - Sync 1 DAGs
[2024-11-19T12:58:03.737+0530] {logging_mixin.py:188} INFO - [2024-11-19T12:58:03.737+0530] {dag.py:3834} INFO - Setting next_dagrun for example_sensors to None, run_after=None
[2024-11-19T12:58:03.758+0530] {processor.py:183} INFO - Processing /home/sigmoid/Desktop/Personal_Ml/airflow_poc/airflow_env/lib/python3.8/site-packages/airflow/example_dags/example_sensors.py took 0.068 seconds
[2024-11-19T12:58:55.749+0530] {processor.py:161} INFO - Started process (PID=32275) to work on /home/sigmoid/Desktop/Personal_Ml/airflow_poc/airflow_env/lib/python3.8/site-packages/airflow/example_dags/example_sensors.py
[2024-11-19T12:58:55.750+0530] {processor.py:830} INFO - Processing file /home/sigmoid/Desktop/Personal_Ml/airflow_poc/airflow_env/lib/python3.8/site-packages/airflow/example_dags/example_sensors.py for tasks to queue
[2024-11-19T12:58:55.752+0530] {logging_mixin.py:188} INFO - [2024-11-19T12:58:55.751+0530] {dagbag.py:540} INFO - Filling up the DagBag from /home/sigmoid/Desktop/Personal_Ml/airflow_poc/airflow_env/lib/python3.8/site-packages/airflow/example_dags/example_sensors.py
[2024-11-19T12:58:55.765+0530] {processor.py:840} INFO - DAG(s) 'example_sensors' retrieved from /home/sigmoid/Desktop/Personal_Ml/airflow_poc/airflow_env/lib/python3.8/site-packages/airflow/example_dags/example_sensors.py
[2024-11-19T12:58:55.787+0530] {logging_mixin.py:188} INFO - [2024-11-19T12:58:55.787+0530] {dag.py:3047} INFO - Sync 1 DAGs
[2024-11-19T12:58:55.800+0530] {logging_mixin.py:188} INFO - [2024-11-19T12:58:55.799+0530] {dag.py:3834} INFO - Setting next_dagrun for example_sensors to None, run_after=None
[2024-11-19T12:58:55.822+0530] {processor.py:183} INFO - Processing /home/sigmoid/Desktop/Personal_Ml/airflow_poc/airflow_env/lib/python3.8/site-packages/airflow/example_dags/example_sensors.py took 0.076 seconds
[2024-11-19T12:59:53.037+0530] {processor.py:161} INFO - Started process (PID=32461) to work on /home/sigmoid/Desktop/Personal_Ml/airflow_poc/airflow_env/lib/python3.8/site-packages/airflow/example_dags/example_sensors.py
[2024-11-19T12:59:53.038+0530] {processor.py:830} INFO - Processing file /home/sigmoid/Desktop/Personal_Ml/airflow_poc/airflow_env/lib/python3.8/site-packages/airflow/example_dags/example_sensors.py for tasks to queue
[2024-11-19T12:59:53.039+0530] {logging_mixin.py:188} INFO - [2024-11-19T12:59:53.038+0530] {dagbag.py:540} INFO - Filling up the DagBag from /home/sigmoid/Desktop/Personal_Ml/airflow_poc/airflow_env/lib/python3.8/site-packages/airflow/example_dags/example_sensors.py
[2024-11-19T12:59:53.049+0530] {processor.py:840} INFO - DAG(s) 'example_sensors' retrieved from /home/sigmoid/Desktop/Personal_Ml/airflow_poc/airflow_env/lib/python3.8/site-packages/airflow/example_dags/example_sensors.py
[2024-11-19T12:59:53.071+0530] {logging_mixin.py:188} INFO - [2024-11-19T12:59:53.071+0530] {dag.py:3047} INFO - Sync 1 DAGs
[2024-11-19T12:59:53.084+0530] {logging_mixin.py:188} INFO - [2024-11-19T12:59:53.084+0530] {dag.py:3834} INFO - Setting next_dagrun for example_sensors to None, run_after=None
[2024-11-19T12:59:53.108+0530] {processor.py:183} INFO - Processing /home/sigmoid/Desktop/Personal_Ml/airflow_poc/airflow_env/lib/python3.8/site-packages/airflow/example_dags/example_sensors.py took 0.075 seconds
[2024-11-19T13:00:48.803+0530] {processor.py:161} INFO - Started process (PID=32570) to work on /home/sigmoid/Desktop/Personal_Ml/airflow_poc/airflow_env/lib/python3.8/site-packages/airflow/example_dags/example_sensors.py
[2024-11-19T13:00:48.804+0530] {processor.py:830} INFO - Processing file /home/sigmoid/Desktop/Personal_Ml/airflow_poc/airflow_env/lib/python3.8/site-packages/airflow/example_dags/example_sensors.py for tasks to queue
[2024-11-19T13:00:48.805+0530] {logging_mixin.py:188} INFO - [2024-11-19T13:00:48.805+0530] {dagbag.py:540} INFO - Filling up the DagBag from /home/sigmoid/Desktop/Personal_Ml/airflow_poc/airflow_env/lib/python3.8/site-packages/airflow/example_dags/example_sensors.py
[2024-11-19T13:00:48.815+0530] {processor.py:840} INFO - DAG(s) 'example_sensors' retrieved from /home/sigmoid/Desktop/Personal_Ml/airflow_poc/airflow_env/lib/python3.8/site-packages/airflow/example_dags/example_sensors.py
[2024-11-19T13:00:48.835+0530] {logging_mixin.py:188} INFO - [2024-11-19T13:00:48.835+0530] {dag.py:3047} INFO - Sync 1 DAGs
[2024-11-19T13:00:48.847+0530] {logging_mixin.py:188} INFO - [2024-11-19T13:00:48.846+0530] {dag.py:3834} INFO - Setting next_dagrun for example_sensors to None, run_after=None
[2024-11-19T13:00:48.868+0530] {processor.py:183} INFO - Processing /home/sigmoid/Desktop/Personal_Ml/airflow_poc/airflow_env/lib/python3.8/site-packages/airflow/example_dags/example_sensors.py took 0.069 seconds
[2024-11-19T13:01:46.669+0530] {processor.py:161} INFO - Started process (PID=32929) to work on /home/sigmoid/Desktop/Personal_Ml/airflow_poc/airflow_env/lib/python3.8/site-packages/airflow/example_dags/example_sensors.py
[2024-11-19T13:01:46.670+0530] {processor.py:830} INFO - Processing file /home/sigmoid/Desktop/Personal_Ml/airflow_poc/airflow_env/lib/python3.8/site-packages/airflow/example_dags/example_sensors.py for tasks to queue
[2024-11-19T13:01:46.671+0530] {logging_mixin.py:188} INFO - [2024-11-19T13:01:46.671+0530] {dagbag.py:540} INFO - Filling up the DagBag from /home/sigmoid/Desktop/Personal_Ml/airflow_poc/airflow_env/lib/python3.8/site-packages/airflow/example_dags/example_sensors.py
[2024-11-19T13:01:46.681+0530] {processor.py:840} INFO - DAG(s) 'example_sensors' retrieved from /home/sigmoid/Desktop/Personal_Ml/airflow_poc/airflow_env/lib/python3.8/site-packages/airflow/example_dags/example_sensors.py
[2024-11-19T13:01:46.703+0530] {logging_mixin.py:188} INFO - [2024-11-19T13:01:46.703+0530] {dag.py:3047} INFO - Sync 1 DAGs
[2024-11-19T13:01:46.716+0530] {logging_mixin.py:188} INFO - [2024-11-19T13:01:46.716+0530] {dag.py:3834} INFO - Setting next_dagrun for example_sensors to None, run_after=None
[2024-11-19T13:01:46.745+0530] {processor.py:183} INFO - Processing /home/sigmoid/Desktop/Personal_Ml/airflow_poc/airflow_env/lib/python3.8/site-packages/airflow/example_dags/example_sensors.py took 0.079 seconds
[2024-11-19T13:02:43.748+0530] {processor.py:161} INFO - Started process (PID=33012) to work on /home/sigmoid/Desktop/Personal_Ml/airflow_poc/airflow_env/lib/python3.8/site-packages/airflow/example_dags/example_sensors.py
[2024-11-19T13:02:43.749+0530] {processor.py:830} INFO - Processing file /home/sigmoid/Desktop/Personal_Ml/airflow_poc/airflow_env/lib/python3.8/site-packages/airflow/example_dags/example_sensors.py for tasks to queue
[2024-11-19T13:02:43.751+0530] {logging_mixin.py:188} INFO - [2024-11-19T13:02:43.750+0530] {dagbag.py:540} INFO - Filling up the DagBag from /home/sigmoid/Desktop/Personal_Ml/airflow_poc/airflow_env/lib/python3.8/site-packages/airflow/example_dags/example_sensors.py
[2024-11-19T13:02:43.767+0530] {processor.py:840} INFO - DAG(s) 'example_sensors' retrieved from /home/sigmoid/Desktop/Personal_Ml/airflow_poc/airflow_env/lib/python3.8/site-packages/airflow/example_dags/example_sensors.py
[2024-11-19T13:02:43.802+0530] {logging_mixin.py:188} INFO - [2024-11-19T13:02:43.801+0530] {dag.py:3047} INFO - Sync 1 DAGs
[2024-11-19T13:02:43.821+0530] {logging_mixin.py:188} INFO - [2024-11-19T13:02:43.820+0530] {dag.py:3834} INFO - Setting next_dagrun for example_sensors to None, run_after=None
[2024-11-19T13:02:43.871+0530] {processor.py:183} INFO - Processing /home/sigmoid/Desktop/Personal_Ml/airflow_poc/airflow_env/lib/python3.8/site-packages/airflow/example_dags/example_sensors.py took 0.127 seconds
[2024-11-19T13:03:44.479+0530] {processor.py:161} INFO - Started process (PID=33080) to work on /home/sigmoid/Desktop/Personal_Ml/airflow_poc/airflow_env/lib/python3.8/site-packages/airflow/example_dags/example_sensors.py
[2024-11-19T13:03:44.481+0530] {processor.py:830} INFO - Processing file /home/sigmoid/Desktop/Personal_Ml/airflow_poc/airflow_env/lib/python3.8/site-packages/airflow/example_dags/example_sensors.py for tasks to queue
[2024-11-19T13:03:44.481+0530] {logging_mixin.py:188} INFO - [2024-11-19T13:03:44.481+0530] {dagbag.py:540} INFO - Filling up the DagBag from /home/sigmoid/Desktop/Personal_Ml/airflow_poc/airflow_env/lib/python3.8/site-packages/airflow/example_dags/example_sensors.py
[2024-11-19T13:03:44.491+0530] {processor.py:840} INFO - DAG(s) 'example_sensors' retrieved from /home/sigmoid/Desktop/Personal_Ml/airflow_poc/airflow_env/lib/python3.8/site-packages/airflow/example_dags/example_sensors.py
[2024-11-19T13:03:44.512+0530] {logging_mixin.py:188} INFO - [2024-11-19T13:03:44.511+0530] {dag.py:3047} INFO - Sync 1 DAGs
[2024-11-19T13:03:44.523+0530] {logging_mixin.py:188} INFO - [2024-11-19T13:03:44.523+0530] {dag.py:3834} INFO - Setting next_dagrun for example_sensors to None, run_after=None
[2024-11-19T13:03:44.543+0530] {processor.py:183} INFO - Processing /home/sigmoid/Desktop/Personal_Ml/airflow_poc/airflow_env/lib/python3.8/site-packages/airflow/example_dags/example_sensors.py took 0.067 seconds
[2024-11-19T13:04:43.849+0530] {processor.py:161} INFO - Started process (PID=33152) to work on /home/sigmoid/Desktop/Personal_Ml/airflow_poc/airflow_env/lib/python3.8/site-packages/airflow/example_dags/example_sensors.py
[2024-11-19T13:04:43.851+0530] {processor.py:830} INFO - Processing file /home/sigmoid/Desktop/Personal_Ml/airflow_poc/airflow_env/lib/python3.8/site-packages/airflow/example_dags/example_sensors.py for tasks to queue
[2024-11-19T13:04:43.852+0530] {logging_mixin.py:188} INFO - [2024-11-19T13:04:43.852+0530] {dagbag.py:540} INFO - Filling up the DagBag from /home/sigmoid/Desktop/Personal_Ml/airflow_poc/airflow_env/lib/python3.8/site-packages/airflow/example_dags/example_sensors.py
[2024-11-19T13:04:43.862+0530] {processor.py:840} INFO - DAG(s) 'example_sensors' retrieved from /home/sigmoid/Desktop/Personal_Ml/airflow_poc/airflow_env/lib/python3.8/site-packages/airflow/example_dags/example_sensors.py
[2024-11-19T13:04:43.883+0530] {logging_mixin.py:188} INFO - [2024-11-19T13:04:43.883+0530] {dag.py:3047} INFO - Sync 1 DAGs
[2024-11-19T13:04:43.895+0530] {logging_mixin.py:188} INFO - [2024-11-19T13:04:43.894+0530] {dag.py:3834} INFO - Setting next_dagrun for example_sensors to None, run_after=None
[2024-11-19T13:04:43.926+0530] {processor.py:183} INFO - Processing /home/sigmoid/Desktop/Personal_Ml/airflow_poc/airflow_env/lib/python3.8/site-packages/airflow/example_dags/example_sensors.py took 0.080 seconds
[2024-11-19T13:05:45.478+0530] {processor.py:161} INFO - Started process (PID=33217) to work on /home/sigmoid/Desktop/Personal_Ml/airflow_poc/airflow_env/lib/python3.8/site-packages/airflow/example_dags/example_sensors.py
[2024-11-19T13:05:45.480+0530] {processor.py:830} INFO - Processing file /home/sigmoid/Desktop/Personal_Ml/airflow_poc/airflow_env/lib/python3.8/site-packages/airflow/example_dags/example_sensors.py for tasks to queue
[2024-11-19T13:05:45.483+0530] {logging_mixin.py:188} INFO - [2024-11-19T13:05:45.482+0530] {dagbag.py:540} INFO - Filling up the DagBag from /home/sigmoid/Desktop/Personal_Ml/airflow_poc/airflow_env/lib/python3.8/site-packages/airflow/example_dags/example_sensors.py
[2024-11-19T13:05:45.493+0530] {processor.py:840} INFO - DAG(s) 'example_sensors' retrieved from /home/sigmoid/Desktop/Personal_Ml/airflow_poc/airflow_env/lib/python3.8/site-packages/airflow/example_dags/example_sensors.py
[2024-11-19T13:05:45.525+0530] {logging_mixin.py:188} INFO - [2024-11-19T13:05:45.524+0530] {dag.py:3047} INFO - Sync 1 DAGs
[2024-11-19T13:05:45.542+0530] {logging_mixin.py:188} INFO - [2024-11-19T13:05:45.542+0530] {dag.py:3834} INFO - Setting next_dagrun for example_sensors to None, run_after=None
[2024-11-19T13:05:45.590+0530] {processor.py:183} INFO - Processing /home/sigmoid/Desktop/Personal_Ml/airflow_poc/airflow_env/lib/python3.8/site-packages/airflow/example_dags/example_sensors.py took 0.118 seconds
[2024-11-19T13:06:46.369+0530] {processor.py:161} INFO - Started process (PID=33284) to work on /home/sigmoid/Desktop/Personal_Ml/airflow_poc/airflow_env/lib/python3.8/site-packages/airflow/example_dags/example_sensors.py
[2024-11-19T13:06:46.371+0530] {processor.py:830} INFO - Processing file /home/sigmoid/Desktop/Personal_Ml/airflow_poc/airflow_env/lib/python3.8/site-packages/airflow/example_dags/example_sensors.py for tasks to queue
[2024-11-19T13:06:46.372+0530] {logging_mixin.py:188} INFO - [2024-11-19T13:06:46.371+0530] {dagbag.py:540} INFO - Filling up the DagBag from /home/sigmoid/Desktop/Personal_Ml/airflow_poc/airflow_env/lib/python3.8/site-packages/airflow/example_dags/example_sensors.py
[2024-11-19T13:06:46.383+0530] {processor.py:840} INFO - DAG(s) 'example_sensors' retrieved from /home/sigmoid/Desktop/Personal_Ml/airflow_poc/airflow_env/lib/python3.8/site-packages/airflow/example_dags/example_sensors.py
[2024-11-19T13:06:46.403+0530] {logging_mixin.py:188} INFO - [2024-11-19T13:06:46.403+0530] {dag.py:3047} INFO - Sync 1 DAGs
[2024-11-19T13:06:46.415+0530] {logging_mixin.py:188} INFO - [2024-11-19T13:06:46.415+0530] {dag.py:3834} INFO - Setting next_dagrun for example_sensors to None, run_after=None
[2024-11-19T13:06:46.435+0530] {processor.py:183} INFO - Processing /home/sigmoid/Desktop/Personal_Ml/airflow_poc/airflow_env/lib/python3.8/site-packages/airflow/example_dags/example_sensors.py took 0.070 seconds
[2024-11-19T13:07:44.518+0530] {processor.py:161} INFO - Started process (PID=33354) to work on /home/sigmoid/Desktop/Personal_Ml/airflow_poc/airflow_env/lib/python3.8/site-packages/airflow/example_dags/example_sensors.py
[2024-11-19T13:07:44.519+0530] {processor.py:830} INFO - Processing file /home/sigmoid/Desktop/Personal_Ml/airflow_poc/airflow_env/lib/python3.8/site-packages/airflow/example_dags/example_sensors.py for tasks to queue
[2024-11-19T13:07:44.520+0530] {logging_mixin.py:188} INFO - [2024-11-19T13:07:44.520+0530] {dagbag.py:540} INFO - Filling up the DagBag from /home/sigmoid/Desktop/Personal_Ml/airflow_poc/airflow_env/lib/python3.8/site-packages/airflow/example_dags/example_sensors.py
[2024-11-19T13:07:44.530+0530] {processor.py:840} INFO - DAG(s) 'example_sensors' retrieved from /home/sigmoid/Desktop/Personal_Ml/airflow_poc/airflow_env/lib/python3.8/site-packages/airflow/example_dags/example_sensors.py
[2024-11-19T13:07:44.550+0530] {logging_mixin.py:188} INFO - [2024-11-19T13:07:44.550+0530] {dag.py:3047} INFO - Sync 1 DAGs
[2024-11-19T13:07:44.563+0530] {logging_mixin.py:188} INFO - [2024-11-19T13:07:44.563+0530] {dag.py:3834} INFO - Setting next_dagrun for example_sensors to None, run_after=None
[2024-11-19T13:07:44.594+0530] {processor.py:183} INFO - Processing /home/sigmoid/Desktop/Personal_Ml/airflow_poc/airflow_env/lib/python3.8/site-packages/airflow/example_dags/example_sensors.py took 0.082 seconds
[2024-11-19T13:08:41.173+0530] {processor.py:161} INFO - Started process (PID=33418) to work on /home/sigmoid/Desktop/Personal_Ml/airflow_poc/airflow_env/lib/python3.8/site-packages/airflow/example_dags/example_sensors.py
[2024-11-19T13:08:41.174+0530] {processor.py:830} INFO - Processing file /home/sigmoid/Desktop/Personal_Ml/airflow_poc/airflow_env/lib/python3.8/site-packages/airflow/example_dags/example_sensors.py for tasks to queue
[2024-11-19T13:08:41.175+0530] {logging_mixin.py:188} INFO - [2024-11-19T13:08:41.175+0530] {dagbag.py:540} INFO - Filling up the DagBag from /home/sigmoid/Desktop/Personal_Ml/airflow_poc/airflow_env/lib/python3.8/site-packages/airflow/example_dags/example_sensors.py
[2024-11-19T13:08:41.186+0530] {processor.py:840} INFO - DAG(s) 'example_sensors' retrieved from /home/sigmoid/Desktop/Personal_Ml/airflow_poc/airflow_env/lib/python3.8/site-packages/airflow/example_dags/example_sensors.py
[2024-11-19T13:08:41.212+0530] {logging_mixin.py:188} INFO - [2024-11-19T13:08:41.212+0530] {dag.py:3047} INFO - Sync 1 DAGs
[2024-11-19T13:08:41.229+0530] {logging_mixin.py:188} INFO - [2024-11-19T13:08:41.228+0530] {dag.py:3834} INFO - Setting next_dagrun for example_sensors to None, run_after=None
[2024-11-19T13:08:41.253+0530] {processor.py:183} INFO - Processing /home/sigmoid/Desktop/Personal_Ml/airflow_poc/airflow_env/lib/python3.8/site-packages/airflow/example_dags/example_sensors.py took 0.083 seconds
[2024-11-19T13:12:07.096+0530] {processor.py:161} INFO - Started process (PID=33576) to work on /home/sigmoid/Desktop/Personal_Ml/airflow_poc/airflow_env/lib/python3.8/site-packages/airflow/example_dags/example_sensors.py
[2024-11-19T13:12:07.097+0530] {processor.py:830} INFO - Processing file /home/sigmoid/Desktop/Personal_Ml/airflow_poc/airflow_env/lib/python3.8/site-packages/airflow/example_dags/example_sensors.py for tasks to queue
[2024-11-19T13:12:07.098+0530] {logging_mixin.py:188} INFO - [2024-11-19T13:12:07.098+0530] {dagbag.py:540} INFO - Filling up the DagBag from /home/sigmoid/Desktop/Personal_Ml/airflow_poc/airflow_env/lib/python3.8/site-packages/airflow/example_dags/example_sensors.py
[2024-11-19T13:12:07.111+0530] {processor.py:840} INFO - DAG(s) 'example_sensors' retrieved from /home/sigmoid/Desktop/Personal_Ml/airflow_poc/airflow_env/lib/python3.8/site-packages/airflow/example_dags/example_sensors.py
[2024-11-19T13:12:07.134+0530] {logging_mixin.py:188} INFO - [2024-11-19T13:12:07.134+0530] {dag.py:3047} INFO - Sync 1 DAGs
[2024-11-19T13:12:07.152+0530] {logging_mixin.py:188} INFO - [2024-11-19T13:12:07.152+0530] {dag.py:3834} INFO - Setting next_dagrun for example_sensors to None, run_after=None
[2024-11-19T13:12:07.379+0530] {processor.py:183} INFO - Processing /home/sigmoid/Desktop/Personal_Ml/airflow_poc/airflow_env/lib/python3.8/site-packages/airflow/example_dags/example_sensors.py took 0.287 seconds
[2024-11-19T13:13:21.686+0530] {processor.py:161} INFO - Started process (PID=33780) to work on /home/sigmoid/Desktop/Personal_Ml/airflow_poc/airflow_env/lib/python3.8/site-packages/airflow/example_dags/example_sensors.py
[2024-11-19T13:13:21.688+0530] {processor.py:830} INFO - Processing file /home/sigmoid/Desktop/Personal_Ml/airflow_poc/airflow_env/lib/python3.8/site-packages/airflow/example_dags/example_sensors.py for tasks to queue
[2024-11-19T13:13:21.690+0530] {logging_mixin.py:188} INFO - [2024-11-19T13:13:21.689+0530] {dagbag.py:540} INFO - Filling up the DagBag from /home/sigmoid/Desktop/Personal_Ml/airflow_poc/airflow_env/lib/python3.8/site-packages/airflow/example_dags/example_sensors.py
[2024-11-19T13:13:21.704+0530] {processor.py:840} INFO - DAG(s) 'example_sensors' retrieved from /home/sigmoid/Desktop/Personal_Ml/airflow_poc/airflow_env/lib/python3.8/site-packages/airflow/example_dags/example_sensors.py
[2024-11-19T13:13:21.732+0530] {logging_mixin.py:188} INFO - [2024-11-19T13:13:21.731+0530] {dag.py:3047} INFO - Sync 1 DAGs
[2024-11-19T13:13:21.748+0530] {logging_mixin.py:188} INFO - [2024-11-19T13:13:21.747+0530] {dag.py:3834} INFO - Setting next_dagrun for example_sensors to None, run_after=None
[2024-11-19T13:13:21.773+0530] {processor.py:183} INFO - Processing /home/sigmoid/Desktop/Personal_Ml/airflow_poc/airflow_env/lib/python3.8/site-packages/airflow/example_dags/example_sensors.py took 0.092 seconds
[2024-11-19T13:14:23.206+0530] {processor.py:161} INFO - Started process (PID=34066) to work on /home/sigmoid/Desktop/Personal_Ml/airflow_poc/airflow_env/lib/python3.8/site-packages/airflow/example_dags/example_sensors.py
[2024-11-19T13:14:23.207+0530] {processor.py:830} INFO - Processing file /home/sigmoid/Desktop/Personal_Ml/airflow_poc/airflow_env/lib/python3.8/site-packages/airflow/example_dags/example_sensors.py for tasks to queue
[2024-11-19T13:14:23.208+0530] {logging_mixin.py:188} INFO - [2024-11-19T13:14:23.208+0530] {dagbag.py:540} INFO - Filling up the DagBag from /home/sigmoid/Desktop/Personal_Ml/airflow_poc/airflow_env/lib/python3.8/site-packages/airflow/example_dags/example_sensors.py
[2024-11-19T13:14:23.219+0530] {processor.py:840} INFO - DAG(s) 'example_sensors' retrieved from /home/sigmoid/Desktop/Personal_Ml/airflow_poc/airflow_env/lib/python3.8/site-packages/airflow/example_dags/example_sensors.py
[2024-11-19T13:14:23.240+0530] {logging_mixin.py:188} INFO - [2024-11-19T13:14:23.240+0530] {dag.py:3047} INFO - Sync 1 DAGs
[2024-11-19T13:14:23.253+0530] {logging_mixin.py:188} INFO - [2024-11-19T13:14:23.252+0530] {dag.py:3834} INFO - Setting next_dagrun for example_sensors to None, run_after=None
[2024-11-19T13:14:23.278+0530] {processor.py:183} INFO - Processing /home/sigmoid/Desktop/Personal_Ml/airflow_poc/airflow_env/lib/python3.8/site-packages/airflow/example_dags/example_sensors.py took 0.076 seconds
[2024-11-19T13:15:16.582+0530] {processor.py:161} INFO - Started process (PID=34357) to work on /home/sigmoid/Desktop/Personal_Ml/airflow_poc/airflow_env/lib/python3.8/site-packages/airflow/example_dags/example_sensors.py
[2024-11-19T13:15:16.583+0530] {processor.py:830} INFO - Processing file /home/sigmoid/Desktop/Personal_Ml/airflow_poc/airflow_env/lib/python3.8/site-packages/airflow/example_dags/example_sensors.py for tasks to queue
[2024-11-19T13:15:16.585+0530] {logging_mixin.py:188} INFO - [2024-11-19T13:15:16.584+0530] {dagbag.py:540} INFO - Filling up the DagBag from /home/sigmoid/Desktop/Personal_Ml/airflow_poc/airflow_env/lib/python3.8/site-packages/airflow/example_dags/example_sensors.py
[2024-11-19T13:15:16.600+0530] {processor.py:840} INFO - DAG(s) 'example_sensors' retrieved from /home/sigmoid/Desktop/Personal_Ml/airflow_poc/airflow_env/lib/python3.8/site-packages/airflow/example_dags/example_sensors.py
[2024-11-19T13:15:16.629+0530] {logging_mixin.py:188} INFO - [2024-11-19T13:15:16.628+0530] {dag.py:3047} INFO - Sync 1 DAGs
[2024-11-19T13:15:16.652+0530] {logging_mixin.py:188} INFO - [2024-11-19T13:15:16.652+0530] {dag.py:3834} INFO - Setting next_dagrun for example_sensors to None, run_after=None
[2024-11-19T13:15:16.700+0530] {processor.py:183} INFO - Processing /home/sigmoid/Desktop/Personal_Ml/airflow_poc/airflow_env/lib/python3.8/site-packages/airflow/example_dags/example_sensors.py took 0.123 seconds
[2024-11-19T13:16:21.970+0530] {processor.py:161} INFO - Started process (PID=35114) to work on /home/sigmoid/Desktop/Personal_Ml/airflow_poc/airflow_env/lib/python3.8/site-packages/airflow/example_dags/example_sensors.py
[2024-11-19T13:16:21.972+0530] {processor.py:830} INFO - Processing file /home/sigmoid/Desktop/Personal_Ml/airflow_poc/airflow_env/lib/python3.8/site-packages/airflow/example_dags/example_sensors.py for tasks to queue
[2024-11-19T13:16:21.973+0530] {logging_mixin.py:188} INFO - [2024-11-19T13:16:21.973+0530] {dagbag.py:540} INFO - Filling up the DagBag from /home/sigmoid/Desktop/Personal_Ml/airflow_poc/airflow_env/lib/python3.8/site-packages/airflow/example_dags/example_sensors.py
[2024-11-19T13:16:21.988+0530] {processor.py:840} INFO - DAG(s) 'example_sensors' retrieved from /home/sigmoid/Desktop/Personal_Ml/airflow_poc/airflow_env/lib/python3.8/site-packages/airflow/example_dags/example_sensors.py
[2024-11-19T13:16:22.029+0530] {logging_mixin.py:188} INFO - [2024-11-19T13:16:22.028+0530] {dag.py:3047} INFO - Sync 1 DAGs
[2024-11-19T13:16:22.051+0530] {logging_mixin.py:188} INFO - [2024-11-19T13:16:22.051+0530] {dag.py:3834} INFO - Setting next_dagrun for example_sensors to None, run_after=None
[2024-11-19T13:16:22.091+0530] {processor.py:183} INFO - Processing /home/sigmoid/Desktop/Personal_Ml/airflow_poc/airflow_env/lib/python3.8/site-packages/airflow/example_dags/example_sensors.py took 0.125 seconds
[2024-11-19T13:17:28.835+0530] {processor.py:161} INFO - Started process (PID=35246) to work on /home/sigmoid/Desktop/Personal_Ml/airflow_poc/airflow_env/lib/python3.8/site-packages/airflow/example_dags/example_sensors.py
[2024-11-19T13:17:28.836+0530] {processor.py:830} INFO - Processing file /home/sigmoid/Desktop/Personal_Ml/airflow_poc/airflow_env/lib/python3.8/site-packages/airflow/example_dags/example_sensors.py for tasks to queue
[2024-11-19T13:17:28.837+0530] {logging_mixin.py:188} INFO - [2024-11-19T13:17:28.837+0530] {dagbag.py:540} INFO - Filling up the DagBag from /home/sigmoid/Desktop/Personal_Ml/airflow_poc/airflow_env/lib/python3.8/site-packages/airflow/example_dags/example_sensors.py
[2024-11-19T13:17:28.847+0530] {processor.py:840} INFO - DAG(s) 'example_sensors' retrieved from /home/sigmoid/Desktop/Personal_Ml/airflow_poc/airflow_env/lib/python3.8/site-packages/airflow/example_dags/example_sensors.py
[2024-11-19T13:17:28.867+0530] {logging_mixin.py:188} INFO - [2024-11-19T13:17:28.867+0530] {dag.py:3047} INFO - Sync 1 DAGs
[2024-11-19T13:17:28.879+0530] {logging_mixin.py:188} INFO - [2024-11-19T13:17:28.878+0530] {dag.py:3834} INFO - Setting next_dagrun for example_sensors to None, run_after=None
[2024-11-19T13:17:28.899+0530] {processor.py:183} INFO - Processing /home/sigmoid/Desktop/Personal_Ml/airflow_poc/airflow_env/lib/python3.8/site-packages/airflow/example_dags/example_sensors.py took 0.067 seconds
[2024-11-19T13:18:20.924+0530] {processor.py:161} INFO - Started process (PID=35310) to work on /home/sigmoid/Desktop/Personal_Ml/airflow_poc/airflow_env/lib/python3.8/site-packages/airflow/example_dags/example_sensors.py
[2024-11-19T13:18:20.925+0530] {processor.py:830} INFO - Processing file /home/sigmoid/Desktop/Personal_Ml/airflow_poc/airflow_env/lib/python3.8/site-packages/airflow/example_dags/example_sensors.py for tasks to queue
[2024-11-19T13:18:20.928+0530] {logging_mixin.py:188} INFO - [2024-11-19T13:18:20.926+0530] {dagbag.py:540} INFO - Filling up the DagBag from /home/sigmoid/Desktop/Personal_Ml/airflow_poc/airflow_env/lib/python3.8/site-packages/airflow/example_dags/example_sensors.py
[2024-11-19T13:18:20.946+0530] {processor.py:840} INFO - DAG(s) 'example_sensors' retrieved from /home/sigmoid/Desktop/Personal_Ml/airflow_poc/airflow_env/lib/python3.8/site-packages/airflow/example_dags/example_sensors.py
[2024-11-19T13:18:20.968+0530] {logging_mixin.py:188} INFO - [2024-11-19T13:18:20.968+0530] {dag.py:3047} INFO - Sync 1 DAGs
[2024-11-19T13:18:20.981+0530] {logging_mixin.py:188} INFO - [2024-11-19T13:18:20.980+0530] {dag.py:3834} INFO - Setting next_dagrun for example_sensors to None, run_after=None
[2024-11-19T13:18:21.005+0530] {processor.py:183} INFO - Processing /home/sigmoid/Desktop/Personal_Ml/airflow_poc/airflow_env/lib/python3.8/site-packages/airflow/example_dags/example_sensors.py took 0.084 seconds
[2024-11-19T13:19:11.902+0530] {processor.py:161} INFO - Started process (PID=35376) to work on /home/sigmoid/Desktop/Personal_Ml/airflow_poc/airflow_env/lib/python3.8/site-packages/airflow/example_dags/example_sensors.py
[2024-11-19T13:19:11.903+0530] {processor.py:830} INFO - Processing file /home/sigmoid/Desktop/Personal_Ml/airflow_poc/airflow_env/lib/python3.8/site-packages/airflow/example_dags/example_sensors.py for tasks to queue
[2024-11-19T13:19:11.904+0530] {logging_mixin.py:188} INFO - [2024-11-19T13:19:11.904+0530] {dagbag.py:540} INFO - Filling up the DagBag from /home/sigmoid/Desktop/Personal_Ml/airflow_poc/airflow_env/lib/python3.8/site-packages/airflow/example_dags/example_sensors.py
[2024-11-19T13:19:11.914+0530] {processor.py:840} INFO - DAG(s) 'example_sensors' retrieved from /home/sigmoid/Desktop/Personal_Ml/airflow_poc/airflow_env/lib/python3.8/site-packages/airflow/example_dags/example_sensors.py
[2024-11-19T13:19:11.935+0530] {logging_mixin.py:188} INFO - [2024-11-19T13:19:11.934+0530] {dag.py:3047} INFO - Sync 1 DAGs
[2024-11-19T13:19:11.946+0530] {logging_mixin.py:188} INFO - [2024-11-19T13:19:11.946+0530] {dag.py:3834} INFO - Setting next_dagrun for example_sensors to None, run_after=None
[2024-11-19T13:19:11.967+0530] {processor.py:183} INFO - Processing /home/sigmoid/Desktop/Personal_Ml/airflow_poc/airflow_env/lib/python3.8/site-packages/airflow/example_dags/example_sensors.py took 0.068 seconds
[2024-11-19T13:20:22.152+0530] {processor.py:161} INFO - Started process (PID=35542) to work on /home/sigmoid/Desktop/Personal_Ml/airflow_poc/airflow_env/lib/python3.8/site-packages/airflow/example_dags/example_sensors.py
[2024-11-19T13:20:22.153+0530] {processor.py:830} INFO - Processing file /home/sigmoid/Desktop/Personal_Ml/airflow_poc/airflow_env/lib/python3.8/site-packages/airflow/example_dags/example_sensors.py for tasks to queue
[2024-11-19T13:20:22.155+0530] {logging_mixin.py:188} INFO - [2024-11-19T13:20:22.154+0530] {dagbag.py:540} INFO - Filling up the DagBag from /home/sigmoid/Desktop/Personal_Ml/airflow_poc/airflow_env/lib/python3.8/site-packages/airflow/example_dags/example_sensors.py
[2024-11-19T13:20:22.172+0530] {processor.py:840} INFO - DAG(s) 'example_sensors' retrieved from /home/sigmoid/Desktop/Personal_Ml/airflow_poc/airflow_env/lib/python3.8/site-packages/airflow/example_dags/example_sensors.py
[2024-11-19T13:20:22.210+0530] {logging_mixin.py:188} INFO - [2024-11-19T13:20:22.210+0530] {dag.py:3047} INFO - Sync 1 DAGs
[2024-11-19T13:20:22.235+0530] {logging_mixin.py:188} INFO - [2024-11-19T13:20:22.235+0530] {dag.py:3834} INFO - Setting next_dagrun for example_sensors to None, run_after=None
[2024-11-19T13:20:22.270+0530] {processor.py:183} INFO - Processing /home/sigmoid/Desktop/Personal_Ml/airflow_poc/airflow_env/lib/python3.8/site-packages/airflow/example_dags/example_sensors.py took 0.125 seconds
[2024-11-19T13:21:08.980+0530] {processor.py:161} INFO - Started process (PID=35648) to work on /home/sigmoid/Desktop/Personal_Ml/airflow_poc/airflow_env/lib/python3.8/site-packages/airflow/example_dags/example_sensors.py
[2024-11-19T13:21:08.981+0530] {processor.py:830} INFO - Processing file /home/sigmoid/Desktop/Personal_Ml/airflow_poc/airflow_env/lib/python3.8/site-packages/airflow/example_dags/example_sensors.py for tasks to queue
[2024-11-19T13:21:08.982+0530] {logging_mixin.py:188} INFO - [2024-11-19T13:21:08.982+0530] {dagbag.py:540} INFO - Filling up the DagBag from /home/sigmoid/Desktop/Personal_Ml/airflow_poc/airflow_env/lib/python3.8/site-packages/airflow/example_dags/example_sensors.py
[2024-11-19T13:21:08.991+0530] {processor.py:840} INFO - DAG(s) 'example_sensors' retrieved from /home/sigmoid/Desktop/Personal_Ml/airflow_poc/airflow_env/lib/python3.8/site-packages/airflow/example_dags/example_sensors.py
[2024-11-19T13:21:09.012+0530] {logging_mixin.py:188} INFO - [2024-11-19T13:21:09.012+0530] {dag.py:3047} INFO - Sync 1 DAGs
[2024-11-19T13:21:09.024+0530] {logging_mixin.py:188} INFO - [2024-11-19T13:21:09.024+0530] {dag.py:3834} INFO - Setting next_dagrun for example_sensors to None, run_after=None
[2024-11-19T13:21:09.048+0530] {processor.py:183} INFO - Processing /home/sigmoid/Desktop/Personal_Ml/airflow_poc/airflow_env/lib/python3.8/site-packages/airflow/example_dags/example_sensors.py took 0.072 seconds
[2024-11-19T13:22:14.533+0530] {processor.py:161} INFO - Started process (PID=35750) to work on /home/sigmoid/Desktop/Personal_Ml/airflow_poc/airflow_env/lib/python3.8/site-packages/airflow/example_dags/example_sensors.py
[2024-11-19T13:22:14.535+0530] {processor.py:830} INFO - Processing file /home/sigmoid/Desktop/Personal_Ml/airflow_poc/airflow_env/lib/python3.8/site-packages/airflow/example_dags/example_sensors.py for tasks to queue
[2024-11-19T13:22:14.536+0530] {logging_mixin.py:188} INFO - [2024-11-19T13:22:14.535+0530] {dagbag.py:540} INFO - Filling up the DagBag from /home/sigmoid/Desktop/Personal_Ml/airflow_poc/airflow_env/lib/python3.8/site-packages/airflow/example_dags/example_sensors.py
[2024-11-19T13:22:14.547+0530] {processor.py:840} INFO - DAG(s) 'example_sensors' retrieved from /home/sigmoid/Desktop/Personal_Ml/airflow_poc/airflow_env/lib/python3.8/site-packages/airflow/example_dags/example_sensors.py
[2024-11-19T13:22:14.568+0530] {logging_mixin.py:188} INFO - [2024-11-19T13:22:14.568+0530] {dag.py:3047} INFO - Sync 1 DAGs
[2024-11-19T13:22:14.581+0530] {logging_mixin.py:188} INFO - [2024-11-19T13:22:14.580+0530] {dag.py:3834} INFO - Setting next_dagrun for example_sensors to None, run_after=None
[2024-11-19T13:22:14.603+0530] {processor.py:183} INFO - Processing /home/sigmoid/Desktop/Personal_Ml/airflow_poc/airflow_env/lib/python3.8/site-packages/airflow/example_dags/example_sensors.py took 0.073 seconds
[2024-11-19T13:23:37.134+0530] {processor.py:161} INFO - Started process (PID=35899) to work on /home/sigmoid/Desktop/Personal_Ml/airflow_poc/airflow_env/lib/python3.8/site-packages/airflow/example_dags/example_sensors.py
[2024-11-19T13:23:37.136+0530] {processor.py:830} INFO - Processing file /home/sigmoid/Desktop/Personal_Ml/airflow_poc/airflow_env/lib/python3.8/site-packages/airflow/example_dags/example_sensors.py for tasks to queue
[2024-11-19T13:23:37.139+0530] {logging_mixin.py:188} INFO - [2024-11-19T13:23:37.138+0530] {dagbag.py:540} INFO - Filling up the DagBag from /home/sigmoid/Desktop/Personal_Ml/airflow_poc/airflow_env/lib/python3.8/site-packages/airflow/example_dags/example_sensors.py
[2024-11-19T13:23:37.150+0530] {processor.py:840} INFO - DAG(s) 'example_sensors' retrieved from /home/sigmoid/Desktop/Personal_Ml/airflow_poc/airflow_env/lib/python3.8/site-packages/airflow/example_dags/example_sensors.py
[2024-11-19T13:23:37.177+0530] {logging_mixin.py:188} INFO - [2024-11-19T13:23:37.177+0530] {dag.py:3047} INFO - Sync 1 DAGs
[2024-11-19T13:23:37.193+0530] {logging_mixin.py:188} INFO - [2024-11-19T13:23:37.193+0530] {dag.py:3834} INFO - Setting next_dagrun for example_sensors to None, run_after=None
[2024-11-19T13:23:37.229+0530] {processor.py:183} INFO - Processing /home/sigmoid/Desktop/Personal_Ml/airflow_poc/airflow_env/lib/python3.8/site-packages/airflow/example_dags/example_sensors.py took 0.099 seconds
[2024-11-19T13:24:49.665+0530] {processor.py:161} INFO - Started process (PID=35982) to work on /home/sigmoid/Desktop/Personal_Ml/airflow_poc/airflow_env/lib/python3.8/site-packages/airflow/example_dags/example_sensors.py
[2024-11-19T13:24:49.668+0530] {processor.py:830} INFO - Processing file /home/sigmoid/Desktop/Personal_Ml/airflow_poc/airflow_env/lib/python3.8/site-packages/airflow/example_dags/example_sensors.py for tasks to queue
[2024-11-19T13:24:49.669+0530] {logging_mixin.py:188} INFO - [2024-11-19T13:24:49.668+0530] {dagbag.py:540} INFO - Filling up the DagBag from /home/sigmoid/Desktop/Personal_Ml/airflow_poc/airflow_env/lib/python3.8/site-packages/airflow/example_dags/example_sensors.py
[2024-11-19T13:24:49.681+0530] {processor.py:840} INFO - DAG(s) 'example_sensors' retrieved from /home/sigmoid/Desktop/Personal_Ml/airflow_poc/airflow_env/lib/python3.8/site-packages/airflow/example_dags/example_sensors.py
[2024-11-19T13:24:49.708+0530] {logging_mixin.py:188} INFO - [2024-11-19T13:24:49.707+0530] {dag.py:3047} INFO - Sync 1 DAGs
[2024-11-19T13:24:49.723+0530] {logging_mixin.py:188} INFO - [2024-11-19T13:24:49.723+0530] {dag.py:3834} INFO - Setting next_dagrun for example_sensors to None, run_after=None
[2024-11-19T13:24:49.759+0530] {processor.py:183} INFO - Processing /home/sigmoid/Desktop/Personal_Ml/airflow_poc/airflow_env/lib/python3.8/site-packages/airflow/example_dags/example_sensors.py took 0.098 seconds
[2024-11-19T13:26:08.044+0530] {processor.py:161} INFO - Started process (PID=36085) to work on /home/sigmoid/Desktop/Personal_Ml/airflow_poc/airflow_env/lib/python3.8/site-packages/airflow/example_dags/example_sensors.py
[2024-11-19T13:26:08.045+0530] {processor.py:830} INFO - Processing file /home/sigmoid/Desktop/Personal_Ml/airflow_poc/airflow_env/lib/python3.8/site-packages/airflow/example_dags/example_sensors.py for tasks to queue
[2024-11-19T13:26:08.047+0530] {logging_mixin.py:188} INFO - [2024-11-19T13:26:08.046+0530] {dagbag.py:540} INFO - Filling up the DagBag from /home/sigmoid/Desktop/Personal_Ml/airflow_poc/airflow_env/lib/python3.8/site-packages/airflow/example_dags/example_sensors.py
[2024-11-19T13:26:08.062+0530] {processor.py:840} INFO - DAG(s) 'example_sensors' retrieved from /home/sigmoid/Desktop/Personal_Ml/airflow_poc/airflow_env/lib/python3.8/site-packages/airflow/example_dags/example_sensors.py
[2024-11-19T13:26:08.093+0530] {logging_mixin.py:188} INFO - [2024-11-19T13:26:08.093+0530] {dag.py:3047} INFO - Sync 1 DAGs
[2024-11-19T13:26:08.114+0530] {logging_mixin.py:188} INFO - [2024-11-19T13:26:08.113+0530] {dag.py:3834} INFO - Setting next_dagrun for example_sensors to None, run_after=None
[2024-11-19T13:26:08.153+0530] {processor.py:183} INFO - Processing /home/sigmoid/Desktop/Personal_Ml/airflow_poc/airflow_env/lib/python3.8/site-packages/airflow/example_dags/example_sensors.py took 0.114 seconds
[2024-11-19T13:27:05.494+0530] {processor.py:161} INFO - Started process (PID=36168) to work on /home/sigmoid/Desktop/Personal_Ml/airflow_poc/airflow_env/lib/python3.8/site-packages/airflow/example_dags/example_sensors.py
[2024-11-19T13:27:05.496+0530] {processor.py:830} INFO - Processing file /home/sigmoid/Desktop/Personal_Ml/airflow_poc/airflow_env/lib/python3.8/site-packages/airflow/example_dags/example_sensors.py for tasks to queue
[2024-11-19T13:27:05.497+0530] {logging_mixin.py:188} INFO - [2024-11-19T13:27:05.496+0530] {dagbag.py:540} INFO - Filling up the DagBag from /home/sigmoid/Desktop/Personal_Ml/airflow_poc/airflow_env/lib/python3.8/site-packages/airflow/example_dags/example_sensors.py
[2024-11-19T13:27:05.514+0530] {processor.py:840} INFO - DAG(s) 'example_sensors' retrieved from /home/sigmoid/Desktop/Personal_Ml/airflow_poc/airflow_env/lib/python3.8/site-packages/airflow/example_dags/example_sensors.py
[2024-11-19T13:27:05.543+0530] {logging_mixin.py:188} INFO - [2024-11-19T13:27:05.543+0530] {dag.py:3047} INFO - Sync 1 DAGs
[2024-11-19T13:27:05.561+0530] {logging_mixin.py:188} INFO - [2024-11-19T13:27:05.561+0530] {dag.py:3834} INFO - Setting next_dagrun for example_sensors to None, run_after=None
[2024-11-19T13:27:05.593+0530] {processor.py:183} INFO - Processing /home/sigmoid/Desktop/Personal_Ml/airflow_poc/airflow_env/lib/python3.8/site-packages/airflow/example_dags/example_sensors.py took 0.102 seconds
[2024-11-19T13:28:45.369+0530] {processor.py:161} INFO - Started process (PID=36304) to work on /home/sigmoid/Desktop/Personal_Ml/airflow_poc/airflow_env/lib/python3.8/site-packages/airflow/example_dags/example_sensors.py
[2024-11-19T13:28:45.373+0530] {processor.py:830} INFO - Processing file /home/sigmoid/Desktop/Personal_Ml/airflow_poc/airflow_env/lib/python3.8/site-packages/airflow/example_dags/example_sensors.py for tasks to queue
[2024-11-19T13:28:45.376+0530] {logging_mixin.py:188} INFO - [2024-11-19T13:28:45.375+0530] {dagbag.py:540} INFO - Filling up the DagBag from /home/sigmoid/Desktop/Personal_Ml/airflow_poc/airflow_env/lib/python3.8/site-packages/airflow/example_dags/example_sensors.py
[2024-11-19T13:28:45.399+0530] {processor.py:840} INFO - DAG(s) 'example_sensors' retrieved from /home/sigmoid/Desktop/Personal_Ml/airflow_poc/airflow_env/lib/python3.8/site-packages/airflow/example_dags/example_sensors.py
[2024-11-19T13:28:45.452+0530] {logging_mixin.py:188} INFO - [2024-11-19T13:28:45.451+0530] {dag.py:3047} INFO - Sync 1 DAGs
[2024-11-19T13:28:45.480+0530] {logging_mixin.py:188} INFO - [2024-11-19T13:28:45.480+0530] {dag.py:3834} INFO - Setting next_dagrun for example_sensors to None, run_after=None
[2024-11-19T13:28:45.525+0530] {processor.py:183} INFO - Processing /home/sigmoid/Desktop/Personal_Ml/airflow_poc/airflow_env/lib/python3.8/site-packages/airflow/example_dags/example_sensors.py took 0.162 seconds
[2024-11-19T13:29:42.189+0530] {processor.py:161} INFO - Started process (PID=36369) to work on /home/sigmoid/Desktop/Personal_Ml/airflow_poc/airflow_env/lib/python3.8/site-packages/airflow/example_dags/example_sensors.py
[2024-11-19T13:29:42.190+0530] {processor.py:830} INFO - Processing file /home/sigmoid/Desktop/Personal_Ml/airflow_poc/airflow_env/lib/python3.8/site-packages/airflow/example_dags/example_sensors.py for tasks to queue
[2024-11-19T13:29:42.191+0530] {logging_mixin.py:188} INFO - [2024-11-19T13:29:42.191+0530] {dagbag.py:540} INFO - Filling up the DagBag from /home/sigmoid/Desktop/Personal_Ml/airflow_poc/airflow_env/lib/python3.8/site-packages/airflow/example_dags/example_sensors.py
[2024-11-19T13:29:42.205+0530] {processor.py:840} INFO - DAG(s) 'example_sensors' retrieved from /home/sigmoid/Desktop/Personal_Ml/airflow_poc/airflow_env/lib/python3.8/site-packages/airflow/example_dags/example_sensors.py
[2024-11-19T13:29:42.229+0530] {logging_mixin.py:188} INFO - [2024-11-19T13:29:42.229+0530] {dag.py:3047} INFO - Sync 1 DAGs
[2024-11-19T13:29:42.243+0530] {logging_mixin.py:188} INFO - [2024-11-19T13:29:42.243+0530] {dag.py:3834} INFO - Setting next_dagrun for example_sensors to None, run_after=None
[2024-11-19T13:29:42.272+0530] {processor.py:183} INFO - Processing /home/sigmoid/Desktop/Personal_Ml/airflow_poc/airflow_env/lib/python3.8/site-packages/airflow/example_dags/example_sensors.py took 0.086 seconds
[2024-11-19T13:30:42.709+0530] {processor.py:161} INFO - Started process (PID=36445) to work on /home/sigmoid/Desktop/Personal_Ml/airflow_poc/airflow_env/lib/python3.8/site-packages/airflow/example_dags/example_sensors.py
[2024-11-19T13:30:42.710+0530] {processor.py:830} INFO - Processing file /home/sigmoid/Desktop/Personal_Ml/airflow_poc/airflow_env/lib/python3.8/site-packages/airflow/example_dags/example_sensors.py for tasks to queue
[2024-11-19T13:30:42.711+0530] {logging_mixin.py:188} INFO - [2024-11-19T13:30:42.710+0530] {dagbag.py:540} INFO - Filling up the DagBag from /home/sigmoid/Desktop/Personal_Ml/airflow_poc/airflow_env/lib/python3.8/site-packages/airflow/example_dags/example_sensors.py
[2024-11-19T13:30:42.721+0530] {processor.py:840} INFO - DAG(s) 'example_sensors' retrieved from /home/sigmoid/Desktop/Personal_Ml/airflow_poc/airflow_env/lib/python3.8/site-packages/airflow/example_dags/example_sensors.py
[2024-11-19T13:30:42.741+0530] {logging_mixin.py:188} INFO - [2024-11-19T13:30:42.740+0530] {dag.py:3047} INFO - Sync 1 DAGs
[2024-11-19T13:30:42.752+0530] {logging_mixin.py:188} INFO - [2024-11-19T13:30:42.752+0530] {dag.py:3834} INFO - Setting next_dagrun for example_sensors to None, run_after=None
[2024-11-19T13:30:42.772+0530] {processor.py:183} INFO - Processing /home/sigmoid/Desktop/Personal_Ml/airflow_poc/airflow_env/lib/python3.8/site-packages/airflow/example_dags/example_sensors.py took 0.066 seconds
[2024-11-19T13:31:29.598+0530] {processor.py:161} INFO - Started process (PID=36755) to work on /home/sigmoid/Desktop/Personal_Ml/airflow_poc/airflow_env/lib/python3.8/site-packages/airflow/example_dags/example_sensors.py
[2024-11-19T13:31:29.599+0530] {processor.py:830} INFO - Processing file /home/sigmoid/Desktop/Personal_Ml/airflow_poc/airflow_env/lib/python3.8/site-packages/airflow/example_dags/example_sensors.py for tasks to queue
[2024-11-19T13:31:29.600+0530] {logging_mixin.py:188} INFO - [2024-11-19T13:31:29.600+0530] {dagbag.py:540} INFO - Filling up the DagBag from /home/sigmoid/Desktop/Personal_Ml/airflow_poc/airflow_env/lib/python3.8/site-packages/airflow/example_dags/example_sensors.py
[2024-11-19T13:31:29.610+0530] {processor.py:840} INFO - DAG(s) 'example_sensors' retrieved from /home/sigmoid/Desktop/Personal_Ml/airflow_poc/airflow_env/lib/python3.8/site-packages/airflow/example_dags/example_sensors.py
[2024-11-19T13:31:29.631+0530] {logging_mixin.py:188} INFO - [2024-11-19T13:31:29.630+0530] {dag.py:3047} INFO - Sync 1 DAGs
[2024-11-19T13:31:29.642+0530] {logging_mixin.py:188} INFO - [2024-11-19T13:31:29.642+0530] {dag.py:3834} INFO - Setting next_dagrun for example_sensors to None, run_after=None
[2024-11-19T13:31:29.697+0530] {processor.py:183} INFO - Processing /home/sigmoid/Desktop/Personal_Ml/airflow_poc/airflow_env/lib/python3.8/site-packages/airflow/example_dags/example_sensors.py took 0.102 seconds
[2024-11-19T13:32:33.723+0530] {processor.py:161} INFO - Started process (PID=36846) to work on /home/sigmoid/Desktop/Personal_Ml/airflow_poc/airflow_env/lib/python3.8/site-packages/airflow/example_dags/example_sensors.py
[2024-11-19T13:32:33.724+0530] {processor.py:830} INFO - Processing file /home/sigmoid/Desktop/Personal_Ml/airflow_poc/airflow_env/lib/python3.8/site-packages/airflow/example_dags/example_sensors.py for tasks to queue
[2024-11-19T13:32:33.725+0530] {logging_mixin.py:188} INFO - [2024-11-19T13:32:33.724+0530] {dagbag.py:540} INFO - Filling up the DagBag from /home/sigmoid/Desktop/Personal_Ml/airflow_poc/airflow_env/lib/python3.8/site-packages/airflow/example_dags/example_sensors.py
[2024-11-19T13:32:33.734+0530] {processor.py:840} INFO - DAG(s) 'example_sensors' retrieved from /home/sigmoid/Desktop/Personal_Ml/airflow_poc/airflow_env/lib/python3.8/site-packages/airflow/example_dags/example_sensors.py
[2024-11-19T13:32:33.756+0530] {logging_mixin.py:188} INFO - [2024-11-19T13:32:33.755+0530] {dag.py:3047} INFO - Sync 1 DAGs
[2024-11-19T13:32:33.767+0530] {logging_mixin.py:188} INFO - [2024-11-19T13:32:33.767+0530] {dag.py:3834} INFO - Setting next_dagrun for example_sensors to None, run_after=None
[2024-11-19T13:32:33.797+0530] {processor.py:183} INFO - Processing /home/sigmoid/Desktop/Personal_Ml/airflow_poc/airflow_env/lib/python3.8/site-packages/airflow/example_dags/example_sensors.py took 0.078 seconds
[2024-11-19T13:33:32.644+0530] {processor.py:161} INFO - Started process (PID=36923) to work on /home/sigmoid/Desktop/Personal_Ml/airflow_poc/airflow_env/lib/python3.8/site-packages/airflow/example_dags/example_sensors.py
[2024-11-19T13:33:32.645+0530] {processor.py:830} INFO - Processing file /home/sigmoid/Desktop/Personal_Ml/airflow_poc/airflow_env/lib/python3.8/site-packages/airflow/example_dags/example_sensors.py for tasks to queue
[2024-11-19T13:33:32.646+0530] {logging_mixin.py:188} INFO - [2024-11-19T13:33:32.646+0530] {dagbag.py:540} INFO - Filling up the DagBag from /home/sigmoid/Desktop/Personal_Ml/airflow_poc/airflow_env/lib/python3.8/site-packages/airflow/example_dags/example_sensors.py
[2024-11-19T13:33:32.660+0530] {processor.py:840} INFO - DAG(s) 'example_sensors' retrieved from /home/sigmoid/Desktop/Personal_Ml/airflow_poc/airflow_env/lib/python3.8/site-packages/airflow/example_dags/example_sensors.py
[2024-11-19T13:33:32.681+0530] {logging_mixin.py:188} INFO - [2024-11-19T13:33:32.681+0530] {dag.py:3047} INFO - Sync 1 DAGs
[2024-11-19T13:33:32.693+0530] {logging_mixin.py:188} INFO - [2024-11-19T13:33:32.693+0530] {dag.py:3834} INFO - Setting next_dagrun for example_sensors to None, run_after=None
[2024-11-19T13:33:32.713+0530] {processor.py:183} INFO - Processing /home/sigmoid/Desktop/Personal_Ml/airflow_poc/airflow_env/lib/python3.8/site-packages/airflow/example_dags/example_sensors.py took 0.072 seconds
[2024-11-19T13:41:41.496+0530] {processor.py:161} INFO - Started process (PID=37268) to work on /home/sigmoid/Desktop/Personal_Ml/airflow_poc/airflow_env/lib/python3.8/site-packages/airflow/example_dags/example_sensors.py
[2024-11-19T13:41:41.498+0530] {processor.py:830} INFO - Processing file /home/sigmoid/Desktop/Personal_Ml/airflow_poc/airflow_env/lib/python3.8/site-packages/airflow/example_dags/example_sensors.py for tasks to queue
[2024-11-19T13:41:41.500+0530] {logging_mixin.py:188} INFO - [2024-11-19T13:41:41.499+0530] {dagbag.py:540} INFO - Filling up the DagBag from /home/sigmoid/Desktop/Personal_Ml/airflow_poc/airflow_env/lib/python3.8/site-packages/airflow/example_dags/example_sensors.py
[2024-11-19T13:41:41.520+0530] {processor.py:840} INFO - DAG(s) 'example_sensors' retrieved from /home/sigmoid/Desktop/Personal_Ml/airflow_poc/airflow_env/lib/python3.8/site-packages/airflow/example_dags/example_sensors.py
[2024-11-19T13:41:41.564+0530] {logging_mixin.py:188} INFO - [2024-11-19T13:41:41.563+0530] {dag.py:3047} INFO - Sync 1 DAGs
[2024-11-19T13:41:41.588+0530] {logging_mixin.py:188} INFO - [2024-11-19T13:41:41.588+0530] {dag.py:3834} INFO - Setting next_dagrun for example_sensors to None, run_after=None
[2024-11-19T13:41:41.625+0530] {processor.py:183} INFO - Processing /home/sigmoid/Desktop/Personal_Ml/airflow_poc/airflow_env/lib/python3.8/site-packages/airflow/example_dags/example_sensors.py took 0.134 seconds
[2024-11-19T13:42:32.904+0530] {processor.py:161} INFO - Started process (PID=37324) to work on /home/sigmoid/Desktop/Personal_Ml/airflow_poc/airflow_env/lib/python3.8/site-packages/airflow/example_dags/example_sensors.py
[2024-11-19T13:42:32.905+0530] {processor.py:830} INFO - Processing file /home/sigmoid/Desktop/Personal_Ml/airflow_poc/airflow_env/lib/python3.8/site-packages/airflow/example_dags/example_sensors.py for tasks to queue
[2024-11-19T13:42:32.906+0530] {logging_mixin.py:188} INFO - [2024-11-19T13:42:32.906+0530] {dagbag.py:540} INFO - Filling up the DagBag from /home/sigmoid/Desktop/Personal_Ml/airflow_poc/airflow_env/lib/python3.8/site-packages/airflow/example_dags/example_sensors.py
[2024-11-19T13:42:32.916+0530] {processor.py:840} INFO - DAG(s) 'example_sensors' retrieved from /home/sigmoid/Desktop/Personal_Ml/airflow_poc/airflow_env/lib/python3.8/site-packages/airflow/example_dags/example_sensors.py
[2024-11-19T13:42:32.937+0530] {logging_mixin.py:188} INFO - [2024-11-19T13:42:32.936+0530] {dag.py:3047} INFO - Sync 1 DAGs
[2024-11-19T13:42:32.948+0530] {logging_mixin.py:188} INFO - [2024-11-19T13:42:32.948+0530] {dag.py:3834} INFO - Setting next_dagrun for example_sensors to None, run_after=None
[2024-11-19T13:42:32.978+0530] {processor.py:183} INFO - Processing /home/sigmoid/Desktop/Personal_Ml/airflow_poc/airflow_env/lib/python3.8/site-packages/airflow/example_dags/example_sensors.py took 0.077 seconds
[2024-11-19T13:43:36.251+0530] {processor.py:161} INFO - Started process (PID=37407) to work on /home/sigmoid/Desktop/Personal_Ml/airflow_poc/airflow_env/lib/python3.8/site-packages/airflow/example_dags/example_sensors.py
[2024-11-19T13:43:36.252+0530] {processor.py:830} INFO - Processing file /home/sigmoid/Desktop/Personal_Ml/airflow_poc/airflow_env/lib/python3.8/site-packages/airflow/example_dags/example_sensors.py for tasks to queue
[2024-11-19T13:43:36.253+0530] {logging_mixin.py:188} INFO - [2024-11-19T13:43:36.253+0530] {dagbag.py:540} INFO - Filling up the DagBag from /home/sigmoid/Desktop/Personal_Ml/airflow_poc/airflow_env/lib/python3.8/site-packages/airflow/example_dags/example_sensors.py
[2024-11-19T13:43:36.263+0530] {processor.py:840} INFO - DAG(s) 'example_sensors' retrieved from /home/sigmoid/Desktop/Personal_Ml/airflow_poc/airflow_env/lib/python3.8/site-packages/airflow/example_dags/example_sensors.py
[2024-11-19T13:43:36.283+0530] {logging_mixin.py:188} INFO - [2024-11-19T13:43:36.283+0530] {dag.py:3047} INFO - Sync 1 DAGs
[2024-11-19T13:43:36.295+0530] {logging_mixin.py:188} INFO - [2024-11-19T13:43:36.294+0530] {dag.py:3834} INFO - Setting next_dagrun for example_sensors to None, run_after=None
[2024-11-19T13:43:36.315+0530] {processor.py:183} INFO - Processing /home/sigmoid/Desktop/Personal_Ml/airflow_poc/airflow_env/lib/python3.8/site-packages/airflow/example_dags/example_sensors.py took 0.067 seconds
[2024-11-19T13:44:38.287+0530] {processor.py:161} INFO - Started process (PID=37480) to work on /home/sigmoid/Desktop/Personal_Ml/airflow_poc/airflow_env/lib/python3.8/site-packages/airflow/example_dags/example_sensors.py
[2024-11-19T13:44:38.289+0530] {processor.py:830} INFO - Processing file /home/sigmoid/Desktop/Personal_Ml/airflow_poc/airflow_env/lib/python3.8/site-packages/airflow/example_dags/example_sensors.py for tasks to queue
[2024-11-19T13:44:38.290+0530] {logging_mixin.py:188} INFO - [2024-11-19T13:44:38.289+0530] {dagbag.py:540} INFO - Filling up the DagBag from /home/sigmoid/Desktop/Personal_Ml/airflow_poc/airflow_env/lib/python3.8/site-packages/airflow/example_dags/example_sensors.py
[2024-11-19T13:44:38.299+0530] {processor.py:840} INFO - DAG(s) 'example_sensors' retrieved from /home/sigmoid/Desktop/Personal_Ml/airflow_poc/airflow_env/lib/python3.8/site-packages/airflow/example_dags/example_sensors.py
[2024-11-19T13:44:38.320+0530] {logging_mixin.py:188} INFO - [2024-11-19T13:44:38.319+0530] {dag.py:3047} INFO - Sync 1 DAGs
[2024-11-19T13:44:38.331+0530] {logging_mixin.py:188} INFO - [2024-11-19T13:44:38.331+0530] {dag.py:3834} INFO - Setting next_dagrun for example_sensors to None, run_after=None
[2024-11-19T13:44:38.353+0530] {processor.py:183} INFO - Processing /home/sigmoid/Desktop/Personal_Ml/airflow_poc/airflow_env/lib/python3.8/site-packages/airflow/example_dags/example_sensors.py took 0.068 seconds
[2024-11-19T13:45:40.301+0530] {processor.py:161} INFO - Started process (PID=37558) to work on /home/sigmoid/Desktop/Personal_Ml/airflow_poc/airflow_env/lib/python3.8/site-packages/airflow/example_dags/example_sensors.py
[2024-11-19T13:45:40.302+0530] {processor.py:830} INFO - Processing file /home/sigmoid/Desktop/Personal_Ml/airflow_poc/airflow_env/lib/python3.8/site-packages/airflow/example_dags/example_sensors.py for tasks to queue
[2024-11-19T13:45:40.303+0530] {logging_mixin.py:188} INFO - [2024-11-19T13:45:40.303+0530] {dagbag.py:540} INFO - Filling up the DagBag from /home/sigmoid/Desktop/Personal_Ml/airflow_poc/airflow_env/lib/python3.8/site-packages/airflow/example_dags/example_sensors.py
[2024-11-19T13:45:40.313+0530] {processor.py:840} INFO - DAG(s) 'example_sensors' retrieved from /home/sigmoid/Desktop/Personal_Ml/airflow_poc/airflow_env/lib/python3.8/site-packages/airflow/example_dags/example_sensors.py
[2024-11-19T13:45:40.334+0530] {logging_mixin.py:188} INFO - [2024-11-19T13:45:40.333+0530] {dag.py:3047} INFO - Sync 1 DAGs
[2024-11-19T13:45:40.345+0530] {logging_mixin.py:188} INFO - [2024-11-19T13:45:40.345+0530] {dag.py:3834} INFO - Setting next_dagrun for example_sensors to None, run_after=None
[2024-11-19T13:45:40.366+0530] {processor.py:183} INFO - Processing /home/sigmoid/Desktop/Personal_Ml/airflow_poc/airflow_env/lib/python3.8/site-packages/airflow/example_dags/example_sensors.py took 0.068 seconds
[2024-11-19T13:46:32.330+0530] {processor.py:161} INFO - Started process (PID=37871) to work on /home/sigmoid/Desktop/Personal_Ml/airflow_poc/airflow_env/lib/python3.8/site-packages/airflow/example_dags/example_sensors.py
[2024-11-19T13:46:32.331+0530] {processor.py:830} INFO - Processing file /home/sigmoid/Desktop/Personal_Ml/airflow_poc/airflow_env/lib/python3.8/site-packages/airflow/example_dags/example_sensors.py for tasks to queue
[2024-11-19T13:46:32.332+0530] {logging_mixin.py:188} INFO - [2024-11-19T13:46:32.332+0530] {dagbag.py:540} INFO - Filling up the DagBag from /home/sigmoid/Desktop/Personal_Ml/airflow_poc/airflow_env/lib/python3.8/site-packages/airflow/example_dags/example_sensors.py
[2024-11-19T13:46:32.342+0530] {processor.py:840} INFO - DAG(s) 'example_sensors' retrieved from /home/sigmoid/Desktop/Personal_Ml/airflow_poc/airflow_env/lib/python3.8/site-packages/airflow/example_dags/example_sensors.py
[2024-11-19T13:46:32.363+0530] {logging_mixin.py:188} INFO - [2024-11-19T13:46:32.363+0530] {dag.py:3047} INFO - Sync 1 DAGs
[2024-11-19T13:46:32.375+0530] {logging_mixin.py:188} INFO - [2024-11-19T13:46:32.375+0530] {dag.py:3834} INFO - Setting next_dagrun for example_sensors to None, run_after=None
[2024-11-19T13:46:32.409+0530] {processor.py:183} INFO - Processing /home/sigmoid/Desktop/Personal_Ml/airflow_poc/airflow_env/lib/python3.8/site-packages/airflow/example_dags/example_sensors.py took 0.083 seconds
[2024-11-19T13:47:35.643+0530] {processor.py:161} INFO - Started process (PID=37948) to work on /home/sigmoid/Desktop/Personal_Ml/airflow_poc/airflow_env/lib/python3.8/site-packages/airflow/example_dags/example_sensors.py
[2024-11-19T13:47:35.644+0530] {processor.py:830} INFO - Processing file /home/sigmoid/Desktop/Personal_Ml/airflow_poc/airflow_env/lib/python3.8/site-packages/airflow/example_dags/example_sensors.py for tasks to queue
[2024-11-19T13:47:35.645+0530] {logging_mixin.py:188} INFO - [2024-11-19T13:47:35.645+0530] {dagbag.py:540} INFO - Filling up the DagBag from /home/sigmoid/Desktop/Personal_Ml/airflow_poc/airflow_env/lib/python3.8/site-packages/airflow/example_dags/example_sensors.py
[2024-11-19T13:47:35.656+0530] {processor.py:840} INFO - DAG(s) 'example_sensors' retrieved from /home/sigmoid/Desktop/Personal_Ml/airflow_poc/airflow_env/lib/python3.8/site-packages/airflow/example_dags/example_sensors.py
[2024-11-19T13:47:35.676+0530] {logging_mixin.py:188} INFO - [2024-11-19T13:47:35.675+0530] {dag.py:3047} INFO - Sync 1 DAGs
[2024-11-19T13:47:35.687+0530] {logging_mixin.py:188} INFO - [2024-11-19T13:47:35.687+0530] {dag.py:3834} INFO - Setting next_dagrun for example_sensors to None, run_after=None
[2024-11-19T13:47:35.708+0530] {processor.py:183} INFO - Processing /home/sigmoid/Desktop/Personal_Ml/airflow_poc/airflow_env/lib/python3.8/site-packages/airflow/example_dags/example_sensors.py took 0.068 seconds
[2024-11-19T13:48:35.111+0530] {processor.py:161} INFO - Started process (PID=38020) to work on /home/sigmoid/Desktop/Personal_Ml/airflow_poc/airflow_env/lib/python3.8/site-packages/airflow/example_dags/example_sensors.py
[2024-11-19T13:48:35.112+0530] {processor.py:830} INFO - Processing file /home/sigmoid/Desktop/Personal_Ml/airflow_poc/airflow_env/lib/python3.8/site-packages/airflow/example_dags/example_sensors.py for tasks to queue
[2024-11-19T13:48:35.113+0530] {logging_mixin.py:188} INFO - [2024-11-19T13:48:35.112+0530] {dagbag.py:540} INFO - Filling up the DagBag from /home/sigmoid/Desktop/Personal_Ml/airflow_poc/airflow_env/lib/python3.8/site-packages/airflow/example_dags/example_sensors.py
[2024-11-19T13:48:35.122+0530] {processor.py:840} INFO - DAG(s) 'example_sensors' retrieved from /home/sigmoid/Desktop/Personal_Ml/airflow_poc/airflow_env/lib/python3.8/site-packages/airflow/example_dags/example_sensors.py
[2024-11-19T13:48:35.142+0530] {logging_mixin.py:188} INFO - [2024-11-19T13:48:35.142+0530] {dag.py:3047} INFO - Sync 1 DAGs
[2024-11-19T13:48:35.155+0530] {logging_mixin.py:188} INFO - [2024-11-19T13:48:35.155+0530] {dag.py:3834} INFO - Setting next_dagrun for example_sensors to None, run_after=None
[2024-11-19T13:48:35.184+0530] {processor.py:183} INFO - Processing /home/sigmoid/Desktop/Personal_Ml/airflow_poc/airflow_env/lib/python3.8/site-packages/airflow/example_dags/example_sensors.py took 0.076 seconds
[2024-11-19T13:49:32.187+0530] {processor.py:161} INFO - Started process (PID=38089) to work on /home/sigmoid/Desktop/Personal_Ml/airflow_poc/airflow_env/lib/python3.8/site-packages/airflow/example_dags/example_sensors.py
[2024-11-19T13:49:32.189+0530] {processor.py:830} INFO - Processing file /home/sigmoid/Desktop/Personal_Ml/airflow_poc/airflow_env/lib/python3.8/site-packages/airflow/example_dags/example_sensors.py for tasks to queue
[2024-11-19T13:49:32.190+0530] {logging_mixin.py:188} INFO - [2024-11-19T13:49:32.189+0530] {dagbag.py:540} INFO - Filling up the DagBag from /home/sigmoid/Desktop/Personal_Ml/airflow_poc/airflow_env/lib/python3.8/site-packages/airflow/example_dags/example_sensors.py
[2024-11-19T13:49:32.200+0530] {processor.py:840} INFO - DAG(s) 'example_sensors' retrieved from /home/sigmoid/Desktop/Personal_Ml/airflow_poc/airflow_env/lib/python3.8/site-packages/airflow/example_dags/example_sensors.py
[2024-11-19T13:49:32.221+0530] {logging_mixin.py:188} INFO - [2024-11-19T13:49:32.221+0530] {dag.py:3047} INFO - Sync 1 DAGs
[2024-11-19T13:49:32.233+0530] {logging_mixin.py:188} INFO - [2024-11-19T13:49:32.233+0530] {dag.py:3834} INFO - Setting next_dagrun for example_sensors to None, run_after=None
[2024-11-19T13:49:32.254+0530] {processor.py:183} INFO - Processing /home/sigmoid/Desktop/Personal_Ml/airflow_poc/airflow_env/lib/python3.8/site-packages/airflow/example_dags/example_sensors.py took 0.070 seconds
[2024-11-19T13:50:30.399+0530] {processor.py:161} INFO - Started process (PID=38163) to work on /home/sigmoid/Desktop/Personal_Ml/airflow_poc/airflow_env/lib/python3.8/site-packages/airflow/example_dags/example_sensors.py
[2024-11-19T13:50:30.400+0530] {processor.py:830} INFO - Processing file /home/sigmoid/Desktop/Personal_Ml/airflow_poc/airflow_env/lib/python3.8/site-packages/airflow/example_dags/example_sensors.py for tasks to queue
[2024-11-19T13:50:30.401+0530] {logging_mixin.py:188} INFO - [2024-11-19T13:50:30.401+0530] {dagbag.py:540} INFO - Filling up the DagBag from /home/sigmoid/Desktop/Personal_Ml/airflow_poc/airflow_env/lib/python3.8/site-packages/airflow/example_dags/example_sensors.py
[2024-11-19T13:50:30.412+0530] {processor.py:840} INFO - DAG(s) 'example_sensors' retrieved from /home/sigmoid/Desktop/Personal_Ml/airflow_poc/airflow_env/lib/python3.8/site-packages/airflow/example_dags/example_sensors.py
[2024-11-19T13:50:30.434+0530] {logging_mixin.py:188} INFO - [2024-11-19T13:50:30.433+0530] {dag.py:3047} INFO - Sync 1 DAGs
[2024-11-19T13:50:30.445+0530] {logging_mixin.py:188} INFO - [2024-11-19T13:50:30.445+0530] {dag.py:3834} INFO - Setting next_dagrun for example_sensors to None, run_after=None
[2024-11-19T13:50:30.465+0530] {processor.py:183} INFO - Processing /home/sigmoid/Desktop/Personal_Ml/airflow_poc/airflow_env/lib/python3.8/site-packages/airflow/example_dags/example_sensors.py took 0.070 seconds
[2024-11-19T13:51:33.356+0530] {processor.py:161} INFO - Started process (PID=38237) to work on /home/sigmoid/Desktop/Personal_Ml/airflow_poc/airflow_env/lib/python3.8/site-packages/airflow/example_dags/example_sensors.py
[2024-11-19T13:51:33.358+0530] {processor.py:830} INFO - Processing file /home/sigmoid/Desktop/Personal_Ml/airflow_poc/airflow_env/lib/python3.8/site-packages/airflow/example_dags/example_sensors.py for tasks to queue
[2024-11-19T13:51:33.359+0530] {logging_mixin.py:188} INFO - [2024-11-19T13:51:33.358+0530] {dagbag.py:540} INFO - Filling up the DagBag from /home/sigmoid/Desktop/Personal_Ml/airflow_poc/airflow_env/lib/python3.8/site-packages/airflow/example_dags/example_sensors.py
[2024-11-19T13:51:33.368+0530] {processor.py:840} INFO - DAG(s) 'example_sensors' retrieved from /home/sigmoid/Desktop/Personal_Ml/airflow_poc/airflow_env/lib/python3.8/site-packages/airflow/example_dags/example_sensors.py
[2024-11-19T13:51:33.389+0530] {logging_mixin.py:188} INFO - [2024-11-19T13:51:33.388+0530] {dag.py:3047} INFO - Sync 1 DAGs
[2024-11-19T13:51:33.403+0530] {logging_mixin.py:188} INFO - [2024-11-19T13:51:33.403+0530] {dag.py:3834} INFO - Setting next_dagrun for example_sensors to None, run_after=None
[2024-11-19T13:51:33.426+0530] {processor.py:183} INFO - Processing /home/sigmoid/Desktop/Personal_Ml/airflow_poc/airflow_env/lib/python3.8/site-packages/airflow/example_dags/example_sensors.py took 0.073 seconds
[2024-11-19T13:52:34.429+0530] {processor.py:161} INFO - Started process (PID=38316) to work on /home/sigmoid/Desktop/Personal_Ml/airflow_poc/airflow_env/lib/python3.8/site-packages/airflow/example_dags/example_sensors.py
[2024-11-19T13:52:34.430+0530] {processor.py:830} INFO - Processing file /home/sigmoid/Desktop/Personal_Ml/airflow_poc/airflow_env/lib/python3.8/site-packages/airflow/example_dags/example_sensors.py for tasks to queue
[2024-11-19T13:52:34.431+0530] {logging_mixin.py:188} INFO - [2024-11-19T13:52:34.430+0530] {dagbag.py:540} INFO - Filling up the DagBag from /home/sigmoid/Desktop/Personal_Ml/airflow_poc/airflow_env/lib/python3.8/site-packages/airflow/example_dags/example_sensors.py
[2024-11-19T13:52:34.440+0530] {processor.py:840} INFO - DAG(s) 'example_sensors' retrieved from /home/sigmoid/Desktop/Personal_Ml/airflow_poc/airflow_env/lib/python3.8/site-packages/airflow/example_dags/example_sensors.py
[2024-11-19T13:52:34.461+0530] {logging_mixin.py:188} INFO - [2024-11-19T13:52:34.461+0530] {dag.py:3047} INFO - Sync 1 DAGs
[2024-11-19T13:52:34.472+0530] {logging_mixin.py:188} INFO - [2024-11-19T13:52:34.472+0530] {dag.py:3834} INFO - Setting next_dagrun for example_sensors to None, run_after=None
[2024-11-19T13:52:34.493+0530] {processor.py:183} INFO - Processing /home/sigmoid/Desktop/Personal_Ml/airflow_poc/airflow_env/lib/python3.8/site-packages/airflow/example_dags/example_sensors.py took 0.067 seconds
[2024-11-19T13:53:35.425+0530] {processor.py:161} INFO - Started process (PID=38411) to work on /home/sigmoid/Desktop/Personal_Ml/airflow_poc/airflow_env/lib/python3.8/site-packages/airflow/example_dags/example_sensors.py
[2024-11-19T13:53:35.428+0530] {processor.py:830} INFO - Processing file /home/sigmoid/Desktop/Personal_Ml/airflow_poc/airflow_env/lib/python3.8/site-packages/airflow/example_dags/example_sensors.py for tasks to queue
[2024-11-19T13:53:35.429+0530] {logging_mixin.py:188} INFO - [2024-11-19T13:53:35.429+0530] {dagbag.py:540} INFO - Filling up the DagBag from /home/sigmoid/Desktop/Personal_Ml/airflow_poc/airflow_env/lib/python3.8/site-packages/airflow/example_dags/example_sensors.py
[2024-11-19T13:53:35.441+0530] {processor.py:840} INFO - DAG(s) 'example_sensors' retrieved from /home/sigmoid/Desktop/Personal_Ml/airflow_poc/airflow_env/lib/python3.8/site-packages/airflow/example_dags/example_sensors.py
[2024-11-19T13:53:35.469+0530] {logging_mixin.py:188} INFO - [2024-11-19T13:53:35.469+0530] {dag.py:3047} INFO - Sync 1 DAGs
[2024-11-19T13:53:35.485+0530] {logging_mixin.py:188} INFO - [2024-11-19T13:53:35.485+0530] {dag.py:3834} INFO - Setting next_dagrun for example_sensors to None, run_after=None
[2024-11-19T13:53:35.514+0530] {processor.py:183} INFO - Processing /home/sigmoid/Desktop/Personal_Ml/airflow_poc/airflow_env/lib/python3.8/site-packages/airflow/example_dags/example_sensors.py took 0.093 seconds
[2024-11-19T14:30:45.188+0530] {processor.py:161} INFO - Started process (PID=54651) to work on /home/sigmoid/Desktop/Personal_Ml/airflow_poc/airflow_env/lib/python3.8/site-packages/airflow/example_dags/example_sensors.py
[2024-11-19T14:30:45.190+0530] {processor.py:830} INFO - Processing file /home/sigmoid/Desktop/Personal_Ml/airflow_poc/airflow_env/lib/python3.8/site-packages/airflow/example_dags/example_sensors.py for tasks to queue
[2024-11-19T14:30:45.192+0530] {logging_mixin.py:188} INFO - [2024-11-19T14:30:45.191+0530] {dagbag.py:540} INFO - Filling up the DagBag from /home/sigmoid/Desktop/Personal_Ml/airflow_poc/airflow_env/lib/python3.8/site-packages/airflow/example_dags/example_sensors.py
[2024-11-19T14:30:45.204+0530] {processor.py:840} INFO - DAG(s) 'example_sensors' retrieved from /home/sigmoid/Desktop/Personal_Ml/airflow_poc/airflow_env/lib/python3.8/site-packages/airflow/example_dags/example_sensors.py
[2024-11-19T14:30:45.232+0530] {logging_mixin.py:188} INFO - [2024-11-19T14:30:45.232+0530] {dag.py:3047} INFO - Sync 1 DAGs
[2024-11-19T14:30:45.250+0530] {logging_mixin.py:188} INFO - [2024-11-19T14:30:45.250+0530] {dag.py:3834} INFO - Setting next_dagrun for example_sensors to None, run_after=None
[2024-11-19T14:30:45.278+0530] {processor.py:183} INFO - Processing /home/sigmoid/Desktop/Personal_Ml/airflow_poc/airflow_env/lib/python3.8/site-packages/airflow/example_dags/example_sensors.py took 0.096 seconds
[2024-11-19T14:31:38.421+0530] {processor.py:161} INFO - Started process (PID=55006) to work on /home/sigmoid/Desktop/Personal_Ml/airflow_poc/airflow_env/lib/python3.8/site-packages/airflow/example_dags/example_sensors.py
[2024-11-19T14:31:38.422+0530] {processor.py:830} INFO - Processing file /home/sigmoid/Desktop/Personal_Ml/airflow_poc/airflow_env/lib/python3.8/site-packages/airflow/example_dags/example_sensors.py for tasks to queue
[2024-11-19T14:31:38.424+0530] {logging_mixin.py:188} INFO - [2024-11-19T14:31:38.423+0530] {dagbag.py:540} INFO - Filling up the DagBag from /home/sigmoid/Desktop/Personal_Ml/airflow_poc/airflow_env/lib/python3.8/site-packages/airflow/example_dags/example_sensors.py
[2024-11-19T14:31:38.446+0530] {processor.py:840} INFO - DAG(s) 'example_sensors' retrieved from /home/sigmoid/Desktop/Personal_Ml/airflow_poc/airflow_env/lib/python3.8/site-packages/airflow/example_dags/example_sensors.py
[2024-11-19T14:31:38.479+0530] {logging_mixin.py:188} INFO - [2024-11-19T14:31:38.479+0530] {dag.py:3047} INFO - Sync 1 DAGs
[2024-11-19T14:31:38.498+0530] {logging_mixin.py:188} INFO - [2024-11-19T14:31:38.498+0530] {dag.py:3834} INFO - Setting next_dagrun for example_sensors to None, run_after=None
[2024-11-19T14:31:38.540+0530] {processor.py:183} INFO - Processing /home/sigmoid/Desktop/Personal_Ml/airflow_poc/airflow_env/lib/python3.8/site-packages/airflow/example_dags/example_sensors.py took 0.123 seconds
[2024-11-19T14:32:28.509+0530] {processor.py:161} INFO - Started process (PID=55073) to work on /home/sigmoid/Desktop/Personal_Ml/airflow_poc/airflow_env/lib/python3.8/site-packages/airflow/example_dags/example_sensors.py
[2024-11-19T14:32:28.511+0530] {processor.py:830} INFO - Processing file /home/sigmoid/Desktop/Personal_Ml/airflow_poc/airflow_env/lib/python3.8/site-packages/airflow/example_dags/example_sensors.py for tasks to queue
[2024-11-19T14:32:28.512+0530] {logging_mixin.py:188} INFO - [2024-11-19T14:32:28.511+0530] {dagbag.py:540} INFO - Filling up the DagBag from /home/sigmoid/Desktop/Personal_Ml/airflow_poc/airflow_env/lib/python3.8/site-packages/airflow/example_dags/example_sensors.py
[2024-11-19T14:32:28.521+0530] {processor.py:840} INFO - DAG(s) 'example_sensors' retrieved from /home/sigmoid/Desktop/Personal_Ml/airflow_poc/airflow_env/lib/python3.8/site-packages/airflow/example_dags/example_sensors.py
[2024-11-19T14:32:28.544+0530] {logging_mixin.py:188} INFO - [2024-11-19T14:32:28.544+0530] {dag.py:3047} INFO - Sync 1 DAGs
[2024-11-19T14:32:28.557+0530] {logging_mixin.py:188} INFO - [2024-11-19T14:32:28.557+0530] {dag.py:3834} INFO - Setting next_dagrun for example_sensors to None, run_after=None
[2024-11-19T14:32:28.579+0530] {processor.py:183} INFO - Processing /home/sigmoid/Desktop/Personal_Ml/airflow_poc/airflow_env/lib/python3.8/site-packages/airflow/example_dags/example_sensors.py took 0.072 seconds
[2024-11-19T14:33:30.987+0530] {processor.py:161} INFO - Started process (PID=55154) to work on /home/sigmoid/Desktop/Personal_Ml/airflow_poc/airflow_env/lib/python3.8/site-packages/airflow/example_dags/example_sensors.py
[2024-11-19T14:33:30.988+0530] {processor.py:830} INFO - Processing file /home/sigmoid/Desktop/Personal_Ml/airflow_poc/airflow_env/lib/python3.8/site-packages/airflow/example_dags/example_sensors.py for tasks to queue
[2024-11-19T14:33:30.990+0530] {logging_mixin.py:188} INFO - [2024-11-19T14:33:30.989+0530] {dagbag.py:540} INFO - Filling up the DagBag from /home/sigmoid/Desktop/Personal_Ml/airflow_poc/airflow_env/lib/python3.8/site-packages/airflow/example_dags/example_sensors.py
[2024-11-19T14:33:31.000+0530] {processor.py:840} INFO - DAG(s) 'example_sensors' retrieved from /home/sigmoid/Desktop/Personal_Ml/airflow_poc/airflow_env/lib/python3.8/site-packages/airflow/example_dags/example_sensors.py
[2024-11-19T14:33:31.026+0530] {logging_mixin.py:188} INFO - [2024-11-19T14:33:31.025+0530] {dag.py:3047} INFO - Sync 1 DAGs
[2024-11-19T14:33:31.042+0530] {logging_mixin.py:188} INFO - [2024-11-19T14:33:31.042+0530] {dag.py:3834} INFO - Setting next_dagrun for example_sensors to None, run_after=None
[2024-11-19T14:33:31.064+0530] {processor.py:183} INFO - Processing /home/sigmoid/Desktop/Personal_Ml/airflow_poc/airflow_env/lib/python3.8/site-packages/airflow/example_dags/example_sensors.py took 0.080 seconds
[2024-11-19T14:34:37.085+0530] {processor.py:161} INFO - Started process (PID=55236) to work on /home/sigmoid/Desktop/Personal_Ml/airflow_poc/airflow_env/lib/python3.8/site-packages/airflow/example_dags/example_sensors.py
[2024-11-19T14:34:37.086+0530] {processor.py:830} INFO - Processing file /home/sigmoid/Desktop/Personal_Ml/airflow_poc/airflow_env/lib/python3.8/site-packages/airflow/example_dags/example_sensors.py for tasks to queue
[2024-11-19T14:34:37.087+0530] {logging_mixin.py:188} INFO - [2024-11-19T14:34:37.087+0530] {dagbag.py:540} INFO - Filling up the DagBag from /home/sigmoid/Desktop/Personal_Ml/airflow_poc/airflow_env/lib/python3.8/site-packages/airflow/example_dags/example_sensors.py
[2024-11-19T14:34:37.097+0530] {processor.py:840} INFO - DAG(s) 'example_sensors' retrieved from /home/sigmoid/Desktop/Personal_Ml/airflow_poc/airflow_env/lib/python3.8/site-packages/airflow/example_dags/example_sensors.py
[2024-11-19T14:34:37.117+0530] {logging_mixin.py:188} INFO - [2024-11-19T14:34:37.117+0530] {dag.py:3047} INFO - Sync 1 DAGs
[2024-11-19T14:34:37.129+0530] {logging_mixin.py:188} INFO - [2024-11-19T14:34:37.129+0530] {dag.py:3834} INFO - Setting next_dagrun for example_sensors to None, run_after=None
[2024-11-19T14:34:37.149+0530] {processor.py:183} INFO - Processing /home/sigmoid/Desktop/Personal_Ml/airflow_poc/airflow_env/lib/python3.8/site-packages/airflow/example_dags/example_sensors.py took 0.067 seconds
[2024-11-19T14:35:44.039+0530] {processor.py:161} INFO - Started process (PID=55361) to work on /home/sigmoid/Desktop/Personal_Ml/airflow_poc/airflow_env/lib/python3.8/site-packages/airflow/example_dags/example_sensors.py
[2024-11-19T14:35:44.040+0530] {processor.py:830} INFO - Processing file /home/sigmoid/Desktop/Personal_Ml/airflow_poc/airflow_env/lib/python3.8/site-packages/airflow/example_dags/example_sensors.py for tasks to queue
[2024-11-19T14:35:44.041+0530] {logging_mixin.py:188} INFO - [2024-11-19T14:35:44.041+0530] {dagbag.py:540} INFO - Filling up the DagBag from /home/sigmoid/Desktop/Personal_Ml/airflow_poc/airflow_env/lib/python3.8/site-packages/airflow/example_dags/example_sensors.py
[2024-11-19T14:35:44.051+0530] {processor.py:840} INFO - DAG(s) 'example_sensors' retrieved from /home/sigmoid/Desktop/Personal_Ml/airflow_poc/airflow_env/lib/python3.8/site-packages/airflow/example_dags/example_sensors.py
[2024-11-19T14:35:44.071+0530] {logging_mixin.py:188} INFO - [2024-11-19T14:35:44.070+0530] {dag.py:3047} INFO - Sync 1 DAGs
[2024-11-19T14:35:44.082+0530] {logging_mixin.py:188} INFO - [2024-11-19T14:35:44.082+0530] {dag.py:3834} INFO - Setting next_dagrun for example_sensors to None, run_after=None
[2024-11-19T14:35:44.102+0530] {processor.py:183} INFO - Processing /home/sigmoid/Desktop/Personal_Ml/airflow_poc/airflow_env/lib/python3.8/site-packages/airflow/example_dags/example_sensors.py took 0.066 seconds
[2024-11-19T14:36:46.837+0530] {processor.py:161} INFO - Started process (PID=55468) to work on /home/sigmoid/Desktop/Personal_Ml/airflow_poc/airflow_env/lib/python3.8/site-packages/airflow/example_dags/example_sensors.py
[2024-11-19T14:36:46.838+0530] {processor.py:830} INFO - Processing file /home/sigmoid/Desktop/Personal_Ml/airflow_poc/airflow_env/lib/python3.8/site-packages/airflow/example_dags/example_sensors.py for tasks to queue
[2024-11-19T14:36:46.839+0530] {logging_mixin.py:188} INFO - [2024-11-19T14:36:46.838+0530] {dagbag.py:540} INFO - Filling up the DagBag from /home/sigmoid/Desktop/Personal_Ml/airflow_poc/airflow_env/lib/python3.8/site-packages/airflow/example_dags/example_sensors.py
[2024-11-19T14:36:46.848+0530] {processor.py:840} INFO - DAG(s) 'example_sensors' retrieved from /home/sigmoid/Desktop/Personal_Ml/airflow_poc/airflow_env/lib/python3.8/site-packages/airflow/example_dags/example_sensors.py
[2024-11-19T14:36:46.869+0530] {logging_mixin.py:188} INFO - [2024-11-19T14:36:46.869+0530] {dag.py:3047} INFO - Sync 1 DAGs
[2024-11-19T14:36:46.880+0530] {logging_mixin.py:188} INFO - [2024-11-19T14:36:46.880+0530] {dag.py:3834} INFO - Setting next_dagrun for example_sensors to None, run_after=None
[2024-11-19T14:36:46.901+0530] {processor.py:183} INFO - Processing /home/sigmoid/Desktop/Personal_Ml/airflow_poc/airflow_env/lib/python3.8/site-packages/airflow/example_dags/example_sensors.py took 0.068 seconds
[2024-11-19T14:37:57.500+0530] {processor.py:161} INFO - Started process (PID=55664) to work on /home/sigmoid/Desktop/Personal_Ml/airflow_poc/airflow_env/lib/python3.8/site-packages/airflow/example_dags/example_sensors.py
[2024-11-19T14:37:57.502+0530] {processor.py:830} INFO - Processing file /home/sigmoid/Desktop/Personal_Ml/airflow_poc/airflow_env/lib/python3.8/site-packages/airflow/example_dags/example_sensors.py for tasks to queue
[2024-11-19T14:37:57.503+0530] {logging_mixin.py:188} INFO - [2024-11-19T14:37:57.503+0530] {dagbag.py:540} INFO - Filling up the DagBag from /home/sigmoid/Desktop/Personal_Ml/airflow_poc/airflow_env/lib/python3.8/site-packages/airflow/example_dags/example_sensors.py
[2024-11-19T14:37:57.517+0530] {processor.py:840} INFO - DAG(s) 'example_sensors' retrieved from /home/sigmoid/Desktop/Personal_Ml/airflow_poc/airflow_env/lib/python3.8/site-packages/airflow/example_dags/example_sensors.py
[2024-11-19T14:37:57.537+0530] {logging_mixin.py:188} INFO - [2024-11-19T14:37:57.537+0530] {dag.py:3047} INFO - Sync 1 DAGs
[2024-11-19T14:37:57.549+0530] {logging_mixin.py:188} INFO - [2024-11-19T14:37:57.548+0530] {dag.py:3834} INFO - Setting next_dagrun for example_sensors to None, run_after=None
[2024-11-19T14:37:57.569+0530] {processor.py:183} INFO - Processing /home/sigmoid/Desktop/Personal_Ml/airflow_poc/airflow_env/lib/python3.8/site-packages/airflow/example_dags/example_sensors.py took 0.074 seconds
