[2024-11-19T12:44:11.271+0530] {processor.py:161} INFO - Started process (PID=29779) to work on /home/sigmoid/Desktop/Personal_Ml/airflow_poc/airflow_env/lib/python3.8/site-packages/airflow/example_dags/example_python_decorator.py
[2024-11-19T12:44:11.272+0530] {processor.py:830} INFO - Processing file /home/sigmoid/Desktop/Personal_Ml/airflow_poc/airflow_env/lib/python3.8/site-packages/airflow/example_dags/example_python_decorator.py for tasks to queue
[2024-11-19T12:44:11.273+0530] {logging_mixin.py:188} INFO - [2024-11-19T12:44:11.273+0530] {dagbag.py:540} INFO - Filling up the DagBag from /home/sigmoid/Desktop/Personal_Ml/airflow_poc/airflow_env/lib/python3.8/site-packages/airflow/example_dags/example_python_decorator.py
[2024-11-19T12:44:11.291+0530] {processor.py:840} INFO - DAG(s) 'example_python_decorator' retrieved from /home/sigmoid/Desktop/Personal_Ml/airflow_poc/airflow_env/lib/python3.8/site-packages/airflow/example_dags/example_python_decorator.py
[2024-11-19T12:44:11.449+0530] {logging_mixin.py:188} INFO - [2024-11-19T12:44:11.448+0530] {dag.py:3047} INFO - Sync 1 DAGs
[2024-11-19T12:44:11.462+0530] {logging_mixin.py:188} INFO - [2024-11-19T12:44:11.461+0530] {dag.py:3834} INFO - Setting next_dagrun for example_python_decorator to None, run_after=None
[2024-11-19T12:44:11.498+0530] {processor.py:183} INFO - Processing /home/sigmoid/Desktop/Personal_Ml/airflow_poc/airflow_env/lib/python3.8/site-packages/airflow/example_dags/example_python_decorator.py took 0.231 seconds
[2024-11-19T12:45:32.693+0530] {processor.py:161} INFO - Started process (PID=29936) to work on /home/sigmoid/Desktop/Personal_Ml/airflow_poc/airflow_env/lib/python3.8/site-packages/airflow/example_dags/example_python_decorator.py
[2024-11-19T12:45:32.695+0530] {processor.py:830} INFO - Processing file /home/sigmoid/Desktop/Personal_Ml/airflow_poc/airflow_env/lib/python3.8/site-packages/airflow/example_dags/example_python_decorator.py for tasks to queue
[2024-11-19T12:45:32.696+0530] {logging_mixin.py:188} INFO - [2024-11-19T12:45:32.695+0530] {dagbag.py:540} INFO - Filling up the DagBag from /home/sigmoid/Desktop/Personal_Ml/airflow_poc/airflow_env/lib/python3.8/site-packages/airflow/example_dags/example_python_decorator.py
[2024-11-19T12:45:32.713+0530] {processor.py:840} INFO - DAG(s) 'example_python_decorator' retrieved from /home/sigmoid/Desktop/Personal_Ml/airflow_poc/airflow_env/lib/python3.8/site-packages/airflow/example_dags/example_python_decorator.py
[2024-11-19T12:45:32.738+0530] {logging_mixin.py:188} INFO - [2024-11-19T12:45:32.737+0530] {dag.py:3047} INFO - Sync 1 DAGs
[2024-11-19T12:45:32.753+0530] {logging_mixin.py:188} INFO - [2024-11-19T12:45:32.753+0530] {dag.py:3834} INFO - Setting next_dagrun for example_python_decorator to None, run_after=None
[2024-11-19T12:45:32.780+0530] {processor.py:183} INFO - Processing /home/sigmoid/Desktop/Personal_Ml/airflow_poc/airflow_env/lib/python3.8/site-packages/airflow/example_dags/example_python_decorator.py took 0.090 seconds
[2024-11-19T12:46:46.928+0530] {processor.py:161} INFO - Started process (PID=30649) to work on /home/sigmoid/Desktop/Personal_Ml/airflow_poc/airflow_env/lib/python3.8/site-packages/airflow/example_dags/example_python_decorator.py
[2024-11-19T12:46:46.930+0530] {processor.py:830} INFO - Processing file /home/sigmoid/Desktop/Personal_Ml/airflow_poc/airflow_env/lib/python3.8/site-packages/airflow/example_dags/example_python_decorator.py for tasks to queue
[2024-11-19T12:46:46.931+0530] {logging_mixin.py:188} INFO - [2024-11-19T12:46:46.931+0530] {dagbag.py:540} INFO - Filling up the DagBag from /home/sigmoid/Desktop/Personal_Ml/airflow_poc/airflow_env/lib/python3.8/site-packages/airflow/example_dags/example_python_decorator.py
[2024-11-19T12:46:46.960+0530] {processor.py:840} INFO - DAG(s) 'example_python_decorator' retrieved from /home/sigmoid/Desktop/Personal_Ml/airflow_poc/airflow_env/lib/python3.8/site-packages/airflow/example_dags/example_python_decorator.py
[2024-11-19T12:46:46.999+0530] {logging_mixin.py:188} INFO - [2024-11-19T12:46:46.999+0530] {dag.py:3047} INFO - Sync 1 DAGs
[2024-11-19T12:46:47.023+0530] {logging_mixin.py:188} INFO - [2024-11-19T12:46:47.023+0530] {dag.py:3834} INFO - Setting next_dagrun for example_python_decorator to None, run_after=None
[2024-11-19T12:46:47.054+0530] {processor.py:183} INFO - Processing /home/sigmoid/Desktop/Personal_Ml/airflow_poc/airflow_env/lib/python3.8/site-packages/airflow/example_dags/example_python_decorator.py took 0.132 seconds
[2024-11-19T12:47:39.156+0530] {processor.py:161} INFO - Started process (PID=30813) to work on /home/sigmoid/Desktop/Personal_Ml/airflow_poc/airflow_env/lib/python3.8/site-packages/airflow/example_dags/example_python_decorator.py
[2024-11-19T12:47:39.158+0530] {processor.py:830} INFO - Processing file /home/sigmoid/Desktop/Personal_Ml/airflow_poc/airflow_env/lib/python3.8/site-packages/airflow/example_dags/example_python_decorator.py for tasks to queue
[2024-11-19T12:47:39.160+0530] {logging_mixin.py:188} INFO - [2024-11-19T12:47:39.159+0530] {dagbag.py:540} INFO - Filling up the DagBag from /home/sigmoid/Desktop/Personal_Ml/airflow_poc/airflow_env/lib/python3.8/site-packages/airflow/example_dags/example_python_decorator.py
[2024-11-19T12:47:39.188+0530] {processor.py:840} INFO - DAG(s) 'example_python_decorator' retrieved from /home/sigmoid/Desktop/Personal_Ml/airflow_poc/airflow_env/lib/python3.8/site-packages/airflow/example_dags/example_python_decorator.py
[2024-11-19T12:47:39.226+0530] {logging_mixin.py:188} INFO - [2024-11-19T12:47:39.225+0530] {dag.py:3047} INFO - Sync 1 DAGs
[2024-11-19T12:47:39.250+0530] {logging_mixin.py:188} INFO - [2024-11-19T12:47:39.249+0530] {dag.py:3834} INFO - Setting next_dagrun for example_python_decorator to None, run_after=None
[2024-11-19T12:47:39.289+0530] {processor.py:183} INFO - Processing /home/sigmoid/Desktop/Personal_Ml/airflow_poc/airflow_env/lib/python3.8/site-packages/airflow/example_dags/example_python_decorator.py took 0.139 seconds
[2024-11-19T12:49:23.553+0530] {processor.py:161} INFO - Started process (PID=31069) to work on /home/sigmoid/Desktop/Personal_Ml/airflow_poc/airflow_env/lib/python3.8/site-packages/airflow/example_dags/example_python_decorator.py
[2024-11-19T12:49:23.554+0530] {processor.py:830} INFO - Processing file /home/sigmoid/Desktop/Personal_Ml/airflow_poc/airflow_env/lib/python3.8/site-packages/airflow/example_dags/example_python_decorator.py for tasks to queue
[2024-11-19T12:49:23.556+0530] {logging_mixin.py:188} INFO - [2024-11-19T12:49:23.555+0530] {dagbag.py:540} INFO - Filling up the DagBag from /home/sigmoid/Desktop/Personal_Ml/airflow_poc/airflow_env/lib/python3.8/site-packages/airflow/example_dags/example_python_decorator.py
[2024-11-19T12:49:23.571+0530] {processor.py:840} INFO - DAG(s) 'example_python_decorator' retrieved from /home/sigmoid/Desktop/Personal_Ml/airflow_poc/airflow_env/lib/python3.8/site-packages/airflow/example_dags/example_python_decorator.py
[2024-11-19T12:49:23.688+0530] {logging_mixin.py:188} INFO - [2024-11-19T12:49:23.687+0530] {dag.py:3047} INFO - Sync 1 DAGs
[2024-11-19T12:49:23.699+0530] {logging_mixin.py:188} INFO - [2024-11-19T12:49:23.698+0530] {dag.py:3834} INFO - Setting next_dagrun for example_python_decorator to None, run_after=None
[2024-11-19T12:49:23.721+0530] {processor.py:183} INFO - Processing /home/sigmoid/Desktop/Personal_Ml/airflow_poc/airflow_env/lib/python3.8/site-packages/airflow/example_dags/example_python_decorator.py took 0.171 seconds
[2024-11-19T12:50:15.124+0530] {processor.py:161} INFO - Started process (PID=31198) to work on /home/sigmoid/Desktop/Personal_Ml/airflow_poc/airflow_env/lib/python3.8/site-packages/airflow/example_dags/example_python_decorator.py
[2024-11-19T12:50:15.125+0530] {processor.py:830} INFO - Processing file /home/sigmoid/Desktop/Personal_Ml/airflow_poc/airflow_env/lib/python3.8/site-packages/airflow/example_dags/example_python_decorator.py for tasks to queue
[2024-11-19T12:50:15.126+0530] {logging_mixin.py:188} INFO - [2024-11-19T12:50:15.125+0530] {dagbag.py:540} INFO - Filling up the DagBag from /home/sigmoid/Desktop/Personal_Ml/airflow_poc/airflow_env/lib/python3.8/site-packages/airflow/example_dags/example_python_decorator.py
[2024-11-19T12:50:15.141+0530] {processor.py:840} INFO - DAG(s) 'example_python_decorator' retrieved from /home/sigmoid/Desktop/Personal_Ml/airflow_poc/airflow_env/lib/python3.8/site-packages/airflow/example_dags/example_python_decorator.py
[2024-11-19T12:50:15.163+0530] {logging_mixin.py:188} INFO - [2024-11-19T12:50:15.163+0530] {dag.py:3047} INFO - Sync 1 DAGs
[2024-11-19T12:50:15.176+0530] {logging_mixin.py:188} INFO - [2024-11-19T12:50:15.175+0530] {dag.py:3834} INFO - Setting next_dagrun for example_python_decorator to None, run_after=None
[2024-11-19T12:50:15.197+0530] {processor.py:183} INFO - Processing /home/sigmoid/Desktop/Personal_Ml/airflow_poc/airflow_env/lib/python3.8/site-packages/airflow/example_dags/example_python_decorator.py took 0.078 seconds
[2024-11-19T12:51:19.238+0530] {processor.py:161} INFO - Started process (PID=31337) to work on /home/sigmoid/Desktop/Personal_Ml/airflow_poc/airflow_env/lib/python3.8/site-packages/airflow/example_dags/example_python_decorator.py
[2024-11-19T12:51:19.240+0530] {processor.py:830} INFO - Processing file /home/sigmoid/Desktop/Personal_Ml/airflow_poc/airflow_env/lib/python3.8/site-packages/airflow/example_dags/example_python_decorator.py for tasks to queue
[2024-11-19T12:51:19.241+0530] {logging_mixin.py:188} INFO - [2024-11-19T12:51:19.241+0530] {dagbag.py:540} INFO - Filling up the DagBag from /home/sigmoid/Desktop/Personal_Ml/airflow_poc/airflow_env/lib/python3.8/site-packages/airflow/example_dags/example_python_decorator.py
[2024-11-19T12:51:19.260+0530] {processor.py:840} INFO - DAG(s) 'example_python_decorator' retrieved from /home/sigmoid/Desktop/Personal_Ml/airflow_poc/airflow_env/lib/python3.8/site-packages/airflow/example_dags/example_python_decorator.py
[2024-11-19T12:51:19.285+0530] {logging_mixin.py:188} INFO - [2024-11-19T12:51:19.285+0530] {dag.py:3047} INFO - Sync 1 DAGs
[2024-11-19T12:51:19.299+0530] {logging_mixin.py:188} INFO - [2024-11-19T12:51:19.299+0530] {dag.py:3834} INFO - Setting next_dagrun for example_python_decorator to None, run_after=None
[2024-11-19T12:51:19.327+0530] {processor.py:183} INFO - Processing /home/sigmoid/Desktop/Personal_Ml/airflow_poc/airflow_env/lib/python3.8/site-packages/airflow/example_dags/example_python_decorator.py took 0.093 seconds
[2024-11-19T12:52:20.990+0530] {processor.py:161} INFO - Started process (PID=31485) to work on /home/sigmoid/Desktop/Personal_Ml/airflow_poc/airflow_env/lib/python3.8/site-packages/airflow/example_dags/example_python_decorator.py
[2024-11-19T12:52:20.992+0530] {processor.py:830} INFO - Processing file /home/sigmoid/Desktop/Personal_Ml/airflow_poc/airflow_env/lib/python3.8/site-packages/airflow/example_dags/example_python_decorator.py for tasks to queue
[2024-11-19T12:52:20.994+0530] {logging_mixin.py:188} INFO - [2024-11-19T12:52:20.993+0530] {dagbag.py:540} INFO - Filling up the DagBag from /home/sigmoid/Desktop/Personal_Ml/airflow_poc/airflow_env/lib/python3.8/site-packages/airflow/example_dags/example_python_decorator.py
[2024-11-19T12:52:21.009+0530] {processor.py:840} INFO - DAG(s) 'example_python_decorator' retrieved from /home/sigmoid/Desktop/Personal_Ml/airflow_poc/airflow_env/lib/python3.8/site-packages/airflow/example_dags/example_python_decorator.py
[2024-11-19T12:52:21.033+0530] {logging_mixin.py:188} INFO - [2024-11-19T12:52:21.033+0530] {dag.py:3047} INFO - Sync 1 DAGs
[2024-11-19T12:52:21.045+0530] {logging_mixin.py:188} INFO - [2024-11-19T12:52:21.045+0530] {dag.py:3834} INFO - Setting next_dagrun for example_python_decorator to None, run_after=None
[2024-11-19T12:52:21.071+0530] {processor.py:183} INFO - Processing /home/sigmoid/Desktop/Personal_Ml/airflow_poc/airflow_env/lib/python3.8/site-packages/airflow/example_dags/example_python_decorator.py took 0.085 seconds
[2024-11-19T12:53:24.524+0530] {processor.py:161} INFO - Started process (PID=31609) to work on /home/sigmoid/Desktop/Personal_Ml/airflow_poc/airflow_env/lib/python3.8/site-packages/airflow/example_dags/example_python_decorator.py
[2024-11-19T12:53:24.526+0530] {processor.py:830} INFO - Processing file /home/sigmoid/Desktop/Personal_Ml/airflow_poc/airflow_env/lib/python3.8/site-packages/airflow/example_dags/example_python_decorator.py for tasks to queue
[2024-11-19T12:53:24.528+0530] {logging_mixin.py:188} INFO - [2024-11-19T12:53:24.527+0530] {dagbag.py:540} INFO - Filling up the DagBag from /home/sigmoid/Desktop/Personal_Ml/airflow_poc/airflow_env/lib/python3.8/site-packages/airflow/example_dags/example_python_decorator.py
[2024-11-19T12:53:24.556+0530] {processor.py:840} INFO - DAG(s) 'example_python_decorator' retrieved from /home/sigmoid/Desktop/Personal_Ml/airflow_poc/airflow_env/lib/python3.8/site-packages/airflow/example_dags/example_python_decorator.py
[2024-11-19T12:53:24.595+0530] {logging_mixin.py:188} INFO - [2024-11-19T12:53:24.595+0530] {dag.py:3047} INFO - Sync 1 DAGs
[2024-11-19T12:53:24.619+0530] {logging_mixin.py:188} INFO - [2024-11-19T12:53:24.619+0530] {dag.py:3834} INFO - Setting next_dagrun for example_python_decorator to None, run_after=None
[2024-11-19T12:53:24.660+0530] {processor.py:183} INFO - Processing /home/sigmoid/Desktop/Personal_Ml/airflow_poc/airflow_env/lib/python3.8/site-packages/airflow/example_dags/example_python_decorator.py took 0.141 seconds
[2024-11-19T12:54:29.454+0530] {processor.py:161} INFO - Started process (PID=31736) to work on /home/sigmoid/Desktop/Personal_Ml/airflow_poc/airflow_env/lib/python3.8/site-packages/airflow/example_dags/example_python_decorator.py
[2024-11-19T12:54:29.455+0530] {processor.py:830} INFO - Processing file /home/sigmoid/Desktop/Personal_Ml/airflow_poc/airflow_env/lib/python3.8/site-packages/airflow/example_dags/example_python_decorator.py for tasks to queue
[2024-11-19T12:54:29.457+0530] {logging_mixin.py:188} INFO - [2024-11-19T12:54:29.456+0530] {dagbag.py:540} INFO - Filling up the DagBag from /home/sigmoid/Desktop/Personal_Ml/airflow_poc/airflow_env/lib/python3.8/site-packages/airflow/example_dags/example_python_decorator.py
[2024-11-19T12:54:29.479+0530] {processor.py:840} INFO - DAG(s) 'example_python_decorator' retrieved from /home/sigmoid/Desktop/Personal_Ml/airflow_poc/airflow_env/lib/python3.8/site-packages/airflow/example_dags/example_python_decorator.py
[2024-11-19T12:54:29.512+0530] {logging_mixin.py:188} INFO - [2024-11-19T12:54:29.512+0530] {dag.py:3047} INFO - Sync 1 DAGs
[2024-11-19T12:54:29.530+0530] {logging_mixin.py:188} INFO - [2024-11-19T12:54:29.530+0530] {dag.py:3834} INFO - Setting next_dagrun for example_python_decorator to None, run_after=None
[2024-11-19T12:54:29.565+0530] {processor.py:183} INFO - Processing /home/sigmoid/Desktop/Personal_Ml/airflow_poc/airflow_env/lib/python3.8/site-packages/airflow/example_dags/example_python_decorator.py took 0.116 seconds
[2024-11-19T12:55:34.972+0530] {processor.py:161} INFO - Started process (PID=32011) to work on /home/sigmoid/Desktop/Personal_Ml/airflow_poc/airflow_env/lib/python3.8/site-packages/airflow/example_dags/example_python_decorator.py
[2024-11-19T12:55:34.973+0530] {processor.py:830} INFO - Processing file /home/sigmoid/Desktop/Personal_Ml/airflow_poc/airflow_env/lib/python3.8/site-packages/airflow/example_dags/example_python_decorator.py for tasks to queue
[2024-11-19T12:55:34.974+0530] {logging_mixin.py:188} INFO - [2024-11-19T12:55:34.974+0530] {dagbag.py:540} INFO - Filling up the DagBag from /home/sigmoid/Desktop/Personal_Ml/airflow_poc/airflow_env/lib/python3.8/site-packages/airflow/example_dags/example_python_decorator.py
[2024-11-19T12:55:34.989+0530] {processor.py:840} INFO - DAG(s) 'example_python_decorator' retrieved from /home/sigmoid/Desktop/Personal_Ml/airflow_poc/airflow_env/lib/python3.8/site-packages/airflow/example_dags/example_python_decorator.py
[2024-11-19T12:55:35.007+0530] {logging_mixin.py:188} INFO - [2024-11-19T12:55:35.007+0530] {dag.py:3047} INFO - Sync 1 DAGs
[2024-11-19T12:55:35.019+0530] {logging_mixin.py:188} INFO - [2024-11-19T12:55:35.018+0530] {dag.py:3834} INFO - Setting next_dagrun for example_python_decorator to None, run_after=None
[2024-11-19T12:55:35.044+0530] {processor.py:183} INFO - Processing /home/sigmoid/Desktop/Personal_Ml/airflow_poc/airflow_env/lib/python3.8/site-packages/airflow/example_dags/example_python_decorator.py took 0.076 seconds
[2024-11-19T12:56:32.940+0530] {processor.py:161} INFO - Started process (PID=32099) to work on /home/sigmoid/Desktop/Personal_Ml/airflow_poc/airflow_env/lib/python3.8/site-packages/airflow/example_dags/example_python_decorator.py
[2024-11-19T12:56:32.941+0530] {processor.py:830} INFO - Processing file /home/sigmoid/Desktop/Personal_Ml/airflow_poc/airflow_env/lib/python3.8/site-packages/airflow/example_dags/example_python_decorator.py for tasks to queue
[2024-11-19T12:56:32.942+0530] {logging_mixin.py:188} INFO - [2024-11-19T12:56:32.942+0530] {dagbag.py:540} INFO - Filling up the DagBag from /home/sigmoid/Desktop/Personal_Ml/airflow_poc/airflow_env/lib/python3.8/site-packages/airflow/example_dags/example_python_decorator.py
[2024-11-19T12:56:32.958+0530] {processor.py:840} INFO - DAG(s) 'example_python_decorator' retrieved from /home/sigmoid/Desktop/Personal_Ml/airflow_poc/airflow_env/lib/python3.8/site-packages/airflow/example_dags/example_python_decorator.py
[2024-11-19T12:56:32.978+0530] {logging_mixin.py:188} INFO - [2024-11-19T12:56:32.977+0530] {dag.py:3047} INFO - Sync 1 DAGs
[2024-11-19T12:56:32.989+0530] {logging_mixin.py:188} INFO - [2024-11-19T12:56:32.989+0530] {dag.py:3834} INFO - Setting next_dagrun for example_python_decorator to None, run_after=None
[2024-11-19T12:56:33.010+0530] {processor.py:183} INFO - Processing /home/sigmoid/Desktop/Personal_Ml/airflow_poc/airflow_env/lib/python3.8/site-packages/airflow/example_dags/example_python_decorator.py took 0.073 seconds
[2024-11-19T12:57:27.872+0530] {processor.py:161} INFO - Started process (PID=32164) to work on /home/sigmoid/Desktop/Personal_Ml/airflow_poc/airflow_env/lib/python3.8/site-packages/airflow/example_dags/example_python_decorator.py
[2024-11-19T12:57:27.873+0530] {processor.py:830} INFO - Processing file /home/sigmoid/Desktop/Personal_Ml/airflow_poc/airflow_env/lib/python3.8/site-packages/airflow/example_dags/example_python_decorator.py for tasks to queue
[2024-11-19T12:57:27.874+0530] {logging_mixin.py:188} INFO - [2024-11-19T12:57:27.874+0530] {dagbag.py:540} INFO - Filling up the DagBag from /home/sigmoid/Desktop/Personal_Ml/airflow_poc/airflow_env/lib/python3.8/site-packages/airflow/example_dags/example_python_decorator.py
[2024-11-19T12:57:27.891+0530] {processor.py:840} INFO - DAG(s) 'example_python_decorator' retrieved from /home/sigmoid/Desktop/Personal_Ml/airflow_poc/airflow_env/lib/python3.8/site-packages/airflow/example_dags/example_python_decorator.py
[2024-11-19T12:57:27.919+0530] {logging_mixin.py:188} INFO - [2024-11-19T12:57:27.918+0530] {dag.py:3047} INFO - Sync 1 DAGs
[2024-11-19T12:57:27.931+0530] {logging_mixin.py:188} INFO - [2024-11-19T12:57:27.931+0530] {dag.py:3834} INFO - Setting next_dagrun for example_python_decorator to None, run_after=None
[2024-11-19T12:57:27.952+0530] {processor.py:183} INFO - Processing /home/sigmoid/Desktop/Personal_Ml/airflow_poc/airflow_env/lib/python3.8/site-packages/airflow/example_dags/example_python_decorator.py took 0.084 seconds
[2024-11-19T12:58:24.737+0530] {processor.py:161} INFO - Started process (PID=32228) to work on /home/sigmoid/Desktop/Personal_Ml/airflow_poc/airflow_env/lib/python3.8/site-packages/airflow/example_dags/example_python_decorator.py
[2024-11-19T12:58:24.738+0530] {processor.py:830} INFO - Processing file /home/sigmoid/Desktop/Personal_Ml/airflow_poc/airflow_env/lib/python3.8/site-packages/airflow/example_dags/example_python_decorator.py for tasks to queue
[2024-11-19T12:58:24.739+0530] {logging_mixin.py:188} INFO - [2024-11-19T12:58:24.738+0530] {dagbag.py:540} INFO - Filling up the DagBag from /home/sigmoid/Desktop/Personal_Ml/airflow_poc/airflow_env/lib/python3.8/site-packages/airflow/example_dags/example_python_decorator.py
[2024-11-19T12:58:24.752+0530] {processor.py:840} INFO - DAG(s) 'example_python_decorator' retrieved from /home/sigmoid/Desktop/Personal_Ml/airflow_poc/airflow_env/lib/python3.8/site-packages/airflow/example_dags/example_python_decorator.py
[2024-11-19T12:58:24.771+0530] {logging_mixin.py:188} INFO - [2024-11-19T12:58:24.770+0530] {dag.py:3047} INFO - Sync 1 DAGs
[2024-11-19T12:58:24.782+0530] {logging_mixin.py:188} INFO - [2024-11-19T12:58:24.782+0530] {dag.py:3834} INFO - Setting next_dagrun for example_python_decorator to None, run_after=None
[2024-11-19T12:58:24.813+0530] {processor.py:183} INFO - Processing /home/sigmoid/Desktop/Personal_Ml/airflow_poc/airflow_env/lib/python3.8/site-packages/airflow/example_dags/example_python_decorator.py took 0.079 seconds
[2024-11-19T12:59:15.905+0530] {processor.py:161} INFO - Started process (PID=32394) to work on /home/sigmoid/Desktop/Personal_Ml/airflow_poc/airflow_env/lib/python3.8/site-packages/airflow/example_dags/example_python_decorator.py
[2024-11-19T12:59:15.906+0530] {processor.py:830} INFO - Processing file /home/sigmoid/Desktop/Personal_Ml/airflow_poc/airflow_env/lib/python3.8/site-packages/airflow/example_dags/example_python_decorator.py for tasks to queue
[2024-11-19T12:59:15.908+0530] {logging_mixin.py:188} INFO - [2024-11-19T12:59:15.907+0530] {dagbag.py:540} INFO - Filling up the DagBag from /home/sigmoid/Desktop/Personal_Ml/airflow_poc/airflow_env/lib/python3.8/site-packages/airflow/example_dags/example_python_decorator.py
[2024-11-19T12:59:15.923+0530] {processor.py:840} INFO - DAG(s) 'example_python_decorator' retrieved from /home/sigmoid/Desktop/Personal_Ml/airflow_poc/airflow_env/lib/python3.8/site-packages/airflow/example_dags/example_python_decorator.py
[2024-11-19T12:59:15.942+0530] {logging_mixin.py:188} INFO - [2024-11-19T12:59:15.942+0530] {dag.py:3047} INFO - Sync 1 DAGs
[2024-11-19T12:59:15.954+0530] {logging_mixin.py:188} INFO - [2024-11-19T12:59:15.954+0530] {dag.py:3834} INFO - Setting next_dagrun for example_python_decorator to None, run_after=None
[2024-11-19T12:59:15.978+0530] {processor.py:183} INFO - Processing /home/sigmoid/Desktop/Personal_Ml/airflow_poc/airflow_env/lib/python3.8/site-packages/airflow/example_dags/example_python_decorator.py took 0.076 seconds
[2024-11-19T13:00:13.325+0530] {processor.py:161} INFO - Started process (PID=32504) to work on /home/sigmoid/Desktop/Personal_Ml/airflow_poc/airflow_env/lib/python3.8/site-packages/airflow/example_dags/example_python_decorator.py
[2024-11-19T13:00:13.328+0530] {processor.py:830} INFO - Processing file /home/sigmoid/Desktop/Personal_Ml/airflow_poc/airflow_env/lib/python3.8/site-packages/airflow/example_dags/example_python_decorator.py for tasks to queue
[2024-11-19T13:00:13.330+0530] {logging_mixin.py:188} INFO - [2024-11-19T13:00:13.329+0530] {dagbag.py:540} INFO - Filling up the DagBag from /home/sigmoid/Desktop/Personal_Ml/airflow_poc/airflow_env/lib/python3.8/site-packages/airflow/example_dags/example_python_decorator.py
[2024-11-19T13:00:13.363+0530] {processor.py:840} INFO - DAG(s) 'example_python_decorator' retrieved from /home/sigmoid/Desktop/Personal_Ml/airflow_poc/airflow_env/lib/python3.8/site-packages/airflow/example_dags/example_python_decorator.py
[2024-11-19T13:00:13.404+0530] {logging_mixin.py:188} INFO - [2024-11-19T13:00:13.404+0530] {dag.py:3047} INFO - Sync 1 DAGs
[2024-11-19T13:00:13.436+0530] {logging_mixin.py:188} INFO - [2024-11-19T13:00:13.435+0530] {dag.py:3834} INFO - Setting next_dagrun for example_python_decorator to None, run_after=None
[2024-11-19T13:00:13.493+0530] {processor.py:183} INFO - Processing /home/sigmoid/Desktop/Personal_Ml/airflow_poc/airflow_env/lib/python3.8/site-packages/airflow/example_dags/example_python_decorator.py took 0.174 seconds
[2024-11-19T13:01:07.953+0530] {processor.py:161} INFO - Started process (PID=32605) to work on /home/sigmoid/Desktop/Personal_Ml/airflow_poc/airflow_env/lib/python3.8/site-packages/airflow/example_dags/example_python_decorator.py
[2024-11-19T13:01:07.954+0530] {processor.py:830} INFO - Processing file /home/sigmoid/Desktop/Personal_Ml/airflow_poc/airflow_env/lib/python3.8/site-packages/airflow/example_dags/example_python_decorator.py for tasks to queue
[2024-11-19T13:01:07.955+0530] {logging_mixin.py:188} INFO - [2024-11-19T13:01:07.955+0530] {dagbag.py:540} INFO - Filling up the DagBag from /home/sigmoid/Desktop/Personal_Ml/airflow_poc/airflow_env/lib/python3.8/site-packages/airflow/example_dags/example_python_decorator.py
[2024-11-19T13:01:07.971+0530] {processor.py:840} INFO - DAG(s) 'example_python_decorator' retrieved from /home/sigmoid/Desktop/Personal_Ml/airflow_poc/airflow_env/lib/python3.8/site-packages/airflow/example_dags/example_python_decorator.py
[2024-11-19T13:01:07.991+0530] {logging_mixin.py:188} INFO - [2024-11-19T13:01:07.991+0530] {dag.py:3047} INFO - Sync 1 DAGs
[2024-11-19T13:01:08.003+0530] {logging_mixin.py:188} INFO - [2024-11-19T13:01:08.003+0530] {dag.py:3834} INFO - Setting next_dagrun for example_python_decorator to None, run_after=None
[2024-11-19T13:01:08.040+0530] {processor.py:183} INFO - Processing /home/sigmoid/Desktop/Personal_Ml/airflow_poc/airflow_env/lib/python3.8/site-packages/airflow/example_dags/example_python_decorator.py took 0.091 seconds
[2024-11-19T13:02:07.744+0530] {processor.py:161} INFO - Started process (PID=32969) to work on /home/sigmoid/Desktop/Personal_Ml/airflow_poc/airflow_env/lib/python3.8/site-packages/airflow/example_dags/example_python_decorator.py
[2024-11-19T13:02:07.745+0530] {processor.py:830} INFO - Processing file /home/sigmoid/Desktop/Personal_Ml/airflow_poc/airflow_env/lib/python3.8/site-packages/airflow/example_dags/example_python_decorator.py for tasks to queue
[2024-11-19T13:02:07.746+0530] {logging_mixin.py:188} INFO - [2024-11-19T13:02:07.746+0530] {dagbag.py:540} INFO - Filling up the DagBag from /home/sigmoid/Desktop/Personal_Ml/airflow_poc/airflow_env/lib/python3.8/site-packages/airflow/example_dags/example_python_decorator.py
[2024-11-19T13:02:07.760+0530] {processor.py:840} INFO - DAG(s) 'example_python_decorator' retrieved from /home/sigmoid/Desktop/Personal_Ml/airflow_poc/airflow_env/lib/python3.8/site-packages/airflow/example_dags/example_python_decorator.py
[2024-11-19T13:02:07.778+0530] {logging_mixin.py:188} INFO - [2024-11-19T13:02:07.778+0530] {dag.py:3047} INFO - Sync 1 DAGs
[2024-11-19T13:02:07.790+0530] {logging_mixin.py:188} INFO - [2024-11-19T13:02:07.789+0530] {dag.py:3834} INFO - Setting next_dagrun for example_python_decorator to None, run_after=None
[2024-11-19T13:02:07.811+0530] {processor.py:183} INFO - Processing /home/sigmoid/Desktop/Personal_Ml/airflow_poc/airflow_env/lib/python3.8/site-packages/airflow/example_dags/example_python_decorator.py took 0.070 seconds
[2024-11-19T13:03:05.149+0530] {processor.py:161} INFO - Started process (PID=33036) to work on /home/sigmoid/Desktop/Personal_Ml/airflow_poc/airflow_env/lib/python3.8/site-packages/airflow/example_dags/example_python_decorator.py
[2024-11-19T13:03:05.151+0530] {processor.py:830} INFO - Processing file /home/sigmoid/Desktop/Personal_Ml/airflow_poc/airflow_env/lib/python3.8/site-packages/airflow/example_dags/example_python_decorator.py for tasks to queue
[2024-11-19T13:03:05.152+0530] {logging_mixin.py:188} INFO - [2024-11-19T13:03:05.152+0530] {dagbag.py:540} INFO - Filling up the DagBag from /home/sigmoid/Desktop/Personal_Ml/airflow_poc/airflow_env/lib/python3.8/site-packages/airflow/example_dags/example_python_decorator.py
[2024-11-19T13:03:05.174+0530] {processor.py:840} INFO - DAG(s) 'example_python_decorator' retrieved from /home/sigmoid/Desktop/Personal_Ml/airflow_poc/airflow_env/lib/python3.8/site-packages/airflow/example_dags/example_python_decorator.py
[2024-11-19T13:03:05.203+0530] {logging_mixin.py:188} INFO - [2024-11-19T13:03:05.203+0530] {dag.py:3047} INFO - Sync 1 DAGs
[2024-11-19T13:03:05.223+0530] {logging_mixin.py:188} INFO - [2024-11-19T13:03:05.222+0530] {dag.py:3834} INFO - Setting next_dagrun for example_python_decorator to None, run_after=None
[2024-11-19T13:03:05.247+0530] {processor.py:183} INFO - Processing /home/sigmoid/Desktop/Personal_Ml/airflow_poc/airflow_env/lib/python3.8/site-packages/airflow/example_dags/example_python_decorator.py took 0.102 seconds
[2024-11-19T13:04:05.915+0530] {processor.py:161} INFO - Started process (PID=33105) to work on /home/sigmoid/Desktop/Personal_Ml/airflow_poc/airflow_env/lib/python3.8/site-packages/airflow/example_dags/example_python_decorator.py
[2024-11-19T13:04:05.916+0530] {processor.py:830} INFO - Processing file /home/sigmoid/Desktop/Personal_Ml/airflow_poc/airflow_env/lib/python3.8/site-packages/airflow/example_dags/example_python_decorator.py for tasks to queue
[2024-11-19T13:04:05.917+0530] {logging_mixin.py:188} INFO - [2024-11-19T13:04:05.916+0530] {dagbag.py:540} INFO - Filling up the DagBag from /home/sigmoid/Desktop/Personal_Ml/airflow_poc/airflow_env/lib/python3.8/site-packages/airflow/example_dags/example_python_decorator.py
[2024-11-19T13:04:05.931+0530] {processor.py:840} INFO - DAG(s) 'example_python_decorator' retrieved from /home/sigmoid/Desktop/Personal_Ml/airflow_poc/airflow_env/lib/python3.8/site-packages/airflow/example_dags/example_python_decorator.py
[2024-11-19T13:04:05.948+0530] {logging_mixin.py:188} INFO - [2024-11-19T13:04:05.948+0530] {dag.py:3047} INFO - Sync 1 DAGs
[2024-11-19T13:04:05.960+0530] {logging_mixin.py:188} INFO - [2024-11-19T13:04:05.960+0530] {dag.py:3834} INFO - Setting next_dagrun for example_python_decorator to None, run_after=None
[2024-11-19T13:04:05.981+0530] {processor.py:183} INFO - Processing /home/sigmoid/Desktop/Personal_Ml/airflow_poc/airflow_env/lib/python3.8/site-packages/airflow/example_dags/example_python_decorator.py took 0.069 seconds
[2024-11-19T13:05:05.621+0530] {processor.py:161} INFO - Started process (PID=33174) to work on /home/sigmoid/Desktop/Personal_Ml/airflow_poc/airflow_env/lib/python3.8/site-packages/airflow/example_dags/example_python_decorator.py
[2024-11-19T13:05:05.622+0530] {processor.py:830} INFO - Processing file /home/sigmoid/Desktop/Personal_Ml/airflow_poc/airflow_env/lib/python3.8/site-packages/airflow/example_dags/example_python_decorator.py for tasks to queue
[2024-11-19T13:05:05.623+0530] {logging_mixin.py:188} INFO - [2024-11-19T13:05:05.623+0530] {dagbag.py:540} INFO - Filling up the DagBag from /home/sigmoid/Desktop/Personal_Ml/airflow_poc/airflow_env/lib/python3.8/site-packages/airflow/example_dags/example_python_decorator.py
[2024-11-19T13:05:05.638+0530] {processor.py:840} INFO - DAG(s) 'example_python_decorator' retrieved from /home/sigmoid/Desktop/Personal_Ml/airflow_poc/airflow_env/lib/python3.8/site-packages/airflow/example_dags/example_python_decorator.py
[2024-11-19T13:05:05.658+0530] {logging_mixin.py:188} INFO - [2024-11-19T13:05:05.658+0530] {dag.py:3047} INFO - Sync 1 DAGs
[2024-11-19T13:05:05.669+0530] {logging_mixin.py:188} INFO - [2024-11-19T13:05:05.669+0530] {dag.py:3834} INFO - Setting next_dagrun for example_python_decorator to None, run_after=None
[2024-11-19T13:05:05.702+0530] {processor.py:183} INFO - Processing /home/sigmoid/Desktop/Personal_Ml/airflow_poc/airflow_env/lib/python3.8/site-packages/airflow/example_dags/example_python_decorator.py took 0.084 seconds
[2024-11-19T13:06:07.979+0530] {processor.py:161} INFO - Started process (PID=33241) to work on /home/sigmoid/Desktop/Personal_Ml/airflow_poc/airflow_env/lib/python3.8/site-packages/airflow/example_dags/example_python_decorator.py
[2024-11-19T13:06:07.981+0530] {processor.py:830} INFO - Processing file /home/sigmoid/Desktop/Personal_Ml/airflow_poc/airflow_env/lib/python3.8/site-packages/airflow/example_dags/example_python_decorator.py for tasks to queue
[2024-11-19T13:06:07.982+0530] {logging_mixin.py:188} INFO - [2024-11-19T13:06:07.982+0530] {dagbag.py:540} INFO - Filling up the DagBag from /home/sigmoid/Desktop/Personal_Ml/airflow_poc/airflow_env/lib/python3.8/site-packages/airflow/example_dags/example_python_decorator.py
[2024-11-19T13:06:07.997+0530] {processor.py:840} INFO - DAG(s) 'example_python_decorator' retrieved from /home/sigmoid/Desktop/Personal_Ml/airflow_poc/airflow_env/lib/python3.8/site-packages/airflow/example_dags/example_python_decorator.py
[2024-11-19T13:06:08.016+0530] {logging_mixin.py:188} INFO - [2024-11-19T13:06:08.016+0530] {dag.py:3047} INFO - Sync 1 DAGs
[2024-11-19T13:06:08.028+0530] {logging_mixin.py:188} INFO - [2024-11-19T13:06:08.028+0530] {dag.py:3834} INFO - Setting next_dagrun for example_python_decorator to None, run_after=None
[2024-11-19T13:06:08.050+0530] {processor.py:183} INFO - Processing /home/sigmoid/Desktop/Personal_Ml/airflow_poc/airflow_env/lib/python3.8/site-packages/airflow/example_dags/example_python_decorator.py took 0.075 seconds
[2024-11-19T13:07:08.681+0530] {processor.py:161} INFO - Started process (PID=33311) to work on /home/sigmoid/Desktop/Personal_Ml/airflow_poc/airflow_env/lib/python3.8/site-packages/airflow/example_dags/example_python_decorator.py
[2024-11-19T13:07:08.682+0530] {processor.py:830} INFO - Processing file /home/sigmoid/Desktop/Personal_Ml/airflow_poc/airflow_env/lib/python3.8/site-packages/airflow/example_dags/example_python_decorator.py for tasks to queue
[2024-11-19T13:07:08.684+0530] {logging_mixin.py:188} INFO - [2024-11-19T13:07:08.683+0530] {dagbag.py:540} INFO - Filling up the DagBag from /home/sigmoid/Desktop/Personal_Ml/airflow_poc/airflow_env/lib/python3.8/site-packages/airflow/example_dags/example_python_decorator.py
[2024-11-19T13:07:08.698+0530] {processor.py:840} INFO - DAG(s) 'example_python_decorator' retrieved from /home/sigmoid/Desktop/Personal_Ml/airflow_poc/airflow_env/lib/python3.8/site-packages/airflow/example_dags/example_python_decorator.py
[2024-11-19T13:07:08.718+0530] {logging_mixin.py:188} INFO - [2024-11-19T13:07:08.718+0530] {dag.py:3047} INFO - Sync 1 DAGs
[2024-11-19T13:07:08.730+0530] {logging_mixin.py:188} INFO - [2024-11-19T13:07:08.730+0530] {dag.py:3834} INFO - Setting next_dagrun for example_python_decorator to None, run_after=None
[2024-11-19T13:07:08.751+0530] {processor.py:183} INFO - Processing /home/sigmoid/Desktop/Personal_Ml/airflow_poc/airflow_env/lib/python3.8/site-packages/airflow/example_dags/example_python_decorator.py took 0.073 seconds
[2024-11-19T13:08:05.134+0530] {processor.py:161} INFO - Started process (PID=33378) to work on /home/sigmoid/Desktop/Personal_Ml/airflow_poc/airflow_env/lib/python3.8/site-packages/airflow/example_dags/example_python_decorator.py
[2024-11-19T13:08:05.135+0530] {processor.py:830} INFO - Processing file /home/sigmoid/Desktop/Personal_Ml/airflow_poc/airflow_env/lib/python3.8/site-packages/airflow/example_dags/example_python_decorator.py for tasks to queue
[2024-11-19T13:08:05.136+0530] {logging_mixin.py:188} INFO - [2024-11-19T13:08:05.136+0530] {dagbag.py:540} INFO - Filling up the DagBag from /home/sigmoid/Desktop/Personal_Ml/airflow_poc/airflow_env/lib/python3.8/site-packages/airflow/example_dags/example_python_decorator.py
[2024-11-19T13:08:05.150+0530] {processor.py:840} INFO - DAG(s) 'example_python_decorator' retrieved from /home/sigmoid/Desktop/Personal_Ml/airflow_poc/airflow_env/lib/python3.8/site-packages/airflow/example_dags/example_python_decorator.py
[2024-11-19T13:08:05.168+0530] {logging_mixin.py:188} INFO - [2024-11-19T13:08:05.168+0530] {dag.py:3047} INFO - Sync 1 DAGs
[2024-11-19T13:08:05.180+0530] {logging_mixin.py:188} INFO - [2024-11-19T13:08:05.180+0530] {dag.py:3834} INFO - Setting next_dagrun for example_python_decorator to None, run_after=None
[2024-11-19T13:08:05.210+0530] {processor.py:183} INFO - Processing /home/sigmoid/Desktop/Personal_Ml/airflow_poc/airflow_env/lib/python3.8/site-packages/airflow/example_dags/example_python_decorator.py took 0.079 seconds
[2024-11-19T13:12:17.788+0530] {processor.py:161} INFO - Started process (PID=33590) to work on /home/sigmoid/Desktop/Personal_Ml/airflow_poc/airflow_env/lib/python3.8/site-packages/airflow/example_dags/example_python_decorator.py
[2024-11-19T13:12:17.790+0530] {processor.py:830} INFO - Processing file /home/sigmoid/Desktop/Personal_Ml/airflow_poc/airflow_env/lib/python3.8/site-packages/airflow/example_dags/example_python_decorator.py for tasks to queue
[2024-11-19T13:12:17.791+0530] {logging_mixin.py:188} INFO - [2024-11-19T13:12:17.790+0530] {dagbag.py:540} INFO - Filling up the DagBag from /home/sigmoid/Desktop/Personal_Ml/airflow_poc/airflow_env/lib/python3.8/site-packages/airflow/example_dags/example_python_decorator.py
[2024-11-19T13:12:17.809+0530] {processor.py:840} INFO - DAG(s) 'example_python_decorator' retrieved from /home/sigmoid/Desktop/Personal_Ml/airflow_poc/airflow_env/lib/python3.8/site-packages/airflow/example_dags/example_python_decorator.py
[2024-11-19T13:12:17.925+0530] {logging_mixin.py:188} INFO - [2024-11-19T13:12:17.925+0530] {dag.py:3047} INFO - Sync 1 DAGs
[2024-11-19T13:12:17.937+0530] {logging_mixin.py:188} INFO - [2024-11-19T13:12:17.936+0530] {dag.py:3834} INFO - Setting next_dagrun for example_python_decorator to None, run_after=None
[2024-11-19T13:12:18.090+0530] {processor.py:183} INFO - Processing /home/sigmoid/Desktop/Personal_Ml/airflow_poc/airflow_env/lib/python3.8/site-packages/airflow/example_dags/example_python_decorator.py took 0.306 seconds
[2024-11-19T13:13:30.544+0530] {processor.py:161} INFO - Started process (PID=33795) to work on /home/sigmoid/Desktop/Personal_Ml/airflow_poc/airflow_env/lib/python3.8/site-packages/airflow/example_dags/example_python_decorator.py
[2024-11-19T13:13:30.545+0530] {processor.py:830} INFO - Processing file /home/sigmoid/Desktop/Personal_Ml/airflow_poc/airflow_env/lib/python3.8/site-packages/airflow/example_dags/example_python_decorator.py for tasks to queue
[2024-11-19T13:13:30.547+0530] {logging_mixin.py:188} INFO - [2024-11-19T13:13:30.546+0530] {dagbag.py:540} INFO - Filling up the DagBag from /home/sigmoid/Desktop/Personal_Ml/airflow_poc/airflow_env/lib/python3.8/site-packages/airflow/example_dags/example_python_decorator.py
[2024-11-19T13:13:30.569+0530] {processor.py:840} INFO - DAG(s) 'example_python_decorator' retrieved from /home/sigmoid/Desktop/Personal_Ml/airflow_poc/airflow_env/lib/python3.8/site-packages/airflow/example_dags/example_python_decorator.py
[2024-11-19T13:13:30.732+0530] {logging_mixin.py:188} INFO - [2024-11-19T13:13:30.732+0530] {dag.py:3047} INFO - Sync 1 DAGs
[2024-11-19T13:13:30.756+0530] {logging_mixin.py:188} INFO - [2024-11-19T13:13:30.756+0530] {dag.py:3834} INFO - Setting next_dagrun for example_python_decorator to None, run_after=None
[2024-11-19T13:13:30.816+0530] {processor.py:183} INFO - Processing /home/sigmoid/Desktop/Personal_Ml/airflow_poc/airflow_env/lib/python3.8/site-packages/airflow/example_dags/example_python_decorator.py took 0.277 seconds
[2024-11-19T13:14:31.977+0530] {processor.py:161} INFO - Started process (PID=34092) to work on /home/sigmoid/Desktop/Personal_Ml/airflow_poc/airflow_env/lib/python3.8/site-packages/airflow/example_dags/example_python_decorator.py
[2024-11-19T13:14:31.978+0530] {processor.py:830} INFO - Processing file /home/sigmoid/Desktop/Personal_Ml/airflow_poc/airflow_env/lib/python3.8/site-packages/airflow/example_dags/example_python_decorator.py for tasks to queue
[2024-11-19T13:14:31.979+0530] {logging_mixin.py:188} INFO - [2024-11-19T13:14:31.979+0530] {dagbag.py:540} INFO - Filling up the DagBag from /home/sigmoid/Desktop/Personal_Ml/airflow_poc/airflow_env/lib/python3.8/site-packages/airflow/example_dags/example_python_decorator.py
[2024-11-19T13:14:31.996+0530] {processor.py:840} INFO - DAG(s) 'example_python_decorator' retrieved from /home/sigmoid/Desktop/Personal_Ml/airflow_poc/airflow_env/lib/python3.8/site-packages/airflow/example_dags/example_python_decorator.py
[2024-11-19T13:14:32.016+0530] {logging_mixin.py:188} INFO - [2024-11-19T13:14:32.016+0530] {dag.py:3047} INFO - Sync 1 DAGs
[2024-11-19T13:14:32.030+0530] {logging_mixin.py:188} INFO - [2024-11-19T13:14:32.029+0530] {dag.py:3834} INFO - Setting next_dagrun for example_python_decorator to None, run_after=None
[2024-11-19T13:14:32.063+0530] {processor.py:183} INFO - Processing /home/sigmoid/Desktop/Personal_Ml/airflow_poc/airflow_env/lib/python3.8/site-packages/airflow/example_dags/example_python_decorator.py took 0.090 seconds
[2024-11-19T13:15:25.722+0530] {processor.py:161} INFO - Started process (PID=34374) to work on /home/sigmoid/Desktop/Personal_Ml/airflow_poc/airflow_env/lib/python3.8/site-packages/airflow/example_dags/example_python_decorator.py
[2024-11-19T13:15:25.724+0530] {processor.py:830} INFO - Processing file /home/sigmoid/Desktop/Personal_Ml/airflow_poc/airflow_env/lib/python3.8/site-packages/airflow/example_dags/example_python_decorator.py for tasks to queue
[2024-11-19T13:15:25.725+0530] {logging_mixin.py:188} INFO - [2024-11-19T13:15:25.725+0530] {dagbag.py:540} INFO - Filling up the DagBag from /home/sigmoid/Desktop/Personal_Ml/airflow_poc/airflow_env/lib/python3.8/site-packages/airflow/example_dags/example_python_decorator.py
[2024-11-19T13:15:25.758+0530] {processor.py:840} INFO - DAG(s) 'example_python_decorator' retrieved from /home/sigmoid/Desktop/Personal_Ml/airflow_poc/airflow_env/lib/python3.8/site-packages/airflow/example_dags/example_python_decorator.py
[2024-11-19T13:15:25.804+0530] {logging_mixin.py:188} INFO - [2024-11-19T13:15:25.803+0530] {dag.py:3047} INFO - Sync 1 DAGs
[2024-11-19T13:15:25.833+0530] {logging_mixin.py:188} INFO - [2024-11-19T13:15:25.832+0530] {dag.py:3834} INFO - Setting next_dagrun for example_python_decorator to None, run_after=None
[2024-11-19T13:15:25.873+0530] {processor.py:183} INFO - Processing /home/sigmoid/Desktop/Personal_Ml/airflow_poc/airflow_env/lib/python3.8/site-packages/airflow/example_dags/example_python_decorator.py took 0.160 seconds
[2024-11-19T13:16:31.694+0530] {processor.py:161} INFO - Started process (PID=35132) to work on /home/sigmoid/Desktop/Personal_Ml/airflow_poc/airflow_env/lib/python3.8/site-packages/airflow/example_dags/example_python_decorator.py
[2024-11-19T13:16:31.695+0530] {processor.py:830} INFO - Processing file /home/sigmoid/Desktop/Personal_Ml/airflow_poc/airflow_env/lib/python3.8/site-packages/airflow/example_dags/example_python_decorator.py for tasks to queue
[2024-11-19T13:16:31.697+0530] {logging_mixin.py:188} INFO - [2024-11-19T13:16:31.696+0530] {dagbag.py:540} INFO - Filling up the DagBag from /home/sigmoid/Desktop/Personal_Ml/airflow_poc/airflow_env/lib/python3.8/site-packages/airflow/example_dags/example_python_decorator.py
[2024-11-19T13:16:31.717+0530] {processor.py:840} INFO - DAG(s) 'example_python_decorator' retrieved from /home/sigmoid/Desktop/Personal_Ml/airflow_poc/airflow_env/lib/python3.8/site-packages/airflow/example_dags/example_python_decorator.py
[2024-11-19T13:16:31.742+0530] {logging_mixin.py:188} INFO - [2024-11-19T13:16:31.742+0530] {dag.py:3047} INFO - Sync 1 DAGs
[2024-11-19T13:16:31.759+0530] {logging_mixin.py:188} INFO - [2024-11-19T13:16:31.759+0530] {dag.py:3834} INFO - Setting next_dagrun for example_python_decorator to None, run_after=None
[2024-11-19T13:16:31.788+0530] {processor.py:183} INFO - Processing /home/sigmoid/Desktop/Personal_Ml/airflow_poc/airflow_env/lib/python3.8/site-packages/airflow/example_dags/example_python_decorator.py took 0.098 seconds
[2024-11-19T13:17:36.840+0530] {processor.py:161} INFO - Started process (PID=35261) to work on /home/sigmoid/Desktop/Personal_Ml/airflow_poc/airflow_env/lib/python3.8/site-packages/airflow/example_dags/example_python_decorator.py
[2024-11-19T13:17:36.841+0530] {processor.py:830} INFO - Processing file /home/sigmoid/Desktop/Personal_Ml/airflow_poc/airflow_env/lib/python3.8/site-packages/airflow/example_dags/example_python_decorator.py for tasks to queue
[2024-11-19T13:17:36.842+0530] {logging_mixin.py:188} INFO - [2024-11-19T13:17:36.842+0530] {dagbag.py:540} INFO - Filling up the DagBag from /home/sigmoid/Desktop/Personal_Ml/airflow_poc/airflow_env/lib/python3.8/site-packages/airflow/example_dags/example_python_decorator.py
[2024-11-19T13:17:36.856+0530] {processor.py:840} INFO - DAG(s) 'example_python_decorator' retrieved from /home/sigmoid/Desktop/Personal_Ml/airflow_poc/airflow_env/lib/python3.8/site-packages/airflow/example_dags/example_python_decorator.py
[2024-11-19T13:17:36.874+0530] {logging_mixin.py:188} INFO - [2024-11-19T13:17:36.874+0530] {dag.py:3047} INFO - Sync 1 DAGs
[2024-11-19T13:17:36.886+0530] {logging_mixin.py:188} INFO - [2024-11-19T13:17:36.886+0530] {dag.py:3834} INFO - Setting next_dagrun for example_python_decorator to None, run_after=None
[2024-11-19T13:17:36.917+0530] {processor.py:183} INFO - Processing /home/sigmoid/Desktop/Personal_Ml/airflow_poc/airflow_env/lib/python3.8/site-packages/airflow/example_dags/example_python_decorator.py took 0.080 seconds
[2024-11-19T13:18:28.775+0530] {processor.py:161} INFO - Started process (PID=35318) to work on /home/sigmoid/Desktop/Personal_Ml/airflow_poc/airflow_env/lib/python3.8/site-packages/airflow/example_dags/example_python_decorator.py
[2024-11-19T13:18:28.776+0530] {processor.py:830} INFO - Processing file /home/sigmoid/Desktop/Personal_Ml/airflow_poc/airflow_env/lib/python3.8/site-packages/airflow/example_dags/example_python_decorator.py for tasks to queue
[2024-11-19T13:18:28.777+0530] {logging_mixin.py:188} INFO - [2024-11-19T13:18:28.777+0530] {dagbag.py:540} INFO - Filling up the DagBag from /home/sigmoid/Desktop/Personal_Ml/airflow_poc/airflow_env/lib/python3.8/site-packages/airflow/example_dags/example_python_decorator.py
[2024-11-19T13:18:28.792+0530] {processor.py:840} INFO - DAG(s) 'example_python_decorator' retrieved from /home/sigmoid/Desktop/Personal_Ml/airflow_poc/airflow_env/lib/python3.8/site-packages/airflow/example_dags/example_python_decorator.py
[2024-11-19T13:18:28.809+0530] {logging_mixin.py:188} INFO - [2024-11-19T13:18:28.809+0530] {dag.py:3047} INFO - Sync 1 DAGs
[2024-11-19T13:18:28.825+0530] {logging_mixin.py:188} INFO - [2024-11-19T13:18:28.825+0530] {dag.py:3834} INFO - Setting next_dagrun for example_python_decorator to None, run_after=None
[2024-11-19T13:18:28.849+0530] {processor.py:183} INFO - Processing /home/sigmoid/Desktop/Personal_Ml/airflow_poc/airflow_env/lib/python3.8/site-packages/airflow/example_dags/example_python_decorator.py took 0.077 seconds
[2024-11-19T13:19:36.027+0530] {processor.py:161} INFO - Started process (PID=35412) to work on /home/sigmoid/Desktop/Personal_Ml/airflow_poc/airflow_env/lib/python3.8/site-packages/airflow/example_dags/example_python_decorator.py
[2024-11-19T13:19:36.028+0530] {processor.py:830} INFO - Processing file /home/sigmoid/Desktop/Personal_Ml/airflow_poc/airflow_env/lib/python3.8/site-packages/airflow/example_dags/example_python_decorator.py for tasks to queue
[2024-11-19T13:19:36.029+0530] {logging_mixin.py:188} INFO - [2024-11-19T13:19:36.029+0530] {dagbag.py:540} INFO - Filling up the DagBag from /home/sigmoid/Desktop/Personal_Ml/airflow_poc/airflow_env/lib/python3.8/site-packages/airflow/example_dags/example_python_decorator.py
[2024-11-19T13:19:36.043+0530] {processor.py:840} INFO - DAG(s) 'example_python_decorator' retrieved from /home/sigmoid/Desktop/Personal_Ml/airflow_poc/airflow_env/lib/python3.8/site-packages/airflow/example_dags/example_python_decorator.py
[2024-11-19T13:19:36.061+0530] {logging_mixin.py:188} INFO - [2024-11-19T13:19:36.061+0530] {dag.py:3047} INFO - Sync 1 DAGs
[2024-11-19T13:19:36.073+0530] {logging_mixin.py:188} INFO - [2024-11-19T13:19:36.073+0530] {dag.py:3834} INFO - Setting next_dagrun for example_python_decorator to None, run_after=None
[2024-11-19T13:19:36.094+0530] {processor.py:183} INFO - Processing /home/sigmoid/Desktop/Personal_Ml/airflow_poc/airflow_env/lib/python3.8/site-packages/airflow/example_dags/example_python_decorator.py took 0.071 seconds
[2024-11-19T13:20:48.215+0530] {processor.py:161} INFO - Started process (PID=35599) to work on /home/sigmoid/Desktop/Personal_Ml/airflow_poc/airflow_env/lib/python3.8/site-packages/airflow/example_dags/example_python_decorator.py
[2024-11-19T13:20:48.216+0530] {processor.py:830} INFO - Processing file /home/sigmoid/Desktop/Personal_Ml/airflow_poc/airflow_env/lib/python3.8/site-packages/airflow/example_dags/example_python_decorator.py for tasks to queue
[2024-11-19T13:20:48.218+0530] {logging_mixin.py:188} INFO - [2024-11-19T13:20:48.217+0530] {dagbag.py:540} INFO - Filling up the DagBag from /home/sigmoid/Desktop/Personal_Ml/airflow_poc/airflow_env/lib/python3.8/site-packages/airflow/example_dags/example_python_decorator.py
[2024-11-19T13:20:48.231+0530] {processor.py:840} INFO - DAG(s) 'example_python_decorator' retrieved from /home/sigmoid/Desktop/Personal_Ml/airflow_poc/airflow_env/lib/python3.8/site-packages/airflow/example_dags/example_python_decorator.py
[2024-11-19T13:20:48.250+0530] {logging_mixin.py:188} INFO - [2024-11-19T13:20:48.250+0530] {dag.py:3047} INFO - Sync 1 DAGs
[2024-11-19T13:20:48.262+0530] {logging_mixin.py:188} INFO - [2024-11-19T13:20:48.261+0530] {dag.py:3834} INFO - Setting next_dagrun for example_python_decorator to None, run_after=None
[2024-11-19T13:20:48.282+0530] {processor.py:183} INFO - Processing /home/sigmoid/Desktop/Personal_Ml/airflow_poc/airflow_env/lib/python3.8/site-packages/airflow/example_dags/example_python_decorator.py took 0.070 seconds
[2024-11-19T13:21:53.143+0530] {processor.py:161} INFO - Started process (PID=35718) to work on /home/sigmoid/Desktop/Personal_Ml/airflow_poc/airflow_env/lib/python3.8/site-packages/airflow/example_dags/example_python_decorator.py
[2024-11-19T13:21:53.144+0530] {processor.py:830} INFO - Processing file /home/sigmoid/Desktop/Personal_Ml/airflow_poc/airflow_env/lib/python3.8/site-packages/airflow/example_dags/example_python_decorator.py for tasks to queue
[2024-11-19T13:21:53.145+0530] {logging_mixin.py:188} INFO - [2024-11-19T13:21:53.145+0530] {dagbag.py:540} INFO - Filling up the DagBag from /home/sigmoid/Desktop/Personal_Ml/airflow_poc/airflow_env/lib/python3.8/site-packages/airflow/example_dags/example_python_decorator.py
[2024-11-19T13:21:53.168+0530] {processor.py:840} INFO - DAG(s) 'example_python_decorator' retrieved from /home/sigmoid/Desktop/Personal_Ml/airflow_poc/airflow_env/lib/python3.8/site-packages/airflow/example_dags/example_python_decorator.py
[2024-11-19T13:21:53.209+0530] {logging_mixin.py:188} INFO - [2024-11-19T13:21:53.209+0530] {dag.py:3047} INFO - Sync 1 DAGs
[2024-11-19T13:21:53.236+0530] {logging_mixin.py:188} INFO - [2024-11-19T13:21:53.235+0530] {dag.py:3834} INFO - Setting next_dagrun for example_python_decorator to None, run_after=None
[2024-11-19T13:21:53.265+0530] {processor.py:183} INFO - Processing /home/sigmoid/Desktop/Personal_Ml/airflow_poc/airflow_env/lib/python3.8/site-packages/airflow/example_dags/example_python_decorator.py took 0.125 seconds
[2024-11-19T13:24:01.125+0530] {processor.py:161} INFO - Started process (PID=35930) to work on /home/sigmoid/Desktop/Personal_Ml/airflow_poc/airflow_env/lib/python3.8/site-packages/airflow/example_dags/example_python_decorator.py
[2024-11-19T13:24:01.126+0530] {processor.py:830} INFO - Processing file /home/sigmoid/Desktop/Personal_Ml/airflow_poc/airflow_env/lib/python3.8/site-packages/airflow/example_dags/example_python_decorator.py for tasks to queue
[2024-11-19T13:24:01.127+0530] {logging_mixin.py:188} INFO - [2024-11-19T13:24:01.126+0530] {dagbag.py:540} INFO - Filling up the DagBag from /home/sigmoid/Desktop/Personal_Ml/airflow_poc/airflow_env/lib/python3.8/site-packages/airflow/example_dags/example_python_decorator.py
[2024-11-19T13:24:01.159+0530] {processor.py:840} INFO - DAG(s) 'example_python_decorator' retrieved from /home/sigmoid/Desktop/Personal_Ml/airflow_poc/airflow_env/lib/python3.8/site-packages/airflow/example_dags/example_python_decorator.py
[2024-11-19T13:24:01.398+0530] {logging_mixin.py:188} INFO - [2024-11-19T13:24:01.397+0530] {dag.py:3047} INFO - Sync 1 DAGs
[2024-11-19T13:24:01.421+0530] {logging_mixin.py:188} INFO - [2024-11-19T13:24:01.421+0530] {dag.py:3834} INFO - Setting next_dagrun for example_python_decorator to None, run_after=None
[2024-11-19T13:24:01.465+0530] {processor.py:183} INFO - Processing /home/sigmoid/Desktop/Personal_Ml/airflow_poc/airflow_env/lib/python3.8/site-packages/airflow/example_dags/example_python_decorator.py took 0.344 seconds
[2024-11-19T13:25:10.963+0530] {processor.py:161} INFO - Started process (PID=36006) to work on /home/sigmoid/Desktop/Personal_Ml/airflow_poc/airflow_env/lib/python3.8/site-packages/airflow/example_dags/example_python_decorator.py
[2024-11-19T13:25:10.965+0530] {processor.py:830} INFO - Processing file /home/sigmoid/Desktop/Personal_Ml/airflow_poc/airflow_env/lib/python3.8/site-packages/airflow/example_dags/example_python_decorator.py for tasks to queue
[2024-11-19T13:25:10.966+0530] {logging_mixin.py:188} INFO - [2024-11-19T13:25:10.965+0530] {dagbag.py:540} INFO - Filling up the DagBag from /home/sigmoid/Desktop/Personal_Ml/airflow_poc/airflow_env/lib/python3.8/site-packages/airflow/example_dags/example_python_decorator.py
[2024-11-19T13:25:10.983+0530] {processor.py:840} INFO - DAG(s) 'example_python_decorator' retrieved from /home/sigmoid/Desktop/Personal_Ml/airflow_poc/airflow_env/lib/python3.8/site-packages/airflow/example_dags/example_python_decorator.py
[2024-11-19T13:25:11.004+0530] {logging_mixin.py:188} INFO - [2024-11-19T13:25:11.004+0530] {dag.py:3047} INFO - Sync 1 DAGs
[2024-11-19T13:25:11.020+0530] {logging_mixin.py:188} INFO - [2024-11-19T13:25:11.020+0530] {dag.py:3834} INFO - Setting next_dagrun for example_python_decorator to None, run_after=None
[2024-11-19T13:25:11.048+0530] {processor.py:183} INFO - Processing /home/sigmoid/Desktop/Personal_Ml/airflow_poc/airflow_env/lib/python3.8/site-packages/airflow/example_dags/example_python_decorator.py took 0.090 seconds
[2024-11-19T13:26:15.654+0530] {processor.py:161} INFO - Started process (PID=36094) to work on /home/sigmoid/Desktop/Personal_Ml/airflow_poc/airflow_env/lib/python3.8/site-packages/airflow/example_dags/example_python_decorator.py
[2024-11-19T13:26:15.655+0530] {processor.py:830} INFO - Processing file /home/sigmoid/Desktop/Personal_Ml/airflow_poc/airflow_env/lib/python3.8/site-packages/airflow/example_dags/example_python_decorator.py for tasks to queue
[2024-11-19T13:26:15.656+0530] {logging_mixin.py:188} INFO - [2024-11-19T13:26:15.656+0530] {dagbag.py:540} INFO - Filling up the DagBag from /home/sigmoid/Desktop/Personal_Ml/airflow_poc/airflow_env/lib/python3.8/site-packages/airflow/example_dags/example_python_decorator.py
[2024-11-19T13:26:15.670+0530] {processor.py:840} INFO - DAG(s) 'example_python_decorator' retrieved from /home/sigmoid/Desktop/Personal_Ml/airflow_poc/airflow_env/lib/python3.8/site-packages/airflow/example_dags/example_python_decorator.py
[2024-11-19T13:26:15.688+0530] {logging_mixin.py:188} INFO - [2024-11-19T13:26:15.688+0530] {dag.py:3047} INFO - Sync 1 DAGs
[2024-11-19T13:26:15.700+0530] {logging_mixin.py:188} INFO - [2024-11-19T13:26:15.699+0530] {dag.py:3834} INFO - Setting next_dagrun for example_python_decorator to None, run_after=None
[2024-11-19T13:26:15.738+0530] {processor.py:183} INFO - Processing /home/sigmoid/Desktop/Personal_Ml/airflow_poc/airflow_env/lib/python3.8/site-packages/airflow/example_dags/example_python_decorator.py took 0.088 seconds
[2024-11-19T13:27:13.453+0530] {processor.py:161} INFO - Started process (PID=36176) to work on /home/sigmoid/Desktop/Personal_Ml/airflow_poc/airflow_env/lib/python3.8/site-packages/airflow/example_dags/example_python_decorator.py
[2024-11-19T13:27:13.455+0530] {processor.py:830} INFO - Processing file /home/sigmoid/Desktop/Personal_Ml/airflow_poc/airflow_env/lib/python3.8/site-packages/airflow/example_dags/example_python_decorator.py for tasks to queue
[2024-11-19T13:27:13.456+0530] {logging_mixin.py:188} INFO - [2024-11-19T13:27:13.455+0530] {dagbag.py:540} INFO - Filling up the DagBag from /home/sigmoid/Desktop/Personal_Ml/airflow_poc/airflow_env/lib/python3.8/site-packages/airflow/example_dags/example_python_decorator.py
[2024-11-19T13:27:13.469+0530] {processor.py:840} INFO - DAG(s) 'example_python_decorator' retrieved from /home/sigmoid/Desktop/Personal_Ml/airflow_poc/airflow_env/lib/python3.8/site-packages/airflow/example_dags/example_python_decorator.py
[2024-11-19T13:27:13.487+0530] {logging_mixin.py:188} INFO - [2024-11-19T13:27:13.487+0530] {dag.py:3047} INFO - Sync 1 DAGs
[2024-11-19T13:27:13.499+0530] {logging_mixin.py:188} INFO - [2024-11-19T13:27:13.498+0530] {dag.py:3834} INFO - Setting next_dagrun for example_python_decorator to None, run_after=None
[2024-11-19T13:27:13.520+0530] {processor.py:183} INFO - Processing /home/sigmoid/Desktop/Personal_Ml/airflow_poc/airflow_env/lib/python3.8/site-packages/airflow/example_dags/example_python_decorator.py took 0.070 seconds
[2024-11-19T13:28:54.403+0530] {processor.py:161} INFO - Started process (PID=36312) to work on /home/sigmoid/Desktop/Personal_Ml/airflow_poc/airflow_env/lib/python3.8/site-packages/airflow/example_dags/example_python_decorator.py
[2024-11-19T13:28:54.404+0530] {processor.py:830} INFO - Processing file /home/sigmoid/Desktop/Personal_Ml/airflow_poc/airflow_env/lib/python3.8/site-packages/airflow/example_dags/example_python_decorator.py for tasks to queue
[2024-11-19T13:28:54.405+0530] {logging_mixin.py:188} INFO - [2024-11-19T13:28:54.405+0530] {dagbag.py:540} INFO - Filling up the DagBag from /home/sigmoid/Desktop/Personal_Ml/airflow_poc/airflow_env/lib/python3.8/site-packages/airflow/example_dags/example_python_decorator.py
[2024-11-19T13:28:54.423+0530] {processor.py:840} INFO - DAG(s) 'example_python_decorator' retrieved from /home/sigmoid/Desktop/Personal_Ml/airflow_poc/airflow_env/lib/python3.8/site-packages/airflow/example_dags/example_python_decorator.py
[2024-11-19T13:28:54.551+0530] {logging_mixin.py:188} INFO - [2024-11-19T13:28:54.551+0530] {dag.py:3047} INFO - Sync 1 DAGs
[2024-11-19T13:28:54.564+0530] {logging_mixin.py:188} INFO - [2024-11-19T13:28:54.564+0530] {dag.py:3834} INFO - Setting next_dagrun for example_python_decorator to None, run_after=None
[2024-11-19T13:28:54.589+0530] {processor.py:183} INFO - Processing /home/sigmoid/Desktop/Personal_Ml/airflow_poc/airflow_env/lib/python3.8/site-packages/airflow/example_dags/example_python_decorator.py took 0.189 seconds
[2024-11-19T13:29:52.113+0530] {processor.py:161} INFO - Started process (PID=36377) to work on /home/sigmoid/Desktop/Personal_Ml/airflow_poc/airflow_env/lib/python3.8/site-packages/airflow/example_dags/example_python_decorator.py
[2024-11-19T13:29:52.115+0530] {processor.py:830} INFO - Processing file /home/sigmoid/Desktop/Personal_Ml/airflow_poc/airflow_env/lib/python3.8/site-packages/airflow/example_dags/example_python_decorator.py for tasks to queue
[2024-11-19T13:29:52.116+0530] {logging_mixin.py:188} INFO - [2024-11-19T13:29:52.116+0530] {dagbag.py:540} INFO - Filling up the DagBag from /home/sigmoid/Desktop/Personal_Ml/airflow_poc/airflow_env/lib/python3.8/site-packages/airflow/example_dags/example_python_decorator.py
[2024-11-19T13:29:52.146+0530] {processor.py:840} INFO - DAG(s) 'example_python_decorator' retrieved from /home/sigmoid/Desktop/Personal_Ml/airflow_poc/airflow_env/lib/python3.8/site-packages/airflow/example_dags/example_python_decorator.py
[2024-11-19T13:29:52.180+0530] {logging_mixin.py:188} INFO - [2024-11-19T13:29:52.180+0530] {dag.py:3047} INFO - Sync 1 DAGs
[2024-11-19T13:29:52.206+0530] {logging_mixin.py:188} INFO - [2024-11-19T13:29:52.205+0530] {dag.py:3834} INFO - Setting next_dagrun for example_python_decorator to None, run_after=None
[2024-11-19T13:29:52.261+0530] {processor.py:183} INFO - Processing /home/sigmoid/Desktop/Personal_Ml/airflow_poc/airflow_env/lib/python3.8/site-packages/airflow/example_dags/example_python_decorator.py took 0.152 seconds
[2024-11-19T13:30:49.344+0530] {processor.py:161} INFO - Started process (PID=36453) to work on /home/sigmoid/Desktop/Personal_Ml/airflow_poc/airflow_env/lib/python3.8/site-packages/airflow/example_dags/example_python_decorator.py
[2024-11-19T13:30:49.345+0530] {processor.py:830} INFO - Processing file /home/sigmoid/Desktop/Personal_Ml/airflow_poc/airflow_env/lib/python3.8/site-packages/airflow/example_dags/example_python_decorator.py for tasks to queue
[2024-11-19T13:30:49.346+0530] {logging_mixin.py:188} INFO - [2024-11-19T13:30:49.346+0530] {dagbag.py:540} INFO - Filling up the DagBag from /home/sigmoid/Desktop/Personal_Ml/airflow_poc/airflow_env/lib/python3.8/site-packages/airflow/example_dags/example_python_decorator.py
[2024-11-19T13:30:49.360+0530] {processor.py:840} INFO - DAG(s) 'example_python_decorator' retrieved from /home/sigmoid/Desktop/Personal_Ml/airflow_poc/airflow_env/lib/python3.8/site-packages/airflow/example_dags/example_python_decorator.py
[2024-11-19T13:30:49.378+0530] {logging_mixin.py:188} INFO - [2024-11-19T13:30:49.377+0530] {dag.py:3047} INFO - Sync 1 DAGs
[2024-11-19T13:30:49.389+0530] {logging_mixin.py:188} INFO - [2024-11-19T13:30:49.389+0530] {dag.py:3834} INFO - Setting next_dagrun for example_python_decorator to None, run_after=None
[2024-11-19T13:30:49.410+0530] {processor.py:183} INFO - Processing /home/sigmoid/Desktop/Personal_Ml/airflow_poc/airflow_env/lib/python3.8/site-packages/airflow/example_dags/example_python_decorator.py took 0.069 seconds
[2024-11-19T13:31:54.708+0530] {processor.py:161} INFO - Started process (PID=36796) to work on /home/sigmoid/Desktop/Personal_Ml/airflow_poc/airflow_env/lib/python3.8/site-packages/airflow/example_dags/example_python_decorator.py
[2024-11-19T13:31:54.709+0530] {processor.py:830} INFO - Processing file /home/sigmoid/Desktop/Personal_Ml/airflow_poc/airflow_env/lib/python3.8/site-packages/airflow/example_dags/example_python_decorator.py for tasks to queue
[2024-11-19T13:31:54.710+0530] {logging_mixin.py:188} INFO - [2024-11-19T13:31:54.710+0530] {dagbag.py:540} INFO - Filling up the DagBag from /home/sigmoid/Desktop/Personal_Ml/airflow_poc/airflow_env/lib/python3.8/site-packages/airflow/example_dags/example_python_decorator.py
[2024-11-19T13:31:54.724+0530] {processor.py:840} INFO - DAG(s) 'example_python_decorator' retrieved from /home/sigmoid/Desktop/Personal_Ml/airflow_poc/airflow_env/lib/python3.8/site-packages/airflow/example_dags/example_python_decorator.py
[2024-11-19T13:31:54.742+0530] {logging_mixin.py:188} INFO - [2024-11-19T13:31:54.742+0530] {dag.py:3047} INFO - Sync 1 DAGs
[2024-11-19T13:31:54.753+0530] {logging_mixin.py:188} INFO - [2024-11-19T13:31:54.753+0530] {dag.py:3834} INFO - Setting next_dagrun for example_python_decorator to None, run_after=None
[2024-11-19T13:31:54.775+0530] {processor.py:183} INFO - Processing /home/sigmoid/Desktop/Personal_Ml/airflow_poc/airflow_env/lib/python3.8/site-packages/airflow/example_dags/example_python_decorator.py took 0.070 seconds
[2024-11-19T13:32:57.773+0530] {processor.py:161} INFO - Started process (PID=36876) to work on /home/sigmoid/Desktop/Personal_Ml/airflow_poc/airflow_env/lib/python3.8/site-packages/airflow/example_dags/example_python_decorator.py
[2024-11-19T13:32:57.774+0530] {processor.py:830} INFO - Processing file /home/sigmoid/Desktop/Personal_Ml/airflow_poc/airflow_env/lib/python3.8/site-packages/airflow/example_dags/example_python_decorator.py for tasks to queue
[2024-11-19T13:32:57.775+0530] {logging_mixin.py:188} INFO - [2024-11-19T13:32:57.775+0530] {dagbag.py:540} INFO - Filling up the DagBag from /home/sigmoid/Desktop/Personal_Ml/airflow_poc/airflow_env/lib/python3.8/site-packages/airflow/example_dags/example_python_decorator.py
[2024-11-19T13:32:57.789+0530] {processor.py:840} INFO - DAG(s) 'example_python_decorator' retrieved from /home/sigmoid/Desktop/Personal_Ml/airflow_poc/airflow_env/lib/python3.8/site-packages/airflow/example_dags/example_python_decorator.py
[2024-11-19T13:32:57.807+0530] {logging_mixin.py:188} INFO - [2024-11-19T13:32:57.807+0530] {dag.py:3047} INFO - Sync 1 DAGs
[2024-11-19T13:32:57.818+0530] {logging_mixin.py:188} INFO - [2024-11-19T13:32:57.818+0530] {dag.py:3834} INFO - Setting next_dagrun for example_python_decorator to None, run_after=None
[2024-11-19T13:32:57.839+0530] {processor.py:183} INFO - Processing /home/sigmoid/Desktop/Personal_Ml/airflow_poc/airflow_env/lib/python3.8/site-packages/airflow/example_dags/example_python_decorator.py took 0.069 seconds
[2024-11-19T13:33:55.409+0530] {processor.py:161} INFO - Started process (PID=36983) to work on /home/sigmoid/Desktop/Personal_Ml/airflow_poc/airflow_env/lib/python3.8/site-packages/airflow/example_dags/example_python_decorator.py
[2024-11-19T13:33:55.410+0530] {processor.py:830} INFO - Processing file /home/sigmoid/Desktop/Personal_Ml/airflow_poc/airflow_env/lib/python3.8/site-packages/airflow/example_dags/example_python_decorator.py for tasks to queue
[2024-11-19T13:33:55.411+0530] {logging_mixin.py:188} INFO - [2024-11-19T13:33:55.410+0530] {dagbag.py:540} INFO - Filling up the DagBag from /home/sigmoid/Desktop/Personal_Ml/airflow_poc/airflow_env/lib/python3.8/site-packages/airflow/example_dags/example_python_decorator.py
[2024-11-19T13:33:55.432+0530] {processor.py:840} INFO - DAG(s) 'example_python_decorator' retrieved from /home/sigmoid/Desktop/Personal_Ml/airflow_poc/airflow_env/lib/python3.8/site-packages/airflow/example_dags/example_python_decorator.py
[2024-11-19T13:33:55.457+0530] {logging_mixin.py:188} INFO - [2024-11-19T13:33:55.457+0530] {dag.py:3047} INFO - Sync 1 DAGs
[2024-11-19T13:33:55.474+0530] {logging_mixin.py:188} INFO - [2024-11-19T13:33:55.474+0530] {dag.py:3834} INFO - Setting next_dagrun for example_python_decorator to None, run_after=None
[2024-11-19T13:33:55.514+0530] {processor.py:183} INFO - Processing /home/sigmoid/Desktop/Personal_Ml/airflow_poc/airflow_env/lib/python3.8/site-packages/airflow/example_dags/example_python_decorator.py took 0.109 seconds
[2024-11-19T13:41:49.766+0530] {processor.py:161} INFO - Started process (PID=37276) to work on /home/sigmoid/Desktop/Personal_Ml/airflow_poc/airflow_env/lib/python3.8/site-packages/airflow/example_dags/example_python_decorator.py
[2024-11-19T13:41:49.767+0530] {processor.py:830} INFO - Processing file /home/sigmoid/Desktop/Personal_Ml/airflow_poc/airflow_env/lib/python3.8/site-packages/airflow/example_dags/example_python_decorator.py for tasks to queue
[2024-11-19T13:41:49.768+0530] {logging_mixin.py:188} INFO - [2024-11-19T13:41:49.768+0530] {dagbag.py:540} INFO - Filling up the DagBag from /home/sigmoid/Desktop/Personal_Ml/airflow_poc/airflow_env/lib/python3.8/site-packages/airflow/example_dags/example_python_decorator.py
[2024-11-19T13:41:49.781+0530] {processor.py:840} INFO - DAG(s) 'example_python_decorator' retrieved from /home/sigmoid/Desktop/Personal_Ml/airflow_poc/airflow_env/lib/python3.8/site-packages/airflow/example_dags/example_python_decorator.py
[2024-11-19T13:41:49.878+0530] {logging_mixin.py:188} INFO - [2024-11-19T13:41:49.878+0530] {dag.py:3047} INFO - Sync 1 DAGs
[2024-11-19T13:41:49.888+0530] {logging_mixin.py:188} INFO - [2024-11-19T13:41:49.888+0530] {dag.py:3834} INFO - Setting next_dagrun for example_python_decorator to None, run_after=None
[2024-11-19T13:41:49.909+0530] {processor.py:183} INFO - Processing /home/sigmoid/Desktop/Personal_Ml/airflow_poc/airflow_env/lib/python3.8/site-packages/airflow/example_dags/example_python_decorator.py took 0.146 seconds
[2024-11-19T13:42:52.364+0530] {processor.py:161} INFO - Started process (PID=37354) to work on /home/sigmoid/Desktop/Personal_Ml/airflow_poc/airflow_env/lib/python3.8/site-packages/airflow/example_dags/example_python_decorator.py
[2024-11-19T13:42:52.365+0530] {processor.py:830} INFO - Processing file /home/sigmoid/Desktop/Personal_Ml/airflow_poc/airflow_env/lib/python3.8/site-packages/airflow/example_dags/example_python_decorator.py for tasks to queue
[2024-11-19T13:42:52.366+0530] {logging_mixin.py:188} INFO - [2024-11-19T13:42:52.366+0530] {dagbag.py:540} INFO - Filling up the DagBag from /home/sigmoid/Desktop/Personal_Ml/airflow_poc/airflow_env/lib/python3.8/site-packages/airflow/example_dags/example_python_decorator.py
[2024-11-19T13:42:52.380+0530] {processor.py:840} INFO - DAG(s) 'example_python_decorator' retrieved from /home/sigmoid/Desktop/Personal_Ml/airflow_poc/airflow_env/lib/python3.8/site-packages/airflow/example_dags/example_python_decorator.py
[2024-11-19T13:42:52.401+0530] {logging_mixin.py:188} INFO - [2024-11-19T13:42:52.401+0530] {dag.py:3047} INFO - Sync 1 DAGs
[2024-11-19T13:42:52.416+0530] {logging_mixin.py:188} INFO - [2024-11-19T13:42:52.416+0530] {dag.py:3834} INFO - Setting next_dagrun for example_python_decorator to None, run_after=None
[2024-11-19T13:42:52.437+0530] {processor.py:183} INFO - Processing /home/sigmoid/Desktop/Personal_Ml/airflow_poc/airflow_env/lib/python3.8/site-packages/airflow/example_dags/example_python_decorator.py took 0.077 seconds
[2024-11-19T13:43:58.636+0530] {processor.py:161} INFO - Started process (PID=37429) to work on /home/sigmoid/Desktop/Personal_Ml/airflow_poc/airflow_env/lib/python3.8/site-packages/airflow/example_dags/example_python_decorator.py
[2024-11-19T13:43:58.637+0530] {processor.py:830} INFO - Processing file /home/sigmoid/Desktop/Personal_Ml/airflow_poc/airflow_env/lib/python3.8/site-packages/airflow/example_dags/example_python_decorator.py for tasks to queue
[2024-11-19T13:43:58.638+0530] {logging_mixin.py:188} INFO - [2024-11-19T13:43:58.637+0530] {dagbag.py:540} INFO - Filling up the DagBag from /home/sigmoid/Desktop/Personal_Ml/airflow_poc/airflow_env/lib/python3.8/site-packages/airflow/example_dags/example_python_decorator.py
[2024-11-19T13:43:58.651+0530] {processor.py:840} INFO - DAG(s) 'example_python_decorator' retrieved from /home/sigmoid/Desktop/Personal_Ml/airflow_poc/airflow_env/lib/python3.8/site-packages/airflow/example_dags/example_python_decorator.py
[2024-11-19T13:43:58.669+0530] {logging_mixin.py:188} INFO - [2024-11-19T13:43:58.669+0530] {dag.py:3047} INFO - Sync 1 DAGs
[2024-11-19T13:43:58.681+0530] {logging_mixin.py:188} INFO - [2024-11-19T13:43:58.681+0530] {dag.py:3834} INFO - Setting next_dagrun for example_python_decorator to None, run_after=None
[2024-11-19T13:43:58.702+0530] {processor.py:183} INFO - Processing /home/sigmoid/Desktop/Personal_Ml/airflow_poc/airflow_env/lib/python3.8/site-packages/airflow/example_dags/example_python_decorator.py took 0.069 seconds
[2024-11-19T13:44:59.078+0530] {processor.py:161} INFO - Started process (PID=37507) to work on /home/sigmoid/Desktop/Personal_Ml/airflow_poc/airflow_env/lib/python3.8/site-packages/airflow/example_dags/example_python_decorator.py
[2024-11-19T13:44:59.079+0530] {processor.py:830} INFO - Processing file /home/sigmoid/Desktop/Personal_Ml/airflow_poc/airflow_env/lib/python3.8/site-packages/airflow/example_dags/example_python_decorator.py for tasks to queue
[2024-11-19T13:44:59.080+0530] {logging_mixin.py:188} INFO - [2024-11-19T13:44:59.080+0530] {dagbag.py:540} INFO - Filling up the DagBag from /home/sigmoid/Desktop/Personal_Ml/airflow_poc/airflow_env/lib/python3.8/site-packages/airflow/example_dags/example_python_decorator.py
[2024-11-19T13:44:59.094+0530] {processor.py:840} INFO - DAG(s) 'example_python_decorator' retrieved from /home/sigmoid/Desktop/Personal_Ml/airflow_poc/airflow_env/lib/python3.8/site-packages/airflow/example_dags/example_python_decorator.py
[2024-11-19T13:44:59.112+0530] {logging_mixin.py:188} INFO - [2024-11-19T13:44:59.112+0530] {dag.py:3047} INFO - Sync 1 DAGs
[2024-11-19T13:44:59.124+0530] {logging_mixin.py:188} INFO - [2024-11-19T13:44:59.124+0530] {dag.py:3834} INFO - Setting next_dagrun for example_python_decorator to None, run_after=None
[2024-11-19T13:44:59.145+0530] {processor.py:183} INFO - Processing /home/sigmoid/Desktop/Personal_Ml/airflow_poc/airflow_env/lib/python3.8/site-packages/airflow/example_dags/example_python_decorator.py took 0.070 seconds
[2024-11-19T13:46:03.226+0530] {processor.py:161} INFO - Started process (PID=37580) to work on /home/sigmoid/Desktop/Personal_Ml/airflow_poc/airflow_env/lib/python3.8/site-packages/airflow/example_dags/example_python_decorator.py
[2024-11-19T13:46:03.227+0530] {processor.py:830} INFO - Processing file /home/sigmoid/Desktop/Personal_Ml/airflow_poc/airflow_env/lib/python3.8/site-packages/airflow/example_dags/example_python_decorator.py for tasks to queue
[2024-11-19T13:46:03.228+0530] {logging_mixin.py:188} INFO - [2024-11-19T13:46:03.228+0530] {dagbag.py:540} INFO - Filling up the DagBag from /home/sigmoid/Desktop/Personal_Ml/airflow_poc/airflow_env/lib/python3.8/site-packages/airflow/example_dags/example_python_decorator.py
[2024-11-19T13:46:03.242+0530] {processor.py:840} INFO - DAG(s) 'example_python_decorator' retrieved from /home/sigmoid/Desktop/Personal_Ml/airflow_poc/airflow_env/lib/python3.8/site-packages/airflow/example_dags/example_python_decorator.py
[2024-11-19T13:46:03.260+0530] {logging_mixin.py:188} INFO - [2024-11-19T13:46:03.260+0530] {dag.py:3047} INFO - Sync 1 DAGs
[2024-11-19T13:46:03.271+0530] {logging_mixin.py:188} INFO - [2024-11-19T13:46:03.271+0530] {dag.py:3834} INFO - Setting next_dagrun for example_python_decorator to None, run_after=None
[2024-11-19T13:46:03.292+0530] {processor.py:183} INFO - Processing /home/sigmoid/Desktop/Personal_Ml/airflow_poc/airflow_env/lib/python3.8/site-packages/airflow/example_dags/example_python_decorator.py took 0.069 seconds
[2024-11-19T13:46:54.190+0530] {processor.py:161} INFO - Started process (PID=37897) to work on /home/sigmoid/Desktop/Personal_Ml/airflow_poc/airflow_env/lib/python3.8/site-packages/airflow/example_dags/example_python_decorator.py
[2024-11-19T13:46:54.193+0530] {processor.py:830} INFO - Processing file /home/sigmoid/Desktop/Personal_Ml/airflow_poc/airflow_env/lib/python3.8/site-packages/airflow/example_dags/example_python_decorator.py for tasks to queue
[2024-11-19T13:46:54.194+0530] {logging_mixin.py:188} INFO - [2024-11-19T13:46:54.194+0530] {dagbag.py:540} INFO - Filling up the DagBag from /home/sigmoid/Desktop/Personal_Ml/airflow_poc/airflow_env/lib/python3.8/site-packages/airflow/example_dags/example_python_decorator.py
[2024-11-19T13:46:54.214+0530] {processor.py:840} INFO - DAG(s) 'example_python_decorator' retrieved from /home/sigmoid/Desktop/Personal_Ml/airflow_poc/airflow_env/lib/python3.8/site-packages/airflow/example_dags/example_python_decorator.py
[2024-11-19T13:46:54.233+0530] {logging_mixin.py:188} INFO - [2024-11-19T13:46:54.233+0530] {dag.py:3047} INFO - Sync 1 DAGs
[2024-11-19T13:46:54.249+0530] {logging_mixin.py:188} INFO - [2024-11-19T13:46:54.249+0530] {dag.py:3834} INFO - Setting next_dagrun for example_python_decorator to None, run_after=None
[2024-11-19T13:46:54.272+0530] {processor.py:183} INFO - Processing /home/sigmoid/Desktop/Personal_Ml/airflow_poc/airflow_env/lib/python3.8/site-packages/airflow/example_dags/example_python_decorator.py took 0.087 seconds
[2024-11-19T13:47:53.748+0530] {processor.py:161} INFO - Started process (PID=37972) to work on /home/sigmoid/Desktop/Personal_Ml/airflow_poc/airflow_env/lib/python3.8/site-packages/airflow/example_dags/example_python_decorator.py
[2024-11-19T13:47:53.749+0530] {processor.py:830} INFO - Processing file /home/sigmoid/Desktop/Personal_Ml/airflow_poc/airflow_env/lib/python3.8/site-packages/airflow/example_dags/example_python_decorator.py for tasks to queue
[2024-11-19T13:47:53.750+0530] {logging_mixin.py:188} INFO - [2024-11-19T13:47:53.749+0530] {dagbag.py:540} INFO - Filling up the DagBag from /home/sigmoid/Desktop/Personal_Ml/airflow_poc/airflow_env/lib/python3.8/site-packages/airflow/example_dags/example_python_decorator.py
[2024-11-19T13:47:53.763+0530] {processor.py:840} INFO - DAG(s) 'example_python_decorator' retrieved from /home/sigmoid/Desktop/Personal_Ml/airflow_poc/airflow_env/lib/python3.8/site-packages/airflow/example_dags/example_python_decorator.py
[2024-11-19T13:47:53.781+0530] {logging_mixin.py:188} INFO - [2024-11-19T13:47:53.780+0530] {dag.py:3047} INFO - Sync 1 DAGs
[2024-11-19T13:47:53.792+0530] {logging_mixin.py:188} INFO - [2024-11-19T13:47:53.792+0530] {dag.py:3834} INFO - Setting next_dagrun for example_python_decorator to None, run_after=None
[2024-11-19T13:47:53.814+0530] {processor.py:183} INFO - Processing /home/sigmoid/Desktop/Personal_Ml/airflow_poc/airflow_env/lib/python3.8/site-packages/airflow/example_dags/example_python_decorator.py took 0.070 seconds
[2024-11-19T13:48:55.179+0530] {processor.py:161} INFO - Started process (PID=38045) to work on /home/sigmoid/Desktop/Personal_Ml/airflow_poc/airflow_env/lib/python3.8/site-packages/airflow/example_dags/example_python_decorator.py
[2024-11-19T13:48:55.181+0530] {processor.py:830} INFO - Processing file /home/sigmoid/Desktop/Personal_Ml/airflow_poc/airflow_env/lib/python3.8/site-packages/airflow/example_dags/example_python_decorator.py for tasks to queue
[2024-11-19T13:48:55.183+0530] {logging_mixin.py:188} INFO - [2024-11-19T13:48:55.182+0530] {dagbag.py:540} INFO - Filling up the DagBag from /home/sigmoid/Desktop/Personal_Ml/airflow_poc/airflow_env/lib/python3.8/site-packages/airflow/example_dags/example_python_decorator.py
[2024-11-19T13:48:55.209+0530] {processor.py:840} INFO - DAG(s) 'example_python_decorator' retrieved from /home/sigmoid/Desktop/Personal_Ml/airflow_poc/airflow_env/lib/python3.8/site-packages/airflow/example_dags/example_python_decorator.py
[2024-11-19T13:48:55.245+0530] {logging_mixin.py:188} INFO - [2024-11-19T13:48:55.245+0530] {dag.py:3047} INFO - Sync 1 DAGs
[2024-11-19T13:48:55.269+0530] {logging_mixin.py:188} INFO - [2024-11-19T13:48:55.268+0530] {dag.py:3834} INFO - Setting next_dagrun for example_python_decorator to None, run_after=None
[2024-11-19T13:48:55.305+0530] {processor.py:183} INFO - Processing /home/sigmoid/Desktop/Personal_Ml/airflow_poc/airflow_env/lib/python3.8/site-packages/airflow/example_dags/example_python_decorator.py took 0.131 seconds
[2024-11-19T13:49:49.976+0530] {processor.py:161} INFO - Started process (PID=38117) to work on /home/sigmoid/Desktop/Personal_Ml/airflow_poc/airflow_env/lib/python3.8/site-packages/airflow/example_dags/example_python_decorator.py
[2024-11-19T13:49:49.977+0530] {processor.py:830} INFO - Processing file /home/sigmoid/Desktop/Personal_Ml/airflow_poc/airflow_env/lib/python3.8/site-packages/airflow/example_dags/example_python_decorator.py for tasks to queue
[2024-11-19T13:49:49.978+0530] {logging_mixin.py:188} INFO - [2024-11-19T13:49:49.977+0530] {dagbag.py:540} INFO - Filling up the DagBag from /home/sigmoid/Desktop/Personal_Ml/airflow_poc/airflow_env/lib/python3.8/site-packages/airflow/example_dags/example_python_decorator.py
[2024-11-19T13:49:49.991+0530] {processor.py:840} INFO - DAG(s) 'example_python_decorator' retrieved from /home/sigmoid/Desktop/Personal_Ml/airflow_poc/airflow_env/lib/python3.8/site-packages/airflow/example_dags/example_python_decorator.py
[2024-11-19T13:49:50.009+0530] {logging_mixin.py:188} INFO - [2024-11-19T13:49:50.009+0530] {dag.py:3047} INFO - Sync 1 DAGs
[2024-11-19T13:49:50.021+0530] {logging_mixin.py:188} INFO - [2024-11-19T13:49:50.020+0530] {dag.py:3834} INFO - Setting next_dagrun for example_python_decorator to None, run_after=None
[2024-11-19T13:49:50.042+0530] {processor.py:183} INFO - Processing /home/sigmoid/Desktop/Personal_Ml/airflow_poc/airflow_env/lib/python3.8/site-packages/airflow/example_dags/example_python_decorator.py took 0.069 seconds
[2024-11-19T13:50:50.642+0530] {processor.py:161} INFO - Started process (PID=38188) to work on /home/sigmoid/Desktop/Personal_Ml/airflow_poc/airflow_env/lib/python3.8/site-packages/airflow/example_dags/example_python_decorator.py
[2024-11-19T13:50:50.643+0530] {processor.py:830} INFO - Processing file /home/sigmoid/Desktop/Personal_Ml/airflow_poc/airflow_env/lib/python3.8/site-packages/airflow/example_dags/example_python_decorator.py for tasks to queue
[2024-11-19T13:50:50.644+0530] {logging_mixin.py:188} INFO - [2024-11-19T13:50:50.644+0530] {dagbag.py:540} INFO - Filling up the DagBag from /home/sigmoid/Desktop/Personal_Ml/airflow_poc/airflow_env/lib/python3.8/site-packages/airflow/example_dags/example_python_decorator.py
[2024-11-19T13:50:50.658+0530] {processor.py:840} INFO - DAG(s) 'example_python_decorator' retrieved from /home/sigmoid/Desktop/Personal_Ml/airflow_poc/airflow_env/lib/python3.8/site-packages/airflow/example_dags/example_python_decorator.py
[2024-11-19T13:50:50.676+0530] {logging_mixin.py:188} INFO - [2024-11-19T13:50:50.675+0530] {dag.py:3047} INFO - Sync 1 DAGs
[2024-11-19T13:50:50.687+0530] {logging_mixin.py:188} INFO - [2024-11-19T13:50:50.687+0530] {dag.py:3834} INFO - Setting next_dagrun for example_python_decorator to None, run_after=None
[2024-11-19T13:50:50.708+0530] {processor.py:183} INFO - Processing /home/sigmoid/Desktop/Personal_Ml/airflow_poc/airflow_env/lib/python3.8/site-packages/airflow/example_dags/example_python_decorator.py took 0.069 seconds
[2024-11-19T13:51:53.134+0530] {processor.py:161} INFO - Started process (PID=38266) to work on /home/sigmoid/Desktop/Personal_Ml/airflow_poc/airflow_env/lib/python3.8/site-packages/airflow/example_dags/example_python_decorator.py
[2024-11-19T13:51:53.135+0530] {processor.py:830} INFO - Processing file /home/sigmoid/Desktop/Personal_Ml/airflow_poc/airflow_env/lib/python3.8/site-packages/airflow/example_dags/example_python_decorator.py for tasks to queue
[2024-11-19T13:51:53.136+0530] {logging_mixin.py:188} INFO - [2024-11-19T13:51:53.135+0530] {dagbag.py:540} INFO - Filling up the DagBag from /home/sigmoid/Desktop/Personal_Ml/airflow_poc/airflow_env/lib/python3.8/site-packages/airflow/example_dags/example_python_decorator.py
[2024-11-19T13:51:53.149+0530] {processor.py:840} INFO - DAG(s) 'example_python_decorator' retrieved from /home/sigmoid/Desktop/Personal_Ml/airflow_poc/airflow_env/lib/python3.8/site-packages/airflow/example_dags/example_python_decorator.py
[2024-11-19T13:51:53.168+0530] {logging_mixin.py:188} INFO - [2024-11-19T13:51:53.168+0530] {dag.py:3047} INFO - Sync 1 DAGs
[2024-11-19T13:51:53.181+0530] {logging_mixin.py:188} INFO - [2024-11-19T13:51:53.180+0530] {dag.py:3834} INFO - Setting next_dagrun for example_python_decorator to None, run_after=None
[2024-11-19T13:51:53.209+0530] {processor.py:183} INFO - Processing /home/sigmoid/Desktop/Personal_Ml/airflow_poc/airflow_env/lib/python3.8/site-packages/airflow/example_dags/example_python_decorator.py took 0.079 seconds
[2024-11-19T13:52:55.015+0530] {processor.py:161} INFO - Started process (PID=38341) to work on /home/sigmoid/Desktop/Personal_Ml/airflow_poc/airflow_env/lib/python3.8/site-packages/airflow/example_dags/example_python_decorator.py
[2024-11-19T13:52:55.016+0530] {processor.py:830} INFO - Processing file /home/sigmoid/Desktop/Personal_Ml/airflow_poc/airflow_env/lib/python3.8/site-packages/airflow/example_dags/example_python_decorator.py for tasks to queue
[2024-11-19T13:52:55.017+0530] {logging_mixin.py:188} INFO - [2024-11-19T13:52:55.017+0530] {dagbag.py:540} INFO - Filling up the DagBag from /home/sigmoid/Desktop/Personal_Ml/airflow_poc/airflow_env/lib/python3.8/site-packages/airflow/example_dags/example_python_decorator.py
[2024-11-19T13:52:55.030+0530] {processor.py:840} INFO - DAG(s) 'example_python_decorator' retrieved from /home/sigmoid/Desktop/Personal_Ml/airflow_poc/airflow_env/lib/python3.8/site-packages/airflow/example_dags/example_python_decorator.py
[2024-11-19T13:52:55.048+0530] {logging_mixin.py:188} INFO - [2024-11-19T13:52:55.048+0530] {dag.py:3047} INFO - Sync 1 DAGs
[2024-11-19T13:52:55.060+0530] {logging_mixin.py:188} INFO - [2024-11-19T13:52:55.059+0530] {dag.py:3834} INFO - Setting next_dagrun for example_python_decorator to None, run_after=None
[2024-11-19T13:52:55.080+0530] {processor.py:183} INFO - Processing /home/sigmoid/Desktop/Personal_Ml/airflow_poc/airflow_env/lib/python3.8/site-packages/airflow/example_dags/example_python_decorator.py took 0.068 seconds
[2024-11-19T13:54:03.215+0530] {processor.py:161} INFO - Started process (PID=38469) to work on /home/sigmoid/Desktop/Personal_Ml/airflow_poc/airflow_env/lib/python3.8/site-packages/airflow/example_dags/example_python_decorator.py
[2024-11-19T13:54:03.216+0530] {processor.py:830} INFO - Processing file /home/sigmoid/Desktop/Personal_Ml/airflow_poc/airflow_env/lib/python3.8/site-packages/airflow/example_dags/example_python_decorator.py for tasks to queue
[2024-11-19T13:54:03.218+0530] {logging_mixin.py:188} INFO - [2024-11-19T13:54:03.217+0530] {dagbag.py:540} INFO - Filling up the DagBag from /home/sigmoid/Desktop/Personal_Ml/airflow_poc/airflow_env/lib/python3.8/site-packages/airflow/example_dags/example_python_decorator.py
[2024-11-19T13:54:03.232+0530] {processor.py:840} INFO - DAG(s) 'example_python_decorator' retrieved from /home/sigmoid/Desktop/Personal_Ml/airflow_poc/airflow_env/lib/python3.8/site-packages/airflow/example_dags/example_python_decorator.py
[2024-11-19T13:54:03.252+0530] {logging_mixin.py:188} INFO - [2024-11-19T13:54:03.252+0530] {dag.py:3047} INFO - Sync 1 DAGs
[2024-11-19T13:54:03.267+0530] {logging_mixin.py:188} INFO - [2024-11-19T13:54:03.266+0530] {dag.py:3834} INFO - Setting next_dagrun for example_python_decorator to None, run_after=None
[2024-11-19T13:54:03.289+0530] {processor.py:183} INFO - Processing /home/sigmoid/Desktop/Personal_Ml/airflow_poc/airflow_env/lib/python3.8/site-packages/airflow/example_dags/example_python_decorator.py took 0.077 seconds
[2024-11-19T14:30:53.240+0530] {processor.py:161} INFO - Started process (PID=54659) to work on /home/sigmoid/Desktop/Personal_Ml/airflow_poc/airflow_env/lib/python3.8/site-packages/airflow/example_dags/example_python_decorator.py
[2024-11-19T14:30:53.241+0530] {processor.py:830} INFO - Processing file /home/sigmoid/Desktop/Personal_Ml/airflow_poc/airflow_env/lib/python3.8/site-packages/airflow/example_dags/example_python_decorator.py for tasks to queue
[2024-11-19T14:30:53.242+0530] {logging_mixin.py:188} INFO - [2024-11-19T14:30:53.241+0530] {dagbag.py:540} INFO - Filling up the DagBag from /home/sigmoid/Desktop/Personal_Ml/airflow_poc/airflow_env/lib/python3.8/site-packages/airflow/example_dags/example_python_decorator.py
[2024-11-19T14:30:53.256+0530] {processor.py:840} INFO - DAG(s) 'example_python_decorator' retrieved from /home/sigmoid/Desktop/Personal_Ml/airflow_poc/airflow_env/lib/python3.8/site-packages/airflow/example_dags/example_python_decorator.py
[2024-11-19T14:30:53.357+0530] {logging_mixin.py:188} INFO - [2024-11-19T14:30:53.356+0530] {dag.py:3047} INFO - Sync 1 DAGs
[2024-11-19T14:30:53.368+0530] {logging_mixin.py:188} INFO - [2024-11-19T14:30:53.367+0530] {dag.py:3834} INFO - Setting next_dagrun for example_python_decorator to None, run_after=None
[2024-11-19T14:30:53.407+0530] {processor.py:183} INFO - Processing /home/sigmoid/Desktop/Personal_Ml/airflow_poc/airflow_env/lib/python3.8/site-packages/airflow/example_dags/example_python_decorator.py took 0.171 seconds
[2024-11-19T14:31:46.315+0530] {processor.py:161} INFO - Started process (PID=55019) to work on /home/sigmoid/Desktop/Personal_Ml/airflow_poc/airflow_env/lib/python3.8/site-packages/airflow/example_dags/example_python_decorator.py
[2024-11-19T14:31:46.317+0530] {processor.py:830} INFO - Processing file /home/sigmoid/Desktop/Personal_Ml/airflow_poc/airflow_env/lib/python3.8/site-packages/airflow/example_dags/example_python_decorator.py for tasks to queue
[2024-11-19T14:31:46.320+0530] {logging_mixin.py:188} INFO - [2024-11-19T14:31:46.319+0530] {dagbag.py:540} INFO - Filling up the DagBag from /home/sigmoid/Desktop/Personal_Ml/airflow_poc/airflow_env/lib/python3.8/site-packages/airflow/example_dags/example_python_decorator.py
[2024-11-19T14:31:46.338+0530] {processor.py:840} INFO - DAG(s) 'example_python_decorator' retrieved from /home/sigmoid/Desktop/Personal_Ml/airflow_poc/airflow_env/lib/python3.8/site-packages/airflow/example_dags/example_python_decorator.py
[2024-11-19T14:31:46.357+0530] {logging_mixin.py:188} INFO - [2024-11-19T14:31:46.357+0530] {dag.py:3047} INFO - Sync 1 DAGs
[2024-11-19T14:31:46.370+0530] {logging_mixin.py:188} INFO - [2024-11-19T14:31:46.370+0530] {dag.py:3834} INFO - Setting next_dagrun for example_python_decorator to None, run_after=None
[2024-11-19T14:31:46.395+0530] {processor.py:183} INFO - Processing /home/sigmoid/Desktop/Personal_Ml/airflow_poc/airflow_env/lib/python3.8/site-packages/airflow/example_dags/example_python_decorator.py took 0.085 seconds
[2024-11-19T14:32:50.952+0530] {processor.py:161} INFO - Started process (PID=55108) to work on /home/sigmoid/Desktop/Personal_Ml/airflow_poc/airflow_env/lib/python3.8/site-packages/airflow/example_dags/example_python_decorator.py
[2024-11-19T14:32:50.953+0530] {processor.py:830} INFO - Processing file /home/sigmoid/Desktop/Personal_Ml/airflow_poc/airflow_env/lib/python3.8/site-packages/airflow/example_dags/example_python_decorator.py for tasks to queue
[2024-11-19T14:32:50.954+0530] {logging_mixin.py:188} INFO - [2024-11-19T14:32:50.954+0530] {dagbag.py:540} INFO - Filling up the DagBag from /home/sigmoid/Desktop/Personal_Ml/airflow_poc/airflow_env/lib/python3.8/site-packages/airflow/example_dags/example_python_decorator.py
[2024-11-19T14:32:50.968+0530] {processor.py:840} INFO - DAG(s) 'example_python_decorator' retrieved from /home/sigmoid/Desktop/Personal_Ml/airflow_poc/airflow_env/lib/python3.8/site-packages/airflow/example_dags/example_python_decorator.py
[2024-11-19T14:32:50.986+0530] {logging_mixin.py:188} INFO - [2024-11-19T14:32:50.985+0530] {dag.py:3047} INFO - Sync 1 DAGs
[2024-11-19T14:32:50.997+0530] {logging_mixin.py:188} INFO - [2024-11-19T14:32:50.997+0530] {dag.py:3834} INFO - Setting next_dagrun for example_python_decorator to None, run_after=None
[2024-11-19T14:32:51.017+0530] {processor.py:183} INFO - Processing /home/sigmoid/Desktop/Personal_Ml/airflow_poc/airflow_env/lib/python3.8/site-packages/airflow/example_dags/example_python_decorator.py took 0.069 seconds
[2024-11-19T14:33:54.245+0530] {processor.py:161} INFO - Started process (PID=55183) to work on /home/sigmoid/Desktop/Personal_Ml/airflow_poc/airflow_env/lib/python3.8/site-packages/airflow/example_dags/example_python_decorator.py
[2024-11-19T14:33:54.247+0530] {processor.py:830} INFO - Processing file /home/sigmoid/Desktop/Personal_Ml/airflow_poc/airflow_env/lib/python3.8/site-packages/airflow/example_dags/example_python_decorator.py for tasks to queue
[2024-11-19T14:33:54.257+0530] {logging_mixin.py:188} INFO - [2024-11-19T14:33:54.256+0530] {dagbag.py:540} INFO - Filling up the DagBag from /home/sigmoid/Desktop/Personal_Ml/airflow_poc/airflow_env/lib/python3.8/site-packages/airflow/example_dags/example_python_decorator.py
[2024-11-19T14:33:54.281+0530] {processor.py:840} INFO - DAG(s) 'example_python_decorator' retrieved from /home/sigmoid/Desktop/Personal_Ml/airflow_poc/airflow_env/lib/python3.8/site-packages/airflow/example_dags/example_python_decorator.py
[2024-11-19T14:33:54.308+0530] {logging_mixin.py:188} INFO - [2024-11-19T14:33:54.308+0530] {dag.py:3047} INFO - Sync 1 DAGs
[2024-11-19T14:33:54.328+0530] {logging_mixin.py:188} INFO - [2024-11-19T14:33:54.327+0530] {dag.py:3834} INFO - Setting next_dagrun for example_python_decorator to None, run_after=None
[2024-11-19T14:33:54.356+0530] {processor.py:183} INFO - Processing /home/sigmoid/Desktop/Personal_Ml/airflow_poc/airflow_env/lib/python3.8/site-packages/airflow/example_dags/example_python_decorator.py took 0.116 seconds
[2024-11-19T14:35:01.371+0530] {processor.py:161} INFO - Started process (PID=55310) to work on /home/sigmoid/Desktop/Personal_Ml/airflow_poc/airflow_env/lib/python3.8/site-packages/airflow/example_dags/example_python_decorator.py
[2024-11-19T14:35:01.373+0530] {processor.py:830} INFO - Processing file /home/sigmoid/Desktop/Personal_Ml/airflow_poc/airflow_env/lib/python3.8/site-packages/airflow/example_dags/example_python_decorator.py for tasks to queue
[2024-11-19T14:35:01.374+0530] {logging_mixin.py:188} INFO - [2024-11-19T14:35:01.373+0530] {dagbag.py:540} INFO - Filling up the DagBag from /home/sigmoid/Desktop/Personal_Ml/airflow_poc/airflow_env/lib/python3.8/site-packages/airflow/example_dags/example_python_decorator.py
[2024-11-19T14:35:01.387+0530] {processor.py:840} INFO - DAG(s) 'example_python_decorator' retrieved from /home/sigmoid/Desktop/Personal_Ml/airflow_poc/airflow_env/lib/python3.8/site-packages/airflow/example_dags/example_python_decorator.py
[2024-11-19T14:35:01.406+0530] {logging_mixin.py:188} INFO - [2024-11-19T14:35:01.406+0530] {dag.py:3047} INFO - Sync 1 DAGs
[2024-11-19T14:35:01.418+0530] {logging_mixin.py:188} INFO - [2024-11-19T14:35:01.418+0530] {dag.py:3834} INFO - Setting next_dagrun for example_python_decorator to None, run_after=None
[2024-11-19T14:35:01.439+0530] {processor.py:183} INFO - Processing /home/sigmoid/Desktop/Personal_Ml/airflow_poc/airflow_env/lib/python3.8/site-packages/airflow/example_dags/example_python_decorator.py took 0.071 seconds
[2024-11-19T14:36:06.660+0530] {processor.py:161} INFO - Started process (PID=55386) to work on /home/sigmoid/Desktop/Personal_Ml/airflow_poc/airflow_env/lib/python3.8/site-packages/airflow/example_dags/example_python_decorator.py
[2024-11-19T14:36:06.661+0530] {processor.py:830} INFO - Processing file /home/sigmoid/Desktop/Personal_Ml/airflow_poc/airflow_env/lib/python3.8/site-packages/airflow/example_dags/example_python_decorator.py for tasks to queue
[2024-11-19T14:36:06.662+0530] {logging_mixin.py:188} INFO - [2024-11-19T14:36:06.662+0530] {dagbag.py:540} INFO - Filling up the DagBag from /home/sigmoid/Desktop/Personal_Ml/airflow_poc/airflow_env/lib/python3.8/site-packages/airflow/example_dags/example_python_decorator.py
[2024-11-19T14:36:06.676+0530] {processor.py:840} INFO - DAG(s) 'example_python_decorator' retrieved from /home/sigmoid/Desktop/Personal_Ml/airflow_poc/airflow_env/lib/python3.8/site-packages/airflow/example_dags/example_python_decorator.py
[2024-11-19T14:36:06.694+0530] {logging_mixin.py:188} INFO - [2024-11-19T14:36:06.694+0530] {dag.py:3047} INFO - Sync 1 DAGs
[2024-11-19T14:36:06.706+0530] {logging_mixin.py:188} INFO - [2024-11-19T14:36:06.706+0530] {dag.py:3834} INFO - Setting next_dagrun for example_python_decorator to None, run_after=None
[2024-11-19T14:36:06.727+0530] {processor.py:183} INFO - Processing /home/sigmoid/Desktop/Personal_Ml/airflow_poc/airflow_env/lib/python3.8/site-packages/airflow/example_dags/example_python_decorator.py took 0.070 seconds
[2024-11-19T14:37:12.624+0530] {processor.py:161} INFO - Started process (PID=55572) to work on /home/sigmoid/Desktop/Personal_Ml/airflow_poc/airflow_env/lib/python3.8/site-packages/airflow/example_dags/example_python_decorator.py
[2024-11-19T14:37:12.625+0530] {processor.py:830} INFO - Processing file /home/sigmoid/Desktop/Personal_Ml/airflow_poc/airflow_env/lib/python3.8/site-packages/airflow/example_dags/example_python_decorator.py for tasks to queue
[2024-11-19T14:37:12.626+0530] {logging_mixin.py:188} INFO - [2024-11-19T14:37:12.625+0530] {dagbag.py:540} INFO - Filling up the DagBag from /home/sigmoid/Desktop/Personal_Ml/airflow_poc/airflow_env/lib/python3.8/site-packages/airflow/example_dags/example_python_decorator.py
[2024-11-19T14:37:12.640+0530] {processor.py:840} INFO - DAG(s) 'example_python_decorator' retrieved from /home/sigmoid/Desktop/Personal_Ml/airflow_poc/airflow_env/lib/python3.8/site-packages/airflow/example_dags/example_python_decorator.py
[2024-11-19T14:37:12.659+0530] {logging_mixin.py:188} INFO - [2024-11-19T14:37:12.659+0530] {dag.py:3047} INFO - Sync 1 DAGs
[2024-11-19T14:37:12.671+0530] {logging_mixin.py:188} INFO - [2024-11-19T14:37:12.671+0530] {dag.py:3834} INFO - Setting next_dagrun for example_python_decorator to None, run_after=None
[2024-11-19T14:37:12.691+0530] {processor.py:183} INFO - Processing /home/sigmoid/Desktop/Personal_Ml/airflow_poc/airflow_env/lib/python3.8/site-packages/airflow/example_dags/example_python_decorator.py took 0.071 seconds
[2024-11-19T14:38:19.257+0530] {processor.py:161} INFO - Started process (PID=55707) to work on /home/sigmoid/Desktop/Personal_Ml/airflow_poc/airflow_env/lib/python3.8/site-packages/airflow/example_dags/example_python_decorator.py
[2024-11-19T14:38:19.258+0530] {processor.py:830} INFO - Processing file /home/sigmoid/Desktop/Personal_Ml/airflow_poc/airflow_env/lib/python3.8/site-packages/airflow/example_dags/example_python_decorator.py for tasks to queue
[2024-11-19T14:38:19.259+0530] {logging_mixin.py:188} INFO - [2024-11-19T14:38:19.258+0530] {dagbag.py:540} INFO - Filling up the DagBag from /home/sigmoid/Desktop/Personal_Ml/airflow_poc/airflow_env/lib/python3.8/site-packages/airflow/example_dags/example_python_decorator.py
[2024-11-19T14:38:19.273+0530] {processor.py:840} INFO - DAG(s) 'example_python_decorator' retrieved from /home/sigmoid/Desktop/Personal_Ml/airflow_poc/airflow_env/lib/python3.8/site-packages/airflow/example_dags/example_python_decorator.py
[2024-11-19T14:38:19.291+0530] {logging_mixin.py:188} INFO - [2024-11-19T14:38:19.290+0530] {dag.py:3047} INFO - Sync 1 DAGs
[2024-11-19T14:38:19.303+0530] {logging_mixin.py:188} INFO - [2024-11-19T14:38:19.302+0530] {dag.py:3834} INFO - Setting next_dagrun for example_python_decorator to None, run_after=None
[2024-11-19T14:38:19.324+0530] {processor.py:183} INFO - Processing /home/sigmoid/Desktop/Personal_Ml/airflow_poc/airflow_env/lib/python3.8/site-packages/airflow/example_dags/example_python_decorator.py took 0.070 seconds
