[2024-11-19T12:44:05.546+0530] {processor.py:161} INFO - Started process (PID=29773) to work on /home/sigmoid/Desktop/Personal_Ml/airflow_poc/airflow_env/lib/python3.8/site-packages/airflow/example_dags/example_complex.py
[2024-11-19T12:44:05.547+0530] {processor.py:830} INFO - Processing file /home/sigmoid/Desktop/Personal_Ml/airflow_poc/airflow_env/lib/python3.8/site-packages/airflow/example_dags/example_complex.py for tasks to queue
[2024-11-19T12:44:05.548+0530] {logging_mixin.py:188} INFO - [2024-11-19T12:44:05.548+0530] {dagbag.py:540} INFO - Filling up the DagBag from /home/sigmoid/Desktop/Personal_Ml/airflow_poc/airflow_env/lib/python3.8/site-packages/airflow/example_dags/example_complex.py
[2024-11-19T12:44:05.562+0530] {processor.py:840} INFO - DAG(s) 'example_complex' retrieved from /home/sigmoid/Desktop/Personal_Ml/airflow_poc/airflow_env/lib/python3.8/site-packages/airflow/example_dags/example_complex.py
[2024-11-19T12:44:05.701+0530] {logging_mixin.py:188} INFO - [2024-11-19T12:44:05.700+0530] {dag.py:3047} INFO - Sync 1 DAGs
[2024-11-19T12:44:05.714+0530] {logging_mixin.py:188} INFO - [2024-11-19T12:44:05.713+0530] {dag.py:3834} INFO - Setting next_dagrun for example_complex to None, run_after=None
[2024-11-19T12:44:05.744+0530] {processor.py:183} INFO - Processing /home/sigmoid/Desktop/Personal_Ml/airflow_poc/airflow_env/lib/python3.8/site-packages/airflow/example_dags/example_complex.py took 0.201 seconds
[2024-11-19T12:45:27.535+0530] {processor.py:161} INFO - Started process (PID=29931) to work on /home/sigmoid/Desktop/Personal_Ml/airflow_poc/airflow_env/lib/python3.8/site-packages/airflow/example_dags/example_complex.py
[2024-11-19T12:45:27.537+0530] {processor.py:830} INFO - Processing file /home/sigmoid/Desktop/Personal_Ml/airflow_poc/airflow_env/lib/python3.8/site-packages/airflow/example_dags/example_complex.py for tasks to queue
[2024-11-19T12:45:27.538+0530] {logging_mixin.py:188} INFO - [2024-11-19T12:45:27.538+0530] {dagbag.py:540} INFO - Filling up the DagBag from /home/sigmoid/Desktop/Personal_Ml/airflow_poc/airflow_env/lib/python3.8/site-packages/airflow/example_dags/example_complex.py
[2024-11-19T12:45:27.567+0530] {processor.py:840} INFO - DAG(s) 'example_complex' retrieved from /home/sigmoid/Desktop/Personal_Ml/airflow_poc/airflow_env/lib/python3.8/site-packages/airflow/example_dags/example_complex.py
[2024-11-19T12:45:27.635+0530] {logging_mixin.py:188} INFO - [2024-11-19T12:45:27.634+0530] {dag.py:3047} INFO - Sync 1 DAGs
[2024-11-19T12:45:27.660+0530] {logging_mixin.py:188} INFO - [2024-11-19T12:45:27.659+0530] {dag.py:3834} INFO - Setting next_dagrun for example_complex to None, run_after=None
[2024-11-19T12:45:27.691+0530] {processor.py:183} INFO - Processing /home/sigmoid/Desktop/Personal_Ml/airflow_poc/airflow_env/lib/python3.8/site-packages/airflow/example_dags/example_complex.py took 0.162 seconds
[2024-11-19T12:46:22.036+0530] {processor.py:161} INFO - Started process (PID=30492) to work on /home/sigmoid/Desktop/Personal_Ml/airflow_poc/airflow_env/lib/python3.8/site-packages/airflow/example_dags/example_complex.py
[2024-11-19T12:46:22.038+0530] {processor.py:830} INFO - Processing file /home/sigmoid/Desktop/Personal_Ml/airflow_poc/airflow_env/lib/python3.8/site-packages/airflow/example_dags/example_complex.py for tasks to queue
[2024-11-19T12:46:22.041+0530] {logging_mixin.py:188} INFO - [2024-11-19T12:46:22.040+0530] {dagbag.py:540} INFO - Filling up the DagBag from /home/sigmoid/Desktop/Personal_Ml/airflow_poc/airflow_env/lib/python3.8/site-packages/airflow/example_dags/example_complex.py
[2024-11-19T12:46:22.127+0530] {processor.py:840} INFO - DAG(s) 'example_complex' retrieved from /home/sigmoid/Desktop/Personal_Ml/airflow_poc/airflow_env/lib/python3.8/site-packages/airflow/example_dags/example_complex.py
[2024-11-19T12:46:22.256+0530] {logging_mixin.py:188} INFO - [2024-11-19T12:46:22.255+0530] {dag.py:3047} INFO - Sync 1 DAGs
[2024-11-19T12:46:22.292+0530] {logging_mixin.py:188} INFO - [2024-11-19T12:46:22.291+0530] {dag.py:3834} INFO - Setting next_dagrun for example_complex to None, run_after=None
[2024-11-19T12:46:22.377+0530] {processor.py:183} INFO - Processing /home/sigmoid/Desktop/Personal_Ml/airflow_poc/airflow_env/lib/python3.8/site-packages/airflow/example_dags/example_complex.py took 0.380 seconds
[2024-11-19T12:47:17.371+0530] {processor.py:161} INFO - Started process (PID=30749) to work on /home/sigmoid/Desktop/Personal_Ml/airflow_poc/airflow_env/lib/python3.8/site-packages/airflow/example_dags/example_complex.py
[2024-11-19T12:47:17.372+0530] {processor.py:830} INFO - Processing file /home/sigmoid/Desktop/Personal_Ml/airflow_poc/airflow_env/lib/python3.8/site-packages/airflow/example_dags/example_complex.py for tasks to queue
[2024-11-19T12:47:17.373+0530] {logging_mixin.py:188} INFO - [2024-11-19T12:47:17.373+0530] {dagbag.py:540} INFO - Filling up the DagBag from /home/sigmoid/Desktop/Personal_Ml/airflow_poc/airflow_env/lib/python3.8/site-packages/airflow/example_dags/example_complex.py
[2024-11-19T12:47:17.385+0530] {processor.py:840} INFO - DAG(s) 'example_complex' retrieved from /home/sigmoid/Desktop/Personal_Ml/airflow_poc/airflow_env/lib/python3.8/site-packages/airflow/example_dags/example_complex.py
[2024-11-19T12:47:17.412+0530] {logging_mixin.py:188} INFO - [2024-11-19T12:47:17.411+0530] {dag.py:3047} INFO - Sync 1 DAGs
[2024-11-19T12:47:17.424+0530] {logging_mixin.py:188} INFO - [2024-11-19T12:47:17.423+0530] {dag.py:3834} INFO - Setting next_dagrun for example_complex to None, run_after=None
[2024-11-19T12:47:17.445+0530] {processor.py:183} INFO - Processing /home/sigmoid/Desktop/Personal_Ml/airflow_poc/airflow_env/lib/python3.8/site-packages/airflow/example_dags/example_complex.py took 0.076 seconds
[2024-11-19T12:49:18.406+0530] {processor.py:161} INFO - Started process (PID=31058) to work on /home/sigmoid/Desktop/Personal_Ml/airflow_poc/airflow_env/lib/python3.8/site-packages/airflow/example_dags/example_complex.py
[2024-11-19T12:49:18.407+0530] {processor.py:830} INFO - Processing file /home/sigmoid/Desktop/Personal_Ml/airflow_poc/airflow_env/lib/python3.8/site-packages/airflow/example_dags/example_complex.py for tasks to queue
[2024-11-19T12:49:18.408+0530] {logging_mixin.py:188} INFO - [2024-11-19T12:49:18.408+0530] {dagbag.py:540} INFO - Filling up the DagBag from /home/sigmoid/Desktop/Personal_Ml/airflow_poc/airflow_env/lib/python3.8/site-packages/airflow/example_dags/example_complex.py
[2024-11-19T12:49:18.422+0530] {processor.py:840} INFO - DAG(s) 'example_complex' retrieved from /home/sigmoid/Desktop/Personal_Ml/airflow_poc/airflow_env/lib/python3.8/site-packages/airflow/example_dags/example_complex.py
[2024-11-19T12:49:18.451+0530] {logging_mixin.py:188} INFO - [2024-11-19T12:49:18.451+0530] {dag.py:3047} INFO - Sync 1 DAGs
[2024-11-19T12:49:18.469+0530] {logging_mixin.py:188} INFO - [2024-11-19T12:49:18.468+0530] {dag.py:3834} INFO - Setting next_dagrun for example_complex to None, run_after=None
[2024-11-19T12:49:18.495+0530] {processor.py:183} INFO - Processing /home/sigmoid/Desktop/Personal_Ml/airflow_poc/airflow_env/lib/python3.8/site-packages/airflow/example_dags/example_complex.py took 0.092 seconds
[2024-11-19T12:50:10.071+0530] {processor.py:161} INFO - Started process (PID=31193) to work on /home/sigmoid/Desktop/Personal_Ml/airflow_poc/airflow_env/lib/python3.8/site-packages/airflow/example_dags/example_complex.py
[2024-11-19T12:50:10.072+0530] {processor.py:830} INFO - Processing file /home/sigmoid/Desktop/Personal_Ml/airflow_poc/airflow_env/lib/python3.8/site-packages/airflow/example_dags/example_complex.py for tasks to queue
[2024-11-19T12:50:10.073+0530] {logging_mixin.py:188} INFO - [2024-11-19T12:50:10.073+0530] {dagbag.py:540} INFO - Filling up the DagBag from /home/sigmoid/Desktop/Personal_Ml/airflow_poc/airflow_env/lib/python3.8/site-packages/airflow/example_dags/example_complex.py
[2024-11-19T12:50:10.085+0530] {processor.py:840} INFO - DAG(s) 'example_complex' retrieved from /home/sigmoid/Desktop/Personal_Ml/airflow_poc/airflow_env/lib/python3.8/site-packages/airflow/example_dags/example_complex.py
[2024-11-19T12:50:10.112+0530] {logging_mixin.py:188} INFO - [2024-11-19T12:50:10.112+0530] {dag.py:3047} INFO - Sync 1 DAGs
[2024-11-19T12:50:10.124+0530] {logging_mixin.py:188} INFO - [2024-11-19T12:50:10.124+0530] {dag.py:3834} INFO - Setting next_dagrun for example_complex to None, run_after=None
[2024-11-19T12:50:10.147+0530] {processor.py:183} INFO - Processing /home/sigmoid/Desktop/Personal_Ml/airflow_poc/airflow_env/lib/python3.8/site-packages/airflow/example_dags/example_complex.py took 0.080 seconds
[2024-11-19T12:51:13.963+0530] {processor.py:161} INFO - Started process (PID=31332) to work on /home/sigmoid/Desktop/Personal_Ml/airflow_poc/airflow_env/lib/python3.8/site-packages/airflow/example_dags/example_complex.py
[2024-11-19T12:51:13.964+0530] {processor.py:830} INFO - Processing file /home/sigmoid/Desktop/Personal_Ml/airflow_poc/airflow_env/lib/python3.8/site-packages/airflow/example_dags/example_complex.py for tasks to queue
[2024-11-19T12:51:13.966+0530] {logging_mixin.py:188} INFO - [2024-11-19T12:51:13.966+0530] {dagbag.py:540} INFO - Filling up the DagBag from /home/sigmoid/Desktop/Personal_Ml/airflow_poc/airflow_env/lib/python3.8/site-packages/airflow/example_dags/example_complex.py
[2024-11-19T12:51:13.989+0530] {processor.py:840} INFO - DAG(s) 'example_complex' retrieved from /home/sigmoid/Desktop/Personal_Ml/airflow_poc/airflow_env/lib/python3.8/site-packages/airflow/example_dags/example_complex.py
[2024-11-19T12:51:14.039+0530] {logging_mixin.py:188} INFO - [2024-11-19T12:51:14.039+0530] {dag.py:3047} INFO - Sync 1 DAGs
[2024-11-19T12:51:14.059+0530] {logging_mixin.py:188} INFO - [2024-11-19T12:51:14.058+0530] {dag.py:3834} INFO - Setting next_dagrun for example_complex to None, run_after=None
[2024-11-19T12:51:14.116+0530] {processor.py:183} INFO - Processing /home/sigmoid/Desktop/Personal_Ml/airflow_poc/airflow_env/lib/python3.8/site-packages/airflow/example_dags/example_complex.py took 0.157 seconds
[2024-11-19T12:52:15.948+0530] {processor.py:161} INFO - Started process (PID=31473) to work on /home/sigmoid/Desktop/Personal_Ml/airflow_poc/airflow_env/lib/python3.8/site-packages/airflow/example_dags/example_complex.py
[2024-11-19T12:52:15.949+0530] {processor.py:830} INFO - Processing file /home/sigmoid/Desktop/Personal_Ml/airflow_poc/airflow_env/lib/python3.8/site-packages/airflow/example_dags/example_complex.py for tasks to queue
[2024-11-19T12:52:15.950+0530] {logging_mixin.py:188} INFO - [2024-11-19T12:52:15.950+0530] {dagbag.py:540} INFO - Filling up the DagBag from /home/sigmoid/Desktop/Personal_Ml/airflow_poc/airflow_env/lib/python3.8/site-packages/airflow/example_dags/example_complex.py
[2024-11-19T12:52:15.965+0530] {processor.py:840} INFO - DAG(s) 'example_complex' retrieved from /home/sigmoid/Desktop/Personal_Ml/airflow_poc/airflow_env/lib/python3.8/site-packages/airflow/example_dags/example_complex.py
[2024-11-19T12:52:15.997+0530] {logging_mixin.py:188} INFO - [2024-11-19T12:52:15.997+0530] {dag.py:3047} INFO - Sync 1 DAGs
[2024-11-19T12:52:16.009+0530] {logging_mixin.py:188} INFO - [2024-11-19T12:52:16.008+0530] {dag.py:3834} INFO - Setting next_dagrun for example_complex to None, run_after=None
[2024-11-19T12:52:16.042+0530] {processor.py:183} INFO - Processing /home/sigmoid/Desktop/Personal_Ml/airflow_poc/airflow_env/lib/python3.8/site-packages/airflow/example_dags/example_complex.py took 0.098 seconds
[2024-11-19T12:53:19.671+0530] {processor.py:161} INFO - Started process (PID=31604) to work on /home/sigmoid/Desktop/Personal_Ml/airflow_poc/airflow_env/lib/python3.8/site-packages/airflow/example_dags/example_complex.py
[2024-11-19T12:53:19.672+0530] {processor.py:830} INFO - Processing file /home/sigmoid/Desktop/Personal_Ml/airflow_poc/airflow_env/lib/python3.8/site-packages/airflow/example_dags/example_complex.py for tasks to queue
[2024-11-19T12:53:19.674+0530] {logging_mixin.py:188} INFO - [2024-11-19T12:53:19.673+0530] {dagbag.py:540} INFO - Filling up the DagBag from /home/sigmoid/Desktop/Personal_Ml/airflow_poc/airflow_env/lib/python3.8/site-packages/airflow/example_dags/example_complex.py
[2024-11-19T12:53:19.689+0530] {processor.py:840} INFO - DAG(s) 'example_complex' retrieved from /home/sigmoid/Desktop/Personal_Ml/airflow_poc/airflow_env/lib/python3.8/site-packages/airflow/example_dags/example_complex.py
[2024-11-19T12:53:19.726+0530] {logging_mixin.py:188} INFO - [2024-11-19T12:53:19.726+0530] {dag.py:3047} INFO - Sync 1 DAGs
[2024-11-19T12:53:19.742+0530] {logging_mixin.py:188} INFO - [2024-11-19T12:53:19.741+0530] {dag.py:3834} INFO - Setting next_dagrun for example_complex to None, run_after=None
[2024-11-19T12:53:19.766+0530] {processor.py:183} INFO - Processing /home/sigmoid/Desktop/Personal_Ml/airflow_poc/airflow_env/lib/python3.8/site-packages/airflow/example_dags/example_complex.py took 0.099 seconds
[2024-11-19T12:54:10.382+0530] {processor.py:161} INFO - Started process (PID=31701) to work on /home/sigmoid/Desktop/Personal_Ml/airflow_poc/airflow_env/lib/python3.8/site-packages/airflow/example_dags/example_complex.py
[2024-11-19T12:54:10.383+0530] {processor.py:830} INFO - Processing file /home/sigmoid/Desktop/Personal_Ml/airflow_poc/airflow_env/lib/python3.8/site-packages/airflow/example_dags/example_complex.py for tasks to queue
[2024-11-19T12:54:10.384+0530] {logging_mixin.py:188} INFO - [2024-11-19T12:54:10.384+0530] {dagbag.py:540} INFO - Filling up the DagBag from /home/sigmoid/Desktop/Personal_Ml/airflow_poc/airflow_env/lib/python3.8/site-packages/airflow/example_dags/example_complex.py
[2024-11-19T12:54:10.396+0530] {processor.py:840} INFO - DAG(s) 'example_complex' retrieved from /home/sigmoid/Desktop/Personal_Ml/airflow_poc/airflow_env/lib/python3.8/site-packages/airflow/example_dags/example_complex.py
[2024-11-19T12:54:10.423+0530] {logging_mixin.py:188} INFO - [2024-11-19T12:54:10.423+0530] {dag.py:3047} INFO - Sync 1 DAGs
[2024-11-19T12:54:10.435+0530] {logging_mixin.py:188} INFO - [2024-11-19T12:54:10.435+0530] {dag.py:3834} INFO - Setting next_dagrun for example_complex to None, run_after=None
[2024-11-19T12:54:10.457+0530] {processor.py:183} INFO - Processing /home/sigmoid/Desktop/Personal_Ml/airflow_poc/airflow_env/lib/python3.8/site-packages/airflow/example_dags/example_complex.py took 0.078 seconds
[2024-11-19T12:55:14.630+0530] {processor.py:161} INFO - Started process (PID=31956) to work on /home/sigmoid/Desktop/Personal_Ml/airflow_poc/airflow_env/lib/python3.8/site-packages/airflow/example_dags/example_complex.py
[2024-11-19T12:55:14.632+0530] {processor.py:830} INFO - Processing file /home/sigmoid/Desktop/Personal_Ml/airflow_poc/airflow_env/lib/python3.8/site-packages/airflow/example_dags/example_complex.py for tasks to queue
[2024-11-19T12:55:14.633+0530] {logging_mixin.py:188} INFO - [2024-11-19T12:55:14.632+0530] {dagbag.py:540} INFO - Filling up the DagBag from /home/sigmoid/Desktop/Personal_Ml/airflow_poc/airflow_env/lib/python3.8/site-packages/airflow/example_dags/example_complex.py
[2024-11-19T12:55:14.651+0530] {processor.py:840} INFO - DAG(s) 'example_complex' retrieved from /home/sigmoid/Desktop/Personal_Ml/airflow_poc/airflow_env/lib/python3.8/site-packages/airflow/example_dags/example_complex.py
[2024-11-19T12:55:14.693+0530] {logging_mixin.py:188} INFO - [2024-11-19T12:55:14.693+0530] {dag.py:3047} INFO - Sync 1 DAGs
[2024-11-19T12:55:14.708+0530] {logging_mixin.py:188} INFO - [2024-11-19T12:55:14.708+0530] {dag.py:3834} INFO - Setting next_dagrun for example_complex to None, run_after=None
[2024-11-19T12:55:14.733+0530] {processor.py:183} INFO - Processing /home/sigmoid/Desktop/Personal_Ml/airflow_poc/airflow_env/lib/python3.8/site-packages/airflow/example_dags/example_complex.py took 0.107 seconds
[2024-11-19T12:56:14.931+0530] {processor.py:161} INFO - Started process (PID=32080) to work on /home/sigmoid/Desktop/Personal_Ml/airflow_poc/airflow_env/lib/python3.8/site-packages/airflow/example_dags/example_complex.py
[2024-11-19T12:56:14.935+0530] {processor.py:830} INFO - Processing file /home/sigmoid/Desktop/Personal_Ml/airflow_poc/airflow_env/lib/python3.8/site-packages/airflow/example_dags/example_complex.py for tasks to queue
[2024-11-19T12:56:14.936+0530] {logging_mixin.py:188} INFO - [2024-11-19T12:56:14.936+0530] {dagbag.py:540} INFO - Filling up the DagBag from /home/sigmoid/Desktop/Personal_Ml/airflow_poc/airflow_env/lib/python3.8/site-packages/airflow/example_dags/example_complex.py
[2024-11-19T12:56:14.948+0530] {processor.py:840} INFO - DAG(s) 'example_complex' retrieved from /home/sigmoid/Desktop/Personal_Ml/airflow_poc/airflow_env/lib/python3.8/site-packages/airflow/example_dags/example_complex.py
[2024-11-19T12:56:14.985+0530] {logging_mixin.py:188} INFO - [2024-11-19T12:56:14.985+0530] {dag.py:3047} INFO - Sync 1 DAGs
[2024-11-19T12:56:15.001+0530] {logging_mixin.py:188} INFO - [2024-11-19T12:56:15.001+0530] {dag.py:3834} INFO - Setting next_dagrun for example_complex to None, run_after=None
[2024-11-19T12:56:15.030+0530] {processor.py:183} INFO - Processing /home/sigmoid/Desktop/Personal_Ml/airflow_poc/airflow_env/lib/python3.8/site-packages/airflow/example_dags/example_complex.py took 0.103 seconds
[2024-11-19T12:57:09.955+0530] {processor.py:161} INFO - Started process (PID=32146) to work on /home/sigmoid/Desktop/Personal_Ml/airflow_poc/airflow_env/lib/python3.8/site-packages/airflow/example_dags/example_complex.py
[2024-11-19T12:57:09.956+0530] {processor.py:830} INFO - Processing file /home/sigmoid/Desktop/Personal_Ml/airflow_poc/airflow_env/lib/python3.8/site-packages/airflow/example_dags/example_complex.py for tasks to queue
[2024-11-19T12:57:09.957+0530] {logging_mixin.py:188} INFO - [2024-11-19T12:57:09.957+0530] {dagbag.py:540} INFO - Filling up the DagBag from /home/sigmoid/Desktop/Personal_Ml/airflow_poc/airflow_env/lib/python3.8/site-packages/airflow/example_dags/example_complex.py
[2024-11-19T12:57:09.968+0530] {processor.py:840} INFO - DAG(s) 'example_complex' retrieved from /home/sigmoid/Desktop/Personal_Ml/airflow_poc/airflow_env/lib/python3.8/site-packages/airflow/example_dags/example_complex.py
[2024-11-19T12:57:09.994+0530] {logging_mixin.py:188} INFO - [2024-11-19T12:57:09.994+0530] {dag.py:3047} INFO - Sync 1 DAGs
[2024-11-19T12:57:10.006+0530] {logging_mixin.py:188} INFO - [2024-11-19T12:57:10.006+0530] {dag.py:3834} INFO - Setting next_dagrun for example_complex to None, run_after=None
[2024-11-19T12:57:10.027+0530] {processor.py:183} INFO - Processing /home/sigmoid/Desktop/Personal_Ml/airflow_poc/airflow_env/lib/python3.8/site-packages/airflow/example_dags/example_complex.py took 0.076 seconds
[2024-11-19T12:58:05.501+0530] {processor.py:161} INFO - Started process (PID=32209) to work on /home/sigmoid/Desktop/Personal_Ml/airflow_poc/airflow_env/lib/python3.8/site-packages/airflow/example_dags/example_complex.py
[2024-11-19T12:58:05.502+0530] {processor.py:830} INFO - Processing file /home/sigmoid/Desktop/Personal_Ml/airflow_poc/airflow_env/lib/python3.8/site-packages/airflow/example_dags/example_complex.py for tasks to queue
[2024-11-19T12:58:05.503+0530] {logging_mixin.py:188} INFO - [2024-11-19T12:58:05.502+0530] {dagbag.py:540} INFO - Filling up the DagBag from /home/sigmoid/Desktop/Personal_Ml/airflow_poc/airflow_env/lib/python3.8/site-packages/airflow/example_dags/example_complex.py
[2024-11-19T12:58:05.514+0530] {processor.py:840} INFO - DAG(s) 'example_complex' retrieved from /home/sigmoid/Desktop/Personal_Ml/airflow_poc/airflow_env/lib/python3.8/site-packages/airflow/example_dags/example_complex.py
[2024-11-19T12:58:05.540+0530] {logging_mixin.py:188} INFO - [2024-11-19T12:58:05.539+0530] {dag.py:3047} INFO - Sync 1 DAGs
[2024-11-19T12:58:05.552+0530] {logging_mixin.py:188} INFO - [2024-11-19T12:58:05.551+0530] {dag.py:3834} INFO - Setting next_dagrun for example_complex to None, run_after=None
[2024-11-19T12:58:05.582+0530] {processor.py:183} INFO - Processing /home/sigmoid/Desktop/Personal_Ml/airflow_poc/airflow_env/lib/python3.8/site-packages/airflow/example_dags/example_complex.py took 0.085 seconds
[2024-11-19T12:58:58.558+0530] {processor.py:161} INFO - Started process (PID=32333) to work on /home/sigmoid/Desktop/Personal_Ml/airflow_poc/airflow_env/lib/python3.8/site-packages/airflow/example_dags/example_complex.py
[2024-11-19T12:58:58.560+0530] {processor.py:830} INFO - Processing file /home/sigmoid/Desktop/Personal_Ml/airflow_poc/airflow_env/lib/python3.8/site-packages/airflow/example_dags/example_complex.py for tasks to queue
[2024-11-19T12:58:58.561+0530] {logging_mixin.py:188} INFO - [2024-11-19T12:58:58.560+0530] {dagbag.py:540} INFO - Filling up the DagBag from /home/sigmoid/Desktop/Personal_Ml/airflow_poc/airflow_env/lib/python3.8/site-packages/airflow/example_dags/example_complex.py
[2024-11-19T12:58:58.572+0530] {processor.py:840} INFO - DAG(s) 'example_complex' retrieved from /home/sigmoid/Desktop/Personal_Ml/airflow_poc/airflow_env/lib/python3.8/site-packages/airflow/example_dags/example_complex.py
[2024-11-19T12:58:58.598+0530] {logging_mixin.py:188} INFO - [2024-11-19T12:58:58.598+0530] {dag.py:3047} INFO - Sync 1 DAGs
[2024-11-19T12:58:58.609+0530] {logging_mixin.py:188} INFO - [2024-11-19T12:58:58.609+0530] {dag.py:3834} INFO - Setting next_dagrun for example_complex to None, run_after=None
[2024-11-19T12:58:58.631+0530] {processor.py:183} INFO - Processing /home/sigmoid/Desktop/Personal_Ml/airflow_poc/airflow_env/lib/python3.8/site-packages/airflow/example_dags/example_complex.py took 0.075 seconds
[2024-11-19T12:59:55.775+0530] {processor.py:161} INFO - Started process (PID=32466) to work on /home/sigmoid/Desktop/Personal_Ml/airflow_poc/airflow_env/lib/python3.8/site-packages/airflow/example_dags/example_complex.py
[2024-11-19T12:59:55.777+0530] {processor.py:830} INFO - Processing file /home/sigmoid/Desktop/Personal_Ml/airflow_poc/airflow_env/lib/python3.8/site-packages/airflow/example_dags/example_complex.py for tasks to queue
[2024-11-19T12:59:55.778+0530] {logging_mixin.py:188} INFO - [2024-11-19T12:59:55.778+0530] {dagbag.py:540} INFO - Filling up the DagBag from /home/sigmoid/Desktop/Personal_Ml/airflow_poc/airflow_env/lib/python3.8/site-packages/airflow/example_dags/example_complex.py
[2024-11-19T12:59:55.806+0530] {processor.py:840} INFO - DAG(s) 'example_complex' retrieved from /home/sigmoid/Desktop/Personal_Ml/airflow_poc/airflow_env/lib/python3.8/site-packages/airflow/example_dags/example_complex.py
[2024-11-19T12:59:55.870+0530] {logging_mixin.py:188} INFO - [2024-11-19T12:59:55.870+0530] {dag.py:3047} INFO - Sync 1 DAGs
[2024-11-19T12:59:55.893+0530] {logging_mixin.py:188} INFO - [2024-11-19T12:59:55.893+0530] {dag.py:3834} INFO - Setting next_dagrun for example_complex to None, run_after=None
[2024-11-19T12:59:55.921+0530] {processor.py:183} INFO - Processing /home/sigmoid/Desktop/Personal_Ml/airflow_poc/airflow_env/lib/python3.8/site-packages/airflow/example_dags/example_complex.py took 0.152 seconds
[2024-11-19T13:00:51.469+0530] {processor.py:161} INFO - Started process (PID=32575) to work on /home/sigmoid/Desktop/Personal_Ml/airflow_poc/airflow_env/lib/python3.8/site-packages/airflow/example_dags/example_complex.py
[2024-11-19T13:00:51.470+0530] {processor.py:830} INFO - Processing file /home/sigmoid/Desktop/Personal_Ml/airflow_poc/airflow_env/lib/python3.8/site-packages/airflow/example_dags/example_complex.py for tasks to queue
[2024-11-19T13:00:51.471+0530] {logging_mixin.py:188} INFO - [2024-11-19T13:00:51.470+0530] {dagbag.py:540} INFO - Filling up the DagBag from /home/sigmoid/Desktop/Personal_Ml/airflow_poc/airflow_env/lib/python3.8/site-packages/airflow/example_dags/example_complex.py
[2024-11-19T13:00:51.482+0530] {processor.py:840} INFO - DAG(s) 'example_complex' retrieved from /home/sigmoid/Desktop/Personal_Ml/airflow_poc/airflow_env/lib/python3.8/site-packages/airflow/example_dags/example_complex.py
[2024-11-19T13:00:51.508+0530] {logging_mixin.py:188} INFO - [2024-11-19T13:00:51.507+0530] {dag.py:3047} INFO - Sync 1 DAGs
[2024-11-19T13:00:51.519+0530] {logging_mixin.py:188} INFO - [2024-11-19T13:00:51.519+0530] {dag.py:3834} INFO - Setting next_dagrun for example_complex to None, run_after=None
[2024-11-19T13:00:51.540+0530] {processor.py:183} INFO - Processing /home/sigmoid/Desktop/Personal_Ml/airflow_poc/airflow_env/lib/python3.8/site-packages/airflow/example_dags/example_complex.py took 0.075 seconds
[2024-11-19T13:01:48.792+0530] {processor.py:161} INFO - Started process (PID=32934) to work on /home/sigmoid/Desktop/Personal_Ml/airflow_poc/airflow_env/lib/python3.8/site-packages/airflow/example_dags/example_complex.py
[2024-11-19T13:01:48.793+0530] {processor.py:830} INFO - Processing file /home/sigmoid/Desktop/Personal_Ml/airflow_poc/airflow_env/lib/python3.8/site-packages/airflow/example_dags/example_complex.py for tasks to queue
[2024-11-19T13:01:48.794+0530] {logging_mixin.py:188} INFO - [2024-11-19T13:01:48.794+0530] {dagbag.py:540} INFO - Filling up the DagBag from /home/sigmoid/Desktop/Personal_Ml/airflow_poc/airflow_env/lib/python3.8/site-packages/airflow/example_dags/example_complex.py
[2024-11-19T13:01:48.805+0530] {processor.py:840} INFO - DAG(s) 'example_complex' retrieved from /home/sigmoid/Desktop/Personal_Ml/airflow_poc/airflow_env/lib/python3.8/site-packages/airflow/example_dags/example_complex.py
[2024-11-19T13:01:48.832+0530] {logging_mixin.py:188} INFO - [2024-11-19T13:01:48.832+0530] {dag.py:3047} INFO - Sync 1 DAGs
[2024-11-19T13:01:48.844+0530] {logging_mixin.py:188} INFO - [2024-11-19T13:01:48.843+0530] {dag.py:3834} INFO - Setting next_dagrun for example_complex to None, run_after=None
[2024-11-19T13:01:48.865+0530] {processor.py:183} INFO - Processing /home/sigmoid/Desktop/Personal_Ml/airflow_poc/airflow_env/lib/python3.8/site-packages/airflow/example_dags/example_complex.py took 0.076 seconds
[2024-11-19T13:02:47.016+0530] {processor.py:161} INFO - Started process (PID=33015) to work on /home/sigmoid/Desktop/Personal_Ml/airflow_poc/airflow_env/lib/python3.8/site-packages/airflow/example_dags/example_complex.py
[2024-11-19T13:02:47.017+0530] {processor.py:830} INFO - Processing file /home/sigmoid/Desktop/Personal_Ml/airflow_poc/airflow_env/lib/python3.8/site-packages/airflow/example_dags/example_complex.py for tasks to queue
[2024-11-19T13:02:47.018+0530] {logging_mixin.py:188} INFO - [2024-11-19T13:02:47.018+0530] {dagbag.py:540} INFO - Filling up the DagBag from /home/sigmoid/Desktop/Personal_Ml/airflow_poc/airflow_env/lib/python3.8/site-packages/airflow/example_dags/example_complex.py
[2024-11-19T13:02:47.032+0530] {processor.py:840} INFO - DAG(s) 'example_complex' retrieved from /home/sigmoid/Desktop/Personal_Ml/airflow_poc/airflow_env/lib/python3.8/site-packages/airflow/example_dags/example_complex.py
[2024-11-19T13:02:47.063+0530] {logging_mixin.py:188} INFO - [2024-11-19T13:02:47.062+0530] {dag.py:3047} INFO - Sync 1 DAGs
[2024-11-19T13:02:47.087+0530] {logging_mixin.py:188} INFO - [2024-11-19T13:02:47.086+0530] {dag.py:3834} INFO - Setting next_dagrun for example_complex to None, run_after=None
[2024-11-19T13:02:47.114+0530] {processor.py:183} INFO - Processing /home/sigmoid/Desktop/Personal_Ml/airflow_poc/airflow_env/lib/python3.8/site-packages/airflow/example_dags/example_complex.py took 0.101 seconds
[2024-11-19T13:03:48.062+0530] {processor.py:161} INFO - Started process (PID=33087) to work on /home/sigmoid/Desktop/Personal_Ml/airflow_poc/airflow_env/lib/python3.8/site-packages/airflow/example_dags/example_complex.py
[2024-11-19T13:03:48.063+0530] {processor.py:830} INFO - Processing file /home/sigmoid/Desktop/Personal_Ml/airflow_poc/airflow_env/lib/python3.8/site-packages/airflow/example_dags/example_complex.py for tasks to queue
[2024-11-19T13:03:48.064+0530] {logging_mixin.py:188} INFO - [2024-11-19T13:03:48.064+0530] {dagbag.py:540} INFO - Filling up the DagBag from /home/sigmoid/Desktop/Personal_Ml/airflow_poc/airflow_env/lib/python3.8/site-packages/airflow/example_dags/example_complex.py
[2024-11-19T13:03:48.076+0530] {processor.py:840} INFO - DAG(s) 'example_complex' retrieved from /home/sigmoid/Desktop/Personal_Ml/airflow_poc/airflow_env/lib/python3.8/site-packages/airflow/example_dags/example_complex.py
[2024-11-19T13:03:48.102+0530] {logging_mixin.py:188} INFO - [2024-11-19T13:03:48.102+0530] {dag.py:3047} INFO - Sync 1 DAGs
[2024-11-19T13:03:48.113+0530] {logging_mixin.py:188} INFO - [2024-11-19T13:03:48.113+0530] {dag.py:3834} INFO - Setting next_dagrun for example_complex to None, run_after=None
[2024-11-19T13:03:48.134+0530] {processor.py:183} INFO - Processing /home/sigmoid/Desktop/Personal_Ml/airflow_poc/airflow_env/lib/python3.8/site-packages/airflow/example_dags/example_complex.py took 0.075 seconds
[2024-11-19T13:04:47.400+0530] {processor.py:161} INFO - Started process (PID=33156) to work on /home/sigmoid/Desktop/Personal_Ml/airflow_poc/airflow_env/lib/python3.8/site-packages/airflow/example_dags/example_complex.py
[2024-11-19T13:04:47.401+0530] {processor.py:830} INFO - Processing file /home/sigmoid/Desktop/Personal_Ml/airflow_poc/airflow_env/lib/python3.8/site-packages/airflow/example_dags/example_complex.py for tasks to queue
[2024-11-19T13:04:47.402+0530] {logging_mixin.py:188} INFO - [2024-11-19T13:04:47.402+0530] {dagbag.py:540} INFO - Filling up the DagBag from /home/sigmoid/Desktop/Personal_Ml/airflow_poc/airflow_env/lib/python3.8/site-packages/airflow/example_dags/example_complex.py
[2024-11-19T13:04:47.413+0530] {processor.py:840} INFO - DAG(s) 'example_complex' retrieved from /home/sigmoid/Desktop/Personal_Ml/airflow_poc/airflow_env/lib/python3.8/site-packages/airflow/example_dags/example_complex.py
[2024-11-19T13:04:47.439+0530] {logging_mixin.py:188} INFO - [2024-11-19T13:04:47.439+0530] {dag.py:3047} INFO - Sync 1 DAGs
[2024-11-19T13:04:47.451+0530] {logging_mixin.py:188} INFO - [2024-11-19T13:04:47.450+0530] {dag.py:3834} INFO - Setting next_dagrun for example_complex to None, run_after=None
[2024-11-19T13:04:47.481+0530] {processor.py:183} INFO - Processing /home/sigmoid/Desktop/Personal_Ml/airflow_poc/airflow_env/lib/python3.8/site-packages/airflow/example_dags/example_complex.py took 0.084 seconds
[2024-11-19T13:05:48.340+0530] {processor.py:161} INFO - Started process (PID=33220) to work on /home/sigmoid/Desktop/Personal_Ml/airflow_poc/airflow_env/lib/python3.8/site-packages/airflow/example_dags/example_complex.py
[2024-11-19T13:05:48.342+0530] {processor.py:830} INFO - Processing file /home/sigmoid/Desktop/Personal_Ml/airflow_poc/airflow_env/lib/python3.8/site-packages/airflow/example_dags/example_complex.py for tasks to queue
[2024-11-19T13:05:48.343+0530] {logging_mixin.py:188} INFO - [2024-11-19T13:05:48.342+0530] {dagbag.py:540} INFO - Filling up the DagBag from /home/sigmoid/Desktop/Personal_Ml/airflow_poc/airflow_env/lib/python3.8/site-packages/airflow/example_dags/example_complex.py
[2024-11-19T13:05:48.355+0530] {processor.py:840} INFO - DAG(s) 'example_complex' retrieved from /home/sigmoid/Desktop/Personal_Ml/airflow_poc/airflow_env/lib/python3.8/site-packages/airflow/example_dags/example_complex.py
[2024-11-19T13:05:48.382+0530] {logging_mixin.py:188} INFO - [2024-11-19T13:05:48.382+0530] {dag.py:3047} INFO - Sync 1 DAGs
[2024-11-19T13:05:48.394+0530] {logging_mixin.py:188} INFO - [2024-11-19T13:05:48.394+0530] {dag.py:3834} INFO - Setting next_dagrun for example_complex to None, run_after=None
[2024-11-19T13:05:48.427+0530] {processor.py:183} INFO - Processing /home/sigmoid/Desktop/Personal_Ml/airflow_poc/airflow_env/lib/python3.8/site-packages/airflow/example_dags/example_complex.py took 0.090 seconds
[2024-11-19T13:06:49.188+0530] {processor.py:161} INFO - Started process (PID=33287) to work on /home/sigmoid/Desktop/Personal_Ml/airflow_poc/airflow_env/lib/python3.8/site-packages/airflow/example_dags/example_complex.py
[2024-11-19T13:06:49.189+0530] {processor.py:830} INFO - Processing file /home/sigmoid/Desktop/Personal_Ml/airflow_poc/airflow_env/lib/python3.8/site-packages/airflow/example_dags/example_complex.py for tasks to queue
[2024-11-19T13:06:49.190+0530] {logging_mixin.py:188} INFO - [2024-11-19T13:06:49.189+0530] {dagbag.py:540} INFO - Filling up the DagBag from /home/sigmoid/Desktop/Personal_Ml/airflow_poc/airflow_env/lib/python3.8/site-packages/airflow/example_dags/example_complex.py
[2024-11-19T13:06:49.201+0530] {processor.py:840} INFO - DAG(s) 'example_complex' retrieved from /home/sigmoid/Desktop/Personal_Ml/airflow_poc/airflow_env/lib/python3.8/site-packages/airflow/example_dags/example_complex.py
[2024-11-19T13:06:49.227+0530] {logging_mixin.py:188} INFO - [2024-11-19T13:06:49.226+0530] {dag.py:3047} INFO - Sync 1 DAGs
[2024-11-19T13:06:49.238+0530] {logging_mixin.py:188} INFO - [2024-11-19T13:06:49.238+0530] {dag.py:3834} INFO - Setting next_dagrun for example_complex to None, run_after=None
[2024-11-19T13:06:49.259+0530] {processor.py:183} INFO - Processing /home/sigmoid/Desktop/Personal_Ml/airflow_poc/airflow_env/lib/python3.8/site-packages/airflow/example_dags/example_complex.py took 0.074 seconds
[2024-11-19T13:07:47.106+0530] {processor.py:161} INFO - Started process (PID=33358) to work on /home/sigmoid/Desktop/Personal_Ml/airflow_poc/airflow_env/lib/python3.8/site-packages/airflow/example_dags/example_complex.py
[2024-11-19T13:07:47.107+0530] {processor.py:830} INFO - Processing file /home/sigmoid/Desktop/Personal_Ml/airflow_poc/airflow_env/lib/python3.8/site-packages/airflow/example_dags/example_complex.py for tasks to queue
[2024-11-19T13:07:47.108+0530] {logging_mixin.py:188} INFO - [2024-11-19T13:07:47.108+0530] {dagbag.py:540} INFO - Filling up the DagBag from /home/sigmoid/Desktop/Personal_Ml/airflow_poc/airflow_env/lib/python3.8/site-packages/airflow/example_dags/example_complex.py
[2024-11-19T13:07:47.120+0530] {processor.py:840} INFO - DAG(s) 'example_complex' retrieved from /home/sigmoid/Desktop/Personal_Ml/airflow_poc/airflow_env/lib/python3.8/site-packages/airflow/example_dags/example_complex.py
[2024-11-19T13:07:47.146+0530] {logging_mixin.py:188} INFO - [2024-11-19T13:07:47.146+0530] {dag.py:3047} INFO - Sync 1 DAGs
[2024-11-19T13:07:47.158+0530] {logging_mixin.py:188} INFO - [2024-11-19T13:07:47.158+0530] {dag.py:3834} INFO - Setting next_dagrun for example_complex to None, run_after=None
[2024-11-19T13:07:47.181+0530] {processor.py:183} INFO - Processing /home/sigmoid/Desktop/Personal_Ml/airflow_poc/airflow_env/lib/python3.8/site-packages/airflow/example_dags/example_complex.py took 0.078 seconds
[2024-11-19T13:08:44.463+0530] {processor.py:161} INFO - Started process (PID=33422) to work on /home/sigmoid/Desktop/Personal_Ml/airflow_poc/airflow_env/lib/python3.8/site-packages/airflow/example_dags/example_complex.py
[2024-11-19T13:08:44.464+0530] {processor.py:830} INFO - Processing file /home/sigmoid/Desktop/Personal_Ml/airflow_poc/airflow_env/lib/python3.8/site-packages/airflow/example_dags/example_complex.py for tasks to queue
[2024-11-19T13:08:44.465+0530] {logging_mixin.py:188} INFO - [2024-11-19T13:08:44.465+0530] {dagbag.py:540} INFO - Filling up the DagBag from /home/sigmoid/Desktop/Personal_Ml/airflow_poc/airflow_env/lib/python3.8/site-packages/airflow/example_dags/example_complex.py
[2024-11-19T13:08:44.476+0530] {processor.py:840} INFO - DAG(s) 'example_complex' retrieved from /home/sigmoid/Desktop/Personal_Ml/airflow_poc/airflow_env/lib/python3.8/site-packages/airflow/example_dags/example_complex.py
[2024-11-19T13:08:44.502+0530] {logging_mixin.py:188} INFO - [2024-11-19T13:08:44.502+0530] {dag.py:3047} INFO - Sync 1 DAGs
[2024-11-19T13:08:44.514+0530] {logging_mixin.py:188} INFO - [2024-11-19T13:08:44.514+0530] {dag.py:3834} INFO - Setting next_dagrun for example_complex to None, run_after=None
[2024-11-19T13:08:44.545+0530] {processor.py:183} INFO - Processing /home/sigmoid/Desktop/Personal_Ml/airflow_poc/airflow_env/lib/python3.8/site-packages/airflow/example_dags/example_complex.py took 0.085 seconds
[2024-11-19T13:12:10.691+0530] {processor.py:161} INFO - Started process (PID=33582) to work on /home/sigmoid/Desktop/Personal_Ml/airflow_poc/airflow_env/lib/python3.8/site-packages/airflow/example_dags/example_complex.py
[2024-11-19T13:12:10.693+0530] {processor.py:830} INFO - Processing file /home/sigmoid/Desktop/Personal_Ml/airflow_poc/airflow_env/lib/python3.8/site-packages/airflow/example_dags/example_complex.py for tasks to queue
[2024-11-19T13:12:10.695+0530] {logging_mixin.py:188} INFO - [2024-11-19T13:12:10.694+0530] {dagbag.py:540} INFO - Filling up the DagBag from /home/sigmoid/Desktop/Personal_Ml/airflow_poc/airflow_env/lib/python3.8/site-packages/airflow/example_dags/example_complex.py
[2024-11-19T13:12:10.709+0530] {processor.py:840} INFO - DAG(s) 'example_complex' retrieved from /home/sigmoid/Desktop/Personal_Ml/airflow_poc/airflow_env/lib/python3.8/site-packages/airflow/example_dags/example_complex.py
[2024-11-19T13:12:10.735+0530] {logging_mixin.py:188} INFO - [2024-11-19T13:12:10.735+0530] {dag.py:3047} INFO - Sync 1 DAGs
[2024-11-19T13:12:10.748+0530] {logging_mixin.py:188} INFO - [2024-11-19T13:12:10.748+0530] {dag.py:3834} INFO - Setting next_dagrun for example_complex to None, run_after=None
[2024-11-19T13:12:10.877+0530] {processor.py:183} INFO - Processing /home/sigmoid/Desktop/Personal_Ml/airflow_poc/airflow_env/lib/python3.8/site-packages/airflow/example_dags/example_complex.py took 0.191 seconds
[2024-11-19T13:13:24.276+0530] {processor.py:161} INFO - Started process (PID=33783) to work on /home/sigmoid/Desktop/Personal_Ml/airflow_poc/airflow_env/lib/python3.8/site-packages/airflow/example_dags/example_complex.py
[2024-11-19T13:13:24.278+0530] {processor.py:830} INFO - Processing file /home/sigmoid/Desktop/Personal_Ml/airflow_poc/airflow_env/lib/python3.8/site-packages/airflow/example_dags/example_complex.py for tasks to queue
[2024-11-19T13:13:24.280+0530] {logging_mixin.py:188} INFO - [2024-11-19T13:13:24.279+0530] {dagbag.py:540} INFO - Filling up the DagBag from /home/sigmoid/Desktop/Personal_Ml/airflow_poc/airflow_env/lib/python3.8/site-packages/airflow/example_dags/example_complex.py
[2024-11-19T13:13:24.324+0530] {processor.py:840} INFO - DAG(s) 'example_complex' retrieved from /home/sigmoid/Desktop/Personal_Ml/airflow_poc/airflow_env/lib/python3.8/site-packages/airflow/example_dags/example_complex.py
[2024-11-19T13:13:24.393+0530] {logging_mixin.py:188} INFO - [2024-11-19T13:13:24.392+0530] {dag.py:3047} INFO - Sync 1 DAGs
[2024-11-19T13:13:24.418+0530] {logging_mixin.py:188} INFO - [2024-11-19T13:13:24.418+0530] {dag.py:3834} INFO - Setting next_dagrun for example_complex to None, run_after=None
[2024-11-19T13:13:24.456+0530] {processor.py:183} INFO - Processing /home/sigmoid/Desktop/Personal_Ml/airflow_poc/airflow_env/lib/python3.8/site-packages/airflow/example_dags/example_complex.py took 0.190 seconds
[2024-11-19T13:14:26.800+0530] {processor.py:161} INFO - Started process (PID=34070) to work on /home/sigmoid/Desktop/Personal_Ml/airflow_poc/airflow_env/lib/python3.8/site-packages/airflow/example_dags/example_complex.py
[2024-11-19T13:14:26.801+0530] {processor.py:830} INFO - Processing file /home/sigmoid/Desktop/Personal_Ml/airflow_poc/airflow_env/lib/python3.8/site-packages/airflow/example_dags/example_complex.py for tasks to queue
[2024-11-19T13:14:26.802+0530] {logging_mixin.py:188} INFO - [2024-11-19T13:14:26.802+0530] {dagbag.py:540} INFO - Filling up the DagBag from /home/sigmoid/Desktop/Personal_Ml/airflow_poc/airflow_env/lib/python3.8/site-packages/airflow/example_dags/example_complex.py
[2024-11-19T13:14:26.818+0530] {processor.py:840} INFO - DAG(s) 'example_complex' retrieved from /home/sigmoid/Desktop/Personal_Ml/airflow_poc/airflow_env/lib/python3.8/site-packages/airflow/example_dags/example_complex.py
[2024-11-19T13:14:26.874+0530] {logging_mixin.py:188} INFO - [2024-11-19T13:14:26.873+0530] {dag.py:3047} INFO - Sync 1 DAGs
[2024-11-19T13:14:26.894+0530] {logging_mixin.py:188} INFO - [2024-11-19T13:14:26.893+0530] {dag.py:3834} INFO - Setting next_dagrun for example_complex to None, run_after=None
[2024-11-19T13:14:26.929+0530] {processor.py:183} INFO - Processing /home/sigmoid/Desktop/Personal_Ml/airflow_poc/airflow_env/lib/python3.8/site-packages/airflow/example_dags/example_complex.py took 0.132 seconds
[2024-11-19T13:15:20.005+0530] {processor.py:161} INFO - Started process (PID=34360) to work on /home/sigmoid/Desktop/Personal_Ml/airflow_poc/airflow_env/lib/python3.8/site-packages/airflow/example_dags/example_complex.py
[2024-11-19T13:15:20.009+0530] {processor.py:830} INFO - Processing file /home/sigmoid/Desktop/Personal_Ml/airflow_poc/airflow_env/lib/python3.8/site-packages/airflow/example_dags/example_complex.py for tasks to queue
[2024-11-19T13:15:20.011+0530] {logging_mixin.py:188} INFO - [2024-11-19T13:15:20.010+0530] {dagbag.py:540} INFO - Filling up the DagBag from /home/sigmoid/Desktop/Personal_Ml/airflow_poc/airflow_env/lib/python3.8/site-packages/airflow/example_dags/example_complex.py
[2024-11-19T13:15:20.044+0530] {processor.py:840} INFO - DAG(s) 'example_complex' retrieved from /home/sigmoid/Desktop/Personal_Ml/airflow_poc/airflow_env/lib/python3.8/site-packages/airflow/example_dags/example_complex.py
[2024-11-19T13:15:20.117+0530] {logging_mixin.py:188} INFO - [2024-11-19T13:15:20.116+0530] {dag.py:3047} INFO - Sync 1 DAGs
[2024-11-19T13:15:20.146+0530] {logging_mixin.py:188} INFO - [2024-11-19T13:15:20.145+0530] {dag.py:3834} INFO - Setting next_dagrun for example_complex to None, run_after=None
[2024-11-19T13:15:20.194+0530] {processor.py:183} INFO - Processing /home/sigmoid/Desktop/Personal_Ml/airflow_poc/airflow_env/lib/python3.8/site-packages/airflow/example_dags/example_complex.py took 0.194 seconds
[2024-11-19T13:16:25.081+0530] {processor.py:161} INFO - Started process (PID=35122) to work on /home/sigmoid/Desktop/Personal_Ml/airflow_poc/airflow_env/lib/python3.8/site-packages/airflow/example_dags/example_complex.py
[2024-11-19T13:16:25.082+0530] {processor.py:830} INFO - Processing file /home/sigmoid/Desktop/Personal_Ml/airflow_poc/airflow_env/lib/python3.8/site-packages/airflow/example_dags/example_complex.py for tasks to queue
[2024-11-19T13:16:25.083+0530] {logging_mixin.py:188} INFO - [2024-11-19T13:16:25.083+0530] {dagbag.py:540} INFO - Filling up the DagBag from /home/sigmoid/Desktop/Personal_Ml/airflow_poc/airflow_env/lib/python3.8/site-packages/airflow/example_dags/example_complex.py
[2024-11-19T13:16:25.101+0530] {processor.py:840} INFO - DAG(s) 'example_complex' retrieved from /home/sigmoid/Desktop/Personal_Ml/airflow_poc/airflow_env/lib/python3.8/site-packages/airflow/example_dags/example_complex.py
[2024-11-19T13:16:25.142+0530] {logging_mixin.py:188} INFO - [2024-11-19T13:16:25.142+0530] {dag.py:3047} INFO - Sync 1 DAGs
[2024-11-19T13:16:25.159+0530] {logging_mixin.py:188} INFO - [2024-11-19T13:16:25.158+0530] {dag.py:3834} INFO - Setting next_dagrun for example_complex to None, run_after=None
[2024-11-19T13:16:25.188+0530] {processor.py:183} INFO - Processing /home/sigmoid/Desktop/Personal_Ml/airflow_poc/airflow_env/lib/python3.8/site-packages/airflow/example_dags/example_complex.py took 0.112 seconds
[2024-11-19T13:17:31.589+0530] {processor.py:161} INFO - Started process (PID=35249) to work on /home/sigmoid/Desktop/Personal_Ml/airflow_poc/airflow_env/lib/python3.8/site-packages/airflow/example_dags/example_complex.py
[2024-11-19T13:17:31.590+0530] {processor.py:830} INFO - Processing file /home/sigmoid/Desktop/Personal_Ml/airflow_poc/airflow_env/lib/python3.8/site-packages/airflow/example_dags/example_complex.py for tasks to queue
[2024-11-19T13:17:31.591+0530] {logging_mixin.py:188} INFO - [2024-11-19T13:17:31.591+0530] {dagbag.py:540} INFO - Filling up the DagBag from /home/sigmoid/Desktop/Personal_Ml/airflow_poc/airflow_env/lib/python3.8/site-packages/airflow/example_dags/example_complex.py
[2024-11-19T13:17:31.602+0530] {processor.py:840} INFO - DAG(s) 'example_complex' retrieved from /home/sigmoid/Desktop/Personal_Ml/airflow_poc/airflow_env/lib/python3.8/site-packages/airflow/example_dags/example_complex.py
[2024-11-19T13:17:31.629+0530] {logging_mixin.py:188} INFO - [2024-11-19T13:17:31.629+0530] {dag.py:3047} INFO - Sync 1 DAGs
[2024-11-19T13:17:31.642+0530] {logging_mixin.py:188} INFO - [2024-11-19T13:17:31.642+0530] {dag.py:3834} INFO - Setting next_dagrun for example_complex to None, run_after=None
[2024-11-19T13:17:31.667+0530] {processor.py:183} INFO - Processing /home/sigmoid/Desktop/Personal_Ml/airflow_poc/airflow_env/lib/python3.8/site-packages/airflow/example_dags/example_complex.py took 0.081 seconds
[2024-11-19T13:18:23.611+0530] {processor.py:161} INFO - Started process (PID=35313) to work on /home/sigmoid/Desktop/Personal_Ml/airflow_poc/airflow_env/lib/python3.8/site-packages/airflow/example_dags/example_complex.py
[2024-11-19T13:18:23.612+0530] {processor.py:830} INFO - Processing file /home/sigmoid/Desktop/Personal_Ml/airflow_poc/airflow_env/lib/python3.8/site-packages/airflow/example_dags/example_complex.py for tasks to queue
[2024-11-19T13:18:23.613+0530] {logging_mixin.py:188} INFO - [2024-11-19T13:18:23.613+0530] {dagbag.py:540} INFO - Filling up the DagBag from /home/sigmoid/Desktop/Personal_Ml/airflow_poc/airflow_env/lib/python3.8/site-packages/airflow/example_dags/example_complex.py
[2024-11-19T13:18:23.625+0530] {processor.py:840} INFO - DAG(s) 'example_complex' retrieved from /home/sigmoid/Desktop/Personal_Ml/airflow_poc/airflow_env/lib/python3.8/site-packages/airflow/example_dags/example_complex.py
[2024-11-19T13:18:23.651+0530] {logging_mixin.py:188} INFO - [2024-11-19T13:18:23.651+0530] {dag.py:3047} INFO - Sync 1 DAGs
[2024-11-19T13:18:23.662+0530] {logging_mixin.py:188} INFO - [2024-11-19T13:18:23.662+0530] {dag.py:3834} INFO - Setting next_dagrun for example_complex to None, run_after=None
[2024-11-19T13:18:23.684+0530] {processor.py:183} INFO - Processing /home/sigmoid/Desktop/Personal_Ml/airflow_poc/airflow_env/lib/python3.8/site-packages/airflow/example_dags/example_complex.py took 0.076 seconds
[2024-11-19T13:19:15.112+0530] {processor.py:161} INFO - Started process (PID=35380) to work on /home/sigmoid/Desktop/Personal_Ml/airflow_poc/airflow_env/lib/python3.8/site-packages/airflow/example_dags/example_complex.py
[2024-11-19T13:19:15.114+0530] {processor.py:830} INFO - Processing file /home/sigmoid/Desktop/Personal_Ml/airflow_poc/airflow_env/lib/python3.8/site-packages/airflow/example_dags/example_complex.py for tasks to queue
[2024-11-19T13:19:15.116+0530] {logging_mixin.py:188} INFO - [2024-11-19T13:19:15.115+0530] {dagbag.py:540} INFO - Filling up the DagBag from /home/sigmoid/Desktop/Personal_Ml/airflow_poc/airflow_env/lib/python3.8/site-packages/airflow/example_dags/example_complex.py
[2024-11-19T13:19:15.145+0530] {processor.py:840} INFO - DAG(s) 'example_complex' retrieved from /home/sigmoid/Desktop/Personal_Ml/airflow_poc/airflow_env/lib/python3.8/site-packages/airflow/example_dags/example_complex.py
[2024-11-19T13:19:15.214+0530] {logging_mixin.py:188} INFO - [2024-11-19T13:19:15.213+0530] {dag.py:3047} INFO - Sync 1 DAGs
[2024-11-19T13:19:15.240+0530] {logging_mixin.py:188} INFO - [2024-11-19T13:19:15.240+0530] {dag.py:3834} INFO - Setting next_dagrun for example_complex to None, run_after=None
[2024-11-19T13:19:15.284+0530] {processor.py:183} INFO - Processing /home/sigmoid/Desktop/Personal_Ml/airflow_poc/airflow_env/lib/python3.8/site-packages/airflow/example_dags/example_complex.py took 0.179 seconds
[2024-11-19T13:20:24.990+0530] {processor.py:161} INFO - Started process (PID=35564) to work on /home/sigmoid/Desktop/Personal_Ml/airflow_poc/airflow_env/lib/python3.8/site-packages/airflow/example_dags/example_complex.py
[2024-11-19T13:20:24.991+0530] {processor.py:830} INFO - Processing file /home/sigmoid/Desktop/Personal_Ml/airflow_poc/airflow_env/lib/python3.8/site-packages/airflow/example_dags/example_complex.py for tasks to queue
[2024-11-19T13:20:24.992+0530] {logging_mixin.py:188} INFO - [2024-11-19T13:20:24.991+0530] {dagbag.py:540} INFO - Filling up the DagBag from /home/sigmoid/Desktop/Personal_Ml/airflow_poc/airflow_env/lib/python3.8/site-packages/airflow/example_dags/example_complex.py
[2024-11-19T13:20:25.003+0530] {processor.py:840} INFO - DAG(s) 'example_complex' retrieved from /home/sigmoid/Desktop/Personal_Ml/airflow_poc/airflow_env/lib/python3.8/site-packages/airflow/example_dags/example_complex.py
[2024-11-19T13:20:25.029+0530] {logging_mixin.py:188} INFO - [2024-11-19T13:20:25.028+0530] {dag.py:3047} INFO - Sync 1 DAGs
[2024-11-19T13:20:25.040+0530] {logging_mixin.py:188} INFO - [2024-11-19T13:20:25.040+0530] {dag.py:3834} INFO - Setting next_dagrun for example_complex to None, run_after=None
[2024-11-19T13:20:25.061+0530] {processor.py:183} INFO - Processing /home/sigmoid/Desktop/Personal_Ml/airflow_poc/airflow_env/lib/python3.8/site-packages/airflow/example_dags/example_complex.py took 0.075 seconds
[2024-11-19T13:21:31.001+0530] {processor.py:161} INFO - Started process (PID=35679) to work on /home/sigmoid/Desktop/Personal_Ml/airflow_poc/airflow_env/lib/python3.8/site-packages/airflow/example_dags/example_complex.py
[2024-11-19T13:21:31.004+0530] {processor.py:830} INFO - Processing file /home/sigmoid/Desktop/Personal_Ml/airflow_poc/airflow_env/lib/python3.8/site-packages/airflow/example_dags/example_complex.py for tasks to queue
[2024-11-19T13:21:31.007+0530] {logging_mixin.py:188} INFO - [2024-11-19T13:21:31.006+0530] {dagbag.py:540} INFO - Filling up the DagBag from /home/sigmoid/Desktop/Personal_Ml/airflow_poc/airflow_env/lib/python3.8/site-packages/airflow/example_dags/example_complex.py
[2024-11-19T13:21:31.038+0530] {processor.py:840} INFO - DAG(s) 'example_complex' retrieved from /home/sigmoid/Desktop/Personal_Ml/airflow_poc/airflow_env/lib/python3.8/site-packages/airflow/example_dags/example_complex.py
[2024-11-19T13:21:31.067+0530] {logging_mixin.py:188} INFO - [2024-11-19T13:21:31.067+0530] {dag.py:3047} INFO - Sync 1 DAGs
[2024-11-19T13:21:31.079+0530] {logging_mixin.py:188} INFO - [2024-11-19T13:21:31.079+0530] {dag.py:3834} INFO - Setting next_dagrun for example_complex to None, run_after=None
[2024-11-19T13:21:31.103+0530] {processor.py:183} INFO - Processing /home/sigmoid/Desktop/Personal_Ml/airflow_poc/airflow_env/lib/python3.8/site-packages/airflow/example_dags/example_complex.py took 0.113 seconds
[2024-11-19T13:22:36.845+0530] {processor.py:161} INFO - Started process (PID=35787) to work on /home/sigmoid/Desktop/Personal_Ml/airflow_poc/airflow_env/lib/python3.8/site-packages/airflow/example_dags/example_complex.py
[2024-11-19T13:22:36.846+0530] {processor.py:830} INFO - Processing file /home/sigmoid/Desktop/Personal_Ml/airflow_poc/airflow_env/lib/python3.8/site-packages/airflow/example_dags/example_complex.py for tasks to queue
[2024-11-19T13:22:36.848+0530] {logging_mixin.py:188} INFO - [2024-11-19T13:22:36.847+0530] {dagbag.py:540} INFO - Filling up the DagBag from /home/sigmoid/Desktop/Personal_Ml/airflow_poc/airflow_env/lib/python3.8/site-packages/airflow/example_dags/example_complex.py
[2024-11-19T13:22:36.859+0530] {processor.py:840} INFO - DAG(s) 'example_complex' retrieved from /home/sigmoid/Desktop/Personal_Ml/airflow_poc/airflow_env/lib/python3.8/site-packages/airflow/example_dags/example_complex.py
[2024-11-19T13:22:36.889+0530] {logging_mixin.py:188} INFO - [2024-11-19T13:22:36.888+0530] {dag.py:3047} INFO - Sync 1 DAGs
[2024-11-19T13:22:36.901+0530] {logging_mixin.py:188} INFO - [2024-11-19T13:22:36.901+0530] {dag.py:3834} INFO - Setting next_dagrun for example_complex to None, run_after=None
[2024-11-19T13:22:36.924+0530] {processor.py:183} INFO - Processing /home/sigmoid/Desktop/Personal_Ml/airflow_poc/airflow_env/lib/python3.8/site-packages/airflow/example_dags/example_complex.py took 0.082 seconds
[2024-11-19T13:23:40.915+0530] {processor.py:161} INFO - Started process (PID=35902) to work on /home/sigmoid/Desktop/Personal_Ml/airflow_poc/airflow_env/lib/python3.8/site-packages/airflow/example_dags/example_complex.py
[2024-11-19T13:23:40.918+0530] {processor.py:830} INFO - Processing file /home/sigmoid/Desktop/Personal_Ml/airflow_poc/airflow_env/lib/python3.8/site-packages/airflow/example_dags/example_complex.py for tasks to queue
[2024-11-19T13:23:40.919+0530] {logging_mixin.py:188} INFO - [2024-11-19T13:23:40.919+0530] {dagbag.py:540} INFO - Filling up the DagBag from /home/sigmoid/Desktop/Personal_Ml/airflow_poc/airflow_env/lib/python3.8/site-packages/airflow/example_dags/example_complex.py
[2024-11-19T13:23:40.932+0530] {processor.py:840} INFO - DAG(s) 'example_complex' retrieved from /home/sigmoid/Desktop/Personal_Ml/airflow_poc/airflow_env/lib/python3.8/site-packages/airflow/example_dags/example_complex.py
[2024-11-19T13:23:40.971+0530] {logging_mixin.py:188} INFO - [2024-11-19T13:23:40.971+0530] {dag.py:3047} INFO - Sync 1 DAGs
[2024-11-19T13:23:40.991+0530] {logging_mixin.py:188} INFO - [2024-11-19T13:23:40.991+0530] {dag.py:3834} INFO - Setting next_dagrun for example_complex to None, run_after=None
[2024-11-19T13:23:41.018+0530] {processor.py:183} INFO - Processing /home/sigmoid/Desktop/Personal_Ml/airflow_poc/airflow_env/lib/python3.8/site-packages/airflow/example_dags/example_complex.py took 0.106 seconds
[2024-11-19T13:24:52.618+0530] {processor.py:161} INFO - Started process (PID=35986) to work on /home/sigmoid/Desktop/Personal_Ml/airflow_poc/airflow_env/lib/python3.8/site-packages/airflow/example_dags/example_complex.py
[2024-11-19T13:24:52.620+0530] {processor.py:830} INFO - Processing file /home/sigmoid/Desktop/Personal_Ml/airflow_poc/airflow_env/lib/python3.8/site-packages/airflow/example_dags/example_complex.py for tasks to queue
[2024-11-19T13:24:52.621+0530] {logging_mixin.py:188} INFO - [2024-11-19T13:24:52.620+0530] {dagbag.py:540} INFO - Filling up the DagBag from /home/sigmoid/Desktop/Personal_Ml/airflow_poc/airflow_env/lib/python3.8/site-packages/airflow/example_dags/example_complex.py
[2024-11-19T13:24:52.635+0530] {processor.py:840} INFO - DAG(s) 'example_complex' retrieved from /home/sigmoid/Desktop/Personal_Ml/airflow_poc/airflow_env/lib/python3.8/site-packages/airflow/example_dags/example_complex.py
[2024-11-19T13:24:52.667+0530] {logging_mixin.py:188} INFO - [2024-11-19T13:24:52.667+0530] {dag.py:3047} INFO - Sync 1 DAGs
[2024-11-19T13:24:52.682+0530] {logging_mixin.py:188} INFO - [2024-11-19T13:24:52.682+0530] {dag.py:3834} INFO - Setting next_dagrun for example_complex to None, run_after=None
[2024-11-19T13:24:52.720+0530] {processor.py:183} INFO - Processing /home/sigmoid/Desktop/Personal_Ml/airflow_poc/airflow_env/lib/python3.8/site-packages/airflow/example_dags/example_complex.py took 0.108 seconds
[2024-11-19T13:26:11.676+0530] {processor.py:161} INFO - Started process (PID=36089) to work on /home/sigmoid/Desktop/Personal_Ml/airflow_poc/airflow_env/lib/python3.8/site-packages/airflow/example_dags/example_complex.py
[2024-11-19T13:26:11.678+0530] {processor.py:830} INFO - Processing file /home/sigmoid/Desktop/Personal_Ml/airflow_poc/airflow_env/lib/python3.8/site-packages/airflow/example_dags/example_complex.py for tasks to queue
[2024-11-19T13:26:11.679+0530] {logging_mixin.py:188} INFO - [2024-11-19T13:26:11.679+0530] {dagbag.py:540} INFO - Filling up the DagBag from /home/sigmoid/Desktop/Personal_Ml/airflow_poc/airflow_env/lib/python3.8/site-packages/airflow/example_dags/example_complex.py
[2024-11-19T13:26:11.712+0530] {processor.py:840} INFO - DAG(s) 'example_complex' retrieved from /home/sigmoid/Desktop/Personal_Ml/airflow_poc/airflow_env/lib/python3.8/site-packages/airflow/example_dags/example_complex.py
[2024-11-19T13:26:11.775+0530] {logging_mixin.py:188} INFO - [2024-11-19T13:26:11.775+0530] {dag.py:3047} INFO - Sync 1 DAGs
[2024-11-19T13:26:11.798+0530] {logging_mixin.py:188} INFO - [2024-11-19T13:26:11.798+0530] {dag.py:3834} INFO - Setting next_dagrun for example_complex to None, run_after=None
[2024-11-19T13:26:11.837+0530] {processor.py:183} INFO - Processing /home/sigmoid/Desktop/Personal_Ml/airflow_poc/airflow_env/lib/python3.8/site-packages/airflow/example_dags/example_complex.py took 0.173 seconds
[2024-11-19T13:27:08.299+0530] {processor.py:161} INFO - Started process (PID=36171) to work on /home/sigmoid/Desktop/Personal_Ml/airflow_poc/airflow_env/lib/python3.8/site-packages/airflow/example_dags/example_complex.py
[2024-11-19T13:27:08.300+0530] {processor.py:830} INFO - Processing file /home/sigmoid/Desktop/Personal_Ml/airflow_poc/airflow_env/lib/python3.8/site-packages/airflow/example_dags/example_complex.py for tasks to queue
[2024-11-19T13:27:08.301+0530] {logging_mixin.py:188} INFO - [2024-11-19T13:27:08.300+0530] {dagbag.py:540} INFO - Filling up the DagBag from /home/sigmoid/Desktop/Personal_Ml/airflow_poc/airflow_env/lib/python3.8/site-packages/airflow/example_dags/example_complex.py
[2024-11-19T13:27:08.312+0530] {processor.py:840} INFO - DAG(s) 'example_complex' retrieved from /home/sigmoid/Desktop/Personal_Ml/airflow_poc/airflow_env/lib/python3.8/site-packages/airflow/example_dags/example_complex.py
[2024-11-19T13:27:08.338+0530] {logging_mixin.py:188} INFO - [2024-11-19T13:27:08.338+0530] {dag.py:3047} INFO - Sync 1 DAGs
[2024-11-19T13:27:08.350+0530] {logging_mixin.py:188} INFO - [2024-11-19T13:27:08.349+0530] {dag.py:3834} INFO - Setting next_dagrun for example_complex to None, run_after=None
[2024-11-19T13:27:08.371+0530] {processor.py:183} INFO - Processing /home/sigmoid/Desktop/Personal_Ml/airflow_poc/airflow_env/lib/python3.8/site-packages/airflow/example_dags/example_complex.py took 0.076 seconds
[2024-11-19T13:28:49.335+0530] {processor.py:161} INFO - Started process (PID=36307) to work on /home/sigmoid/Desktop/Personal_Ml/airflow_poc/airflow_env/lib/python3.8/site-packages/airflow/example_dags/example_complex.py
[2024-11-19T13:28:49.336+0530] {processor.py:830} INFO - Processing file /home/sigmoid/Desktop/Personal_Ml/airflow_poc/airflow_env/lib/python3.8/site-packages/airflow/example_dags/example_complex.py for tasks to queue
[2024-11-19T13:28:49.338+0530] {logging_mixin.py:188} INFO - [2024-11-19T13:28:49.337+0530] {dagbag.py:540} INFO - Filling up the DagBag from /home/sigmoid/Desktop/Personal_Ml/airflow_poc/airflow_env/lib/python3.8/site-packages/airflow/example_dags/example_complex.py
[2024-11-19T13:28:49.354+0530] {processor.py:840} INFO - DAG(s) 'example_complex' retrieved from /home/sigmoid/Desktop/Personal_Ml/airflow_poc/airflow_env/lib/python3.8/site-packages/airflow/example_dags/example_complex.py
[2024-11-19T13:28:49.389+0530] {logging_mixin.py:188} INFO - [2024-11-19T13:28:49.388+0530] {dag.py:3047} INFO - Sync 1 DAGs
[2024-11-19T13:28:49.405+0530] {logging_mixin.py:188} INFO - [2024-11-19T13:28:49.405+0530] {dag.py:3834} INFO - Setting next_dagrun for example_complex to None, run_after=None
[2024-11-19T13:28:49.435+0530] {processor.py:183} INFO - Processing /home/sigmoid/Desktop/Personal_Ml/airflow_poc/airflow_env/lib/python3.8/site-packages/airflow/example_dags/example_complex.py took 0.106 seconds
[2024-11-19T13:29:46.023+0530] {processor.py:161} INFO - Started process (PID=36372) to work on /home/sigmoid/Desktop/Personal_Ml/airflow_poc/airflow_env/lib/python3.8/site-packages/airflow/example_dags/example_complex.py
[2024-11-19T13:29:46.036+0530] {processor.py:830} INFO - Processing file /home/sigmoid/Desktop/Personal_Ml/airflow_poc/airflow_env/lib/python3.8/site-packages/airflow/example_dags/example_complex.py for tasks to queue
[2024-11-19T13:29:46.049+0530] {logging_mixin.py:188} INFO - [2024-11-19T13:29:46.048+0530] {dagbag.py:540} INFO - Filling up the DagBag from /home/sigmoid/Desktop/Personal_Ml/airflow_poc/airflow_env/lib/python3.8/site-packages/airflow/example_dags/example_complex.py
[2024-11-19T13:29:46.091+0530] {processor.py:840} INFO - DAG(s) 'example_complex' retrieved from /home/sigmoid/Desktop/Personal_Ml/airflow_poc/airflow_env/lib/python3.8/site-packages/airflow/example_dags/example_complex.py
[2024-11-19T13:29:46.134+0530] {logging_mixin.py:188} INFO - [2024-11-19T13:29:46.133+0530] {dag.py:3047} INFO - Sync 1 DAGs
[2024-11-19T13:29:46.159+0530] {logging_mixin.py:188} INFO - [2024-11-19T13:29:46.159+0530] {dag.py:3834} INFO - Setting next_dagrun for example_complex to None, run_after=None
[2024-11-19T13:29:46.200+0530] {processor.py:183} INFO - Processing /home/sigmoid/Desktop/Personal_Ml/airflow_poc/airflow_env/lib/python3.8/site-packages/airflow/example_dags/example_complex.py took 0.195 seconds
[2024-11-19T13:30:45.346+0530] {processor.py:161} INFO - Started process (PID=36448) to work on /home/sigmoid/Desktop/Personal_Ml/airflow_poc/airflow_env/lib/python3.8/site-packages/airflow/example_dags/example_complex.py
[2024-11-19T13:30:45.347+0530] {processor.py:830} INFO - Processing file /home/sigmoid/Desktop/Personal_Ml/airflow_poc/airflow_env/lib/python3.8/site-packages/airflow/example_dags/example_complex.py for tasks to queue
[2024-11-19T13:30:45.348+0530] {logging_mixin.py:188} INFO - [2024-11-19T13:30:45.347+0530] {dagbag.py:540} INFO - Filling up the DagBag from /home/sigmoid/Desktop/Personal_Ml/airflow_poc/airflow_env/lib/python3.8/site-packages/airflow/example_dags/example_complex.py
[2024-11-19T13:30:45.359+0530] {processor.py:840} INFO - DAG(s) 'example_complex' retrieved from /home/sigmoid/Desktop/Personal_Ml/airflow_poc/airflow_env/lib/python3.8/site-packages/airflow/example_dags/example_complex.py
[2024-11-19T13:30:45.384+0530] {logging_mixin.py:188} INFO - [2024-11-19T13:30:45.384+0530] {dag.py:3047} INFO - Sync 1 DAGs
[2024-11-19T13:30:45.396+0530] {logging_mixin.py:188} INFO - [2024-11-19T13:30:45.395+0530] {dag.py:3834} INFO - Setting next_dagrun for example_complex to None, run_after=None
[2024-11-19T13:30:45.417+0530] {processor.py:183} INFO - Processing /home/sigmoid/Desktop/Personal_Ml/airflow_poc/airflow_env/lib/python3.8/site-packages/airflow/example_dags/example_complex.py took 0.075 seconds
[2024-11-19T13:31:51.709+0530] {processor.py:161} INFO - Started process (PID=36791) to work on /home/sigmoid/Desktop/Personal_Ml/airflow_poc/airflow_env/lib/python3.8/site-packages/airflow/example_dags/example_complex.py
[2024-11-19T13:31:51.710+0530] {processor.py:830} INFO - Processing file /home/sigmoid/Desktop/Personal_Ml/airflow_poc/airflow_env/lib/python3.8/site-packages/airflow/example_dags/example_complex.py for tasks to queue
[2024-11-19T13:31:51.712+0530] {logging_mixin.py:188} INFO - [2024-11-19T13:31:51.711+0530] {dagbag.py:540} INFO - Filling up the DagBag from /home/sigmoid/Desktop/Personal_Ml/airflow_poc/airflow_env/lib/python3.8/site-packages/airflow/example_dags/example_complex.py
[2024-11-19T13:31:51.723+0530] {processor.py:840} INFO - DAG(s) 'example_complex' retrieved from /home/sigmoid/Desktop/Personal_Ml/airflow_poc/airflow_env/lib/python3.8/site-packages/airflow/example_dags/example_complex.py
[2024-11-19T13:31:51.749+0530] {logging_mixin.py:188} INFO - [2024-11-19T13:31:51.748+0530] {dag.py:3047} INFO - Sync 1 DAGs
[2024-11-19T13:31:51.760+0530] {logging_mixin.py:188} INFO - [2024-11-19T13:31:51.760+0530] {dag.py:3834} INFO - Setting next_dagrun for example_complex to None, run_after=None
[2024-11-19T13:31:51.791+0530] {processor.py:183} INFO - Processing /home/sigmoid/Desktop/Personal_Ml/airflow_poc/airflow_env/lib/python3.8/site-packages/airflow/example_dags/example_complex.py took 0.085 seconds
[2024-11-19T13:32:52.551+0530] {processor.py:161} INFO - Started process (PID=36871) to work on /home/sigmoid/Desktop/Personal_Ml/airflow_poc/airflow_env/lib/python3.8/site-packages/airflow/example_dags/example_complex.py
[2024-11-19T13:32:52.552+0530] {processor.py:830} INFO - Processing file /home/sigmoid/Desktop/Personal_Ml/airflow_poc/airflow_env/lib/python3.8/site-packages/airflow/example_dags/example_complex.py for tasks to queue
[2024-11-19T13:32:52.553+0530] {logging_mixin.py:188} INFO - [2024-11-19T13:32:52.552+0530] {dagbag.py:540} INFO - Filling up the DagBag from /home/sigmoid/Desktop/Personal_Ml/airflow_poc/airflow_env/lib/python3.8/site-packages/airflow/example_dags/example_complex.py
[2024-11-19T13:32:52.564+0530] {processor.py:840} INFO - DAG(s) 'example_complex' retrieved from /home/sigmoid/Desktop/Personal_Ml/airflow_poc/airflow_env/lib/python3.8/site-packages/airflow/example_dags/example_complex.py
[2024-11-19T13:32:52.590+0530] {logging_mixin.py:188} INFO - [2024-11-19T13:32:52.590+0530] {dag.py:3047} INFO - Sync 1 DAGs
[2024-11-19T13:32:52.602+0530] {logging_mixin.py:188} INFO - [2024-11-19T13:32:52.602+0530] {dag.py:3834} INFO - Setting next_dagrun for example_complex to None, run_after=None
[2024-11-19T13:32:52.623+0530] {processor.py:183} INFO - Processing /home/sigmoid/Desktop/Personal_Ml/airflow_poc/airflow_env/lib/python3.8/site-packages/airflow/example_dags/example_complex.py took 0.076 seconds
[2024-11-19T13:33:52.068+0530] {processor.py:161} INFO - Started process (PID=36978) to work on /home/sigmoid/Desktop/Personal_Ml/airflow_poc/airflow_env/lib/python3.8/site-packages/airflow/example_dags/example_complex.py
[2024-11-19T13:33:52.069+0530] {processor.py:830} INFO - Processing file /home/sigmoid/Desktop/Personal_Ml/airflow_poc/airflow_env/lib/python3.8/site-packages/airflow/example_dags/example_complex.py for tasks to queue
[2024-11-19T13:33:52.070+0530] {logging_mixin.py:188} INFO - [2024-11-19T13:33:52.070+0530] {dagbag.py:540} INFO - Filling up the DagBag from /home/sigmoid/Desktop/Personal_Ml/airflow_poc/airflow_env/lib/python3.8/site-packages/airflow/example_dags/example_complex.py
[2024-11-19T13:33:52.081+0530] {processor.py:840} INFO - DAG(s) 'example_complex' retrieved from /home/sigmoid/Desktop/Personal_Ml/airflow_poc/airflow_env/lib/python3.8/site-packages/airflow/example_dags/example_complex.py
[2024-11-19T13:33:52.119+0530] {logging_mixin.py:188} INFO - [2024-11-19T13:33:52.118+0530] {dag.py:3047} INFO - Sync 1 DAGs
[2024-11-19T13:33:52.131+0530] {logging_mixin.py:188} INFO - [2024-11-19T13:33:52.131+0530] {dag.py:3834} INFO - Setting next_dagrun for example_complex to None, run_after=None
[2024-11-19T13:33:52.163+0530] {processor.py:183} INFO - Processing /home/sigmoid/Desktop/Personal_Ml/airflow_poc/airflow_env/lib/python3.8/site-packages/airflow/example_dags/example_complex.py took 0.099 seconds
[2024-11-19T13:41:45.247+0530] {processor.py:161} INFO - Started process (PID=37271) to work on /home/sigmoid/Desktop/Personal_Ml/airflow_poc/airflow_env/lib/python3.8/site-packages/airflow/example_dags/example_complex.py
[2024-11-19T13:41:45.249+0530] {processor.py:830} INFO - Processing file /home/sigmoid/Desktop/Personal_Ml/airflow_poc/airflow_env/lib/python3.8/site-packages/airflow/example_dags/example_complex.py for tasks to queue
[2024-11-19T13:41:45.250+0530] {logging_mixin.py:188} INFO - [2024-11-19T13:41:45.249+0530] {dagbag.py:540} INFO - Filling up the DagBag from /home/sigmoid/Desktop/Personal_Ml/airflow_poc/airflow_env/lib/python3.8/site-packages/airflow/example_dags/example_complex.py
[2024-11-19T13:41:45.261+0530] {processor.py:840} INFO - DAG(s) 'example_complex' retrieved from /home/sigmoid/Desktop/Personal_Ml/airflow_poc/airflow_env/lib/python3.8/site-packages/airflow/example_dags/example_complex.py
[2024-11-19T13:41:45.287+0530] {logging_mixin.py:188} INFO - [2024-11-19T13:41:45.286+0530] {dag.py:3047} INFO - Sync 1 DAGs
[2024-11-19T13:41:45.299+0530] {logging_mixin.py:188} INFO - [2024-11-19T13:41:45.299+0530] {dag.py:3834} INFO - Setting next_dagrun for example_complex to None, run_after=None
[2024-11-19T13:41:45.329+0530] {processor.py:183} INFO - Processing /home/sigmoid/Desktop/Personal_Ml/airflow_poc/airflow_env/lib/python3.8/site-packages/airflow/example_dags/example_complex.py took 0.085 seconds
[2024-11-19T13:42:36.452+0530] {processor.py:161} INFO - Started process (PID=37331) to work on /home/sigmoid/Desktop/Personal_Ml/airflow_poc/airflow_env/lib/python3.8/site-packages/airflow/example_dags/example_complex.py
[2024-11-19T13:42:36.454+0530] {processor.py:830} INFO - Processing file /home/sigmoid/Desktop/Personal_Ml/airflow_poc/airflow_env/lib/python3.8/site-packages/airflow/example_dags/example_complex.py for tasks to queue
[2024-11-19T13:42:36.455+0530] {logging_mixin.py:188} INFO - [2024-11-19T13:42:36.454+0530] {dagbag.py:540} INFO - Filling up the DagBag from /home/sigmoid/Desktop/Personal_Ml/airflow_poc/airflow_env/lib/python3.8/site-packages/airflow/example_dags/example_complex.py
[2024-11-19T13:42:36.466+0530] {processor.py:840} INFO - DAG(s) 'example_complex' retrieved from /home/sigmoid/Desktop/Personal_Ml/airflow_poc/airflow_env/lib/python3.8/site-packages/airflow/example_dags/example_complex.py
[2024-11-19T13:42:36.492+0530] {logging_mixin.py:188} INFO - [2024-11-19T13:42:36.492+0530] {dag.py:3047} INFO - Sync 1 DAGs
[2024-11-19T13:42:36.504+0530] {logging_mixin.py:188} INFO - [2024-11-19T13:42:36.503+0530] {dag.py:3834} INFO - Setting next_dagrun for example_complex to None, run_after=None
[2024-11-19T13:42:36.525+0530] {processor.py:183} INFO - Processing /home/sigmoid/Desktop/Personal_Ml/airflow_poc/airflow_env/lib/python3.8/site-packages/airflow/example_dags/example_complex.py took 0.075 seconds
[2024-11-19T13:43:38.910+0530] {processor.py:161} INFO - Started process (PID=37410) to work on /home/sigmoid/Desktop/Personal_Ml/airflow_poc/airflow_env/lib/python3.8/site-packages/airflow/example_dags/example_complex.py
[2024-11-19T13:43:38.912+0530] {processor.py:830} INFO - Processing file /home/sigmoid/Desktop/Personal_Ml/airflow_poc/airflow_env/lib/python3.8/site-packages/airflow/example_dags/example_complex.py for tasks to queue
[2024-11-19T13:43:38.912+0530] {logging_mixin.py:188} INFO - [2024-11-19T13:43:38.912+0530] {dagbag.py:540} INFO - Filling up the DagBag from /home/sigmoid/Desktop/Personal_Ml/airflow_poc/airflow_env/lib/python3.8/site-packages/airflow/example_dags/example_complex.py
[2024-11-19T13:43:38.923+0530] {processor.py:840} INFO - DAG(s) 'example_complex' retrieved from /home/sigmoid/Desktop/Personal_Ml/airflow_poc/airflow_env/lib/python3.8/site-packages/airflow/example_dags/example_complex.py
[2024-11-19T13:43:38.949+0530] {logging_mixin.py:188} INFO - [2024-11-19T13:43:38.949+0530] {dag.py:3047} INFO - Sync 1 DAGs
[2024-11-19T13:43:38.961+0530] {logging_mixin.py:188} INFO - [2024-11-19T13:43:38.960+0530] {dag.py:3834} INFO - Setting next_dagrun for example_complex to None, run_after=None
[2024-11-19T13:43:38.982+0530] {processor.py:183} INFO - Processing /home/sigmoid/Desktop/Personal_Ml/airflow_poc/airflow_env/lib/python3.8/site-packages/airflow/example_dags/example_complex.py took 0.074 seconds
[2024-11-19T13:44:41.139+0530] {processor.py:161} INFO - Started process (PID=37484) to work on /home/sigmoid/Desktop/Personal_Ml/airflow_poc/airflow_env/lib/python3.8/site-packages/airflow/example_dags/example_complex.py
[2024-11-19T13:44:41.140+0530] {processor.py:830} INFO - Processing file /home/sigmoid/Desktop/Personal_Ml/airflow_poc/airflow_env/lib/python3.8/site-packages/airflow/example_dags/example_complex.py for tasks to queue
[2024-11-19T13:44:41.141+0530] {logging_mixin.py:188} INFO - [2024-11-19T13:44:41.140+0530] {dagbag.py:540} INFO - Filling up the DagBag from /home/sigmoid/Desktop/Personal_Ml/airflow_poc/airflow_env/lib/python3.8/site-packages/airflow/example_dags/example_complex.py
[2024-11-19T13:44:41.153+0530] {processor.py:840} INFO - DAG(s) 'example_complex' retrieved from /home/sigmoid/Desktop/Personal_Ml/airflow_poc/airflow_env/lib/python3.8/site-packages/airflow/example_dags/example_complex.py
[2024-11-19T13:44:41.179+0530] {logging_mixin.py:188} INFO - [2024-11-19T13:44:41.178+0530] {dag.py:3047} INFO - Sync 1 DAGs
[2024-11-19T13:44:41.191+0530] {logging_mixin.py:188} INFO - [2024-11-19T13:44:41.190+0530] {dag.py:3834} INFO - Setting next_dagrun for example_complex to None, run_after=None
[2024-11-19T13:44:41.211+0530] {processor.py:183} INFO - Processing /home/sigmoid/Desktop/Personal_Ml/airflow_poc/airflow_env/lib/python3.8/site-packages/airflow/example_dags/example_complex.py took 0.076 seconds
[2024-11-19T13:45:43.651+0530] {processor.py:161} INFO - Started process (PID=37561) to work on /home/sigmoid/Desktop/Personal_Ml/airflow_poc/airflow_env/lib/python3.8/site-packages/airflow/example_dags/example_complex.py
[2024-11-19T13:45:43.652+0530] {processor.py:830} INFO - Processing file /home/sigmoid/Desktop/Personal_Ml/airflow_poc/airflow_env/lib/python3.8/site-packages/airflow/example_dags/example_complex.py for tasks to queue
[2024-11-19T13:45:43.653+0530] {logging_mixin.py:188} INFO - [2024-11-19T13:45:43.653+0530] {dagbag.py:540} INFO - Filling up the DagBag from /home/sigmoid/Desktop/Personal_Ml/airflow_poc/airflow_env/lib/python3.8/site-packages/airflow/example_dags/example_complex.py
[2024-11-19T13:45:43.664+0530] {processor.py:840} INFO - DAG(s) 'example_complex' retrieved from /home/sigmoid/Desktop/Personal_Ml/airflow_poc/airflow_env/lib/python3.8/site-packages/airflow/example_dags/example_complex.py
[2024-11-19T13:45:43.690+0530] {logging_mixin.py:188} INFO - [2024-11-19T13:45:43.690+0530] {dag.py:3047} INFO - Sync 1 DAGs
[2024-11-19T13:45:43.702+0530] {logging_mixin.py:188} INFO - [2024-11-19T13:45:43.702+0530] {dag.py:3834} INFO - Setting next_dagrun for example_complex to None, run_after=None
[2024-11-19T13:45:43.723+0530] {processor.py:183} INFO - Processing /home/sigmoid/Desktop/Personal_Ml/airflow_poc/airflow_env/lib/python3.8/site-packages/airflow/example_dags/example_complex.py took 0.076 seconds
[2024-11-19T13:46:49.048+0530] {processor.py:161} INFO - Started process (PID=37892) to work on /home/sigmoid/Desktop/Personal_Ml/airflow_poc/airflow_env/lib/python3.8/site-packages/airflow/example_dags/example_complex.py
[2024-11-19T13:46:49.049+0530] {processor.py:830} INFO - Processing file /home/sigmoid/Desktop/Personal_Ml/airflow_poc/airflow_env/lib/python3.8/site-packages/airflow/example_dags/example_complex.py for tasks to queue
[2024-11-19T13:46:49.050+0530] {logging_mixin.py:188} INFO - [2024-11-19T13:46:49.050+0530] {dagbag.py:540} INFO - Filling up the DagBag from /home/sigmoid/Desktop/Personal_Ml/airflow_poc/airflow_env/lib/python3.8/site-packages/airflow/example_dags/example_complex.py
[2024-11-19T13:46:49.061+0530] {processor.py:840} INFO - DAG(s) 'example_complex' retrieved from /home/sigmoid/Desktop/Personal_Ml/airflow_poc/airflow_env/lib/python3.8/site-packages/airflow/example_dags/example_complex.py
[2024-11-19T13:46:49.102+0530] {logging_mixin.py:188} INFO - [2024-11-19T13:46:49.102+0530] {dag.py:3047} INFO - Sync 1 DAGs
[2024-11-19T13:46:49.115+0530] {logging_mixin.py:188} INFO - [2024-11-19T13:46:49.115+0530] {dag.py:3834} INFO - Setting next_dagrun for example_complex to None, run_after=None
[2024-11-19T13:46:49.137+0530] {processor.py:183} INFO - Processing /home/sigmoid/Desktop/Personal_Ml/airflow_poc/airflow_env/lib/python3.8/site-packages/airflow/example_dags/example_complex.py took 0.092 seconds
[2024-11-19T13:47:48.592+0530] {processor.py:161} INFO - Started process (PID=37967) to work on /home/sigmoid/Desktop/Personal_Ml/airflow_poc/airflow_env/lib/python3.8/site-packages/airflow/example_dags/example_complex.py
[2024-11-19T13:47:48.593+0530] {processor.py:830} INFO - Processing file /home/sigmoid/Desktop/Personal_Ml/airflow_poc/airflow_env/lib/python3.8/site-packages/airflow/example_dags/example_complex.py for tasks to queue
[2024-11-19T13:47:48.594+0530] {logging_mixin.py:188} INFO - [2024-11-19T13:47:48.593+0530] {dagbag.py:540} INFO - Filling up the DagBag from /home/sigmoid/Desktop/Personal_Ml/airflow_poc/airflow_env/lib/python3.8/site-packages/airflow/example_dags/example_complex.py
[2024-11-19T13:47:48.604+0530] {processor.py:840} INFO - DAG(s) 'example_complex' retrieved from /home/sigmoid/Desktop/Personal_Ml/airflow_poc/airflow_env/lib/python3.8/site-packages/airflow/example_dags/example_complex.py
[2024-11-19T13:47:48.630+0530] {logging_mixin.py:188} INFO - [2024-11-19T13:47:48.630+0530] {dag.py:3047} INFO - Sync 1 DAGs
[2024-11-19T13:47:48.642+0530] {logging_mixin.py:188} INFO - [2024-11-19T13:47:48.642+0530] {dag.py:3834} INFO - Setting next_dagrun for example_complex to None, run_after=None
[2024-11-19T13:47:48.664+0530] {processor.py:183} INFO - Processing /home/sigmoid/Desktop/Personal_Ml/airflow_poc/airflow_env/lib/python3.8/site-packages/airflow/example_dags/example_complex.py took 0.076 seconds
[2024-11-19T13:48:50.249+0530] {processor.py:161} INFO - Started process (PID=38040) to work on /home/sigmoid/Desktop/Personal_Ml/airflow_poc/airflow_env/lib/python3.8/site-packages/airflow/example_dags/example_complex.py
[2024-11-19T13:48:50.250+0530] {processor.py:830} INFO - Processing file /home/sigmoid/Desktop/Personal_Ml/airflow_poc/airflow_env/lib/python3.8/site-packages/airflow/example_dags/example_complex.py for tasks to queue
[2024-11-19T13:48:50.251+0530] {logging_mixin.py:188} INFO - [2024-11-19T13:48:50.251+0530] {dagbag.py:540} INFO - Filling up the DagBag from /home/sigmoid/Desktop/Personal_Ml/airflow_poc/airflow_env/lib/python3.8/site-packages/airflow/example_dags/example_complex.py
[2024-11-19T13:48:50.262+0530] {processor.py:840} INFO - DAG(s) 'example_complex' retrieved from /home/sigmoid/Desktop/Personal_Ml/airflow_poc/airflow_env/lib/python3.8/site-packages/airflow/example_dags/example_complex.py
[2024-11-19T13:48:50.288+0530] {logging_mixin.py:188} INFO - [2024-11-19T13:48:50.287+0530] {dag.py:3047} INFO - Sync 1 DAGs
[2024-11-19T13:48:50.299+0530] {logging_mixin.py:188} INFO - [2024-11-19T13:48:50.299+0530] {dag.py:3834} INFO - Setting next_dagrun for example_complex to None, run_after=None
[2024-11-19T13:48:50.320+0530] {processor.py:183} INFO - Processing /home/sigmoid/Desktop/Personal_Ml/airflow_poc/airflow_env/lib/python3.8/site-packages/airflow/example_dags/example_complex.py took 0.075 seconds
[2024-11-19T13:49:46.463+0530] {processor.py:161} INFO - Started process (PID=38112) to work on /home/sigmoid/Desktop/Personal_Ml/airflow_poc/airflow_env/lib/python3.8/site-packages/airflow/example_dags/example_complex.py
[2024-11-19T13:49:46.465+0530] {processor.py:830} INFO - Processing file /home/sigmoid/Desktop/Personal_Ml/airflow_poc/airflow_env/lib/python3.8/site-packages/airflow/example_dags/example_complex.py for tasks to queue
[2024-11-19T13:49:46.466+0530] {logging_mixin.py:188} INFO - [2024-11-19T13:49:46.465+0530] {dagbag.py:540} INFO - Filling up the DagBag from /home/sigmoid/Desktop/Personal_Ml/airflow_poc/airflow_env/lib/python3.8/site-packages/airflow/example_dags/example_complex.py
[2024-11-19T13:49:46.476+0530] {processor.py:840} INFO - DAG(s) 'example_complex' retrieved from /home/sigmoid/Desktop/Personal_Ml/airflow_poc/airflow_env/lib/python3.8/site-packages/airflow/example_dags/example_complex.py
[2024-11-19T13:49:46.503+0530] {logging_mixin.py:188} INFO - [2024-11-19T13:49:46.502+0530] {dag.py:3047} INFO - Sync 1 DAGs
[2024-11-19T13:49:46.514+0530] {logging_mixin.py:188} INFO - [2024-11-19T13:49:46.514+0530] {dag.py:3834} INFO - Setting next_dagrun for example_complex to None, run_after=None
[2024-11-19T13:49:46.535+0530] {processor.py:183} INFO - Processing /home/sigmoid/Desktop/Personal_Ml/airflow_poc/airflow_env/lib/python3.8/site-packages/airflow/example_dags/example_complex.py took 0.074 seconds
[2024-11-19T13:50:45.304+0530] {processor.py:161} INFO - Started process (PID=38183) to work on /home/sigmoid/Desktop/Personal_Ml/airflow_poc/airflow_env/lib/python3.8/site-packages/airflow/example_dags/example_complex.py
[2024-11-19T13:50:45.305+0530] {processor.py:830} INFO - Processing file /home/sigmoid/Desktop/Personal_Ml/airflow_poc/airflow_env/lib/python3.8/site-packages/airflow/example_dags/example_complex.py for tasks to queue
[2024-11-19T13:50:45.306+0530] {logging_mixin.py:188} INFO - [2024-11-19T13:50:45.305+0530] {dagbag.py:540} INFO - Filling up the DagBag from /home/sigmoid/Desktop/Personal_Ml/airflow_poc/airflow_env/lib/python3.8/site-packages/airflow/example_dags/example_complex.py
[2024-11-19T13:50:45.317+0530] {processor.py:840} INFO - DAG(s) 'example_complex' retrieved from /home/sigmoid/Desktop/Personal_Ml/airflow_poc/airflow_env/lib/python3.8/site-packages/airflow/example_dags/example_complex.py
[2024-11-19T13:50:45.343+0530] {logging_mixin.py:188} INFO - [2024-11-19T13:50:45.343+0530] {dag.py:3047} INFO - Sync 1 DAGs
[2024-11-19T13:50:45.354+0530] {logging_mixin.py:188} INFO - [2024-11-19T13:50:45.354+0530] {dag.py:3834} INFO - Setting next_dagrun for example_complex to None, run_after=None
[2024-11-19T13:50:45.375+0530] {processor.py:183} INFO - Processing /home/sigmoid/Desktop/Personal_Ml/airflow_poc/airflow_env/lib/python3.8/site-packages/airflow/example_dags/example_complex.py took 0.075 seconds
[2024-11-19T13:51:47.981+0530] {processor.py:161} INFO - Started process (PID=38261) to work on /home/sigmoid/Desktop/Personal_Ml/airflow_poc/airflow_env/lib/python3.8/site-packages/airflow/example_dags/example_complex.py
[2024-11-19T13:51:47.982+0530] {processor.py:830} INFO - Processing file /home/sigmoid/Desktop/Personal_Ml/airflow_poc/airflow_env/lib/python3.8/site-packages/airflow/example_dags/example_complex.py for tasks to queue
[2024-11-19T13:51:47.983+0530] {logging_mixin.py:188} INFO - [2024-11-19T13:51:47.983+0530] {dagbag.py:540} INFO - Filling up the DagBag from /home/sigmoid/Desktop/Personal_Ml/airflow_poc/airflow_env/lib/python3.8/site-packages/airflow/example_dags/example_complex.py
[2024-11-19T13:51:47.994+0530] {processor.py:840} INFO - DAG(s) 'example_complex' retrieved from /home/sigmoid/Desktop/Personal_Ml/airflow_poc/airflow_env/lib/python3.8/site-packages/airflow/example_dags/example_complex.py
[2024-11-19T13:51:48.020+0530] {logging_mixin.py:188} INFO - [2024-11-19T13:51:48.020+0530] {dag.py:3047} INFO - Sync 1 DAGs
[2024-11-19T13:51:48.032+0530] {logging_mixin.py:188} INFO - [2024-11-19T13:51:48.032+0530] {dag.py:3834} INFO - Setting next_dagrun for example_complex to None, run_after=None
[2024-11-19T13:51:48.052+0530] {processor.py:183} INFO - Processing /home/sigmoid/Desktop/Personal_Ml/airflow_poc/airflow_env/lib/python3.8/site-packages/airflow/example_dags/example_complex.py took 0.074 seconds
[2024-11-19T13:52:49.885+0530] {processor.py:161} INFO - Started process (PID=38336) to work on /home/sigmoid/Desktop/Personal_Ml/airflow_poc/airflow_env/lib/python3.8/site-packages/airflow/example_dags/example_complex.py
[2024-11-19T13:52:49.886+0530] {processor.py:830} INFO - Processing file /home/sigmoid/Desktop/Personal_Ml/airflow_poc/airflow_env/lib/python3.8/site-packages/airflow/example_dags/example_complex.py for tasks to queue
[2024-11-19T13:52:49.887+0530] {logging_mixin.py:188} INFO - [2024-11-19T13:52:49.886+0530] {dagbag.py:540} INFO - Filling up the DagBag from /home/sigmoid/Desktop/Personal_Ml/airflow_poc/airflow_env/lib/python3.8/site-packages/airflow/example_dags/example_complex.py
[2024-11-19T13:52:49.901+0530] {processor.py:840} INFO - DAG(s) 'example_complex' retrieved from /home/sigmoid/Desktop/Personal_Ml/airflow_poc/airflow_env/lib/python3.8/site-packages/airflow/example_dags/example_complex.py
[2024-11-19T13:52:49.927+0530] {logging_mixin.py:188} INFO - [2024-11-19T13:52:49.927+0530] {dag.py:3047} INFO - Sync 1 DAGs
[2024-11-19T13:52:49.939+0530] {logging_mixin.py:188} INFO - [2024-11-19T13:52:49.938+0530] {dag.py:3834} INFO - Setting next_dagrun for example_complex to None, run_after=None
[2024-11-19T13:52:49.959+0530] {processor.py:183} INFO - Processing /home/sigmoid/Desktop/Personal_Ml/airflow_poc/airflow_env/lib/python3.8/site-packages/airflow/example_dags/example_complex.py took 0.078 seconds
[2024-11-19T13:53:54.648+0530] {processor.py:161} INFO - Started process (PID=38451) to work on /home/sigmoid/Desktop/Personal_Ml/airflow_poc/airflow_env/lib/python3.8/site-packages/airflow/example_dags/example_complex.py
[2024-11-19T13:53:54.649+0530] {processor.py:830} INFO - Processing file /home/sigmoid/Desktop/Personal_Ml/airflow_poc/airflow_env/lib/python3.8/site-packages/airflow/example_dags/example_complex.py for tasks to queue
[2024-11-19T13:53:54.650+0530] {logging_mixin.py:188} INFO - [2024-11-19T13:53:54.650+0530] {dagbag.py:540} INFO - Filling up the DagBag from /home/sigmoid/Desktop/Personal_Ml/airflow_poc/airflow_env/lib/python3.8/site-packages/airflow/example_dags/example_complex.py
[2024-11-19T13:53:54.661+0530] {processor.py:840} INFO - DAG(s) 'example_complex' retrieved from /home/sigmoid/Desktop/Personal_Ml/airflow_poc/airflow_env/lib/python3.8/site-packages/airflow/example_dags/example_complex.py
[2024-11-19T13:53:54.688+0530] {logging_mixin.py:188} INFO - [2024-11-19T13:53:54.687+0530] {dag.py:3047} INFO - Sync 1 DAGs
[2024-11-19T13:53:54.700+0530] {logging_mixin.py:188} INFO - [2024-11-19T13:53:54.700+0530] {dag.py:3834} INFO - Setting next_dagrun for example_complex to None, run_after=None
[2024-11-19T13:53:54.721+0530] {processor.py:183} INFO - Processing /home/sigmoid/Desktop/Personal_Ml/airflow_poc/airflow_env/lib/python3.8/site-packages/airflow/example_dags/example_complex.py took 0.077 seconds
[2024-11-19T14:30:48.147+0530] {processor.py:161} INFO - Started process (PID=54654) to work on /home/sigmoid/Desktop/Personal_Ml/airflow_poc/airflow_env/lib/python3.8/site-packages/airflow/example_dags/example_complex.py
[2024-11-19T14:30:48.149+0530] {processor.py:830} INFO - Processing file /home/sigmoid/Desktop/Personal_Ml/airflow_poc/airflow_env/lib/python3.8/site-packages/airflow/example_dags/example_complex.py for tasks to queue
[2024-11-19T14:30:48.150+0530] {logging_mixin.py:188} INFO - [2024-11-19T14:30:48.150+0530] {dagbag.py:540} INFO - Filling up the DagBag from /home/sigmoid/Desktop/Personal_Ml/airflow_poc/airflow_env/lib/python3.8/site-packages/airflow/example_dags/example_complex.py
[2024-11-19T14:30:48.178+0530] {processor.py:840} INFO - DAG(s) 'example_complex' retrieved from /home/sigmoid/Desktop/Personal_Ml/airflow_poc/airflow_env/lib/python3.8/site-packages/airflow/example_dags/example_complex.py
[2024-11-19T14:30:48.241+0530] {logging_mixin.py:188} INFO - [2024-11-19T14:30:48.241+0530] {dag.py:3047} INFO - Sync 1 DAGs
[2024-11-19T14:30:48.266+0530] {logging_mixin.py:188} INFO - [2024-11-19T14:30:48.265+0530] {dag.py:3834} INFO - Setting next_dagrun for example_complex to None, run_after=None
[2024-11-19T14:30:48.303+0530] {processor.py:183} INFO - Processing /home/sigmoid/Desktop/Personal_Ml/airflow_poc/airflow_env/lib/python3.8/site-packages/airflow/example_dags/example_complex.py took 0.162 seconds
[2024-11-19T14:31:40.639+0530] {processor.py:161} INFO - Started process (PID=55013) to work on /home/sigmoid/Desktop/Personal_Ml/airflow_poc/airflow_env/lib/python3.8/site-packages/airflow/example_dags/example_complex.py
[2024-11-19T14:31:40.640+0530] {processor.py:830} INFO - Processing file /home/sigmoid/Desktop/Personal_Ml/airflow_poc/airflow_env/lib/python3.8/site-packages/airflow/example_dags/example_complex.py for tasks to queue
[2024-11-19T14:31:40.642+0530] {logging_mixin.py:188} INFO - [2024-11-19T14:31:40.641+0530] {dagbag.py:540} INFO - Filling up the DagBag from /home/sigmoid/Desktop/Personal_Ml/airflow_poc/airflow_env/lib/python3.8/site-packages/airflow/example_dags/example_complex.py
[2024-11-19T14:31:40.663+0530] {processor.py:840} INFO - DAG(s) 'example_complex' retrieved from /home/sigmoid/Desktop/Personal_Ml/airflow_poc/airflow_env/lib/python3.8/site-packages/airflow/example_dags/example_complex.py
[2024-11-19T14:31:40.697+0530] {logging_mixin.py:188} INFO - [2024-11-19T14:31:40.697+0530] {dag.py:3047} INFO - Sync 1 DAGs
[2024-11-19T14:31:40.709+0530] {logging_mixin.py:188} INFO - [2024-11-19T14:31:40.709+0530] {dag.py:3834} INFO - Setting next_dagrun for example_complex to None, run_after=None
[2024-11-19T14:31:40.731+0530] {processor.py:183} INFO - Processing /home/sigmoid/Desktop/Personal_Ml/airflow_poc/airflow_env/lib/python3.8/site-packages/airflow/example_dags/example_complex.py took 0.096 seconds
[2024-11-19T14:32:45.961+0530] {processor.py:161} INFO - Started process (PID=55102) to work on /home/sigmoid/Desktop/Personal_Ml/airflow_poc/airflow_env/lib/python3.8/site-packages/airflow/example_dags/example_complex.py
[2024-11-19T14:32:45.962+0530] {processor.py:830} INFO - Processing file /home/sigmoid/Desktop/Personal_Ml/airflow_poc/airflow_env/lib/python3.8/site-packages/airflow/example_dags/example_complex.py for tasks to queue
[2024-11-19T14:32:45.963+0530] {logging_mixin.py:188} INFO - [2024-11-19T14:32:45.963+0530] {dagbag.py:540} INFO - Filling up the DagBag from /home/sigmoid/Desktop/Personal_Ml/airflow_poc/airflow_env/lib/python3.8/site-packages/airflow/example_dags/example_complex.py
[2024-11-19T14:32:45.974+0530] {processor.py:840} INFO - DAG(s) 'example_complex' retrieved from /home/sigmoid/Desktop/Personal_Ml/airflow_poc/airflow_env/lib/python3.8/site-packages/airflow/example_dags/example_complex.py
[2024-11-19T14:32:46.000+0530] {logging_mixin.py:188} INFO - [2024-11-19T14:32:46.000+0530] {dag.py:3047} INFO - Sync 1 DAGs
[2024-11-19T14:32:46.012+0530] {logging_mixin.py:188} INFO - [2024-11-19T14:32:46.012+0530] {dag.py:3834} INFO - Setting next_dagrun for example_complex to None, run_after=None
[2024-11-19T14:32:46.032+0530] {processor.py:183} INFO - Processing /home/sigmoid/Desktop/Personal_Ml/airflow_poc/airflow_env/lib/python3.8/site-packages/airflow/example_dags/example_complex.py took 0.075 seconds
[2024-11-19T14:33:49.083+0530] {processor.py:161} INFO - Started process (PID=55178) to work on /home/sigmoid/Desktop/Personal_Ml/airflow_poc/airflow_env/lib/python3.8/site-packages/airflow/example_dags/example_complex.py
[2024-11-19T14:33:49.084+0530] {processor.py:830} INFO - Processing file /home/sigmoid/Desktop/Personal_Ml/airflow_poc/airflow_env/lib/python3.8/site-packages/airflow/example_dags/example_complex.py for tasks to queue
[2024-11-19T14:33:49.085+0530] {logging_mixin.py:188} INFO - [2024-11-19T14:33:49.085+0530] {dagbag.py:540} INFO - Filling up the DagBag from /home/sigmoid/Desktop/Personal_Ml/airflow_poc/airflow_env/lib/python3.8/site-packages/airflow/example_dags/example_complex.py
[2024-11-19T14:33:49.096+0530] {processor.py:840} INFO - DAG(s) 'example_complex' retrieved from /home/sigmoid/Desktop/Personal_Ml/airflow_poc/airflow_env/lib/python3.8/site-packages/airflow/example_dags/example_complex.py
[2024-11-19T14:33:49.122+0530] {logging_mixin.py:188} INFO - [2024-11-19T14:33:49.122+0530] {dag.py:3047} INFO - Sync 1 DAGs
[2024-11-19T14:33:49.134+0530] {logging_mixin.py:188} INFO - [2024-11-19T14:33:49.134+0530] {dag.py:3834} INFO - Setting next_dagrun for example_complex to None, run_after=None
[2024-11-19T14:33:49.156+0530] {processor.py:183} INFO - Processing /home/sigmoid/Desktop/Personal_Ml/airflow_poc/airflow_env/lib/python3.8/site-packages/airflow/example_dags/example_complex.py took 0.075 seconds
[2024-11-19T14:34:55.566+0530] {processor.py:161} INFO - Started process (PID=55305) to work on /home/sigmoid/Desktop/Personal_Ml/airflow_poc/airflow_env/lib/python3.8/site-packages/airflow/example_dags/example_complex.py
[2024-11-19T14:34:55.567+0530] {processor.py:830} INFO - Processing file /home/sigmoid/Desktop/Personal_Ml/airflow_poc/airflow_env/lib/python3.8/site-packages/airflow/example_dags/example_complex.py for tasks to queue
[2024-11-19T14:34:55.568+0530] {logging_mixin.py:188} INFO - [2024-11-19T14:34:55.568+0530] {dagbag.py:540} INFO - Filling up the DagBag from /home/sigmoid/Desktop/Personal_Ml/airflow_poc/airflow_env/lib/python3.8/site-packages/airflow/example_dags/example_complex.py
[2024-11-19T14:34:55.579+0530] {processor.py:840} INFO - DAG(s) 'example_complex' retrieved from /home/sigmoid/Desktop/Personal_Ml/airflow_poc/airflow_env/lib/python3.8/site-packages/airflow/example_dags/example_complex.py
[2024-11-19T14:34:55.605+0530] {logging_mixin.py:188} INFO - [2024-11-19T14:34:55.605+0530] {dag.py:3047} INFO - Sync 1 DAGs
[2024-11-19T14:34:55.617+0530] {logging_mixin.py:188} INFO - [2024-11-19T14:34:55.617+0530] {dag.py:3834} INFO - Setting next_dagrun for example_complex to None, run_after=None
[2024-11-19T14:34:55.638+0530] {processor.py:183} INFO - Processing /home/sigmoid/Desktop/Personal_Ml/airflow_poc/airflow_env/lib/python3.8/site-packages/airflow/example_dags/example_complex.py took 0.075 seconds
[2024-11-19T14:36:01.506+0530] {processor.py:161} INFO - Started process (PID=55381) to work on /home/sigmoid/Desktop/Personal_Ml/airflow_poc/airflow_env/lib/python3.8/site-packages/airflow/example_dags/example_complex.py
[2024-11-19T14:36:01.507+0530] {processor.py:830} INFO - Processing file /home/sigmoid/Desktop/Personal_Ml/airflow_poc/airflow_env/lib/python3.8/site-packages/airflow/example_dags/example_complex.py for tasks to queue
[2024-11-19T14:36:01.508+0530] {logging_mixin.py:188} INFO - [2024-11-19T14:36:01.508+0530] {dagbag.py:540} INFO - Filling up the DagBag from /home/sigmoid/Desktop/Personal_Ml/airflow_poc/airflow_env/lib/python3.8/site-packages/airflow/example_dags/example_complex.py
[2024-11-19T14:36:01.519+0530] {processor.py:840} INFO - DAG(s) 'example_complex' retrieved from /home/sigmoid/Desktop/Personal_Ml/airflow_poc/airflow_env/lib/python3.8/site-packages/airflow/example_dags/example_complex.py
[2024-11-19T14:36:01.545+0530] {logging_mixin.py:188} INFO - [2024-11-19T14:36:01.545+0530] {dag.py:3047} INFO - Sync 1 DAGs
[2024-11-19T14:36:01.557+0530] {logging_mixin.py:188} INFO - [2024-11-19T14:36:01.557+0530] {dag.py:3834} INFO - Setting next_dagrun for example_complex to None, run_after=None
[2024-11-19T14:36:01.579+0530] {processor.py:183} INFO - Processing /home/sigmoid/Desktop/Personal_Ml/airflow_poc/airflow_env/lib/python3.8/site-packages/airflow/example_dags/example_complex.py took 0.076 seconds
[2024-11-19T14:37:07.459+0530] {processor.py:161} INFO - Started process (PID=55551) to work on /home/sigmoid/Desktop/Personal_Ml/airflow_poc/airflow_env/lib/python3.8/site-packages/airflow/example_dags/example_complex.py
[2024-11-19T14:37:07.460+0530] {processor.py:830} INFO - Processing file /home/sigmoid/Desktop/Personal_Ml/airflow_poc/airflow_env/lib/python3.8/site-packages/airflow/example_dags/example_complex.py for tasks to queue
[2024-11-19T14:37:07.461+0530] {logging_mixin.py:188} INFO - [2024-11-19T14:37:07.461+0530] {dagbag.py:540} INFO - Filling up the DagBag from /home/sigmoid/Desktop/Personal_Ml/airflow_poc/airflow_env/lib/python3.8/site-packages/airflow/example_dags/example_complex.py
[2024-11-19T14:37:07.472+0530] {processor.py:840} INFO - DAG(s) 'example_complex' retrieved from /home/sigmoid/Desktop/Personal_Ml/airflow_poc/airflow_env/lib/python3.8/site-packages/airflow/example_dags/example_complex.py
[2024-11-19T14:37:07.498+0530] {logging_mixin.py:188} INFO - [2024-11-19T14:37:07.498+0530] {dag.py:3047} INFO - Sync 1 DAGs
[2024-11-19T14:37:07.510+0530] {logging_mixin.py:188} INFO - [2024-11-19T14:37:07.510+0530] {dag.py:3834} INFO - Setting next_dagrun for example_complex to None, run_after=None
[2024-11-19T14:37:07.531+0530] {processor.py:183} INFO - Processing /home/sigmoid/Desktop/Personal_Ml/airflow_poc/airflow_env/lib/python3.8/site-packages/airflow/example_dags/example_complex.py took 0.076 seconds
[2024-11-19T14:38:16.000+0530] {processor.py:161} INFO - Started process (PID=55695) to work on /home/sigmoid/Desktop/Personal_Ml/airflow_poc/airflow_env/lib/python3.8/site-packages/airflow/example_dags/example_complex.py
[2024-11-19T14:38:16.001+0530] {processor.py:830} INFO - Processing file /home/sigmoid/Desktop/Personal_Ml/airflow_poc/airflow_env/lib/python3.8/site-packages/airflow/example_dags/example_complex.py for tasks to queue
[2024-11-19T14:38:16.002+0530] {logging_mixin.py:188} INFO - [2024-11-19T14:38:16.002+0530] {dagbag.py:540} INFO - Filling up the DagBag from /home/sigmoid/Desktop/Personal_Ml/airflow_poc/airflow_env/lib/python3.8/site-packages/airflow/example_dags/example_complex.py
[2024-11-19T14:38:16.014+0530] {processor.py:840} INFO - DAG(s) 'example_complex' retrieved from /home/sigmoid/Desktop/Personal_Ml/airflow_poc/airflow_env/lib/python3.8/site-packages/airflow/example_dags/example_complex.py
[2024-11-19T14:38:16.042+0530] {logging_mixin.py:188} INFO - [2024-11-19T14:38:16.041+0530] {dag.py:3047} INFO - Sync 1 DAGs
[2024-11-19T14:38:16.056+0530] {logging_mixin.py:188} INFO - [2024-11-19T14:38:16.056+0530] {dag.py:3834} INFO - Setting next_dagrun for example_complex to None, run_after=None
[2024-11-19T14:38:16.088+0530] {processor.py:183} INFO - Processing /home/sigmoid/Desktop/Personal_Ml/airflow_poc/airflow_env/lib/python3.8/site-packages/airflow/example_dags/example_complex.py took 0.092 seconds
