[2024-11-19T12:44:12.632+0530] {processor.py:161} INFO - Started process (PID=29787) to work on /home/sigmoid/Desktop/Personal_Ml/airflow_poc/airflow_env/lib/python3.8/site-packages/airflow/example_dags/example_dynamic_task_mapping.py
[2024-11-19T12:44:12.633+0530] {processor.py:830} INFO - Processing file /home/sigmoid/Desktop/Personal_Ml/airflow_poc/airflow_env/lib/python3.8/site-packages/airflow/example_dags/example_dynamic_task_mapping.py for tasks to queue
[2024-11-19T12:44:12.634+0530] {logging_mixin.py:188} INFO - [2024-11-19T12:44:12.633+0530] {dagbag.py:540} INFO - Filling up the DagBag from /home/sigmoid/Desktop/Personal_Ml/airflow_poc/airflow_env/lib/python3.8/site-packages/airflow/example_dags/example_dynamic_task_mapping.py
[2024-11-19T12:44:12.642+0530] {processor.py:840} INFO - DAG(s) 'example_dynamic_task_mapping' retrieved from /home/sigmoid/Desktop/Personal_Ml/airflow_poc/airflow_env/lib/python3.8/site-packages/airflow/example_dags/example_dynamic_task_mapping.py
[2024-11-19T12:44:12.769+0530] {logging_mixin.py:188} INFO - [2024-11-19T12:44:12.769+0530] {dag.py:3047} INFO - Sync 1 DAGs
[2024-11-19T12:44:12.789+0530] {logging_mixin.py:188} INFO - [2024-11-19T12:44:12.789+0530] {dag.py:3834} INFO - Setting next_dagrun for example_dynamic_task_mapping to 2022-03-04 00:00:00+00:00, run_after=2022-03-05 00:00:00+00:00
[2024-11-19T12:44:12.823+0530] {processor.py:183} INFO - Processing /home/sigmoid/Desktop/Personal_Ml/airflow_poc/airflow_env/lib/python3.8/site-packages/airflow/example_dags/example_dynamic_task_mapping.py took 0.194 seconds
[2024-11-19T12:45:33.845+0530] {processor.py:161} INFO - Started process (PID=29938) to work on /home/sigmoid/Desktop/Personal_Ml/airflow_poc/airflow_env/lib/python3.8/site-packages/airflow/example_dags/example_dynamic_task_mapping.py
[2024-11-19T12:45:33.850+0530] {processor.py:830} INFO - Processing file /home/sigmoid/Desktop/Personal_Ml/airflow_poc/airflow_env/lib/python3.8/site-packages/airflow/example_dags/example_dynamic_task_mapping.py for tasks to queue
[2024-11-19T12:45:33.851+0530] {logging_mixin.py:188} INFO - [2024-11-19T12:45:33.851+0530] {dagbag.py:540} INFO - Filling up the DagBag from /home/sigmoid/Desktop/Personal_Ml/airflow_poc/airflow_env/lib/python3.8/site-packages/airflow/example_dags/example_dynamic_task_mapping.py
[2024-11-19T12:45:33.861+0530] {processor.py:840} INFO - DAG(s) 'example_dynamic_task_mapping' retrieved from /home/sigmoid/Desktop/Personal_Ml/airflow_poc/airflow_env/lib/python3.8/site-packages/airflow/example_dags/example_dynamic_task_mapping.py
[2024-11-19T12:45:33.884+0530] {logging_mixin.py:188} INFO - [2024-11-19T12:45:33.883+0530] {dag.py:3047} INFO - Sync 1 DAGs
[2024-11-19T12:45:33.914+0530] {logging_mixin.py:188} INFO - [2024-11-19T12:45:33.914+0530] {dag.py:3834} INFO - Setting next_dagrun for example_dynamic_task_mapping to 2022-03-04 00:00:00+00:00, run_after=2022-03-05 00:00:00+00:00
[2024-11-19T12:45:33.963+0530] {processor.py:183} INFO - Processing /home/sigmoid/Desktop/Personal_Ml/airflow_poc/airflow_env/lib/python3.8/site-packages/airflow/example_dags/example_dynamic_task_mapping.py took 0.122 seconds
[2024-11-19T12:46:48.167+0530] {processor.py:161} INFO - Started process (PID=30650) to work on /home/sigmoid/Desktop/Personal_Ml/airflow_poc/airflow_env/lib/python3.8/site-packages/airflow/example_dags/example_dynamic_task_mapping.py
[2024-11-19T12:46:48.168+0530] {processor.py:830} INFO - Processing file /home/sigmoid/Desktop/Personal_Ml/airflow_poc/airflow_env/lib/python3.8/site-packages/airflow/example_dags/example_dynamic_task_mapping.py for tasks to queue
[2024-11-19T12:46:48.169+0530] {logging_mixin.py:188} INFO - [2024-11-19T12:46:48.169+0530] {dagbag.py:540} INFO - Filling up the DagBag from /home/sigmoid/Desktop/Personal_Ml/airflow_poc/airflow_env/lib/python3.8/site-packages/airflow/example_dags/example_dynamic_task_mapping.py
[2024-11-19T12:46:48.178+0530] {processor.py:840} INFO - DAG(s) 'example_dynamic_task_mapping' retrieved from /home/sigmoid/Desktop/Personal_Ml/airflow_poc/airflow_env/lib/python3.8/site-packages/airflow/example_dags/example_dynamic_task_mapping.py
[2024-11-19T12:46:48.197+0530] {logging_mixin.py:188} INFO - [2024-11-19T12:46:48.197+0530] {dag.py:3047} INFO - Sync 1 DAGs
[2024-11-19T12:46:48.231+0530] {logging_mixin.py:188} INFO - [2024-11-19T12:46:48.231+0530] {dag.py:3834} INFO - Setting next_dagrun for example_dynamic_task_mapping to 2022-03-04 00:00:00+00:00, run_after=2022-03-05 00:00:00+00:00
[2024-11-19T12:46:48.258+0530] {processor.py:183} INFO - Processing /home/sigmoid/Desktop/Personal_Ml/airflow_poc/airflow_env/lib/python3.8/site-packages/airflow/example_dags/example_dynamic_task_mapping.py took 0.095 seconds
[2024-11-19T12:47:40.392+0530] {processor.py:161} INFO - Started process (PID=30814) to work on /home/sigmoid/Desktop/Personal_Ml/airflow_poc/airflow_env/lib/python3.8/site-packages/airflow/example_dags/example_dynamic_task_mapping.py
[2024-11-19T12:47:40.393+0530] {processor.py:830} INFO - Processing file /home/sigmoid/Desktop/Personal_Ml/airflow_poc/airflow_env/lib/python3.8/site-packages/airflow/example_dags/example_dynamic_task_mapping.py for tasks to queue
[2024-11-19T12:47:40.394+0530] {logging_mixin.py:188} INFO - [2024-11-19T12:47:40.394+0530] {dagbag.py:540} INFO - Filling up the DagBag from /home/sigmoid/Desktop/Personal_Ml/airflow_poc/airflow_env/lib/python3.8/site-packages/airflow/example_dags/example_dynamic_task_mapping.py
[2024-11-19T12:47:40.401+0530] {processor.py:840} INFO - DAG(s) 'example_dynamic_task_mapping' retrieved from /home/sigmoid/Desktop/Personal_Ml/airflow_poc/airflow_env/lib/python3.8/site-packages/airflow/example_dags/example_dynamic_task_mapping.py
[2024-11-19T12:47:40.417+0530] {logging_mixin.py:188} INFO - [2024-11-19T12:47:40.417+0530] {dag.py:3047} INFO - Sync 1 DAGs
[2024-11-19T12:47:40.437+0530] {logging_mixin.py:188} INFO - [2024-11-19T12:47:40.436+0530] {dag.py:3834} INFO - Setting next_dagrun for example_dynamic_task_mapping to 2022-03-04 00:00:00+00:00, run_after=2022-03-05 00:00:00+00:00
[2024-11-19T12:47:40.461+0530] {processor.py:183} INFO - Processing /home/sigmoid/Desktop/Personal_Ml/airflow_poc/airflow_env/lib/python3.8/site-packages/airflow/example_dags/example_dynamic_task_mapping.py took 0.072 seconds
[2024-11-19T12:49:24.758+0530] {processor.py:161} INFO - Started process (PID=31070) to work on /home/sigmoid/Desktop/Personal_Ml/airflow_poc/airflow_env/lib/python3.8/site-packages/airflow/example_dags/example_dynamic_task_mapping.py
[2024-11-19T12:49:24.760+0530] {processor.py:830} INFO - Processing file /home/sigmoid/Desktop/Personal_Ml/airflow_poc/airflow_env/lib/python3.8/site-packages/airflow/example_dags/example_dynamic_task_mapping.py for tasks to queue
[2024-11-19T12:49:24.761+0530] {logging_mixin.py:188} INFO - [2024-11-19T12:49:24.761+0530] {dagbag.py:540} INFO - Filling up the DagBag from /home/sigmoid/Desktop/Personal_Ml/airflow_poc/airflow_env/lib/python3.8/site-packages/airflow/example_dags/example_dynamic_task_mapping.py
[2024-11-19T12:49:24.770+0530] {processor.py:840} INFO - DAG(s) 'example_dynamic_task_mapping' retrieved from /home/sigmoid/Desktop/Personal_Ml/airflow_poc/airflow_env/lib/python3.8/site-packages/airflow/example_dags/example_dynamic_task_mapping.py
[2024-11-19T12:49:24.789+0530] {logging_mixin.py:188} INFO - [2024-11-19T12:49:24.789+0530] {dag.py:3047} INFO - Sync 1 DAGs
[2024-11-19T12:49:24.812+0530] {logging_mixin.py:188} INFO - [2024-11-19T12:49:24.812+0530] {dag.py:3834} INFO - Setting next_dagrun for example_dynamic_task_mapping to 2022-03-04 00:00:00+00:00, run_after=2022-03-05 00:00:00+00:00
[2024-11-19T12:49:24.836+0530] {processor.py:183} INFO - Processing /home/sigmoid/Desktop/Personal_Ml/airflow_poc/airflow_env/lib/python3.8/site-packages/airflow/example_dags/example_dynamic_task_mapping.py took 0.081 seconds
[2024-11-19T12:50:15.842+0530] {processor.py:161} INFO - Started process (PID=31199) to work on /home/sigmoid/Desktop/Personal_Ml/airflow_poc/airflow_env/lib/python3.8/site-packages/airflow/example_dags/example_dynamic_task_mapping.py
[2024-11-19T12:50:15.844+0530] {processor.py:830} INFO - Processing file /home/sigmoid/Desktop/Personal_Ml/airflow_poc/airflow_env/lib/python3.8/site-packages/airflow/example_dags/example_dynamic_task_mapping.py for tasks to queue
[2024-11-19T12:50:15.846+0530] {logging_mixin.py:188} INFO - [2024-11-19T12:50:15.845+0530] {dagbag.py:540} INFO - Filling up the DagBag from /home/sigmoid/Desktop/Personal_Ml/airflow_poc/airflow_env/lib/python3.8/site-packages/airflow/example_dags/example_dynamic_task_mapping.py
[2024-11-19T12:50:15.859+0530] {processor.py:840} INFO - DAG(s) 'example_dynamic_task_mapping' retrieved from /home/sigmoid/Desktop/Personal_Ml/airflow_poc/airflow_env/lib/python3.8/site-packages/airflow/example_dags/example_dynamic_task_mapping.py
[2024-11-19T12:50:15.890+0530] {logging_mixin.py:188} INFO - [2024-11-19T12:50:15.890+0530] {dag.py:3047} INFO - Sync 1 DAGs
[2024-11-19T12:50:15.934+0530] {logging_mixin.py:188} INFO - [2024-11-19T12:50:15.932+0530] {dag.py:3834} INFO - Setting next_dagrun for example_dynamic_task_mapping to 2022-03-04 00:00:00+00:00, run_after=2022-03-05 00:00:00+00:00
[2024-11-19T12:50:15.972+0530] {processor.py:183} INFO - Processing /home/sigmoid/Desktop/Personal_Ml/airflow_poc/airflow_env/lib/python3.8/site-packages/airflow/example_dags/example_dynamic_task_mapping.py took 0.136 seconds
[2024-11-19T12:51:20.412+0530] {processor.py:161} INFO - Started process (PID=31338) to work on /home/sigmoid/Desktop/Personal_Ml/airflow_poc/airflow_env/lib/python3.8/site-packages/airflow/example_dags/example_dynamic_task_mapping.py
[2024-11-19T12:51:20.413+0530] {processor.py:830} INFO - Processing file /home/sigmoid/Desktop/Personal_Ml/airflow_poc/airflow_env/lib/python3.8/site-packages/airflow/example_dags/example_dynamic_task_mapping.py for tasks to queue
[2024-11-19T12:51:20.415+0530] {logging_mixin.py:188} INFO - [2024-11-19T12:51:20.414+0530] {dagbag.py:540} INFO - Filling up the DagBag from /home/sigmoid/Desktop/Personal_Ml/airflow_poc/airflow_env/lib/python3.8/site-packages/airflow/example_dags/example_dynamic_task_mapping.py
[2024-11-19T12:51:20.428+0530] {processor.py:840} INFO - DAG(s) 'example_dynamic_task_mapping' retrieved from /home/sigmoid/Desktop/Personal_Ml/airflow_poc/airflow_env/lib/python3.8/site-packages/airflow/example_dags/example_dynamic_task_mapping.py
[2024-11-19T12:51:20.459+0530] {logging_mixin.py:188} INFO - [2024-11-19T12:51:20.459+0530] {dag.py:3047} INFO - Sync 1 DAGs
[2024-11-19T12:51:20.502+0530] {logging_mixin.py:188} INFO - [2024-11-19T12:51:20.502+0530] {dag.py:3834} INFO - Setting next_dagrun for example_dynamic_task_mapping to 2022-03-04 00:00:00+00:00, run_after=2022-03-05 00:00:00+00:00
[2024-11-19T12:51:20.546+0530] {processor.py:183} INFO - Processing /home/sigmoid/Desktop/Personal_Ml/airflow_poc/airflow_env/lib/python3.8/site-packages/airflow/example_dags/example_dynamic_task_mapping.py took 0.140 seconds
[2024-11-19T12:52:21.575+0530] {processor.py:161} INFO - Started process (PID=31487) to work on /home/sigmoid/Desktop/Personal_Ml/airflow_poc/airflow_env/lib/python3.8/site-packages/airflow/example_dags/example_dynamic_task_mapping.py
[2024-11-19T12:52:21.577+0530] {processor.py:830} INFO - Processing file /home/sigmoid/Desktop/Personal_Ml/airflow_poc/airflow_env/lib/python3.8/site-packages/airflow/example_dags/example_dynamic_task_mapping.py for tasks to queue
[2024-11-19T12:52:21.579+0530] {logging_mixin.py:188} INFO - [2024-11-19T12:52:21.578+0530] {dagbag.py:540} INFO - Filling up the DagBag from /home/sigmoid/Desktop/Personal_Ml/airflow_poc/airflow_env/lib/python3.8/site-packages/airflow/example_dags/example_dynamic_task_mapping.py
[2024-11-19T12:52:21.592+0530] {processor.py:840} INFO - DAG(s) 'example_dynamic_task_mapping' retrieved from /home/sigmoid/Desktop/Personal_Ml/airflow_poc/airflow_env/lib/python3.8/site-packages/airflow/example_dags/example_dynamic_task_mapping.py
[2024-11-19T12:52:21.623+0530] {logging_mixin.py:188} INFO - [2024-11-19T12:52:21.622+0530] {dag.py:3047} INFO - Sync 1 DAGs
[2024-11-19T12:52:21.666+0530] {logging_mixin.py:188} INFO - [2024-11-19T12:52:21.665+0530] {dag.py:3834} INFO - Setting next_dagrun for example_dynamic_task_mapping to 2022-03-04 00:00:00+00:00, run_after=2022-03-05 00:00:00+00:00
[2024-11-19T12:52:21.706+0530] {processor.py:183} INFO - Processing /home/sigmoid/Desktop/Personal_Ml/airflow_poc/airflow_env/lib/python3.8/site-packages/airflow/example_dags/example_dynamic_task_mapping.py took 0.137 seconds
[2024-11-19T12:53:25.820+0530] {processor.py:161} INFO - Started process (PID=31612) to work on /home/sigmoid/Desktop/Personal_Ml/airflow_poc/airflow_env/lib/python3.8/site-packages/airflow/example_dags/example_dynamic_task_mapping.py
[2024-11-19T12:53:25.826+0530] {processor.py:830} INFO - Processing file /home/sigmoid/Desktop/Personal_Ml/airflow_poc/airflow_env/lib/python3.8/site-packages/airflow/example_dags/example_dynamic_task_mapping.py for tasks to queue
[2024-11-19T12:53:25.828+0530] {logging_mixin.py:188} INFO - [2024-11-19T12:53:25.828+0530] {dagbag.py:540} INFO - Filling up the DagBag from /home/sigmoid/Desktop/Personal_Ml/airflow_poc/airflow_env/lib/python3.8/site-packages/airflow/example_dags/example_dynamic_task_mapping.py
[2024-11-19T12:53:25.848+0530] {processor.py:840} INFO - DAG(s) 'example_dynamic_task_mapping' retrieved from /home/sigmoid/Desktop/Personal_Ml/airflow_poc/airflow_env/lib/python3.8/site-packages/airflow/example_dags/example_dynamic_task_mapping.py
[2024-11-19T12:53:25.888+0530] {logging_mixin.py:188} INFO - [2024-11-19T12:53:25.887+0530] {dag.py:3047} INFO - Sync 1 DAGs
[2024-11-19T12:53:25.936+0530] {logging_mixin.py:188} INFO - [2024-11-19T12:53:25.936+0530] {dag.py:3834} INFO - Setting next_dagrun for example_dynamic_task_mapping to 2022-03-04 00:00:00+00:00, run_after=2022-03-05 00:00:00+00:00
[2024-11-19T12:53:25.977+0530] {processor.py:183} INFO - Processing /home/sigmoid/Desktop/Personal_Ml/airflow_poc/airflow_env/lib/python3.8/site-packages/airflow/example_dags/example_dynamic_task_mapping.py took 0.163 seconds
[2024-11-19T12:54:30.728+0530] {processor.py:161} INFO - Started process (PID=31740) to work on /home/sigmoid/Desktop/Personal_Ml/airflow_poc/airflow_env/lib/python3.8/site-packages/airflow/example_dags/example_dynamic_task_mapping.py
[2024-11-19T12:54:30.730+0530] {processor.py:830} INFO - Processing file /home/sigmoid/Desktop/Personal_Ml/airflow_poc/airflow_env/lib/python3.8/site-packages/airflow/example_dags/example_dynamic_task_mapping.py for tasks to queue
[2024-11-19T12:54:30.732+0530] {logging_mixin.py:188} INFO - [2024-11-19T12:54:30.732+0530] {dagbag.py:540} INFO - Filling up the DagBag from /home/sigmoid/Desktop/Personal_Ml/airflow_poc/airflow_env/lib/python3.8/site-packages/airflow/example_dags/example_dynamic_task_mapping.py
[2024-11-19T12:54:30.743+0530] {processor.py:840} INFO - DAG(s) 'example_dynamic_task_mapping' retrieved from /home/sigmoid/Desktop/Personal_Ml/airflow_poc/airflow_env/lib/python3.8/site-packages/airflow/example_dags/example_dynamic_task_mapping.py
[2024-11-19T12:54:30.769+0530] {logging_mixin.py:188} INFO - [2024-11-19T12:54:30.769+0530] {dag.py:3047} INFO - Sync 1 DAGs
[2024-11-19T12:54:30.810+0530] {logging_mixin.py:188} INFO - [2024-11-19T12:54:30.810+0530] {dag.py:3834} INFO - Setting next_dagrun for example_dynamic_task_mapping to 2022-03-04 00:00:00+00:00, run_after=2022-03-05 00:00:00+00:00
[2024-11-19T12:54:30.842+0530] {processor.py:183} INFO - Processing /home/sigmoid/Desktop/Personal_Ml/airflow_poc/airflow_env/lib/python3.8/site-packages/airflow/example_dags/example_dynamic_task_mapping.py took 0.120 seconds
[2024-11-19T12:55:36.116+0530] {processor.py:161} INFO - Started process (PID=32017) to work on /home/sigmoid/Desktop/Personal_Ml/airflow_poc/airflow_env/lib/python3.8/site-packages/airflow/example_dags/example_dynamic_task_mapping.py
[2024-11-19T12:55:36.117+0530] {processor.py:830} INFO - Processing file /home/sigmoid/Desktop/Personal_Ml/airflow_poc/airflow_env/lib/python3.8/site-packages/airflow/example_dags/example_dynamic_task_mapping.py for tasks to queue
[2024-11-19T12:55:36.118+0530] {logging_mixin.py:188} INFO - [2024-11-19T12:55:36.117+0530] {dagbag.py:540} INFO - Filling up the DagBag from /home/sigmoid/Desktop/Personal_Ml/airflow_poc/airflow_env/lib/python3.8/site-packages/airflow/example_dags/example_dynamic_task_mapping.py
[2024-11-19T12:55:36.125+0530] {processor.py:840} INFO - DAG(s) 'example_dynamic_task_mapping' retrieved from /home/sigmoid/Desktop/Personal_Ml/airflow_poc/airflow_env/lib/python3.8/site-packages/airflow/example_dags/example_dynamic_task_mapping.py
[2024-11-19T12:55:36.141+0530] {logging_mixin.py:188} INFO - [2024-11-19T12:55:36.141+0530] {dag.py:3047} INFO - Sync 1 DAGs
[2024-11-19T12:55:36.161+0530] {logging_mixin.py:188} INFO - [2024-11-19T12:55:36.161+0530] {dag.py:3834} INFO - Setting next_dagrun for example_dynamic_task_mapping to 2022-03-04 00:00:00+00:00, run_after=2022-03-05 00:00:00+00:00
[2024-11-19T12:55:36.181+0530] {processor.py:183} INFO - Processing /home/sigmoid/Desktop/Personal_Ml/airflow_poc/airflow_env/lib/python3.8/site-packages/airflow/example_dags/example_dynamic_task_mapping.py took 0.069 seconds
[2024-11-19T12:56:34.090+0530] {processor.py:161} INFO - Started process (PID=32100) to work on /home/sigmoid/Desktop/Personal_Ml/airflow_poc/airflow_env/lib/python3.8/site-packages/airflow/example_dags/example_dynamic_task_mapping.py
[2024-11-19T12:56:34.091+0530] {processor.py:830} INFO - Processing file /home/sigmoid/Desktop/Personal_Ml/airflow_poc/airflow_env/lib/python3.8/site-packages/airflow/example_dags/example_dynamic_task_mapping.py for tasks to queue
[2024-11-19T12:56:34.092+0530] {logging_mixin.py:188} INFO - [2024-11-19T12:56:34.091+0530] {dagbag.py:540} INFO - Filling up the DagBag from /home/sigmoid/Desktop/Personal_Ml/airflow_poc/airflow_env/lib/python3.8/site-packages/airflow/example_dags/example_dynamic_task_mapping.py
[2024-11-19T12:56:34.099+0530] {processor.py:840} INFO - DAG(s) 'example_dynamic_task_mapping' retrieved from /home/sigmoid/Desktop/Personal_Ml/airflow_poc/airflow_env/lib/python3.8/site-packages/airflow/example_dags/example_dynamic_task_mapping.py
[2024-11-19T12:56:34.115+0530] {logging_mixin.py:188} INFO - [2024-11-19T12:56:34.115+0530] {dag.py:3047} INFO - Sync 1 DAGs
[2024-11-19T12:56:34.136+0530] {logging_mixin.py:188} INFO - [2024-11-19T12:56:34.136+0530] {dag.py:3834} INFO - Setting next_dagrun for example_dynamic_task_mapping to 2022-03-04 00:00:00+00:00, run_after=2022-03-05 00:00:00+00:00
[2024-11-19T12:56:34.156+0530] {processor.py:183} INFO - Processing /home/sigmoid/Desktop/Personal_Ml/airflow_poc/airflow_env/lib/python3.8/site-packages/airflow/example_dags/example_dynamic_task_mapping.py took 0.069 seconds
[2024-11-19T12:57:29.019+0530] {processor.py:161} INFO - Started process (PID=32165) to work on /home/sigmoid/Desktop/Personal_Ml/airflow_poc/airflow_env/lib/python3.8/site-packages/airflow/example_dags/example_dynamic_task_mapping.py
[2024-11-19T12:57:29.020+0530] {processor.py:830} INFO - Processing file /home/sigmoid/Desktop/Personal_Ml/airflow_poc/airflow_env/lib/python3.8/site-packages/airflow/example_dags/example_dynamic_task_mapping.py for tasks to queue
[2024-11-19T12:57:29.021+0530] {logging_mixin.py:188} INFO - [2024-11-19T12:57:29.021+0530] {dagbag.py:540} INFO - Filling up the DagBag from /home/sigmoid/Desktop/Personal_Ml/airflow_poc/airflow_env/lib/python3.8/site-packages/airflow/example_dags/example_dynamic_task_mapping.py
[2024-11-19T12:57:29.028+0530] {processor.py:840} INFO - DAG(s) 'example_dynamic_task_mapping' retrieved from /home/sigmoid/Desktop/Personal_Ml/airflow_poc/airflow_env/lib/python3.8/site-packages/airflow/example_dags/example_dynamic_task_mapping.py
[2024-11-19T12:57:29.044+0530] {logging_mixin.py:188} INFO - [2024-11-19T12:57:29.043+0530] {dag.py:3047} INFO - Sync 1 DAGs
[2024-11-19T12:57:29.064+0530] {logging_mixin.py:188} INFO - [2024-11-19T12:57:29.064+0530] {dag.py:3834} INFO - Setting next_dagrun for example_dynamic_task_mapping to 2022-03-04 00:00:00+00:00, run_after=2022-03-05 00:00:00+00:00
[2024-11-19T12:57:29.084+0530] {processor.py:183} INFO - Processing /home/sigmoid/Desktop/Personal_Ml/airflow_poc/airflow_env/lib/python3.8/site-packages/airflow/example_dags/example_dynamic_task_mapping.py took 0.069 seconds
[2024-11-19T12:58:24.892+0530] {processor.py:161} INFO - Started process (PID=32229) to work on /home/sigmoid/Desktop/Personal_Ml/airflow_poc/airflow_env/lib/python3.8/site-packages/airflow/example_dags/example_dynamic_task_mapping.py
[2024-11-19T12:58:24.894+0530] {processor.py:830} INFO - Processing file /home/sigmoid/Desktop/Personal_Ml/airflow_poc/airflow_env/lib/python3.8/site-packages/airflow/example_dags/example_dynamic_task_mapping.py for tasks to queue
[2024-11-19T12:58:24.894+0530] {logging_mixin.py:188} INFO - [2024-11-19T12:58:24.894+0530] {dagbag.py:540} INFO - Filling up the DagBag from /home/sigmoid/Desktop/Personal_Ml/airflow_poc/airflow_env/lib/python3.8/site-packages/airflow/example_dags/example_dynamic_task_mapping.py
[2024-11-19T12:58:24.902+0530] {processor.py:840} INFO - DAG(s) 'example_dynamic_task_mapping' retrieved from /home/sigmoid/Desktop/Personal_Ml/airflow_poc/airflow_env/lib/python3.8/site-packages/airflow/example_dags/example_dynamic_task_mapping.py
[2024-11-19T12:58:24.917+0530] {logging_mixin.py:188} INFO - [2024-11-19T12:58:24.917+0530] {dag.py:3047} INFO - Sync 1 DAGs
[2024-11-19T12:58:24.939+0530] {logging_mixin.py:188} INFO - [2024-11-19T12:58:24.939+0530] {dag.py:3834} INFO - Setting next_dagrun for example_dynamic_task_mapping to 2022-03-04 00:00:00+00:00, run_after=2022-03-05 00:00:00+00:00
[2024-11-19T12:58:24.959+0530] {processor.py:183} INFO - Processing /home/sigmoid/Desktop/Personal_Ml/airflow_poc/airflow_env/lib/python3.8/site-packages/airflow/example_dags/example_dynamic_task_mapping.py took 0.070 seconds
[2024-11-19T12:59:16.895+0530] {processor.py:161} INFO - Started process (PID=32395) to work on /home/sigmoid/Desktop/Personal_Ml/airflow_poc/airflow_env/lib/python3.8/site-packages/airflow/example_dags/example_dynamic_task_mapping.py
[2024-11-19T12:59:16.897+0530] {processor.py:830} INFO - Processing file /home/sigmoid/Desktop/Personal_Ml/airflow_poc/airflow_env/lib/python3.8/site-packages/airflow/example_dags/example_dynamic_task_mapping.py for tasks to queue
[2024-11-19T12:59:16.898+0530] {logging_mixin.py:188} INFO - [2024-11-19T12:59:16.897+0530] {dagbag.py:540} INFO - Filling up the DagBag from /home/sigmoid/Desktop/Personal_Ml/airflow_poc/airflow_env/lib/python3.8/site-packages/airflow/example_dags/example_dynamic_task_mapping.py
[2024-11-19T12:59:16.908+0530] {processor.py:840} INFO - DAG(s) 'example_dynamic_task_mapping' retrieved from /home/sigmoid/Desktop/Personal_Ml/airflow_poc/airflow_env/lib/python3.8/site-packages/airflow/example_dags/example_dynamic_task_mapping.py
[2024-11-19T12:59:16.925+0530] {logging_mixin.py:188} INFO - [2024-11-19T12:59:16.925+0530] {dag.py:3047} INFO - Sync 1 DAGs
[2024-11-19T12:59:16.959+0530] {logging_mixin.py:188} INFO - [2024-11-19T12:59:16.958+0530] {dag.py:3834} INFO - Setting next_dagrun for example_dynamic_task_mapping to 2022-03-04 00:00:00+00:00, run_after=2022-03-05 00:00:00+00:00
[2024-11-19T12:59:16.986+0530] {processor.py:183} INFO - Processing /home/sigmoid/Desktop/Personal_Ml/airflow_poc/airflow_env/lib/python3.8/site-packages/airflow/example_dags/example_dynamic_task_mapping.py took 0.095 seconds
[2024-11-19T13:00:14.102+0530] {processor.py:161} INFO - Started process (PID=32505) to work on /home/sigmoid/Desktop/Personal_Ml/airflow_poc/airflow_env/lib/python3.8/site-packages/airflow/example_dags/example_dynamic_task_mapping.py
[2024-11-19T13:00:14.103+0530] {processor.py:830} INFO - Processing file /home/sigmoid/Desktop/Personal_Ml/airflow_poc/airflow_env/lib/python3.8/site-packages/airflow/example_dags/example_dynamic_task_mapping.py for tasks to queue
[2024-11-19T13:00:14.104+0530] {logging_mixin.py:188} INFO - [2024-11-19T13:00:14.103+0530] {dagbag.py:540} INFO - Filling up the DagBag from /home/sigmoid/Desktop/Personal_Ml/airflow_poc/airflow_env/lib/python3.8/site-packages/airflow/example_dags/example_dynamic_task_mapping.py
[2024-11-19T13:00:14.111+0530] {processor.py:840} INFO - DAG(s) 'example_dynamic_task_mapping' retrieved from /home/sigmoid/Desktop/Personal_Ml/airflow_poc/airflow_env/lib/python3.8/site-packages/airflow/example_dags/example_dynamic_task_mapping.py
[2024-11-19T13:00:14.126+0530] {logging_mixin.py:188} INFO - [2024-11-19T13:00:14.126+0530] {dag.py:3047} INFO - Sync 1 DAGs
[2024-11-19T13:00:14.160+0530] {logging_mixin.py:188} INFO - [2024-11-19T13:00:14.160+0530] {dag.py:3834} INFO - Setting next_dagrun for example_dynamic_task_mapping to 2022-03-04 00:00:00+00:00, run_after=2022-03-05 00:00:00+00:00
[2024-11-19T13:00:14.194+0530] {processor.py:183} INFO - Processing /home/sigmoid/Desktop/Personal_Ml/airflow_poc/airflow_env/lib/python3.8/site-packages/airflow/example_dags/example_dynamic_task_mapping.py took 0.095 seconds
[2024-11-19T13:01:09.124+0530] {processor.py:161} INFO - Started process (PID=32606) to work on /home/sigmoid/Desktop/Personal_Ml/airflow_poc/airflow_env/lib/python3.8/site-packages/airflow/example_dags/example_dynamic_task_mapping.py
[2024-11-19T13:01:09.126+0530] {processor.py:830} INFO - Processing file /home/sigmoid/Desktop/Personal_Ml/airflow_poc/airflow_env/lib/python3.8/site-packages/airflow/example_dags/example_dynamic_task_mapping.py for tasks to queue
[2024-11-19T13:01:09.128+0530] {logging_mixin.py:188} INFO - [2024-11-19T13:01:09.127+0530] {dagbag.py:540} INFO - Filling up the DagBag from /home/sigmoid/Desktop/Personal_Ml/airflow_poc/airflow_env/lib/python3.8/site-packages/airflow/example_dags/example_dynamic_task_mapping.py
[2024-11-19T13:01:09.137+0530] {processor.py:840} INFO - DAG(s) 'example_dynamic_task_mapping' retrieved from /home/sigmoid/Desktop/Personal_Ml/airflow_poc/airflow_env/lib/python3.8/site-packages/airflow/example_dags/example_dynamic_task_mapping.py
[2024-11-19T13:01:09.158+0530] {logging_mixin.py:188} INFO - [2024-11-19T13:01:09.158+0530] {dag.py:3047} INFO - Sync 1 DAGs
[2024-11-19T13:01:09.183+0530] {logging_mixin.py:188} INFO - [2024-11-19T13:01:09.183+0530] {dag.py:3834} INFO - Setting next_dagrun for example_dynamic_task_mapping to 2022-03-04 00:00:00+00:00, run_after=2022-03-05 00:00:00+00:00
[2024-11-19T13:01:09.223+0530] {processor.py:183} INFO - Processing /home/sigmoid/Desktop/Personal_Ml/airflow_poc/airflow_env/lib/python3.8/site-packages/airflow/example_dags/example_dynamic_task_mapping.py took 0.104 seconds
[2024-11-19T13:02:08.211+0530] {processor.py:161} INFO - Started process (PID=32970) to work on /home/sigmoid/Desktop/Personal_Ml/airflow_poc/airflow_env/lib/python3.8/site-packages/airflow/example_dags/example_dynamic_task_mapping.py
[2024-11-19T13:02:08.212+0530] {processor.py:830} INFO - Processing file /home/sigmoid/Desktop/Personal_Ml/airflow_poc/airflow_env/lib/python3.8/site-packages/airflow/example_dags/example_dynamic_task_mapping.py for tasks to queue
[2024-11-19T13:02:08.213+0530] {logging_mixin.py:188} INFO - [2024-11-19T13:02:08.213+0530] {dagbag.py:540} INFO - Filling up the DagBag from /home/sigmoid/Desktop/Personal_Ml/airflow_poc/airflow_env/lib/python3.8/site-packages/airflow/example_dags/example_dynamic_task_mapping.py
[2024-11-19T13:02:08.221+0530] {processor.py:840} INFO - DAG(s) 'example_dynamic_task_mapping' retrieved from /home/sigmoid/Desktop/Personal_Ml/airflow_poc/airflow_env/lib/python3.8/site-packages/airflow/example_dags/example_dynamic_task_mapping.py
[2024-11-19T13:02:08.237+0530] {logging_mixin.py:188} INFO - [2024-11-19T13:02:08.236+0530] {dag.py:3047} INFO - Sync 1 DAGs
[2024-11-19T13:02:08.257+0530] {logging_mixin.py:188} INFO - [2024-11-19T13:02:08.257+0530] {dag.py:3834} INFO - Setting next_dagrun for example_dynamic_task_mapping to 2022-03-04 00:00:00+00:00, run_after=2022-03-05 00:00:00+00:00
[2024-11-19T13:02:08.276+0530] {processor.py:183} INFO - Processing /home/sigmoid/Desktop/Personal_Ml/airflow_poc/airflow_env/lib/python3.8/site-packages/airflow/example_dags/example_dynamic_task_mapping.py took 0.070 seconds
[2024-11-19T13:03:06.416+0530] {processor.py:161} INFO - Started process (PID=33037) to work on /home/sigmoid/Desktop/Personal_Ml/airflow_poc/airflow_env/lib/python3.8/site-packages/airflow/example_dags/example_dynamic_task_mapping.py
[2024-11-19T13:03:06.418+0530] {processor.py:830} INFO - Processing file /home/sigmoid/Desktop/Personal_Ml/airflow_poc/airflow_env/lib/python3.8/site-packages/airflow/example_dags/example_dynamic_task_mapping.py for tasks to queue
[2024-11-19T13:03:06.420+0530] {logging_mixin.py:188} INFO - [2024-11-19T13:03:06.419+0530] {dagbag.py:540} INFO - Filling up the DagBag from /home/sigmoid/Desktop/Personal_Ml/airflow_poc/airflow_env/lib/python3.8/site-packages/airflow/example_dags/example_dynamic_task_mapping.py
[2024-11-19T13:03:06.436+0530] {processor.py:840} INFO - DAG(s) 'example_dynamic_task_mapping' retrieved from /home/sigmoid/Desktop/Personal_Ml/airflow_poc/airflow_env/lib/python3.8/site-packages/airflow/example_dags/example_dynamic_task_mapping.py
[2024-11-19T13:03:06.466+0530] {logging_mixin.py:188} INFO - [2024-11-19T13:03:06.465+0530] {dag.py:3047} INFO - Sync 1 DAGs
[2024-11-19T13:03:06.509+0530] {logging_mixin.py:188} INFO - [2024-11-19T13:03:06.509+0530] {dag.py:3834} INFO - Setting next_dagrun for example_dynamic_task_mapping to 2022-03-04 00:00:00+00:00, run_after=2022-03-05 00:00:00+00:00
[2024-11-19T13:03:06.545+0530] {processor.py:183} INFO - Processing /home/sigmoid/Desktop/Personal_Ml/airflow_poc/airflow_env/lib/python3.8/site-packages/airflow/example_dags/example_dynamic_task_mapping.py took 0.135 seconds
[2024-11-19T13:04:07.069+0530] {processor.py:161} INFO - Started process (PID=33106) to work on /home/sigmoid/Desktop/Personal_Ml/airflow_poc/airflow_env/lib/python3.8/site-packages/airflow/example_dags/example_dynamic_task_mapping.py
[2024-11-19T13:04:07.070+0530] {processor.py:830} INFO - Processing file /home/sigmoid/Desktop/Personal_Ml/airflow_poc/airflow_env/lib/python3.8/site-packages/airflow/example_dags/example_dynamic_task_mapping.py for tasks to queue
[2024-11-19T13:04:07.071+0530] {logging_mixin.py:188} INFO - [2024-11-19T13:04:07.071+0530] {dagbag.py:540} INFO - Filling up the DagBag from /home/sigmoid/Desktop/Personal_Ml/airflow_poc/airflow_env/lib/python3.8/site-packages/airflow/example_dags/example_dynamic_task_mapping.py
[2024-11-19T13:04:07.079+0530] {processor.py:840} INFO - DAG(s) 'example_dynamic_task_mapping' retrieved from /home/sigmoid/Desktop/Personal_Ml/airflow_poc/airflow_env/lib/python3.8/site-packages/airflow/example_dags/example_dynamic_task_mapping.py
[2024-11-19T13:04:07.094+0530] {logging_mixin.py:188} INFO - [2024-11-19T13:04:07.093+0530] {dag.py:3047} INFO - Sync 1 DAGs
[2024-11-19T13:04:07.115+0530] {logging_mixin.py:188} INFO - [2024-11-19T13:04:07.114+0530] {dag.py:3834} INFO - Setting next_dagrun for example_dynamic_task_mapping to 2022-03-04 00:00:00+00:00, run_after=2022-03-05 00:00:00+00:00
[2024-11-19T13:04:07.143+0530] {processor.py:183} INFO - Processing /home/sigmoid/Desktop/Personal_Ml/airflow_poc/airflow_env/lib/python3.8/site-packages/airflow/example_dags/example_dynamic_task_mapping.py took 0.077 seconds
[2024-11-19T13:05:06.767+0530] {processor.py:161} INFO - Started process (PID=33175) to work on /home/sigmoid/Desktop/Personal_Ml/airflow_poc/airflow_env/lib/python3.8/site-packages/airflow/example_dags/example_dynamic_task_mapping.py
[2024-11-19T13:05:06.769+0530] {processor.py:830} INFO - Processing file /home/sigmoid/Desktop/Personal_Ml/airflow_poc/airflow_env/lib/python3.8/site-packages/airflow/example_dags/example_dynamic_task_mapping.py for tasks to queue
[2024-11-19T13:05:06.770+0530] {logging_mixin.py:188} INFO - [2024-11-19T13:05:06.769+0530] {dagbag.py:540} INFO - Filling up the DagBag from /home/sigmoid/Desktop/Personal_Ml/airflow_poc/airflow_env/lib/python3.8/site-packages/airflow/example_dags/example_dynamic_task_mapping.py
[2024-11-19T13:05:06.781+0530] {processor.py:840} INFO - DAG(s) 'example_dynamic_task_mapping' retrieved from /home/sigmoid/Desktop/Personal_Ml/airflow_poc/airflow_env/lib/python3.8/site-packages/airflow/example_dags/example_dynamic_task_mapping.py
[2024-11-19T13:05:06.807+0530] {logging_mixin.py:188} INFO - [2024-11-19T13:05:06.807+0530] {dag.py:3047} INFO - Sync 1 DAGs
[2024-11-19T13:05:06.839+0530] {logging_mixin.py:188} INFO - [2024-11-19T13:05:06.839+0530] {dag.py:3834} INFO - Setting next_dagrun for example_dynamic_task_mapping to 2022-03-04 00:00:00+00:00, run_after=2022-03-05 00:00:00+00:00
[2024-11-19T13:05:06.869+0530] {processor.py:183} INFO - Processing /home/sigmoid/Desktop/Personal_Ml/airflow_poc/airflow_env/lib/python3.8/site-packages/airflow/example_dags/example_dynamic_task_mapping.py took 0.105 seconds
[2024-11-19T13:06:09.125+0530] {processor.py:161} INFO - Started process (PID=33242) to work on /home/sigmoid/Desktop/Personal_Ml/airflow_poc/airflow_env/lib/python3.8/site-packages/airflow/example_dags/example_dynamic_task_mapping.py
[2024-11-19T13:06:09.126+0530] {processor.py:830} INFO - Processing file /home/sigmoid/Desktop/Personal_Ml/airflow_poc/airflow_env/lib/python3.8/site-packages/airflow/example_dags/example_dynamic_task_mapping.py for tasks to queue
[2024-11-19T13:06:09.127+0530] {logging_mixin.py:188} INFO - [2024-11-19T13:06:09.126+0530] {dagbag.py:540} INFO - Filling up the DagBag from /home/sigmoid/Desktop/Personal_Ml/airflow_poc/airflow_env/lib/python3.8/site-packages/airflow/example_dags/example_dynamic_task_mapping.py
[2024-11-19T13:06:09.134+0530] {processor.py:840} INFO - DAG(s) 'example_dynamic_task_mapping' retrieved from /home/sigmoid/Desktop/Personal_Ml/airflow_poc/airflow_env/lib/python3.8/site-packages/airflow/example_dags/example_dynamic_task_mapping.py
[2024-11-19T13:06:09.149+0530] {logging_mixin.py:188} INFO - [2024-11-19T13:06:09.149+0530] {dag.py:3047} INFO - Sync 1 DAGs
[2024-11-19T13:06:09.169+0530] {logging_mixin.py:188} INFO - [2024-11-19T13:06:09.169+0530] {dag.py:3834} INFO - Setting next_dagrun for example_dynamic_task_mapping to 2022-03-04 00:00:00+00:00, run_after=2022-03-05 00:00:00+00:00
[2024-11-19T13:06:09.200+0530] {processor.py:183} INFO - Processing /home/sigmoid/Desktop/Personal_Ml/airflow_poc/airflow_env/lib/python3.8/site-packages/airflow/example_dags/example_dynamic_task_mapping.py took 0.079 seconds
[2024-11-19T13:07:09.825+0530] {processor.py:161} INFO - Started process (PID=33312) to work on /home/sigmoid/Desktop/Personal_Ml/airflow_poc/airflow_env/lib/python3.8/site-packages/airflow/example_dags/example_dynamic_task_mapping.py
[2024-11-19T13:07:09.826+0530] {processor.py:830} INFO - Processing file /home/sigmoid/Desktop/Personal_Ml/airflow_poc/airflow_env/lib/python3.8/site-packages/airflow/example_dags/example_dynamic_task_mapping.py for tasks to queue
[2024-11-19T13:07:09.827+0530] {logging_mixin.py:188} INFO - [2024-11-19T13:07:09.827+0530] {dagbag.py:540} INFO - Filling up the DagBag from /home/sigmoid/Desktop/Personal_Ml/airflow_poc/airflow_env/lib/python3.8/site-packages/airflow/example_dags/example_dynamic_task_mapping.py
[2024-11-19T13:07:09.837+0530] {processor.py:840} INFO - DAG(s) 'example_dynamic_task_mapping' retrieved from /home/sigmoid/Desktop/Personal_Ml/airflow_poc/airflow_env/lib/python3.8/site-packages/airflow/example_dags/example_dynamic_task_mapping.py
[2024-11-19T13:07:09.861+0530] {logging_mixin.py:188} INFO - [2024-11-19T13:07:09.860+0530] {dag.py:3047} INFO - Sync 1 DAGs
[2024-11-19T13:07:09.893+0530] {logging_mixin.py:188} INFO - [2024-11-19T13:07:09.893+0530] {dag.py:3834} INFO - Setting next_dagrun for example_dynamic_task_mapping to 2022-03-04 00:00:00+00:00, run_after=2022-03-05 00:00:00+00:00
[2024-11-19T13:07:09.922+0530] {processor.py:183} INFO - Processing /home/sigmoid/Desktop/Personal_Ml/airflow_poc/airflow_env/lib/python3.8/site-packages/airflow/example_dags/example_dynamic_task_mapping.py took 0.099 seconds
[2024-11-19T13:08:05.891+0530] {processor.py:161} INFO - Started process (PID=33379) to work on /home/sigmoid/Desktop/Personal_Ml/airflow_poc/airflow_env/lib/python3.8/site-packages/airflow/example_dags/example_dynamic_task_mapping.py
[2024-11-19T13:08:05.892+0530] {processor.py:830} INFO - Processing file /home/sigmoid/Desktop/Personal_Ml/airflow_poc/airflow_env/lib/python3.8/site-packages/airflow/example_dags/example_dynamic_task_mapping.py for tasks to queue
[2024-11-19T13:08:05.893+0530] {logging_mixin.py:188} INFO - [2024-11-19T13:08:05.893+0530] {dagbag.py:540} INFO - Filling up the DagBag from /home/sigmoid/Desktop/Personal_Ml/airflow_poc/airflow_env/lib/python3.8/site-packages/airflow/example_dags/example_dynamic_task_mapping.py
[2024-11-19T13:08:05.900+0530] {processor.py:840} INFO - DAG(s) 'example_dynamic_task_mapping' retrieved from /home/sigmoid/Desktop/Personal_Ml/airflow_poc/airflow_env/lib/python3.8/site-packages/airflow/example_dags/example_dynamic_task_mapping.py
[2024-11-19T13:08:05.916+0530] {logging_mixin.py:188} INFO - [2024-11-19T13:08:05.916+0530] {dag.py:3047} INFO - Sync 1 DAGs
[2024-11-19T13:08:05.938+0530] {logging_mixin.py:188} INFO - [2024-11-19T13:08:05.938+0530] {dag.py:3834} INFO - Setting next_dagrun for example_dynamic_task_mapping to 2022-03-04 00:00:00+00:00, run_after=2022-03-05 00:00:00+00:00
[2024-11-19T13:08:05.963+0530] {processor.py:183} INFO - Processing /home/sigmoid/Desktop/Personal_Ml/airflow_poc/airflow_env/lib/python3.8/site-packages/airflow/example_dags/example_dynamic_task_mapping.py took 0.076 seconds
[2024-11-19T13:12:18.648+0530] {processor.py:161} INFO - Started process (PID=33591) to work on /home/sigmoid/Desktop/Personal_Ml/airflow_poc/airflow_env/lib/python3.8/site-packages/airflow/example_dags/example_dynamic_task_mapping.py
[2024-11-19T13:12:18.650+0530] {processor.py:830} INFO - Processing file /home/sigmoid/Desktop/Personal_Ml/airflow_poc/airflow_env/lib/python3.8/site-packages/airflow/example_dags/example_dynamic_task_mapping.py for tasks to queue
[2024-11-19T13:12:18.653+0530] {logging_mixin.py:188} INFO - [2024-11-19T13:12:18.652+0530] {dagbag.py:540} INFO - Filling up the DagBag from /home/sigmoid/Desktop/Personal_Ml/airflow_poc/airflow_env/lib/python3.8/site-packages/airflow/example_dags/example_dynamic_task_mapping.py
[2024-11-19T13:12:18.667+0530] {processor.py:840} INFO - DAG(s) 'example_dynamic_task_mapping' retrieved from /home/sigmoid/Desktop/Personal_Ml/airflow_poc/airflow_env/lib/python3.8/site-packages/airflow/example_dags/example_dynamic_task_mapping.py
[2024-11-19T13:12:18.698+0530] {logging_mixin.py:188} INFO - [2024-11-19T13:12:18.697+0530] {dag.py:3047} INFO - Sync 1 DAGs
[2024-11-19T13:12:18.741+0530] {logging_mixin.py:188} INFO - [2024-11-19T13:12:18.740+0530] {dag.py:3834} INFO - Setting next_dagrun for example_dynamic_task_mapping to 2022-03-04 00:00:00+00:00, run_after=2022-03-05 00:00:00+00:00
[2024-11-19T13:12:19.182+0530] {processor.py:183} INFO - Processing /home/sigmoid/Desktop/Personal_Ml/airflow_poc/airflow_env/lib/python3.8/site-packages/airflow/example_dags/example_dynamic_task_mapping.py took 0.539 seconds
[2024-11-19T13:13:31.902+0530] {processor.py:161} INFO - Started process (PID=33805) to work on /home/sigmoid/Desktop/Personal_Ml/airflow_poc/airflow_env/lib/python3.8/site-packages/airflow/example_dags/example_dynamic_task_mapping.py
[2024-11-19T13:13:31.904+0530] {processor.py:830} INFO - Processing file /home/sigmoid/Desktop/Personal_Ml/airflow_poc/airflow_env/lib/python3.8/site-packages/airflow/example_dags/example_dynamic_task_mapping.py for tasks to queue
[2024-11-19T13:13:31.906+0530] {logging_mixin.py:188} INFO - [2024-11-19T13:13:31.906+0530] {dagbag.py:540} INFO - Filling up the DagBag from /home/sigmoid/Desktop/Personal_Ml/airflow_poc/airflow_env/lib/python3.8/site-packages/airflow/example_dags/example_dynamic_task_mapping.py
[2024-11-19T13:13:31.916+0530] {processor.py:840} INFO - DAG(s) 'example_dynamic_task_mapping' retrieved from /home/sigmoid/Desktop/Personal_Ml/airflow_poc/airflow_env/lib/python3.8/site-packages/airflow/example_dags/example_dynamic_task_mapping.py
[2024-11-19T13:13:31.936+0530] {logging_mixin.py:188} INFO - [2024-11-19T13:13:31.936+0530] {dag.py:3047} INFO - Sync 1 DAGs
[2024-11-19T13:13:31.963+0530] {logging_mixin.py:188} INFO - [2024-11-19T13:13:31.963+0530] {dag.py:3834} INFO - Setting next_dagrun for example_dynamic_task_mapping to 2022-03-04 00:00:00+00:00, run_after=2022-03-05 00:00:00+00:00
[2024-11-19T13:13:31.987+0530] {processor.py:183} INFO - Processing /home/sigmoid/Desktop/Personal_Ml/airflow_poc/airflow_env/lib/python3.8/site-packages/airflow/example_dags/example_dynamic_task_mapping.py took 0.089 seconds
[2024-11-19T13:14:33.131+0530] {processor.py:161} INFO - Started process (PID=34093) to work on /home/sigmoid/Desktop/Personal_Ml/airflow_poc/airflow_env/lib/python3.8/site-packages/airflow/example_dags/example_dynamic_task_mapping.py
[2024-11-19T13:14:33.132+0530] {processor.py:830} INFO - Processing file /home/sigmoid/Desktop/Personal_Ml/airflow_poc/airflow_env/lib/python3.8/site-packages/airflow/example_dags/example_dynamic_task_mapping.py for tasks to queue
[2024-11-19T13:14:33.133+0530] {logging_mixin.py:188} INFO - [2024-11-19T13:14:33.133+0530] {dagbag.py:540} INFO - Filling up the DagBag from /home/sigmoid/Desktop/Personal_Ml/airflow_poc/airflow_env/lib/python3.8/site-packages/airflow/example_dags/example_dynamic_task_mapping.py
[2024-11-19T13:14:33.141+0530] {processor.py:840} INFO - DAG(s) 'example_dynamic_task_mapping' retrieved from /home/sigmoid/Desktop/Personal_Ml/airflow_poc/airflow_env/lib/python3.8/site-packages/airflow/example_dags/example_dynamic_task_mapping.py
[2024-11-19T13:14:33.157+0530] {logging_mixin.py:188} INFO - [2024-11-19T13:14:33.157+0530] {dag.py:3047} INFO - Sync 1 DAGs
[2024-11-19T13:14:33.178+0530] {logging_mixin.py:188} INFO - [2024-11-19T13:14:33.178+0530] {dag.py:3834} INFO - Setting next_dagrun for example_dynamic_task_mapping to 2022-03-04 00:00:00+00:00, run_after=2022-03-05 00:00:00+00:00
[2024-11-19T13:14:33.203+0530] {processor.py:183} INFO - Processing /home/sigmoid/Desktop/Personal_Ml/airflow_poc/airflow_env/lib/python3.8/site-packages/airflow/example_dags/example_dynamic_task_mapping.py took 0.075 seconds
[2024-11-19T13:15:27.027+0530] {processor.py:161} INFO - Started process (PID=34384) to work on /home/sigmoid/Desktop/Personal_Ml/airflow_poc/airflow_env/lib/python3.8/site-packages/airflow/example_dags/example_dynamic_task_mapping.py
[2024-11-19T13:15:27.044+0530] {processor.py:830} INFO - Processing file /home/sigmoid/Desktop/Personal_Ml/airflow_poc/airflow_env/lib/python3.8/site-packages/airflow/example_dags/example_dynamic_task_mapping.py for tasks to queue
[2024-11-19T13:15:27.046+0530] {logging_mixin.py:188} INFO - [2024-11-19T13:15:27.045+0530] {dagbag.py:540} INFO - Filling up the DagBag from /home/sigmoid/Desktop/Personal_Ml/airflow_poc/airflow_env/lib/python3.8/site-packages/airflow/example_dags/example_dynamic_task_mapping.py
[2024-11-19T13:15:27.063+0530] {processor.py:840} INFO - DAG(s) 'example_dynamic_task_mapping' retrieved from /home/sigmoid/Desktop/Personal_Ml/airflow_poc/airflow_env/lib/python3.8/site-packages/airflow/example_dags/example_dynamic_task_mapping.py
[2024-11-19T13:15:27.101+0530] {logging_mixin.py:188} INFO - [2024-11-19T13:15:27.100+0530] {dag.py:3047} INFO - Sync 1 DAGs
[2024-11-19T13:15:27.154+0530] {logging_mixin.py:188} INFO - [2024-11-19T13:15:27.154+0530] {dag.py:3834} INFO - Setting next_dagrun for example_dynamic_task_mapping to 2022-03-04 00:00:00+00:00, run_after=2022-03-05 00:00:00+00:00
[2024-11-19T13:15:27.201+0530] {processor.py:183} INFO - Processing /home/sigmoid/Desktop/Personal_Ml/airflow_poc/airflow_env/lib/python3.8/site-packages/airflow/example_dags/example_dynamic_task_mapping.py took 0.191 seconds
[2024-11-19T13:16:32.232+0530] {processor.py:161} INFO - Started process (PID=35134) to work on /home/sigmoid/Desktop/Personal_Ml/airflow_poc/airflow_env/lib/python3.8/site-packages/airflow/example_dags/example_dynamic_task_mapping.py
[2024-11-19T13:16:32.233+0530] {processor.py:830} INFO - Processing file /home/sigmoid/Desktop/Personal_Ml/airflow_poc/airflow_env/lib/python3.8/site-packages/airflow/example_dags/example_dynamic_task_mapping.py for tasks to queue
[2024-11-19T13:16:32.234+0530] {logging_mixin.py:188} INFO - [2024-11-19T13:16:32.233+0530] {dagbag.py:540} INFO - Filling up the DagBag from /home/sigmoid/Desktop/Personal_Ml/airflow_poc/airflow_env/lib/python3.8/site-packages/airflow/example_dags/example_dynamic_task_mapping.py
[2024-11-19T13:16:32.241+0530] {processor.py:840} INFO - DAG(s) 'example_dynamic_task_mapping' retrieved from /home/sigmoid/Desktop/Personal_Ml/airflow_poc/airflow_env/lib/python3.8/site-packages/airflow/example_dags/example_dynamic_task_mapping.py
[2024-11-19T13:16:32.257+0530] {logging_mixin.py:188} INFO - [2024-11-19T13:16:32.257+0530] {dag.py:3047} INFO - Sync 1 DAGs
[2024-11-19T13:16:32.278+0530] {logging_mixin.py:188} INFO - [2024-11-19T13:16:32.278+0530] {dag.py:3834} INFO - Setting next_dagrun for example_dynamic_task_mapping to 2022-03-04 00:00:00+00:00, run_after=2022-03-05 00:00:00+00:00
[2024-11-19T13:16:32.302+0530] {processor.py:183} INFO - Processing /home/sigmoid/Desktop/Personal_Ml/airflow_poc/airflow_env/lib/python3.8/site-packages/airflow/example_dags/example_dynamic_task_mapping.py took 0.073 seconds
[2024-11-19T13:17:37.983+0530] {processor.py:161} INFO - Started process (PID=35262) to work on /home/sigmoid/Desktop/Personal_Ml/airflow_poc/airflow_env/lib/python3.8/site-packages/airflow/example_dags/example_dynamic_task_mapping.py
[2024-11-19T13:17:37.984+0530] {processor.py:830} INFO - Processing file /home/sigmoid/Desktop/Personal_Ml/airflow_poc/airflow_env/lib/python3.8/site-packages/airflow/example_dags/example_dynamic_task_mapping.py for tasks to queue
[2024-11-19T13:17:37.985+0530] {logging_mixin.py:188} INFO - [2024-11-19T13:17:37.985+0530] {dagbag.py:540} INFO - Filling up the DagBag from /home/sigmoid/Desktop/Personal_Ml/airflow_poc/airflow_env/lib/python3.8/site-packages/airflow/example_dags/example_dynamic_task_mapping.py
[2024-11-19T13:17:37.994+0530] {processor.py:840} INFO - DAG(s) 'example_dynamic_task_mapping' retrieved from /home/sigmoid/Desktop/Personal_Ml/airflow_poc/airflow_env/lib/python3.8/site-packages/airflow/example_dags/example_dynamic_task_mapping.py
[2024-11-19T13:17:38.012+0530] {logging_mixin.py:188} INFO - [2024-11-19T13:17:38.012+0530] {dag.py:3047} INFO - Sync 1 DAGs
[2024-11-19T13:17:38.035+0530] {logging_mixin.py:188} INFO - [2024-11-19T13:17:38.035+0530] {dag.py:3834} INFO - Setting next_dagrun for example_dynamic_task_mapping to 2022-03-04 00:00:00+00:00, run_after=2022-03-05 00:00:00+00:00
[2024-11-19T13:17:38.059+0530] {processor.py:183} INFO - Processing /home/sigmoid/Desktop/Personal_Ml/airflow_poc/airflow_env/lib/python3.8/site-packages/airflow/example_dags/example_dynamic_task_mapping.py took 0.079 seconds
[2024-11-19T13:18:29.920+0530] {processor.py:161} INFO - Started process (PID=35319) to work on /home/sigmoid/Desktop/Personal_Ml/airflow_poc/airflow_env/lib/python3.8/site-packages/airflow/example_dags/example_dynamic_task_mapping.py
[2024-11-19T13:18:29.921+0530] {processor.py:830} INFO - Processing file /home/sigmoid/Desktop/Personal_Ml/airflow_poc/airflow_env/lib/python3.8/site-packages/airflow/example_dags/example_dynamic_task_mapping.py for tasks to queue
[2024-11-19T13:18:29.923+0530] {logging_mixin.py:188} INFO - [2024-11-19T13:18:29.922+0530] {dagbag.py:540} INFO - Filling up the DagBag from /home/sigmoid/Desktop/Personal_Ml/airflow_poc/airflow_env/lib/python3.8/site-packages/airflow/example_dags/example_dynamic_task_mapping.py
[2024-11-19T13:18:29.931+0530] {processor.py:840} INFO - DAG(s) 'example_dynamic_task_mapping' retrieved from /home/sigmoid/Desktop/Personal_Ml/airflow_poc/airflow_env/lib/python3.8/site-packages/airflow/example_dags/example_dynamic_task_mapping.py
[2024-11-19T13:18:29.946+0530] {logging_mixin.py:188} INFO - [2024-11-19T13:18:29.946+0530] {dag.py:3047} INFO - Sync 1 DAGs
[2024-11-19T13:18:29.967+0530] {logging_mixin.py:188} INFO - [2024-11-19T13:18:29.967+0530] {dag.py:3834} INFO - Setting next_dagrun for example_dynamic_task_mapping to 2022-03-04 00:00:00+00:00, run_after=2022-03-05 00:00:00+00:00
[2024-11-19T13:18:29.987+0530] {processor.py:183} INFO - Processing /home/sigmoid/Desktop/Personal_Ml/airflow_poc/airflow_env/lib/python3.8/site-packages/airflow/example_dags/example_dynamic_task_mapping.py took 0.072 seconds
[2024-11-19T13:19:36.998+0530] {processor.py:161} INFO - Started process (PID=35414) to work on /home/sigmoid/Desktop/Personal_Ml/airflow_poc/airflow_env/lib/python3.8/site-packages/airflow/example_dags/example_dynamic_task_mapping.py
[2024-11-19T13:19:36.999+0530] {processor.py:830} INFO - Processing file /home/sigmoid/Desktop/Personal_Ml/airflow_poc/airflow_env/lib/python3.8/site-packages/airflow/example_dags/example_dynamic_task_mapping.py for tasks to queue
[2024-11-19T13:19:37.001+0530] {logging_mixin.py:188} INFO - [2024-11-19T13:19:37.001+0530] {dagbag.py:540} INFO - Filling up the DagBag from /home/sigmoid/Desktop/Personal_Ml/airflow_poc/airflow_env/lib/python3.8/site-packages/airflow/example_dags/example_dynamic_task_mapping.py
[2024-11-19T13:19:37.010+0530] {processor.py:840} INFO - DAG(s) 'example_dynamic_task_mapping' retrieved from /home/sigmoid/Desktop/Personal_Ml/airflow_poc/airflow_env/lib/python3.8/site-packages/airflow/example_dags/example_dynamic_task_mapping.py
[2024-11-19T13:19:37.027+0530] {logging_mixin.py:188} INFO - [2024-11-19T13:19:37.027+0530] {dag.py:3047} INFO - Sync 1 DAGs
[2024-11-19T13:19:37.051+0530] {logging_mixin.py:188} INFO - [2024-11-19T13:19:37.051+0530] {dag.py:3834} INFO - Setting next_dagrun for example_dynamic_task_mapping to 2022-03-04 00:00:00+00:00, run_after=2022-03-05 00:00:00+00:00
[2024-11-19T13:19:37.076+0530] {processor.py:183} INFO - Processing /home/sigmoid/Desktop/Personal_Ml/airflow_poc/airflow_env/lib/python3.8/site-packages/airflow/example_dags/example_dynamic_task_mapping.py took 0.082 seconds
[2024-11-19T13:20:49.376+0530] {processor.py:161} INFO - Started process (PID=35602) to work on /home/sigmoid/Desktop/Personal_Ml/airflow_poc/airflow_env/lib/python3.8/site-packages/airflow/example_dags/example_dynamic_task_mapping.py
[2024-11-19T13:20:49.377+0530] {processor.py:830} INFO - Processing file /home/sigmoid/Desktop/Personal_Ml/airflow_poc/airflow_env/lib/python3.8/site-packages/airflow/example_dags/example_dynamic_task_mapping.py for tasks to queue
[2024-11-19T13:20:49.378+0530] {logging_mixin.py:188} INFO - [2024-11-19T13:20:49.378+0530] {dagbag.py:540} INFO - Filling up the DagBag from /home/sigmoid/Desktop/Personal_Ml/airflow_poc/airflow_env/lib/python3.8/site-packages/airflow/example_dags/example_dynamic_task_mapping.py
[2024-11-19T13:20:49.385+0530] {processor.py:840} INFO - DAG(s) 'example_dynamic_task_mapping' retrieved from /home/sigmoid/Desktop/Personal_Ml/airflow_poc/airflow_env/lib/python3.8/site-packages/airflow/example_dags/example_dynamic_task_mapping.py
[2024-11-19T13:20:49.401+0530] {logging_mixin.py:188} INFO - [2024-11-19T13:20:49.400+0530] {dag.py:3047} INFO - Sync 1 DAGs
[2024-11-19T13:20:49.421+0530] {logging_mixin.py:188} INFO - [2024-11-19T13:20:49.421+0530] {dag.py:3834} INFO - Setting next_dagrun for example_dynamic_task_mapping to 2022-03-04 00:00:00+00:00, run_after=2022-03-05 00:00:00+00:00
[2024-11-19T13:20:49.443+0530] {processor.py:183} INFO - Processing /home/sigmoid/Desktop/Personal_Ml/airflow_poc/airflow_env/lib/python3.8/site-packages/airflow/example_dags/example_dynamic_task_mapping.py took 0.070 seconds
[2024-11-19T13:21:53.449+0530] {processor.py:161} INFO - Started process (PID=35719) to work on /home/sigmoid/Desktop/Personal_Ml/airflow_poc/airflow_env/lib/python3.8/site-packages/airflow/example_dags/example_dynamic_task_mapping.py
[2024-11-19T13:21:53.451+0530] {processor.py:830} INFO - Processing file /home/sigmoid/Desktop/Personal_Ml/airflow_poc/airflow_env/lib/python3.8/site-packages/airflow/example_dags/example_dynamic_task_mapping.py for tasks to queue
[2024-11-19T13:21:53.452+0530] {logging_mixin.py:188} INFO - [2024-11-19T13:21:53.451+0530] {dagbag.py:540} INFO - Filling up the DagBag from /home/sigmoid/Desktop/Personal_Ml/airflow_poc/airflow_env/lib/python3.8/site-packages/airflow/example_dags/example_dynamic_task_mapping.py
[2024-11-19T13:21:53.460+0530] {processor.py:840} INFO - DAG(s) 'example_dynamic_task_mapping' retrieved from /home/sigmoid/Desktop/Personal_Ml/airflow_poc/airflow_env/lib/python3.8/site-packages/airflow/example_dags/example_dynamic_task_mapping.py
[2024-11-19T13:21:53.476+0530] {logging_mixin.py:188} INFO - [2024-11-19T13:21:53.475+0530] {dag.py:3047} INFO - Sync 1 DAGs
[2024-11-19T13:21:53.497+0530] {logging_mixin.py:188} INFO - [2024-11-19T13:21:53.497+0530] {dag.py:3834} INFO - Setting next_dagrun for example_dynamic_task_mapping to 2022-03-04 00:00:00+00:00, run_after=2022-03-05 00:00:00+00:00
[2024-11-19T13:21:53.518+0530] {processor.py:183} INFO - Processing /home/sigmoid/Desktop/Personal_Ml/airflow_poc/airflow_env/lib/python3.8/site-packages/airflow/example_dags/example_dynamic_task_mapping.py took 0.072 seconds
[2024-11-19T13:24:02.631+0530] {processor.py:161} INFO - Started process (PID=35931) to work on /home/sigmoid/Desktop/Personal_Ml/airflow_poc/airflow_env/lib/python3.8/site-packages/airflow/example_dags/example_dynamic_task_mapping.py
[2024-11-19T13:24:02.633+0530] {processor.py:830} INFO - Processing file /home/sigmoid/Desktop/Personal_Ml/airflow_poc/airflow_env/lib/python3.8/site-packages/airflow/example_dags/example_dynamic_task_mapping.py for tasks to queue
[2024-11-19T13:24:02.634+0530] {logging_mixin.py:188} INFO - [2024-11-19T13:24:02.633+0530] {dagbag.py:540} INFO - Filling up the DagBag from /home/sigmoid/Desktop/Personal_Ml/airflow_poc/airflow_env/lib/python3.8/site-packages/airflow/example_dags/example_dynamic_task_mapping.py
[2024-11-19T13:24:02.642+0530] {processor.py:840} INFO - DAG(s) 'example_dynamic_task_mapping' retrieved from /home/sigmoid/Desktop/Personal_Ml/airflow_poc/airflow_env/lib/python3.8/site-packages/airflow/example_dags/example_dynamic_task_mapping.py
[2024-11-19T13:24:02.662+0530] {logging_mixin.py:188} INFO - [2024-11-19T13:24:02.661+0530] {dag.py:3047} INFO - Sync 1 DAGs
[2024-11-19T13:24:02.691+0530] {logging_mixin.py:188} INFO - [2024-11-19T13:24:02.691+0530] {dag.py:3834} INFO - Setting next_dagrun for example_dynamic_task_mapping to 2022-03-04 00:00:00+00:00, run_after=2022-03-05 00:00:00+00:00
[2024-11-19T13:24:02.721+0530] {processor.py:183} INFO - Processing /home/sigmoid/Desktop/Personal_Ml/airflow_poc/airflow_env/lib/python3.8/site-packages/airflow/example_dags/example_dynamic_task_mapping.py took 0.095 seconds
[2024-11-19T13:25:12.143+0530] {processor.py:161} INFO - Started process (PID=36007) to work on /home/sigmoid/Desktop/Personal_Ml/airflow_poc/airflow_env/lib/python3.8/site-packages/airflow/example_dags/example_dynamic_task_mapping.py
[2024-11-19T13:25:12.146+0530] {processor.py:830} INFO - Processing file /home/sigmoid/Desktop/Personal_Ml/airflow_poc/airflow_env/lib/python3.8/site-packages/airflow/example_dags/example_dynamic_task_mapping.py for tasks to queue
[2024-11-19T13:25:12.147+0530] {logging_mixin.py:188} INFO - [2024-11-19T13:25:12.147+0530] {dagbag.py:540} INFO - Filling up the DagBag from /home/sigmoid/Desktop/Personal_Ml/airflow_poc/airflow_env/lib/python3.8/site-packages/airflow/example_dags/example_dynamic_task_mapping.py
[2024-11-19T13:25:12.155+0530] {processor.py:840} INFO - DAG(s) 'example_dynamic_task_mapping' retrieved from /home/sigmoid/Desktop/Personal_Ml/airflow_poc/airflow_env/lib/python3.8/site-packages/airflow/example_dags/example_dynamic_task_mapping.py
[2024-11-19T13:25:12.174+0530] {logging_mixin.py:188} INFO - [2024-11-19T13:25:12.174+0530] {dag.py:3047} INFO - Sync 1 DAGs
[2024-11-19T13:25:12.202+0530] {logging_mixin.py:188} INFO - [2024-11-19T13:25:12.202+0530] {dag.py:3834} INFO - Setting next_dagrun for example_dynamic_task_mapping to 2022-03-04 00:00:00+00:00, run_after=2022-03-05 00:00:00+00:00
[2024-11-19T13:25:12.230+0530] {processor.py:183} INFO - Processing /home/sigmoid/Desktop/Personal_Ml/airflow_poc/airflow_env/lib/python3.8/site-packages/airflow/example_dags/example_dynamic_task_mapping.py took 0.091 seconds
[2024-11-19T13:26:16.827+0530] {processor.py:161} INFO - Started process (PID=36095) to work on /home/sigmoid/Desktop/Personal_Ml/airflow_poc/airflow_env/lib/python3.8/site-packages/airflow/example_dags/example_dynamic_task_mapping.py
[2024-11-19T13:26:16.829+0530] {processor.py:830} INFO - Processing file /home/sigmoid/Desktop/Personal_Ml/airflow_poc/airflow_env/lib/python3.8/site-packages/airflow/example_dags/example_dynamic_task_mapping.py for tasks to queue
[2024-11-19T13:26:16.830+0530] {logging_mixin.py:188} INFO - [2024-11-19T13:26:16.829+0530] {dagbag.py:540} INFO - Filling up the DagBag from /home/sigmoid/Desktop/Personal_Ml/airflow_poc/airflow_env/lib/python3.8/site-packages/airflow/example_dags/example_dynamic_task_mapping.py
[2024-11-19T13:26:16.837+0530] {processor.py:840} INFO - DAG(s) 'example_dynamic_task_mapping' retrieved from /home/sigmoid/Desktop/Personal_Ml/airflow_poc/airflow_env/lib/python3.8/site-packages/airflow/example_dags/example_dynamic_task_mapping.py
[2024-11-19T13:26:16.853+0530] {logging_mixin.py:188} INFO - [2024-11-19T13:26:16.852+0530] {dag.py:3047} INFO - Sync 1 DAGs
[2024-11-19T13:26:16.873+0530] {logging_mixin.py:188} INFO - [2024-11-19T13:26:16.873+0530] {dag.py:3834} INFO - Setting next_dagrun for example_dynamic_task_mapping to 2022-03-04 00:00:00+00:00, run_after=2022-03-05 00:00:00+00:00
[2024-11-19T13:26:16.894+0530] {processor.py:183} INFO - Processing /home/sigmoid/Desktop/Personal_Ml/airflow_poc/airflow_env/lib/python3.8/site-packages/airflow/example_dags/example_dynamic_task_mapping.py took 0.069 seconds
[2024-11-19T13:27:14.612+0530] {processor.py:161} INFO - Started process (PID=36180) to work on /home/sigmoid/Desktop/Personal_Ml/airflow_poc/airflow_env/lib/python3.8/site-packages/airflow/example_dags/example_dynamic_task_mapping.py
[2024-11-19T13:27:14.614+0530] {processor.py:830} INFO - Processing file /home/sigmoid/Desktop/Personal_Ml/airflow_poc/airflow_env/lib/python3.8/site-packages/airflow/example_dags/example_dynamic_task_mapping.py for tasks to queue
[2024-11-19T13:27:14.615+0530] {logging_mixin.py:188} INFO - [2024-11-19T13:27:14.614+0530] {dagbag.py:540} INFO - Filling up the DagBag from /home/sigmoid/Desktop/Personal_Ml/airflow_poc/airflow_env/lib/python3.8/site-packages/airflow/example_dags/example_dynamic_task_mapping.py
[2024-11-19T13:27:14.623+0530] {processor.py:840} INFO - DAG(s) 'example_dynamic_task_mapping' retrieved from /home/sigmoid/Desktop/Personal_Ml/airflow_poc/airflow_env/lib/python3.8/site-packages/airflow/example_dags/example_dynamic_task_mapping.py
[2024-11-19T13:27:14.640+0530] {logging_mixin.py:188} INFO - [2024-11-19T13:27:14.639+0530] {dag.py:3047} INFO - Sync 1 DAGs
[2024-11-19T13:27:14.661+0530] {logging_mixin.py:188} INFO - [2024-11-19T13:27:14.661+0530] {dag.py:3834} INFO - Setting next_dagrun for example_dynamic_task_mapping to 2022-03-04 00:00:00+00:00, run_after=2022-03-05 00:00:00+00:00
[2024-11-19T13:27:14.682+0530] {processor.py:183} INFO - Processing /home/sigmoid/Desktop/Personal_Ml/airflow_poc/airflow_env/lib/python3.8/site-packages/airflow/example_dags/example_dynamic_task_mapping.py took 0.075 seconds
[2024-11-19T13:28:55.680+0530] {processor.py:161} INFO - Started process (PID=36313) to work on /home/sigmoid/Desktop/Personal_Ml/airflow_poc/airflow_env/lib/python3.8/site-packages/airflow/example_dags/example_dynamic_task_mapping.py
[2024-11-19T13:28:55.682+0530] {processor.py:830} INFO - Processing file /home/sigmoid/Desktop/Personal_Ml/airflow_poc/airflow_env/lib/python3.8/site-packages/airflow/example_dags/example_dynamic_task_mapping.py for tasks to queue
[2024-11-19T13:28:55.684+0530] {logging_mixin.py:188} INFO - [2024-11-19T13:28:55.683+0530] {dagbag.py:540} INFO - Filling up the DagBag from /home/sigmoid/Desktop/Personal_Ml/airflow_poc/airflow_env/lib/python3.8/site-packages/airflow/example_dags/example_dynamic_task_mapping.py
[2024-11-19T13:28:55.697+0530] {processor.py:840} INFO - DAG(s) 'example_dynamic_task_mapping' retrieved from /home/sigmoid/Desktop/Personal_Ml/airflow_poc/airflow_env/lib/python3.8/site-packages/airflow/example_dags/example_dynamic_task_mapping.py
[2024-11-19T13:28:55.718+0530] {logging_mixin.py:188} INFO - [2024-11-19T13:28:55.717+0530] {dag.py:3047} INFO - Sync 1 DAGs
[2024-11-19T13:28:55.745+0530] {logging_mixin.py:188} INFO - [2024-11-19T13:28:55.745+0530] {dag.py:3834} INFO - Setting next_dagrun for example_dynamic_task_mapping to 2022-03-04 00:00:00+00:00, run_after=2022-03-05 00:00:00+00:00
[2024-11-19T13:28:55.770+0530] {processor.py:183} INFO - Processing /home/sigmoid/Desktop/Personal_Ml/airflow_poc/airflow_env/lib/python3.8/site-packages/airflow/example_dags/example_dynamic_task_mapping.py took 0.096 seconds
[2024-11-19T13:29:52.573+0530] {processor.py:161} INFO - Started process (PID=36378) to work on /home/sigmoid/Desktop/Personal_Ml/airflow_poc/airflow_env/lib/python3.8/site-packages/airflow/example_dags/example_dynamic_task_mapping.py
[2024-11-19T13:29:52.575+0530] {processor.py:830} INFO - Processing file /home/sigmoid/Desktop/Personal_Ml/airflow_poc/airflow_env/lib/python3.8/site-packages/airflow/example_dags/example_dynamic_task_mapping.py for tasks to queue
[2024-11-19T13:29:52.576+0530] {logging_mixin.py:188} INFO - [2024-11-19T13:29:52.576+0530] {dagbag.py:540} INFO - Filling up the DagBag from /home/sigmoid/Desktop/Personal_Ml/airflow_poc/airflow_env/lib/python3.8/site-packages/airflow/example_dags/example_dynamic_task_mapping.py
[2024-11-19T13:29:52.591+0530] {processor.py:840} INFO - DAG(s) 'example_dynamic_task_mapping' retrieved from /home/sigmoid/Desktop/Personal_Ml/airflow_poc/airflow_env/lib/python3.8/site-packages/airflow/example_dags/example_dynamic_task_mapping.py
[2024-11-19T13:29:52.624+0530] {logging_mixin.py:188} INFO - [2024-11-19T13:29:52.623+0530] {dag.py:3047} INFO - Sync 1 DAGs
[2024-11-19T13:29:52.670+0530] {logging_mixin.py:188} INFO - [2024-11-19T13:29:52.668+0530] {dag.py:3834} INFO - Setting next_dagrun for example_dynamic_task_mapping to 2022-03-04 00:00:00+00:00, run_after=2022-03-05 00:00:00+00:00
[2024-11-19T13:29:52.706+0530] {processor.py:183} INFO - Processing /home/sigmoid/Desktop/Personal_Ml/airflow_poc/airflow_env/lib/python3.8/site-packages/airflow/example_dags/example_dynamic_task_mapping.py took 0.141 seconds
[2024-11-19T13:31:10.235+0530] {processor.py:161} INFO - Started process (PID=36480) to work on /home/sigmoid/Desktop/Personal_Ml/airflow_poc/airflow_env/lib/python3.8/site-packages/airflow/example_dags/example_dynamic_task_mapping.py
[2024-11-19T13:31:10.236+0530] {processor.py:830} INFO - Processing file /home/sigmoid/Desktop/Personal_Ml/airflow_poc/airflow_env/lib/python3.8/site-packages/airflow/example_dags/example_dynamic_task_mapping.py for tasks to queue
[2024-11-19T13:31:10.237+0530] {logging_mixin.py:188} INFO - [2024-11-19T13:31:10.237+0530] {dagbag.py:540} INFO - Filling up the DagBag from /home/sigmoid/Desktop/Personal_Ml/airflow_poc/airflow_env/lib/python3.8/site-packages/airflow/example_dags/example_dynamic_task_mapping.py
[2024-11-19T13:31:10.244+0530] {processor.py:840} INFO - DAG(s) 'example_dynamic_task_mapping' retrieved from /home/sigmoid/Desktop/Personal_Ml/airflow_poc/airflow_env/lib/python3.8/site-packages/airflow/example_dags/example_dynamic_task_mapping.py
[2024-11-19T13:31:10.259+0530] {logging_mixin.py:188} INFO - [2024-11-19T13:31:10.259+0530] {dag.py:3047} INFO - Sync 1 DAGs
[2024-11-19T13:31:10.280+0530] {logging_mixin.py:188} INFO - [2024-11-19T13:31:10.279+0530] {dag.py:3834} INFO - Setting next_dagrun for example_dynamic_task_mapping to 2022-03-04 00:00:00+00:00, run_after=2022-03-05 00:00:00+00:00
[2024-11-19T13:31:10.299+0530] {processor.py:183} INFO - Processing /home/sigmoid/Desktop/Personal_Ml/airflow_poc/airflow_env/lib/python3.8/site-packages/airflow/example_dags/example_dynamic_task_mapping.py took 0.068 seconds
[2024-11-19T13:32:13.963+0530] {processor.py:161} INFO - Started process (PID=36816) to work on /home/sigmoid/Desktop/Personal_Ml/airflow_poc/airflow_env/lib/python3.8/site-packages/airflow/example_dags/example_dynamic_task_mapping.py
[2024-11-19T13:32:13.964+0530] {processor.py:830} INFO - Processing file /home/sigmoid/Desktop/Personal_Ml/airflow_poc/airflow_env/lib/python3.8/site-packages/airflow/example_dags/example_dynamic_task_mapping.py for tasks to queue
[2024-11-19T13:32:13.965+0530] {logging_mixin.py:188} INFO - [2024-11-19T13:32:13.964+0530] {dagbag.py:540} INFO - Filling up the DagBag from /home/sigmoid/Desktop/Personal_Ml/airflow_poc/airflow_env/lib/python3.8/site-packages/airflow/example_dags/example_dynamic_task_mapping.py
[2024-11-19T13:32:13.972+0530] {processor.py:840} INFO - DAG(s) 'example_dynamic_task_mapping' retrieved from /home/sigmoid/Desktop/Personal_Ml/airflow_poc/airflow_env/lib/python3.8/site-packages/airflow/example_dags/example_dynamic_task_mapping.py
[2024-11-19T13:32:13.987+0530] {logging_mixin.py:188} INFO - [2024-11-19T13:32:13.987+0530] {dag.py:3047} INFO - Sync 1 DAGs
[2024-11-19T13:32:14.008+0530] {logging_mixin.py:188} INFO - [2024-11-19T13:32:14.007+0530] {dag.py:3834} INFO - Setting next_dagrun for example_dynamic_task_mapping to 2022-03-04 00:00:00+00:00, run_after=2022-03-05 00:00:00+00:00
[2024-11-19T13:32:14.028+0530] {processor.py:183} INFO - Processing /home/sigmoid/Desktop/Personal_Ml/airflow_poc/airflow_env/lib/python3.8/site-packages/airflow/example_dags/example_dynamic_task_mapping.py took 0.068 seconds
[2024-11-19T13:33:13.092+0530] {processor.py:161} INFO - Started process (PID=36897) to work on /home/sigmoid/Desktop/Personal_Ml/airflow_poc/airflow_env/lib/python3.8/site-packages/airflow/example_dags/example_dynamic_task_mapping.py
[2024-11-19T13:33:13.093+0530] {processor.py:830} INFO - Processing file /home/sigmoid/Desktop/Personal_Ml/airflow_poc/airflow_env/lib/python3.8/site-packages/airflow/example_dags/example_dynamic_task_mapping.py for tasks to queue
[2024-11-19T13:33:13.094+0530] {logging_mixin.py:188} INFO - [2024-11-19T13:33:13.093+0530] {dagbag.py:540} INFO - Filling up the DagBag from /home/sigmoid/Desktop/Personal_Ml/airflow_poc/airflow_env/lib/python3.8/site-packages/airflow/example_dags/example_dynamic_task_mapping.py
[2024-11-19T13:33:13.101+0530] {processor.py:840} INFO - DAG(s) 'example_dynamic_task_mapping' retrieved from /home/sigmoid/Desktop/Personal_Ml/airflow_poc/airflow_env/lib/python3.8/site-packages/airflow/example_dags/example_dynamic_task_mapping.py
[2024-11-19T13:33:13.116+0530] {logging_mixin.py:188} INFO - [2024-11-19T13:33:13.116+0530] {dag.py:3047} INFO - Sync 1 DAGs
[2024-11-19T13:33:13.137+0530] {logging_mixin.py:188} INFO - [2024-11-19T13:33:13.136+0530] {dag.py:3834} INFO - Setting next_dagrun for example_dynamic_task_mapping to 2022-03-04 00:00:00+00:00, run_after=2022-03-05 00:00:00+00:00
[2024-11-19T13:33:13.157+0530] {processor.py:183} INFO - Processing /home/sigmoid/Desktop/Personal_Ml/airflow_poc/airflow_env/lib/python3.8/site-packages/airflow/example_dags/example_dynamic_task_mapping.py took 0.068 seconds
[2024-11-19T13:41:50.664+0530] {processor.py:161} INFO - Started process (PID=37277) to work on /home/sigmoid/Desktop/Personal_Ml/airflow_poc/airflow_env/lib/python3.8/site-packages/airflow/example_dags/example_dynamic_task_mapping.py
[2024-11-19T13:41:50.666+0530] {processor.py:830} INFO - Processing file /home/sigmoid/Desktop/Personal_Ml/airflow_poc/airflow_env/lib/python3.8/site-packages/airflow/example_dags/example_dynamic_task_mapping.py for tasks to queue
[2024-11-19T13:41:50.668+0530] {logging_mixin.py:188} INFO - [2024-11-19T13:41:50.667+0530] {dagbag.py:540} INFO - Filling up the DagBag from /home/sigmoid/Desktop/Personal_Ml/airflow_poc/airflow_env/lib/python3.8/site-packages/airflow/example_dags/example_dynamic_task_mapping.py
[2024-11-19T13:41:50.680+0530] {processor.py:840} INFO - DAG(s) 'example_dynamic_task_mapping' retrieved from /home/sigmoid/Desktop/Personal_Ml/airflow_poc/airflow_env/lib/python3.8/site-packages/airflow/example_dags/example_dynamic_task_mapping.py
[2024-11-19T13:41:50.709+0530] {logging_mixin.py:188} INFO - [2024-11-19T13:41:50.709+0530] {dag.py:3047} INFO - Sync 1 DAGs
[2024-11-19T13:41:50.749+0530] {logging_mixin.py:188} INFO - [2024-11-19T13:41:50.749+0530] {dag.py:3834} INFO - Setting next_dagrun for example_dynamic_task_mapping to 2022-03-04 00:00:00+00:00, run_after=2022-03-05 00:00:00+00:00
[2024-11-19T13:41:50.784+0530] {processor.py:183} INFO - Processing /home/sigmoid/Desktop/Personal_Ml/airflow_poc/airflow_env/lib/python3.8/site-packages/airflow/example_dags/example_dynamic_task_mapping.py took 0.125 seconds
[2024-11-19T13:42:53.519+0530] {processor.py:161} INFO - Started process (PID=37355) to work on /home/sigmoid/Desktop/Personal_Ml/airflow_poc/airflow_env/lib/python3.8/site-packages/airflow/example_dags/example_dynamic_task_mapping.py
[2024-11-19T13:42:53.520+0530] {processor.py:830} INFO - Processing file /home/sigmoid/Desktop/Personal_Ml/airflow_poc/airflow_env/lib/python3.8/site-packages/airflow/example_dags/example_dynamic_task_mapping.py for tasks to queue
[2024-11-19T13:42:53.521+0530] {logging_mixin.py:188} INFO - [2024-11-19T13:42:53.521+0530] {dagbag.py:540} INFO - Filling up the DagBag from /home/sigmoid/Desktop/Personal_Ml/airflow_poc/airflow_env/lib/python3.8/site-packages/airflow/example_dags/example_dynamic_task_mapping.py
[2024-11-19T13:42:53.529+0530] {processor.py:840} INFO - DAG(s) 'example_dynamic_task_mapping' retrieved from /home/sigmoid/Desktop/Personal_Ml/airflow_poc/airflow_env/lib/python3.8/site-packages/airflow/example_dags/example_dynamic_task_mapping.py
[2024-11-19T13:42:53.544+0530] {logging_mixin.py:188} INFO - [2024-11-19T13:42:53.543+0530] {dag.py:3047} INFO - Sync 1 DAGs
[2024-11-19T13:42:53.566+0530] {logging_mixin.py:188} INFO - [2024-11-19T13:42:53.566+0530] {dag.py:3834} INFO - Setting next_dagrun for example_dynamic_task_mapping to 2022-03-04 00:00:00+00:00, run_after=2022-03-05 00:00:00+00:00
[2024-11-19T13:42:53.585+0530] {processor.py:183} INFO - Processing /home/sigmoid/Desktop/Personal_Ml/airflow_poc/airflow_env/lib/python3.8/site-packages/airflow/example_dags/example_dynamic_task_mapping.py took 0.069 seconds
[2024-11-19T13:43:59.369+0530] {processor.py:161} INFO - Started process (PID=37430) to work on /home/sigmoid/Desktop/Personal_Ml/airflow_poc/airflow_env/lib/python3.8/site-packages/airflow/example_dags/example_dynamic_task_mapping.py
[2024-11-19T13:43:59.370+0530] {processor.py:830} INFO - Processing file /home/sigmoid/Desktop/Personal_Ml/airflow_poc/airflow_env/lib/python3.8/site-packages/airflow/example_dags/example_dynamic_task_mapping.py for tasks to queue
[2024-11-19T13:43:59.371+0530] {logging_mixin.py:188} INFO - [2024-11-19T13:43:59.371+0530] {dagbag.py:540} INFO - Filling up the DagBag from /home/sigmoid/Desktop/Personal_Ml/airflow_poc/airflow_env/lib/python3.8/site-packages/airflow/example_dags/example_dynamic_task_mapping.py
[2024-11-19T13:43:59.378+0530] {processor.py:840} INFO - DAG(s) 'example_dynamic_task_mapping' retrieved from /home/sigmoid/Desktop/Personal_Ml/airflow_poc/airflow_env/lib/python3.8/site-packages/airflow/example_dags/example_dynamic_task_mapping.py
[2024-11-19T13:43:59.396+0530] {logging_mixin.py:188} INFO - [2024-11-19T13:43:59.396+0530] {dag.py:3047} INFO - Sync 1 DAGs
[2024-11-19T13:43:59.419+0530] {logging_mixin.py:188} INFO - [2024-11-19T13:43:59.418+0530] {dag.py:3834} INFO - Setting next_dagrun for example_dynamic_task_mapping to 2022-03-04 00:00:00+00:00, run_after=2022-03-05 00:00:00+00:00
[2024-11-19T13:43:59.439+0530] {processor.py:183} INFO - Processing /home/sigmoid/Desktop/Personal_Ml/airflow_poc/airflow_env/lib/python3.8/site-packages/airflow/example_dags/example_dynamic_task_mapping.py took 0.073 seconds
[2024-11-19T13:45:00.226+0530] {processor.py:161} INFO - Started process (PID=37508) to work on /home/sigmoid/Desktop/Personal_Ml/airflow_poc/airflow_env/lib/python3.8/site-packages/airflow/example_dags/example_dynamic_task_mapping.py
[2024-11-19T13:45:00.227+0530] {processor.py:830} INFO - Processing file /home/sigmoid/Desktop/Personal_Ml/airflow_poc/airflow_env/lib/python3.8/site-packages/airflow/example_dags/example_dynamic_task_mapping.py for tasks to queue
[2024-11-19T13:45:00.228+0530] {logging_mixin.py:188} INFO - [2024-11-19T13:45:00.228+0530] {dagbag.py:540} INFO - Filling up the DagBag from /home/sigmoid/Desktop/Personal_Ml/airflow_poc/airflow_env/lib/python3.8/site-packages/airflow/example_dags/example_dynamic_task_mapping.py
[2024-11-19T13:45:00.235+0530] {processor.py:840} INFO - DAG(s) 'example_dynamic_task_mapping' retrieved from /home/sigmoid/Desktop/Personal_Ml/airflow_poc/airflow_env/lib/python3.8/site-packages/airflow/example_dags/example_dynamic_task_mapping.py
[2024-11-19T13:45:00.256+0530] {logging_mixin.py:188} INFO - [2024-11-19T13:45:00.256+0530] {dag.py:3047} INFO - Sync 1 DAGs
[2024-11-19T13:45:00.281+0530] {logging_mixin.py:188} INFO - [2024-11-19T13:45:00.281+0530] {dag.py:3834} INFO - Setting next_dagrun for example_dynamic_task_mapping to 2022-03-04 00:00:00+00:00, run_after=2022-03-05 00:00:00+00:00
[2024-11-19T13:45:00.301+0530] {processor.py:183} INFO - Processing /home/sigmoid/Desktop/Personal_Ml/airflow_poc/airflow_env/lib/python3.8/site-packages/airflow/example_dags/example_dynamic_task_mapping.py took 0.079 seconds
[2024-11-19T13:46:03.948+0530] {processor.py:161} INFO - Started process (PID=37581) to work on /home/sigmoid/Desktop/Personal_Ml/airflow_poc/airflow_env/lib/python3.8/site-packages/airflow/example_dags/example_dynamic_task_mapping.py
[2024-11-19T13:46:03.949+0530] {processor.py:830} INFO - Processing file /home/sigmoid/Desktop/Personal_Ml/airflow_poc/airflow_env/lib/python3.8/site-packages/airflow/example_dags/example_dynamic_task_mapping.py for tasks to queue
[2024-11-19T13:46:03.950+0530] {logging_mixin.py:188} INFO - [2024-11-19T13:46:03.950+0530] {dagbag.py:540} INFO - Filling up the DagBag from /home/sigmoid/Desktop/Personal_Ml/airflow_poc/airflow_env/lib/python3.8/site-packages/airflow/example_dags/example_dynamic_task_mapping.py
[2024-11-19T13:46:03.957+0530] {processor.py:840} INFO - DAG(s) 'example_dynamic_task_mapping' retrieved from /home/sigmoid/Desktop/Personal_Ml/airflow_poc/airflow_env/lib/python3.8/site-packages/airflow/example_dags/example_dynamic_task_mapping.py
[2024-11-19T13:46:03.973+0530] {logging_mixin.py:188} INFO - [2024-11-19T13:46:03.972+0530] {dag.py:3047} INFO - Sync 1 DAGs
[2024-11-19T13:46:03.993+0530] {logging_mixin.py:188} INFO - [2024-11-19T13:46:03.992+0530] {dag.py:3834} INFO - Setting next_dagrun for example_dynamic_task_mapping to 2022-03-04 00:00:00+00:00, run_after=2022-03-05 00:00:00+00:00
[2024-11-19T13:46:04.013+0530] {processor.py:183} INFO - Processing /home/sigmoid/Desktop/Personal_Ml/airflow_poc/airflow_env/lib/python3.8/site-packages/airflow/example_dags/example_dynamic_task_mapping.py took 0.068 seconds
[2024-11-19T13:47:09.528+0530] {processor.py:161} INFO - Started process (PID=37916) to work on /home/sigmoid/Desktop/Personal_Ml/airflow_poc/airflow_env/lib/python3.8/site-packages/airflow/example_dags/example_dynamic_task_mapping.py
[2024-11-19T13:47:09.529+0530] {processor.py:830} INFO - Processing file /home/sigmoid/Desktop/Personal_Ml/airflow_poc/airflow_env/lib/python3.8/site-packages/airflow/example_dags/example_dynamic_task_mapping.py for tasks to queue
[2024-11-19T13:47:09.530+0530] {logging_mixin.py:188} INFO - [2024-11-19T13:47:09.529+0530] {dagbag.py:540} INFO - Filling up the DagBag from /home/sigmoid/Desktop/Personal_Ml/airflow_poc/airflow_env/lib/python3.8/site-packages/airflow/example_dags/example_dynamic_task_mapping.py
[2024-11-19T13:47:09.537+0530] {processor.py:840} INFO - DAG(s) 'example_dynamic_task_mapping' retrieved from /home/sigmoid/Desktop/Personal_Ml/airflow_poc/airflow_env/lib/python3.8/site-packages/airflow/example_dags/example_dynamic_task_mapping.py
[2024-11-19T13:47:09.552+0530] {logging_mixin.py:188} INFO - [2024-11-19T13:47:09.552+0530] {dag.py:3047} INFO - Sync 1 DAGs
[2024-11-19T13:47:09.573+0530] {logging_mixin.py:188} INFO - [2024-11-19T13:47:09.573+0530] {dag.py:3834} INFO - Setting next_dagrun for example_dynamic_task_mapping to 2022-03-04 00:00:00+00:00, run_after=2022-03-05 00:00:00+00:00
[2024-11-19T13:47:09.593+0530] {processor.py:183} INFO - Processing /home/sigmoid/Desktop/Personal_Ml/airflow_poc/airflow_env/lib/python3.8/site-packages/airflow/example_dags/example_dynamic_task_mapping.py took 0.068 seconds
[2024-11-19T13:48:08.500+0530] {processor.py:161} INFO - Started process (PID=37988) to work on /home/sigmoid/Desktop/Personal_Ml/airflow_poc/airflow_env/lib/python3.8/site-packages/airflow/example_dags/example_dynamic_task_mapping.py
[2024-11-19T13:48:08.501+0530] {processor.py:830} INFO - Processing file /home/sigmoid/Desktop/Personal_Ml/airflow_poc/airflow_env/lib/python3.8/site-packages/airflow/example_dags/example_dynamic_task_mapping.py for tasks to queue
[2024-11-19T13:48:08.502+0530] {logging_mixin.py:188} INFO - [2024-11-19T13:48:08.502+0530] {dagbag.py:540} INFO - Filling up the DagBag from /home/sigmoid/Desktop/Personal_Ml/airflow_poc/airflow_env/lib/python3.8/site-packages/airflow/example_dags/example_dynamic_task_mapping.py
[2024-11-19T13:48:08.509+0530] {processor.py:840} INFO - DAG(s) 'example_dynamic_task_mapping' retrieved from /home/sigmoid/Desktop/Personal_Ml/airflow_poc/airflow_env/lib/python3.8/site-packages/airflow/example_dags/example_dynamic_task_mapping.py
[2024-11-19T13:48:08.524+0530] {logging_mixin.py:188} INFO - [2024-11-19T13:48:08.524+0530] {dag.py:3047} INFO - Sync 1 DAGs
[2024-11-19T13:48:08.544+0530] {logging_mixin.py:188} INFO - [2024-11-19T13:48:08.544+0530] {dag.py:3834} INFO - Setting next_dagrun for example_dynamic_task_mapping to 2022-03-04 00:00:00+00:00, run_after=2022-03-05 00:00:00+00:00
[2024-11-19T13:48:08.574+0530] {processor.py:183} INFO - Processing /home/sigmoid/Desktop/Personal_Ml/airflow_poc/airflow_env/lib/python3.8/site-packages/airflow/example_dags/example_dynamic_task_mapping.py took 0.078 seconds
[2024-11-19T13:49:08.484+0530] {processor.py:161} INFO - Started process (PID=38064) to work on /home/sigmoid/Desktop/Personal_Ml/airflow_poc/airflow_env/lib/python3.8/site-packages/airflow/example_dags/example_dynamic_task_mapping.py
[2024-11-19T13:49:08.485+0530] {processor.py:830} INFO - Processing file /home/sigmoid/Desktop/Personal_Ml/airflow_poc/airflow_env/lib/python3.8/site-packages/airflow/example_dags/example_dynamic_task_mapping.py for tasks to queue
[2024-11-19T13:49:08.486+0530] {logging_mixin.py:188} INFO - [2024-11-19T13:49:08.486+0530] {dagbag.py:540} INFO - Filling up the DagBag from /home/sigmoid/Desktop/Personal_Ml/airflow_poc/airflow_env/lib/python3.8/site-packages/airflow/example_dags/example_dynamic_task_mapping.py
[2024-11-19T13:49:08.493+0530] {processor.py:840} INFO - DAG(s) 'example_dynamic_task_mapping' retrieved from /home/sigmoid/Desktop/Personal_Ml/airflow_poc/airflow_env/lib/python3.8/site-packages/airflow/example_dags/example_dynamic_task_mapping.py
[2024-11-19T13:49:08.508+0530] {logging_mixin.py:188} INFO - [2024-11-19T13:49:08.508+0530] {dag.py:3047} INFO - Sync 1 DAGs
[2024-11-19T13:49:08.529+0530] {logging_mixin.py:188} INFO - [2024-11-19T13:49:08.528+0530] {dag.py:3834} INFO - Setting next_dagrun for example_dynamic_task_mapping to 2022-03-04 00:00:00+00:00, run_after=2022-03-05 00:00:00+00:00
[2024-11-19T13:49:08.549+0530] {processor.py:183} INFO - Processing /home/sigmoid/Desktop/Personal_Ml/airflow_poc/airflow_env/lib/python3.8/site-packages/airflow/example_dags/example_dynamic_task_mapping.py took 0.069 seconds
[2024-11-19T13:50:04.064+0530] {processor.py:161} INFO - Started process (PID=38131) to work on /home/sigmoid/Desktop/Personal_Ml/airflow_poc/airflow_env/lib/python3.8/site-packages/airflow/example_dags/example_dynamic_task_mapping.py
[2024-11-19T13:50:04.066+0530] {processor.py:830} INFO - Processing file /home/sigmoid/Desktop/Personal_Ml/airflow_poc/airflow_env/lib/python3.8/site-packages/airflow/example_dags/example_dynamic_task_mapping.py for tasks to queue
[2024-11-19T13:50:04.066+0530] {logging_mixin.py:188} INFO - [2024-11-19T13:50:04.066+0530] {dagbag.py:540} INFO - Filling up the DagBag from /home/sigmoid/Desktop/Personal_Ml/airflow_poc/airflow_env/lib/python3.8/site-packages/airflow/example_dags/example_dynamic_task_mapping.py
[2024-11-19T13:50:04.074+0530] {processor.py:840} INFO - DAG(s) 'example_dynamic_task_mapping' retrieved from /home/sigmoid/Desktop/Personal_Ml/airflow_poc/airflow_env/lib/python3.8/site-packages/airflow/example_dags/example_dynamic_task_mapping.py
[2024-11-19T13:50:04.089+0530] {logging_mixin.py:188} INFO - [2024-11-19T13:50:04.088+0530] {dag.py:3047} INFO - Sync 1 DAGs
[2024-11-19T13:50:04.109+0530] {logging_mixin.py:188} INFO - [2024-11-19T13:50:04.108+0530] {dag.py:3834} INFO - Setting next_dagrun for example_dynamic_task_mapping to 2022-03-04 00:00:00+00:00, run_after=2022-03-05 00:00:00+00:00
[2024-11-19T13:50:04.129+0530] {processor.py:183} INFO - Processing /home/sigmoid/Desktop/Personal_Ml/airflow_poc/airflow_env/lib/python3.8/site-packages/airflow/example_dags/example_dynamic_task_mapping.py took 0.067 seconds
[2024-11-19T13:51:05.801+0530] {processor.py:161} INFO - Started process (PID=38207) to work on /home/sigmoid/Desktop/Personal_Ml/airflow_poc/airflow_env/lib/python3.8/site-packages/airflow/example_dags/example_dynamic_task_mapping.py
[2024-11-19T13:51:05.802+0530] {processor.py:830} INFO - Processing file /home/sigmoid/Desktop/Personal_Ml/airflow_poc/airflow_env/lib/python3.8/site-packages/airflow/example_dags/example_dynamic_task_mapping.py for tasks to queue
[2024-11-19T13:51:05.803+0530] {logging_mixin.py:188} INFO - [2024-11-19T13:51:05.803+0530] {dagbag.py:540} INFO - Filling up the DagBag from /home/sigmoid/Desktop/Personal_Ml/airflow_poc/airflow_env/lib/python3.8/site-packages/airflow/example_dags/example_dynamic_task_mapping.py
[2024-11-19T13:51:05.810+0530] {processor.py:840} INFO - DAG(s) 'example_dynamic_task_mapping' retrieved from /home/sigmoid/Desktop/Personal_Ml/airflow_poc/airflow_env/lib/python3.8/site-packages/airflow/example_dags/example_dynamic_task_mapping.py
[2024-11-19T13:51:05.826+0530] {logging_mixin.py:188} INFO - [2024-11-19T13:51:05.826+0530] {dag.py:3047} INFO - Sync 1 DAGs
[2024-11-19T13:51:05.846+0530] {logging_mixin.py:188} INFO - [2024-11-19T13:51:05.846+0530] {dag.py:3834} INFO - Setting next_dagrun for example_dynamic_task_mapping to 2022-03-04 00:00:00+00:00, run_after=2022-03-05 00:00:00+00:00
[2024-11-19T13:51:05.868+0530] {processor.py:183} INFO - Processing /home/sigmoid/Desktop/Personal_Ml/airflow_poc/airflow_env/lib/python3.8/site-packages/airflow/example_dags/example_dynamic_task_mapping.py took 0.071 seconds
[2024-11-19T13:52:08.594+0530] {processor.py:161} INFO - Started process (PID=38283) to work on /home/sigmoid/Desktop/Personal_Ml/airflow_poc/airflow_env/lib/python3.8/site-packages/airflow/example_dags/example_dynamic_task_mapping.py
[2024-11-19T13:52:08.596+0530] {processor.py:830} INFO - Processing file /home/sigmoid/Desktop/Personal_Ml/airflow_poc/airflow_env/lib/python3.8/site-packages/airflow/example_dags/example_dynamic_task_mapping.py for tasks to queue
[2024-11-19T13:52:08.598+0530] {logging_mixin.py:188} INFO - [2024-11-19T13:52:08.597+0530] {dagbag.py:540} INFO - Filling up the DagBag from /home/sigmoid/Desktop/Personal_Ml/airflow_poc/airflow_env/lib/python3.8/site-packages/airflow/example_dags/example_dynamic_task_mapping.py
[2024-11-19T13:52:08.611+0530] {processor.py:840} INFO - DAG(s) 'example_dynamic_task_mapping' retrieved from /home/sigmoid/Desktop/Personal_Ml/airflow_poc/airflow_env/lib/python3.8/site-packages/airflow/example_dags/example_dynamic_task_mapping.py
[2024-11-19T13:52:08.641+0530] {logging_mixin.py:188} INFO - [2024-11-19T13:52:08.641+0530] {dag.py:3047} INFO - Sync 1 DAGs
[2024-11-19T13:52:08.681+0530] {logging_mixin.py:188} INFO - [2024-11-19T13:52:08.680+0530] {dag.py:3834} INFO - Setting next_dagrun for example_dynamic_task_mapping to 2022-03-04 00:00:00+00:00, run_after=2022-03-05 00:00:00+00:00
[2024-11-19T13:52:08.718+0530] {processor.py:183} INFO - Processing /home/sigmoid/Desktop/Personal_Ml/airflow_poc/airflow_env/lib/python3.8/site-packages/airflow/example_dags/example_dynamic_task_mapping.py took 0.130 seconds
[2024-11-19T13:53:09.324+0530] {processor.py:161} INFO - Started process (PID=38361) to work on /home/sigmoid/Desktop/Personal_Ml/airflow_poc/airflow_env/lib/python3.8/site-packages/airflow/example_dags/example_dynamic_task_mapping.py
[2024-11-19T13:53:09.325+0530] {processor.py:830} INFO - Processing file /home/sigmoid/Desktop/Personal_Ml/airflow_poc/airflow_env/lib/python3.8/site-packages/airflow/example_dags/example_dynamic_task_mapping.py for tasks to queue
[2024-11-19T13:53:09.327+0530] {logging_mixin.py:188} INFO - [2024-11-19T13:53:09.326+0530] {dagbag.py:540} INFO - Filling up the DagBag from /home/sigmoid/Desktop/Personal_Ml/airflow_poc/airflow_env/lib/python3.8/site-packages/airflow/example_dags/example_dynamic_task_mapping.py
[2024-11-19T13:53:09.334+0530] {processor.py:840} INFO - DAG(s) 'example_dynamic_task_mapping' retrieved from /home/sigmoid/Desktop/Personal_Ml/airflow_poc/airflow_env/lib/python3.8/site-packages/airflow/example_dags/example_dynamic_task_mapping.py
[2024-11-19T13:53:09.349+0530] {logging_mixin.py:188} INFO - [2024-11-19T13:53:09.349+0530] {dag.py:3047} INFO - Sync 1 DAGs
[2024-11-19T13:53:09.369+0530] {logging_mixin.py:188} INFO - [2024-11-19T13:53:09.369+0530] {dag.py:3834} INFO - Setting next_dagrun for example_dynamic_task_mapping to 2022-03-04 00:00:00+00:00, run_after=2022-03-05 00:00:00+00:00
[2024-11-19T13:53:09.389+0530] {processor.py:183} INFO - Processing /home/sigmoid/Desktop/Personal_Ml/airflow_poc/airflow_env/lib/python3.8/site-packages/airflow/example_dags/example_dynamic_task_mapping.py took 0.068 seconds
[2024-11-19T14:30:54.508+0530] {processor.py:161} INFO - Started process (PID=54660) to work on /home/sigmoid/Desktop/Personal_Ml/airflow_poc/airflow_env/lib/python3.8/site-packages/airflow/example_dags/example_dynamic_task_mapping.py
[2024-11-19T14:30:54.510+0530] {processor.py:830} INFO - Processing file /home/sigmoid/Desktop/Personal_Ml/airflow_poc/airflow_env/lib/python3.8/site-packages/airflow/example_dags/example_dynamic_task_mapping.py for tasks to queue
[2024-11-19T14:30:54.511+0530] {logging_mixin.py:188} INFO - [2024-11-19T14:30:54.510+0530] {dagbag.py:540} INFO - Filling up the DagBag from /home/sigmoid/Desktop/Personal_Ml/airflow_poc/airflow_env/lib/python3.8/site-packages/airflow/example_dags/example_dynamic_task_mapping.py
[2024-11-19T14:30:54.519+0530] {processor.py:840} INFO - DAG(s) 'example_dynamic_task_mapping' retrieved from /home/sigmoid/Desktop/Personal_Ml/airflow_poc/airflow_env/lib/python3.8/site-packages/airflow/example_dags/example_dynamic_task_mapping.py
[2024-11-19T14:30:54.535+0530] {logging_mixin.py:188} INFO - [2024-11-19T14:30:54.535+0530] {dag.py:3047} INFO - Sync 1 DAGs
[2024-11-19T14:30:54.557+0530] {logging_mixin.py:188} INFO - [2024-11-19T14:30:54.557+0530] {dag.py:3834} INFO - Setting next_dagrun for example_dynamic_task_mapping to 2022-03-04 00:00:00+00:00, run_after=2022-03-05 00:00:00+00:00
[2024-11-19T14:30:54.587+0530] {processor.py:183} INFO - Processing /home/sigmoid/Desktop/Personal_Ml/airflow_poc/airflow_env/lib/python3.8/site-packages/airflow/example_dags/example_dynamic_task_mapping.py took 0.082 seconds
[2024-11-19T14:32:02.610+0530] {processor.py:161} INFO - Started process (PID=55046) to work on /home/sigmoid/Desktop/Personal_Ml/airflow_poc/airflow_env/lib/python3.8/site-packages/airflow/example_dags/example_dynamic_task_mapping.py
[2024-11-19T14:32:02.612+0530] {processor.py:830} INFO - Processing file /home/sigmoid/Desktop/Personal_Ml/airflow_poc/airflow_env/lib/python3.8/site-packages/airflow/example_dags/example_dynamic_task_mapping.py for tasks to queue
[2024-11-19T14:32:02.613+0530] {logging_mixin.py:188} INFO - [2024-11-19T14:32:02.612+0530] {dagbag.py:540} INFO - Filling up the DagBag from /home/sigmoid/Desktop/Personal_Ml/airflow_poc/airflow_env/lib/python3.8/site-packages/airflow/example_dags/example_dynamic_task_mapping.py
[2024-11-19T14:32:02.620+0530] {processor.py:840} INFO - DAG(s) 'example_dynamic_task_mapping' retrieved from /home/sigmoid/Desktop/Personal_Ml/airflow_poc/airflow_env/lib/python3.8/site-packages/airflow/example_dags/example_dynamic_task_mapping.py
[2024-11-19T14:32:02.635+0530] {logging_mixin.py:188} INFO - [2024-11-19T14:32:02.635+0530] {dag.py:3047} INFO - Sync 1 DAGs
[2024-11-19T14:32:02.657+0530] {logging_mixin.py:188} INFO - [2024-11-19T14:32:02.657+0530] {dag.py:3834} INFO - Setting next_dagrun for example_dynamic_task_mapping to 2022-03-04 00:00:00+00:00, run_after=2022-03-05 00:00:00+00:00
[2024-11-19T14:32:02.677+0530] {processor.py:183} INFO - Processing /home/sigmoid/Desktop/Personal_Ml/airflow_poc/airflow_env/lib/python3.8/site-packages/airflow/example_dags/example_dynamic_task_mapping.py took 0.069 seconds
[2024-11-19T14:33:05.714+0530] {processor.py:161} INFO - Started process (PID=55122) to work on /home/sigmoid/Desktop/Personal_Ml/airflow_poc/airflow_env/lib/python3.8/site-packages/airflow/example_dags/example_dynamic_task_mapping.py
[2024-11-19T14:33:05.716+0530] {processor.py:830} INFO - Processing file /home/sigmoid/Desktop/Personal_Ml/airflow_poc/airflow_env/lib/python3.8/site-packages/airflow/example_dags/example_dynamic_task_mapping.py for tasks to queue
[2024-11-19T14:33:05.719+0530] {logging_mixin.py:188} INFO - [2024-11-19T14:33:05.718+0530] {dagbag.py:540} INFO - Filling up the DagBag from /home/sigmoid/Desktop/Personal_Ml/airflow_poc/airflow_env/lib/python3.8/site-packages/airflow/example_dags/example_dynamic_task_mapping.py
[2024-11-19T14:33:05.732+0530] {processor.py:840} INFO - DAG(s) 'example_dynamic_task_mapping' retrieved from /home/sigmoid/Desktop/Personal_Ml/airflow_poc/airflow_env/lib/python3.8/site-packages/airflow/example_dags/example_dynamic_task_mapping.py
[2024-11-19T14:33:05.765+0530] {logging_mixin.py:188} INFO - [2024-11-19T14:33:05.765+0530] {dag.py:3047} INFO - Sync 1 DAGs
[2024-11-19T14:33:05.795+0530] {logging_mixin.py:188} INFO - [2024-11-19T14:33:05.795+0530] {dag.py:3834} INFO - Setting next_dagrun for example_dynamic_task_mapping to 2022-03-04 00:00:00+00:00, run_after=2022-03-05 00:00:00+00:00
[2024-11-19T14:33:05.836+0530] {processor.py:183} INFO - Processing /home/sigmoid/Desktop/Personal_Ml/airflow_poc/airflow_env/lib/python3.8/site-packages/airflow/example_dags/example_dynamic_task_mapping.py took 0.127 seconds
[2024-11-19T14:34:12.152+0530] {processor.py:161} INFO - Started process (PID=55205) to work on /home/sigmoid/Desktop/Personal_Ml/airflow_poc/airflow_env/lib/python3.8/site-packages/airflow/example_dags/example_dynamic_task_mapping.py
[2024-11-19T14:34:12.153+0530] {processor.py:830} INFO - Processing file /home/sigmoid/Desktop/Personal_Ml/airflow_poc/airflow_env/lib/python3.8/site-packages/airflow/example_dags/example_dynamic_task_mapping.py for tasks to queue
[2024-11-19T14:34:12.154+0530] {logging_mixin.py:188} INFO - [2024-11-19T14:34:12.154+0530] {dagbag.py:540} INFO - Filling up the DagBag from /home/sigmoid/Desktop/Personal_Ml/airflow_poc/airflow_env/lib/python3.8/site-packages/airflow/example_dags/example_dynamic_task_mapping.py
[2024-11-19T14:34:12.162+0530] {processor.py:840} INFO - DAG(s) 'example_dynamic_task_mapping' retrieved from /home/sigmoid/Desktop/Personal_Ml/airflow_poc/airflow_env/lib/python3.8/site-packages/airflow/example_dags/example_dynamic_task_mapping.py
[2024-11-19T14:34:12.178+0530] {logging_mixin.py:188} INFO - [2024-11-19T14:34:12.177+0530] {dag.py:3047} INFO - Sync 1 DAGs
[2024-11-19T14:34:12.199+0530] {logging_mixin.py:188} INFO - [2024-11-19T14:34:12.199+0530] {dag.py:3834} INFO - Setting next_dagrun for example_dynamic_task_mapping to 2022-03-04 00:00:00+00:00, run_after=2022-03-05 00:00:00+00:00
[2024-11-19T14:34:12.229+0530] {processor.py:183} INFO - Processing /home/sigmoid/Desktop/Personal_Ml/airflow_poc/airflow_env/lib/python3.8/site-packages/airflow/example_dags/example_dynamic_task_mapping.py took 0.080 seconds
[2024-11-19T14:35:17.779+0530] {processor.py:161} INFO - Started process (PID=55327) to work on /home/sigmoid/Desktop/Personal_Ml/airflow_poc/airflow_env/lib/python3.8/site-packages/airflow/example_dags/example_dynamic_task_mapping.py
[2024-11-19T14:35:17.780+0530] {processor.py:830} INFO - Processing file /home/sigmoid/Desktop/Personal_Ml/airflow_poc/airflow_env/lib/python3.8/site-packages/airflow/example_dags/example_dynamic_task_mapping.py for tasks to queue
[2024-11-19T14:35:17.781+0530] {logging_mixin.py:188} INFO - [2024-11-19T14:35:17.781+0530] {dagbag.py:540} INFO - Filling up the DagBag from /home/sigmoid/Desktop/Personal_Ml/airflow_poc/airflow_env/lib/python3.8/site-packages/airflow/example_dags/example_dynamic_task_mapping.py
[2024-11-19T14:35:17.788+0530] {processor.py:840} INFO - DAG(s) 'example_dynamic_task_mapping' retrieved from /home/sigmoid/Desktop/Personal_Ml/airflow_poc/airflow_env/lib/python3.8/site-packages/airflow/example_dags/example_dynamic_task_mapping.py
[2024-11-19T14:35:17.804+0530] {logging_mixin.py:188} INFO - [2024-11-19T14:35:17.803+0530] {dag.py:3047} INFO - Sync 1 DAGs
[2024-11-19T14:35:17.823+0530] {logging_mixin.py:188} INFO - [2024-11-19T14:35:17.823+0530] {dag.py:3834} INFO - Setting next_dagrun for example_dynamic_task_mapping to 2022-03-04 00:00:00+00:00, run_after=2022-03-05 00:00:00+00:00
[2024-11-19T14:35:17.853+0530] {processor.py:183} INFO - Processing /home/sigmoid/Desktop/Personal_Ml/airflow_poc/airflow_env/lib/python3.8/site-packages/airflow/example_dags/example_dynamic_task_mapping.py took 0.077 seconds
[2024-11-19T14:36:20.959+0530] {processor.py:161} INFO - Started process (PID=55406) to work on /home/sigmoid/Desktop/Personal_Ml/airflow_poc/airflow_env/lib/python3.8/site-packages/airflow/example_dags/example_dynamic_task_mapping.py
[2024-11-19T14:36:20.960+0530] {processor.py:830} INFO - Processing file /home/sigmoid/Desktop/Personal_Ml/airflow_poc/airflow_env/lib/python3.8/site-packages/airflow/example_dags/example_dynamic_task_mapping.py for tasks to queue
[2024-11-19T14:36:20.961+0530] {logging_mixin.py:188} INFO - [2024-11-19T14:36:20.961+0530] {dagbag.py:540} INFO - Filling up the DagBag from /home/sigmoid/Desktop/Personal_Ml/airflow_poc/airflow_env/lib/python3.8/site-packages/airflow/example_dags/example_dynamic_task_mapping.py
[2024-11-19T14:36:20.969+0530] {processor.py:840} INFO - DAG(s) 'example_dynamic_task_mapping' retrieved from /home/sigmoid/Desktop/Personal_Ml/airflow_poc/airflow_env/lib/python3.8/site-packages/airflow/example_dags/example_dynamic_task_mapping.py
[2024-11-19T14:36:20.984+0530] {logging_mixin.py:188} INFO - [2024-11-19T14:36:20.984+0530] {dag.py:3047} INFO - Sync 1 DAGs
[2024-11-19T14:36:21.005+0530] {logging_mixin.py:188} INFO - [2024-11-19T14:36:21.005+0530] {dag.py:3834} INFO - Setting next_dagrun for example_dynamic_task_mapping to 2022-03-04 00:00:00+00:00, run_after=2022-03-05 00:00:00+00:00
[2024-11-19T14:36:21.035+0530] {processor.py:183} INFO - Processing /home/sigmoid/Desktop/Personal_Ml/airflow_poc/airflow_env/lib/python3.8/site-packages/airflow/example_dags/example_dynamic_task_mapping.py took 0.079 seconds
[2024-11-19T14:37:29.176+0530] {processor.py:161} INFO - Started process (PID=55604) to work on /home/sigmoid/Desktop/Personal_Ml/airflow_poc/airflow_env/lib/python3.8/site-packages/airflow/example_dags/example_dynamic_task_mapping.py
[2024-11-19T14:37:29.177+0530] {processor.py:830} INFO - Processing file /home/sigmoid/Desktop/Personal_Ml/airflow_poc/airflow_env/lib/python3.8/site-packages/airflow/example_dags/example_dynamic_task_mapping.py for tasks to queue
[2024-11-19T14:37:29.178+0530] {logging_mixin.py:188} INFO - [2024-11-19T14:37:29.178+0530] {dagbag.py:540} INFO - Filling up the DagBag from /home/sigmoid/Desktop/Personal_Ml/airflow_poc/airflow_env/lib/python3.8/site-packages/airflow/example_dags/example_dynamic_task_mapping.py
[2024-11-19T14:37:29.185+0530] {processor.py:840} INFO - DAG(s) 'example_dynamic_task_mapping' retrieved from /home/sigmoid/Desktop/Personal_Ml/airflow_poc/airflow_env/lib/python3.8/site-packages/airflow/example_dags/example_dynamic_task_mapping.py
[2024-11-19T14:37:29.202+0530] {logging_mixin.py:188} INFO - [2024-11-19T14:37:29.202+0530] {dag.py:3047} INFO - Sync 1 DAGs
[2024-11-19T14:37:29.223+0530] {logging_mixin.py:188} INFO - [2024-11-19T14:37:29.223+0530] {dag.py:3834} INFO - Setting next_dagrun for example_dynamic_task_mapping to 2022-03-04 00:00:00+00:00, run_after=2022-03-05 00:00:00+00:00
[2024-11-19T14:37:29.249+0530] {processor.py:183} INFO - Processing /home/sigmoid/Desktop/Personal_Ml/airflow_poc/airflow_env/lib/python3.8/site-packages/airflow/example_dags/example_dynamic_task_mapping.py took 0.077 seconds
[2024-11-19T14:38:20.009+0530] {processor.py:161} INFO - Started process (PID=55708) to work on /home/sigmoid/Desktop/Personal_Ml/airflow_poc/airflow_env/lib/python3.8/site-packages/airflow/example_dags/example_dynamic_task_mapping.py
[2024-11-19T14:38:20.010+0530] {processor.py:830} INFO - Processing file /home/sigmoid/Desktop/Personal_Ml/airflow_poc/airflow_env/lib/python3.8/site-packages/airflow/example_dags/example_dynamic_task_mapping.py for tasks to queue
[2024-11-19T14:38:20.011+0530] {logging_mixin.py:188} INFO - [2024-11-19T14:38:20.011+0530] {dagbag.py:540} INFO - Filling up the DagBag from /home/sigmoid/Desktop/Personal_Ml/airflow_poc/airflow_env/lib/python3.8/site-packages/airflow/example_dags/example_dynamic_task_mapping.py
[2024-11-19T14:38:20.019+0530] {processor.py:840} INFO - DAG(s) 'example_dynamic_task_mapping' retrieved from /home/sigmoid/Desktop/Personal_Ml/airflow_poc/airflow_env/lib/python3.8/site-packages/airflow/example_dags/example_dynamic_task_mapping.py
[2024-11-19T14:38:20.034+0530] {logging_mixin.py:188} INFO - [2024-11-19T14:38:20.034+0530] {dag.py:3047} INFO - Sync 1 DAGs
[2024-11-19T14:38:20.054+0530] {logging_mixin.py:188} INFO - [2024-11-19T14:38:20.054+0530] {dag.py:3834} INFO - Setting next_dagrun for example_dynamic_task_mapping to 2022-03-04 00:00:00+00:00, run_after=2022-03-05 00:00:00+00:00
[2024-11-19T14:38:20.074+0530] {processor.py:183} INFO - Processing /home/sigmoid/Desktop/Personal_Ml/airflow_poc/airflow_env/lib/python3.8/site-packages/airflow/example_dags/example_dynamic_task_mapping.py took 0.068 seconds
